[ 2013-04-10T00:40:56+08:00 ] 127.0.0.1 /ikphp/
INFO: [ app_begin ] --START--
INFO: Run ReadHtmlCache Behavior [ RunTime:0.022112s ]
INFO: Run load_lang Behavior [ RunTime:0.038408s ]
INFO: [ app_begin ] --END-- [ RunTime:0.060818s ]
SQL: SHOW COLUMNS FROM `ik_message` [ RunTime:0.087164s ]
SQL: SELECT COUNT(*) AS tp_count FROM `ik_message` WHERE ( `touserid` = null ) AND ( `isread` = 0 ) AND ( `isinbox` = 0 ) LIMIT 1   [ RunTime:0.000450s ]
SQL: SHOW COLUMNS FROM `ik_group` [ RunTime:0.020626s ]
SQL: SHOW COLUMNS FROM `ik_user` [ RunTime:0.024079s ]
SQL: SHOW COLUMNS FROM `ik_group_topics` [ RunTime:0.015368s ]
SQL: SHOW COLUMNS FROM `ik_article` [ RunTime:0.033969s ]
SQL: SELECT `groupid` FROM `ik_group` WHERE ( `isshow` = 0 ) ORDER BY addtime desc LIMIT 10   [ RunTime:0.006818s ]
SQL: SELECT COUNT(*) AS tp_count FROM `ik_group` WHERE ( `groupid` = 13 ) LIMIT 1   [ RunTime:0.000222s ]
SQL: SELECT * FROM `ik_group` WHERE ( `groupid` = 13 ) LIMIT 1   [ RunTime:0.000244s ]
SQL: SELECT COUNT(*) AS tp_count FROM `ik_group` WHERE ( `groupid` = 12 ) LIMIT 1   [ RunTime:0.000157s ]
SQL: SELECT * FROM `ik_group` WHERE ( `groupid` = 12 ) LIMIT 1   [ RunTime:0.000163s ]
SQL: SELECT COUNT(*) AS tp_count FROM `ik_group` WHERE ( `groupid` = 11 ) LIMIT 1   [ RunTime:0.000113s ]
SQL: SELECT * FROM `ik_group` WHERE ( `groupid` = 11 ) LIMIT 1   [ RunTime:0.000194s ]
SQL: SELECT COUNT(*) AS tp_count FROM `ik_group` WHERE ( `groupid` = 10 ) LIMIT 1   [ RunTime:0.000106s ]
SQL: SELECT * FROM `ik_group` WHERE ( `groupid` = 10 ) LIMIT 1   [ RunTime:0.000120s ]
SQL: SELECT COUNT(*) AS tp_count FROM `ik_group` WHERE ( `groupid` = 9 ) LIMIT 1   [ RunTime:0.000095s ]
SQL: SELECT * FROM `ik_group` WHERE ( `groupid` = 9 ) LIMIT 1   [ RunTime:0.000123s ]
SQL: SELECT COUNT(*) AS tp_count FROM `ik_group` WHERE ( `groupid` = 4 ) LIMIT 1   [ RunTime:0.000090s ]
SQL: SELECT * FROM `ik_group` WHERE ( `groupid` = 4 ) LIMIT 1   [ RunTime:0.000122s ]
SQL: SELECT `userid`,`topicid`,`groupid` FROM `ik_group_topics` WHERE ( `groupid` > 0 ) AND ( `isaudit` = 0 ) ORDER BY istop desc,addtime desc LIMIT 15   [ RunTime:0.000464s ]
SQL: SELECT COUNT(*) AS tp_count FROM `ik_group_topics` WHERE ( `topicid` = 20 ) LIMIT 1   [ RunTime:0.000116s ]
SQL: SELECT * FROM `ik_group_topics` WHERE ( `topicid` = 20 ) LIMIT 1   [ RunTime:0.000131s ]
SQL: SELECT * FROM `ik_user` WHERE ( `userid` = 1 ) LIMIT 1   [ RunTime:0.000485s ]
SQL: SHOW COLUMNS FROM `ik_area` [ RunTime:0.002939s ]
SQL: SELECT * FROM `ik_area` WHERE ( `areaid` = 1 ) LIMIT 1   [ RunTime:0.000595s ]
NOTIC: [8] Undefined index:  content D:\APMServ5.2.6\www\htdocs\IKPHP\app\Lib\Model\group_topicsModel.class.php 第 46 行.
SQL: SELECT COUNT(*) AS tp_count FROM `ik_group_topics` WHERE ( `topicid` = 19 ) LIMIT 1   [ RunTime:0.000139s ]
SQL: SELECT * FROM `ik_group_topics` WHERE ( `topicid` = 19 ) LIMIT 1   [ RunTime:0.000140s ]
SQL: SELECT * FROM `ik_user` WHERE ( `userid` = 1 ) LIMIT 1   [ RunTime:0.000141s ]
SQL: SELECT * FROM `ik_area` WHERE ( `areaid` = 1 ) LIMIT 1   [ RunTime:0.000128s ]
NOTIC: [8] Undefined index:  content D:\APMServ5.2.6\www\htdocs\IKPHP\app\Lib\Model\group_topicsModel.class.php 第 46 行.
SQL: SELECT COUNT(*) AS tp_count FROM `ik_group_topics` WHERE ( `topicid` = 16 ) LIMIT 1   [ RunTime:0.000109s ]
SQL: SELECT * FROM `ik_group_topics` WHERE ( `topicid` = 16 ) LIMIT 1   [ RunTime:0.000130s ]
SQL: SELECT * FROM `ik_user` WHERE ( `userid` = 1 ) LIMIT 1   [ RunTime:0.000153s ]
SQL: SELECT * FROM `ik_area` WHERE ( `areaid` = 1 ) LIMIT 1   [ RunTime:0.000151s ]
NOTIC: [8] Undefined index:  content D:\APMServ5.2.6\www\htdocs\IKPHP\app\Lib\Model\group_topicsModel.class.php 第 46 行.
SQL: SELECT `userid` FROM `ik_user` WHERE ( `isenable` = 0 ) ORDER BY uptime desc LIMIT 12   [ RunTime:0.000149s ]
SQL: SELECT * FROM `ik_user` WHERE ( `userid` = 1 ) LIMIT 1   [ RunTime:0.000147s ]
SQL: SELECT * FROM `ik_area` WHERE ( `areaid` = 1 ) LIMIT 1   [ RunTime:0.000131s ]
SQL: SELECT * FROM `ik_user` WHERE ( `userid` = 2 ) LIMIT 1   [ RunTime:0.000137s ]
SQL: SHOW COLUMNS FROM `ik_article_item` [ RunTime:0.014436s ]
SQL: SELECT * FROM `ik_article_item` WHERE ( `isaudit` = 0 ) ORDER BY addtime desc LIMIT 8   [ RunTime:0.005966s ]
SQL: SELECT * FROM `ik_group` WHERE ( `isrecommend` = 1 ) ORDER BY groupid asc LIMIT 10   [ RunTime:0.000229s ]
SQL: SELECT COUNT(*) AS tp_count FROM `ik_group` WHERE ( `groupid` = 4 ) LIMIT 1   [ RunTime:0.000116s ]
SQL: SELECT * FROM `ik_group` WHERE ( `groupid` = 4 ) LIMIT 1   [ RunTime:0.000231s ]
SQL: SELECT COUNT(*) AS tp_count FROM `ik_user` LIMIT 1   [ RunTime:0.000089s ]
INFO: [ view_template ] --START--
INFO: Run LocationTemplate Behavior [ RunTime:0.031755s ]
INFO: [ view_template ] --END-- [ RunTime:0.031848s ]
INFO: [ view_parse ] --START--
NOTIC: [8] Use of undefined constant style - assumed 'style' D:\APMServ5.2.6\www\htdocs\IKPHP\data\runtime\Cache\home\11e2f12d84b746b76491e3160c81a5b0.php 第 78 行.
NOTIC: [8] Use of undefined constant url - assumed 'url' D:\APMServ5.2.6\www\htdocs\IKPHP\data\runtime\Cache\home\11e2f12d84b746b76491e3160c81a5b0.php 第 79 行.
NOTIC: [8] Use of undefined constant name - assumed 'name' D:\APMServ5.2.6\www\htdocs\IKPHP\data\runtime\Cache\home\11e2f12d84b746b76491e3160c81a5b0.php 第 79 行.
NOTIC: [8] Use of undefined constant url - assumed 'url' D:\APMServ5.2.6\www\htdocs\IKPHP\data\runtime\Cache\home\11e2f12d84b746b76491e3160c81a5b0.php 第 83 行.
NOTIC: [8] Use of undefined constant name - assumed 'name' D:\APMServ5.2.6\www\htdocs\IKPHP\data\runtime\Cache\home\11e2f12d84b746b76491e3160c81a5b0.php 第 83 行.
NOTIC: [8] Use of undefined constant url - assumed 'url' D:\APMServ5.2.6\www\htdocs\IKPHP\data\runtime\Cache\home\11e2f12d84b746b76491e3160c81a5b0.php 第 83 行.
NOTIC: [8] Use of undefined constant name - assumed 'name' D:\APMServ5.2.6\www\htdocs\IKPHP\data\runtime\Cache\home\11e2f12d84b746b76491e3160c81a5b0.php 第 83 行.
NOTIC: [8] Use of undefined constant url - assumed 'url' D:\APMServ5.2.6\www\htdocs\IKPHP\data\runtime\Cache\home\11e2f12d84b746b76491e3160c81a5b0.php 第 83 行.
NOTIC: [8] Use of undefined constant name - assumed 'name' D:\APMServ5.2.6\www\htdocs\IKPHP\data\runtime\Cache\home\11e2f12d84b746b76491e3160c81a5b0.php 第 83 行.
NOTIC: [8] Use of undefined constant userid - assumed 'userid' D:\APMServ5.2.6\www\htdocs\IKPHP\data\runtime\Cache\home\11e2f12d84b746b76491e3160c81a5b0.php 第 105 行.
NOTIC: [8] Use of undefined constant groupid - assumed 'groupid' D:\APMServ5.2.6\www\htdocs\IKPHP\data\runtime\Cache\home\11e2f12d84b746b76491e3160c81a5b0.php 第 152 行.
NOTIC: [8] Use of undefined constant icon_48 - assumed 'icon_48' D:\APMServ5.2.6\www\htdocs\IKPHP\data\runtime\Cache\home\11e2f12d84b746b76491e3160c81a5b0.php 第 153 行.
NOTIC: [8] Use of undefined constant groupname - assumed 'groupname' D:\APMServ5.2.6\www\htdocs\IKPHP\data\runtime\Cache\home\11e2f12d84b746b76491e3160c81a5b0.php 第 153 行.
NOTIC: [8] Use of undefined constant groupid - assumed 'groupid' D:\APMServ5.2.6\www\htdocs\IKPHP\data\runtime\Cache\home\11e2f12d84b746b76491e3160c81a5b0.php 第 157 行.
NOTIC: [8] Use of undefined constant groupname - assumed 'groupname' D:\APMServ5.2.6\www\htdocs\IKPHP\data\runtime\Cache\home\11e2f12d84b746b76491e3160c81a5b0.php 第 157 行.
NOTIC: [8] Use of undefined constant count_user - assumed 'count_user' D:\APMServ5.2.6\www\htdocs\IKPHP\data\runtime\Cache\home\11e2f12d84b746b76491e3160c81a5b0.php 第 157 行.
NOTIC: [8] Use of undefined constant count_topic - assumed 'count_topic' D:\APMServ5.2.6\www\htdocs\IKPHP\data\runtime\Cache\home\11e2f12d84b746b76491e3160c81a5b0.php 第 157 行.
NOTIC: [8] Use of undefined constant groupdesc - assumed 'groupdesc' D:\APMServ5.2.6\www\htdocs\IKPHP\data\runtime\Cache\home\11e2f12d84b746b76491e3160c81a5b0.php 第 158 行.
NOTIC: [8] Use of undefined constant user - assumed 'user' D:\APMServ5.2.6\www\htdocs\IKPHP\data\runtime\Cache\home\11e2f12d84b746b76491e3160c81a5b0.php 第 167 行.
NOTIC: [8] Use of undefined constant doname - assumed 'doname' D:\APMServ5.2.6\www\htdocs\IKPHP\data\runtime\Cache\home\11e2f12d84b746b76491e3160c81a5b0.php 第 167 行.
NOTIC: [8] Use of undefined constant user - assumed 'user' D:\APMServ5.2.6\www\htdocs\IKPHP\data\runtime\Cache\home\11e2f12d84b746b76491e3160c81a5b0.php 第 167 行.
NOTIC: [8] Use of undefined constant face - assumed 'face' D:\APMServ5.2.6\www\htdocs\IKPHP\data\runtime\Cache\home\11e2f12d84b746b76491e3160c81a5b0.php 第 167 行.
NOTIC: [8] Use of undefined constant topicid - assumed 'topicid' D:\APMServ5.2.6\www\htdocs\IKPHP\data\runtime\Cache\home\11e2f12d84b746b76491e3160c81a5b0.php 第 169 行.
NOTIC: [8] Use of undefined constant count_comment - assumed 'count_comment' D:\APMServ5.2.6\www\htdocs\IKPHP\data\runtime\Cache\home\11e2f12d84b746b76491e3160c81a5b0.php 第 169 行.
NOTIC: [8] Use of undefined constant topicid - assumed 'topicid' D:\APMServ5.2.6\www\htdocs\IKPHP\data\runtime\Cache\home\11e2f12d84b746b76491e3160c81a5b0.php 第 169 行.
NOTIC: [8] Use of undefined constant title - assumed 'title' D:\APMServ5.2.6\www\htdocs\IKPHP\data\runtime\Cache\home\11e2f12d84b746b76491e3160c81a5b0.php 第 169 行.
NOTIC: [8] Undefined variable: time D:\APMServ5.2.6\www\htdocs\IKPHP\data\runtime\Cache\home\11e2f12d84b746b76491e3160c81a5b0.php 第 169 行.
NOTIC: [8] Use of undefined constant title - assumed 'title' D:\APMServ5.2.6\www\htdocs\IKPHP\data\runtime\Cache\home\11e2f12d84b746b76491e3160c81a5b0.php 第 169 行.
NOTIC: [8] Use of undefined constant user - assumed 'user' D:\APMServ5.2.6\www\htdocs\IKPHP\data\runtime\Cache\home\11e2f12d84b746b76491e3160c81a5b0.php 第 170 行.
NOTIC: [8] Use of undefined constant doname - assumed 'doname' D:\APMServ5.2.6\www\htdocs\IKPHP\data\runtime\Cache\home\11e2f12d84b746b76491e3160c81a5b0.php 第 170 行.
NOTIC: [8] Use of undefined constant user - assumed 'user' D:\APMServ5.2.6\www\htdocs\IKPHP\data\runtime\Cache\home\11e2f12d84b746b76491e3160c81a5b0.php 第 170 行.
NOTIC: [8] Use of undefined constant username - assumed 'username' D:\APMServ5.2.6\www\htdocs\IKPHP\data\runtime\Cache\home\11e2f12d84b746b76491e3160c81a5b0.php 第 170 行.
NOTIC: [8] Use of undefined constant addtime - assumed 'addtime' D:\APMServ5.2.6\www\htdocs\IKPHP\data\runtime\Cache\home\11e2f12d84b746b76491e3160c81a5b0.php 第 170 行.
NOTIC: [8] Use of undefined constant count_view - assumed 'count_view' D:\APMServ5.2.6\www\htdocs\IKPHP\data\runtime\Cache\home\11e2f12d84b746b76491e3160c81a5b0.php 第 170 行.
NOTIC: [8] Use of undefined constant content - assumed 'content' D:\APMServ5.2.6\www\htdocs\IKPHP\data\runtime\Cache\home\11e2f12d84b746b76491e3160c81a5b0.php 第 171 行.
NOTIC: [8] Use of undefined constant user - assumed 'user' D:\APMServ5.2.6\www\htdocs\IKPHP\data\runtime\Cache\home\11e2f12d84b746b76491e3160c81a5b0.php 第 167 行.
NOTIC: [8] Use of undefined constant doname - assumed 'doname' D:\APMServ5.2.6\www\htdocs\IKPHP\data\runtime\Cache\home\11e2f12d84b746b76491e3160c81a5b0.php 第 167 行.
NOTIC: [8] Use of undefined constant user - assumed 'user' D:\APMServ5.2.6\www\htdocs\IKPHP\data\runtime\Cache\home\11e2f12d84b746b76491e3160c81a5b0.php 第 167 行.
NOTIC: [8] Use of undefined constant face - assumed 'face' D:\APMServ5.2.6\www\htdocs\IKPHP\data\runtime\Cache\home\11e2f12d84b746b76491e3160c81a5b0.php 第 167 行.
NOTIC: [8] Use of undefined constant topicid - assumed 'topicid' D:\APMServ5.2.6\www\htdocs\IKPHP\data\runtime\Cache\home\11e2f12d84b746b76491e3160c81a5b0.php 第 169 行.
NOTIC: [8] Use of undefined constant count_comment - assumed 'count_comment' D:\APMServ5.2.6\www\htdocs\IKPHP\data\runtime\Cache\home\11e2f12d84b746b76491e3160c81a5b0.php 第 169 行.
NOTIC: [8] Use of undefined constant topicid - assumed 'topicid' D:\APMServ5.2.6\www\htdocs\IKPHP\data\runtime\Cache\home\11e2f12d84b746b76491e3160c81a5b0.php 第 169 行.
NOTIC: [8] Use of undefined constant title - assumed 'title' D:\APMServ5.2.6\www\htdocs\IKPHP\data\runtime\Cache\home\11e2f12d84b746b76491e3160c81a5b0.php 第 169 行.
NOTIC: [8] Undefined variable: time D:\APMServ5.2.6\www\htdocs\IKPHP\data\runtime\Cache\home\11e2f12d84b746b76491e3160c81a5b0.php 第 169 行.
NOTIC: [8] Use of undefined constant title - assumed 'title' D:\APMServ5.2.6\www\htdocs\IKPHP\data\runtime\Cache\home\11e2f12d84b746b76491e3160c81a5b0.php 第 169 行.
NOTIC: [8] Use of undefined constant user - assumed 'user' D:\APMServ5.2.6\www\htdocs\IKPHP\data\runtime\Cache\home\11e2f12d84b746b76491e3160c81a5b0.php 第 170 行.
NOTIC: [8] Use of undefined constant doname - assumed 'doname' D:\APMServ5.2.6\www\htdocs\IKPHP\data\runtime\Cache\home\11e2f12d84b746b76491e3160c81a5b0.php 第 170 行.
NOTIC: [8] Use of undefined constant user - assumed 'user' D:\APMServ5.2.6\www\htdocs\IKPHP\data\runtime\Cache\home\11e2f12d84b746b76491e3160c81a5b0.php 第 170 行.
NOTIC: [8] Use of undefined constant username - assumed 'username' D:\APMServ5.2.6\www\htdocs\IKPHP\data\runtime\Cache\home\11e2f12d84b746b76491e3160c81a5b0.php 第 170 行.
NOTIC: [8] Use of undefined constant addtime - assumed 'addtime' D:\APMServ5.2.6\www\htdocs\IKPHP\data\runtime\Cache\home\11e2f12d84b746b76491e3160c81a5b0.php 第 170 行.
NOTIC: [8] Use of undefined constant count_view - assumed 'count_view' D:\APMServ5.2.6\www\htdocs\IKPHP\data\runtime\Cache\home\11e2f12d84b746b76491e3160c81a5b0.php 第 170 行.
NOTIC: [8] Use of undefined constant content - assumed 'content' D:\APMServ5.2.6\www\htdocs\IKPHP\data\runtime\Cache\home\11e2f12d84b746b76491e3160c81a5b0.php 第 171 行.
NOTIC: [8] Use of undefined constant user - assumed 'user' D:\APMServ5.2.6\www\htdocs\IKPHP\data\runtime\Cache\home\11e2f12d84b746b76491e3160c81a5b0.php 第 167 行.
NOTIC: [8] Use of undefined constant doname - assumed 'doname' D:\APMServ5.2.6\www\htdocs\IKPHP\data\runtime\Cache\home\11e2f12d84b746b76491e3160c81a5b0.php 第 167 行.
NOTIC: [8] Use of undefined constant user - assumed 'user' D:\APMServ5.2.6\www\htdocs\IKPHP\data\runtime\Cache\home\11e2f12d84b746b76491e3160c81a5b0.php 第 167 行.
NOTIC: [8] Use of undefined constant face - assumed 'face' D:\APMServ5.2.6\www\htdocs\IKPHP\data\runtime\Cache\home\11e2f12d84b746b76491e3160c81a5b0.php 第 167 行.
NOTIC: [8] Use of undefined constant topicid - assumed 'topicid' D:\APMServ5.2.6\www\htdocs\IKPHP\data\runtime\Cache\home\11e2f12d84b746b76491e3160c81a5b0.php 第 169 行.
NOTIC: [8] Use of undefined constant count_comment - assumed 'count_comment' D:\APMServ5.2.6\www\htdocs\IKPHP\data\runtime\Cache\home\11e2f12d84b746b76491e3160c81a5b0.php 第 169 行.
NOTIC: [8] Use of undefined constant topicid - assumed 'topicid' D:\APMServ5.2.6\www\htdocs\IKPHP\data\runtime\Cache\home\11e2f12d84b746b76491e3160c81a5b0.php 第 169 行.
NOTIC: [8] Use of undefined constant title - assumed 'title' D:\APMServ5.2.6\www\htdocs\IKPHP\data\runtime\Cache\home\11e2f12d84b746b76491e3160c81a5b0.php 第 169 行.
NOTIC: [8] Undefined variable: time D:\APMServ5.2.6\www\htdocs\IKPHP\data\runtime\Cache\home\11e2f12d84b746b76491e3160c81a5b0.php 第 169 行.
NOTIC: [8] Use of undefined constant title - assumed 'title' D:\APMServ5.2.6\www\htdocs\IKPHP\data\runtime\Cache\home\11e2f12d84b746b76491e3160c81a5b0.php 第 169 行.
NOTIC: [8] Use of undefined constant user - assumed 'user' D:\APMServ5.2.6\www\htdocs\IKPHP\data\runtime\Cache\home\11e2f12d84b746b76491e3160c81a5b0.php 第 170 行.
NOTIC: [8] Use of undefined constant doname - assumed 'doname' D:\APMServ5.2.6\www\htdocs\IKPHP\data\runtime\Cache\home\11e2f12d84b746b76491e3160c81a5b0.php 第 170 行.
NOTIC: [8] Use of undefined constant user - assumed 'user' D:\APMServ5.2.6\www\htdocs\IKPHP\data\runtime\Cache\home\11e2f12d84b746b76491e3160c81a5b0.php 第 170 行.
NOTIC: [8] Use of undefined constant username - assumed 'username' D:\APMServ5.2.6\www\htdocs\IKPHP\data\runtime\Cache\home\11e2f12d84b746b76491e3160c81a5b0.php 第 170 行.
NOTIC: [8] Use of undefined constant addtime - assumed 'addtime' D:\APMServ5.2.6\www\htdocs\IKPHP\data\runtime\Cache\home\11e2f12d84b746b76491e3160c81a5b0.php 第 170 行.
NOTIC: [8] Use of undefined constant count_view - assumed 'count_view' D:\APMServ5.2.6\www\htdocs\IKPHP\data\runtime\Cache\home\11e2f12d84b746b76491e3160c81a5b0.php 第 170 行.
NOTIC: [8] Use of undefined constant content - assumed 'content' D:\APMServ5.2.6\www\htdocs\IKPHP\data\runtime\Cache\home\11e2f12d84b746b76491e3160c81a5b0.php 第 171 行.
NOTIC: [8] Use of undefined constant doname - assumed 'doname' D:\APMServ5.2.6\www\htdocs\IKPHP\data\runtime\Cache\home\11e2f12d84b746b76491e3160c81a5b0.php 第 184 行.
NOTIC: [8] Use of undefined constant username - assumed 'username' D:\APMServ5.2.6\www\htdocs\IKPHP\data\runtime\Cache\home\11e2f12d84b746b76491e3160c81a5b0.php 第 185 行.
NOTIC: [8] Use of undefined constant face - assumed 'face' D:\APMServ5.2.6\www\htdocs\IKPHP\data\runtime\Cache\home\11e2f12d84b746b76491e3160c81a5b0.php 第 185 行.
NOTIC: [8] Use of undefined constant doname - assumed 'doname' D:\APMServ5.2.6\www\htdocs\IKPHP\data\runtime\Cache\home\11e2f12d84b746b76491e3160c81a5b0.php 第 189 行.
NOTIC: [8] Use of undefined constant username - assumed 'username' D:\APMServ5.2.6\www\htdocs\IKPHP\data\runtime\Cache\home\11e2f12d84b746b76491e3160c81a5b0.php 第 189 行.
NOTIC: [8] Use of undefined constant doname - assumed 'doname' D:\APMServ5.2.6\www\htdocs\IKPHP\data\runtime\Cache\home\11e2f12d84b746b76491e3160c81a5b0.php 第 184 行.
NOTIC: [8] Use of undefined constant username - assumed 'username' D:\APMServ5.2.6\www\htdocs\IKPHP\data\runtime\Cache\home\11e2f12d84b746b76491e3160c81a5b0.php 第 185 行.
NOTIC: [8] Use of undefined constant face - assumed 'face' D:\APMServ5.2.6\www\htdocs\IKPHP\data\runtime\Cache\home\11e2f12d84b746b76491e3160c81a5b0.php 第 185 行.
NOTIC: [8] Use of undefined constant doname - assumed 'doname' D:\APMServ5.2.6\www\htdocs\IKPHP\data\runtime\Cache\home\11e2f12d84b746b76491e3160c81a5b0.php 第 189 行.
NOTIC: [8] Use of undefined constant username - assumed 'username' D:\APMServ5.2.6\www\htdocs\IKPHP\data\runtime\Cache\home\11e2f12d84b746b76491e3160c81a5b0.php 第 189 行.
NOTIC: [8] Use of undefined constant groupid - assumed 'groupid' D:\APMServ5.2.6\www\htdocs\IKPHP\data\runtime\Cache\home\11e2f12d84b746b76491e3160c81a5b0.php 第 197 行.
NOTIC: [8] Use of undefined constant groupname - assumed 'groupname' D:\APMServ5.2.6\www\htdocs\IKPHP\data\runtime\Cache\home\11e2f12d84b746b76491e3160c81a5b0.php 第 197 行.
NOTIC: [8] Use of undefined constant count_user - assumed 'count_user' D:\APMServ5.2.6\www\htdocs\IKPHP\data\runtime\Cache\home\11e2f12d84b746b76491e3160c81a5b0.php 第 197 行.
NOTIC: [8] Use of undefined constant uptime - assumed 'uptime' D:\APMServ5.2.6\www\htdocs\IKPHP\data\runtime\Cache\home\11e2f12d84b746b76491e3160c81a5b0.php 第 197 行.
NOTIC: [8] Use of undefined constant groupid - assumed 'groupid' D:\APMServ5.2.6\www\htdocs\IKPHP\data\runtime\Cache\home\11e2f12d84b746b76491e3160c81a5b0.php 第 197 行.
NOTIC: [8] Use of undefined constant groupname - assumed 'groupname' D:\APMServ5.2.6\www\htdocs\IKPHP\data\runtime\Cache\home\11e2f12d84b746b76491e3160c81a5b0.php 第 197 行.
NOTIC: [8] Use of undefined constant count_user - assumed 'count_user' D:\APMServ5.2.6\www\htdocs\IKPHP\data\runtime\Cache\home\11e2f12d84b746b76491e3160c81a5b0.php 第 197 行.
NOTIC: [8] Use of undefined constant uptime - assumed 'uptime' D:\APMServ5.2.6\www\htdocs\IKPHP\data\runtime\Cache\home\11e2f12d84b746b76491e3160c81a5b0.php 第 197 行.
NOTIC: [8] Use of undefined constant groupid - assumed 'groupid' D:\APMServ5.2.6\www\htdocs\IKPHP\data\runtime\Cache\home\11e2f12d84b746b76491e3160c81a5b0.php 第 197 行.
NOTIC: [8] Use of undefined constant groupname - assumed 'groupname' D:\APMServ5.2.6\www\htdocs\IKPHP\data\runtime\Cache\home\11e2f12d84b746b76491e3160c81a5b0.php 第 197 行.
NOTIC: [8] Use of undefined constant count_user - assumed 'count_user' D:\APMServ5.2.6\www\htdocs\IKPHP\data\runtime\Cache\home\11e2f12d84b746b76491e3160c81a5b0.php 第 197 行.
NOTIC: [8] Use of undefined constant uptime - assumed 'uptime' D:\APMServ5.2.6\www\htdocs\IKPHP\data\runtime\Cache\home\11e2f12d84b746b76491e3160c81a5b0.php 第 197 行.
NOTIC: [8] Use of undefined constant groupid - assumed 'groupid' D:\APMServ5.2.6\www\htdocs\IKPHP\data\runtime\Cache\home\11e2f12d84b746b76491e3160c81a5b0.php 第 197 行.
NOTIC: [8] Use of undefined constant groupname - assumed 'groupname' D:\APMServ5.2.6\www\htdocs\IKPHP\data\runtime\Cache\home\11e2f12d84b746b76491e3160c81a5b0.php 第 197 行.
NOTIC: [8] Use of undefined constant count_user - assumed 'count_user' D:\APMServ5.2.6\www\htdocs\IKPHP\data\runtime\Cache\home\11e2f12d84b746b76491e3160c81a5b0.php 第 197 行.
NOTIC: [8] Use of undefined constant uptime - assumed 'uptime' D:\APMServ5.2.6\www\htdocs\IKPHP\data\runtime\Cache\home\11e2f12d84b746b76491e3160c81a5b0.php 第 197 行.
NOTIC: [8] Use of undefined constant groupid - assumed 'groupid' D:\APMServ5.2.6\www\htdocs\IKPHP\data\runtime\Cache\home\11e2f12d84b746b76491e3160c81a5b0.php 第 197 行.
NOTIC: [8] Use of undefined constant groupname - assumed 'groupname' D:\APMServ5.2.6\www\htdocs\IKPHP\data\runtime\Cache\home\11e2f12d84b746b76491e3160c81a5b0.php 第 197 行.
NOTIC: [8] Use of undefined constant count_user - assumed 'count_user' D:\APMServ5.2.6\www\htdocs\IKPHP\data\runtime\Cache\home\11e2f12d84b746b76491e3160c81a5b0.php 第 197 行.
NOTIC: [8] Use of undefined constant uptime - assumed 'uptime' D:\APMServ5.2.6\www\htdocs\IKPHP\data\runtime\Cache\home\11e2f12d84b746b76491e3160c81a5b0.php 第 197 行.
NOTIC: [8] Use of undefined constant groupid - assumed 'groupid' D:\APMServ5.2.6\www\htdocs\IKPHP\data\runtime\Cache\home\11e2f12d84b746b76491e3160c81a5b0.php 第 197 行.
NOTIC: [8] Use of undefined constant groupname - assumed 'groupname' D:\APMServ5.2.6\www\htdocs\IKPHP\data\runtime\Cache\home\11e2f12d84b746b76491e3160c81a5b0.php 第 197 行.
NOTIC: [8] Use of undefined constant count_user - assumed 'count_user' D:\APMServ5.2.6\www\htdocs\IKPHP\data\runtime\Cache\home\11e2f12d84b746b76491e3160c81a5b0.php 第 197 行.
NOTIC: [8] Use of undefined constant uptime - assumed 'uptime' D:\APMServ5.2.6\www\htdocs\IKPHP\data\runtime\Cache\home\11e2f12d84b746b76491e3160c81a5b0.php 第 197 行.
NOTIC: [8] Use of undefined constant itemid - assumed 'itemid' D:\APMServ5.2.6\www\htdocs\IKPHP\data\runtime\Cache\home\11e2f12d84b746b76491e3160c81a5b0.php 第 202 行.
NOTIC: [8] Use of undefined constant title - assumed 'title' D:\APMServ5.2.6\www\htdocs\IKPHP\data\runtime\Cache\home\11e2f12d84b746b76491e3160c81a5b0.php 第 202 行.
NOTIC: [8] Use of undefined constant itemid - assumed 'itemid' D:\APMServ5.2.6\www\htdocs\IKPHP\data\runtime\Cache\home\11e2f12d84b746b76491e3160c81a5b0.php 第 202 行.
NOTIC: [8] Use of undefined constant title - assumed 'title' D:\APMServ5.2.6\www\htdocs\IKPHP\data\runtime\Cache\home\11e2f12d84b746b76491e3160c81a5b0.php 第 202 行.
NOTIC: [8] Use of undefined constant itemid - assumed 'itemid' D:\APMServ5.2.6\www\htdocs\IKPHP\data\runtime\Cache\home\11e2f12d84b746b76491e3160c81a5b0.php 第 202 行.
NOTIC: [8] Use of undefined constant title - assumed 'title' D:\APMServ5.2.6\www\htdocs\IKPHP\data\runtime\Cache\home\11e2f12d84b746b76491e3160c81a5b0.php 第 202 行.
NOTIC: [8] Use of undefined constant itemid - assumed 'itemid' D:\APMServ5.2.6\www\htdocs\IKPHP\data\runtime\Cache\home\11e2f12d84b746b76491e3160c81a5b0.php 第 202 行.
NOTIC: [8] Use of undefined constant title - assumed 'title' D:\APMServ5.2.6\www\htdocs\IKPHP\data\runtime\Cache\home\11e2f12d84b746b76491e3160c81a5b0.php 第 202 行.
NOTIC: [8] Use of undefined constant itemid - assumed 'itemid' D:\APMServ5.2.6\www\htdocs\IKPHP\data\runtime\Cache\home\11e2f12d84b746b76491e3160c81a5b0.php 第 202 行.
NOTIC: [8] Use of undefined constant title - assumed 'title' D:\APMServ5.2.6\www\htdocs\IKPHP\data\runtime\Cache\home\11e2f12d84b746b76491e3160c81a5b0.php 第 202 行.
NOTIC: [8] Use of undefined constant itemid - assumed 'itemid' D:\APMServ5.2.6\www\htdocs\IKPHP\data\runtime\Cache\home\11e2f12d84b746b76491e3160c81a5b0.php 第 202 行.
NOTIC: [8] Use of undefined constant title - assumed 'title' D:\APMServ5.2.6\www\htdocs\IKPHP\data\runtime\Cache\home\11e2f12d84b746b76491e3160c81a5b0.php 第 202 行.
NOTIC: [8] Use of undefined constant itemid - assumed 'itemid' D:\APMServ5.2.6\www\htdocs\IKPHP\data\runtime\Cache\home\11e2f12d84b746b76491e3160c81a5b0.php 第 202 行.
NOTIC: [8] Use of undefined constant title - assumed 'title' D:\APMServ5.2.6\www\htdocs\IKPHP\data\runtime\Cache\home\11e2f12d84b746b76491e3160c81a5b0.php 第 202 行.
NOTIC: [8] Use of undefined constant itemid - assumed 'itemid' D:\APMServ5.2.6\www\htdocs\IKPHP\data\runtime\Cache\home\11e2f12d84b746b76491e3160c81a5b0.php 第 202 行.
NOTIC: [8] Use of undefined constant title - assumed 'title' D:\APMServ5.2.6\www\htdocs\IKPHP\data\runtime\Cache\home\11e2f12d84b746b76491e3160c81a5b0.php 第 202 行.
INFO: Run ParseTemplate Behavior [ RunTime:0.194497s ]
INFO: [ view_parse ] --END-- [ RunTime:0.194570s ]
INFO: [ view_filter ] --START--
INFO: Run ContentReplace Behavior [ RunTime:0.024626s ]
INFO: Run TokenBuild Behavior [ RunTime:0.020014s ]
INFO: Run WriteHtmlCache Behavior [ RunTime:0.008148s ]
INFO: Run ShowRuntime Behavior [ RunTime:0.015915s ]
INFO: Run content_replace Behavior [ RunTime:0.026428s ]
INFO: [ view_filter ] --END-- [ RunTime:0.095626s ]
INFO: [ view_end ] --START--
INFO: Run ShowPageTrace Behavior [ RunTime:0.049506s ]
INFO: [ view_end ] --END-- [ RunTime:0.049612s ]

[ 2013-04-10T00:41:03+08:00 ] 127.0.0.1 /ikphp/index.php/people/mama
INFO: [ route_check ] --START--
INFO: Run CheckRoute Behavior [ RunTime:0.016167s ]
INFO: [ route_check ] --END-- [ RunTime:0.016289s ]
INFO: [ app_begin ] --START--
INFO: Run ReadHtmlCache Behavior [ RunTime:0.003845s ]
INFO: Run load_lang Behavior [ RunTime:0.002962s ]
INFO: [ app_begin ] --END-- [ RunTime:0.007117s ]
SQL: SHOW COLUMNS FROM `ik_message` [ RunTime:0.002152s ]
SQL: SELECT COUNT(*) AS tp_count FROM `ik_message` WHERE ( `touserid` = null ) AND ( `isread` = 0 ) AND ( `isinbox` = 0 ) LIMIT 1   [ RunTime:0.000423s ]
SQL: SHOW COLUMNS FROM `ik_group` [ RunTime:0.003237s ]
SQL: SHOW COLUMNS FROM `ik_user` [ RunTime:0.002334s ]
SQL: SHOW COLUMNS FROM `ik_group_users` [ RunTime:0.008992s ]
SQL: SHOW COLUMNS FROM `ik_group_topics` [ RunTime:0.002227s ]
SQL: SHOW COLUMNS FROM `ik_group_topics_collects` [ RunTime:0.019995s ]
SQL: SHOW COLUMNS FROM `ik_group_topics_comments` [ RunTime:0.068433s ]
SQL: SELECT `userid` FROM `ik_user` WHERE ( `doname` = 'mama' ) LIMIT 1   [ RunTime:0.000517s ]
SQL: SELECT * FROM `ik_user` WHERE ( `userid` = 2 ) LIMIT 1   [ RunTime:0.000181s ]
SQL: SHOW COLUMNS FROM `ik_user_follow` [ RunTime:0.017124s ]
SQL: SELECT COUNT(*) AS tp_count FROM `ik_user_follow` WHERE ( `userid` = 0 ) AND ( `userid_follow` = 2 ) LIMIT 1   [ RunTime:0.000339s ]
SQL: SELECT * FROM `ik_user_follow` WHERE ( `userid` = 2 ) ORDER BY addtime desc LIMIT 8   [ RunTime:0.000139s ]
NOTIC: [8] Undefined variable: result D:\APMServ5.2.6\www\htdocs\IKPHP\app\Lib\Model\userModel.class.php 第 158 行.
SQL: SELECT * FROM `ik_group_topics` WHERE ( `groupid` > 0 ) AND ( `userid` = 2 ) ORDER BY addtime desc LIMIT 10   [ RunTime:0.000261s ]
SQL: SELECT * FROM `ik_group_topics_collects` WHERE ( `userid` = 2 ) ORDER BY addtime desc LIMIT 10   [ RunTime:0.000225s ]
SQL: SELECT `topicid` FROM `ik_group_topics_comments` WHERE ( `userid` = 2 ) GROUP BY topicid ORDER BY addtime DESC  [ RunTime:0.006696s ]
SQL: SELECT * FROM `ik_group` WHERE ( `userid` = 2 )  [ RunTime:0.000274s ]
SQL: SELECT * FROM `ik_group_users` WHERE ( `userid` = 2 ) AND ( `groupid` NOT IN ('13','11','12') )  [ RunTime:0.021340s ]
SQL: SELECT COUNT(*) AS tp_count FROM `ik_group` WHERE ( `groupid` = 4 ) LIMIT 1   [ RunTime:0.000161s ]
SQL: SELECT * FROM `ik_group` WHERE ( `groupid` = 4 ) LIMIT 1   [ RunTime:0.000154s ]
SQL: SELECT COUNT(*) AS tp_count FROM `ik_group` WHERE ( `groupid` = 9 ) LIMIT 1   [ RunTime:0.000107s ]
SQL: SELECT * FROM `ik_group` WHERE ( `groupid` = 9 ) LIMIT 1   [ RunTime:0.000134s ]
NOTIC: [8] Undefined variable: arrMyCollect D:\APMServ5.2.6\www\htdocs\IKPHP\app\Lib\Action\home\peopleAction.class.php 第 63 行.
NOTIC: [8] Undefined variable: arrMyComment D:\APMServ5.2.6\www\htdocs\IKPHP\app\Lib\Action\home\peopleAction.class.php 第 64 行.
INFO: [ view_template ] --START--
INFO: Run LocationTemplate Behavior [ RunTime:0.019067s ]
INFO: [ view_template ] --END-- [ RunTime:0.019172s ]
INFO: [ view_parse ] --START--
NOTIC: [8] Use of undefined constant style - assumed 'style' D:\APMServ5.2.6\www\htdocs\IKPHP\data\runtime\Cache\home\c97143fa45ad9c4ac989c5a5af05b528.php 第 77 行.
NOTIC: [8] Use of undefined constant url - assumed 'url' D:\APMServ5.2.6\www\htdocs\IKPHP\data\runtime\Cache\home\c97143fa45ad9c4ac989c5a5af05b528.php 第 78 行.
NOTIC: [8] Use of undefined constant name - assumed 'name' D:\APMServ5.2.6\www\htdocs\IKPHP\data\runtime\Cache\home\c97143fa45ad9c4ac989c5a5af05b528.php 第 78 行.
NOTIC: [8] Use of undefined constant url - assumed 'url' D:\APMServ5.2.6\www\htdocs\IKPHP\data\runtime\Cache\home\c97143fa45ad9c4ac989c5a5af05b528.php 第 82 行.
NOTIC: [8] Use of undefined constant name - assumed 'name' D:\APMServ5.2.6\www\htdocs\IKPHP\data\runtime\Cache\home\c97143fa45ad9c4ac989c5a5af05b528.php 第 82 行.
NOTIC: [8] Use of undefined constant url - assumed 'url' D:\APMServ5.2.6\www\htdocs\IKPHP\data\runtime\Cache\home\c97143fa45ad9c4ac989c5a5af05b528.php 第 82 行.
NOTIC: [8] Use of undefined constant name - assumed 'name' D:\APMServ5.2.6\www\htdocs\IKPHP\data\runtime\Cache\home\c97143fa45ad9c4ac989c5a5af05b528.php 第 82 行.
NOTIC: [8] Use of undefined constant url - assumed 'url' D:\APMServ5.2.6\www\htdocs\IKPHP\data\runtime\Cache\home\c97143fa45ad9c4ac989c5a5af05b528.php 第 82 行.
NOTIC: [8] Use of undefined constant name - assumed 'name' D:\APMServ5.2.6\www\htdocs\IKPHP\data\runtime\Cache\home\c97143fa45ad9c4ac989c5a5af05b528.php 第 82 行.
NOTIC: [8] Use of undefined constant doname - assumed 'doname' D:\APMServ5.2.6\www\htdocs\IKPHP\data\runtime\Cache\home\c97143fa45ad9c4ac989c5a5af05b528.php 第 111 行.
NOTIC: [8] Use of undefined constant username - assumed 'username' D:\APMServ5.2.6\www\htdocs\IKPHP\data\runtime\Cache\home\c97143fa45ad9c4ac989c5a5af05b528.php 第 112 行.
NOTIC: [8] Use of undefined constant face - assumed 'face' D:\APMServ5.2.6\www\htdocs\IKPHP\data\runtime\Cache\home\c97143fa45ad9c4ac989c5a5af05b528.php 第 112 行.
NOTIC: [8] Use of undefined constant username - assumed 'username' D:\APMServ5.2.6\www\htdocs\IKPHP\data\runtime\Cache\home\c97143fa45ad9c4ac989c5a5af05b528.php 第 117 行.
NOTIC: [8] Use of undefined constant userid - assumed 'userid' D:\APMServ5.2.6\www\htdocs\IKPHP\data\runtime\Cache\home\c97143fa45ad9c4ac989c5a5af05b528.php 第 121 行.
NOTIC: [8] Use of undefined constant userid - assumed 'userid' D:\APMServ5.2.6\www\htdocs\IKPHP\data\runtime\Cache\home\c97143fa45ad9c4ac989c5a5af05b528.php 第 121 行.
NOTIC: [8] Use of undefined constant userid - assumed 'userid' D:\APMServ5.2.6\www\htdocs\IKPHP\data\runtime\Cache\home\c97143fa45ad9c4ac989c5a5af05b528.php 第 133 行.
NOTIC: [8] Use of undefined constant userid - assumed 'userid' D:\APMServ5.2.6\www\htdocs\IKPHP\data\runtime\Cache\home\c97143fa45ad9c4ac989c5a5af05b528.php 第 133 行.
NOTIC: [8] Use of undefined constant username - assumed 'username' D:\APMServ5.2.6\www\htdocs\IKPHP\data\runtime\Cache\home\c97143fa45ad9c4ac989c5a5af05b528.php 第 135 行.
NOTIC: [8] Use of undefined constant topicid - assumed 'topicid' D:\APMServ5.2.6\www\htdocs\IKPHP\data\runtime\Cache\home\c97143fa45ad9c4ac989c5a5af05b528.php 第 146 行.
NOTIC: [8] Use of undefined constant title - assumed 'title' D:\APMServ5.2.6\www\htdocs\IKPHP\data\runtime\Cache\home\c97143fa45ad9c4ac989c5a5af05b528.php 第 146 行.
NOTIC: [8] Use of undefined constant count_comment - assumed 'count_comment' D:\APMServ5.2.6\www\htdocs\IKPHP\data\runtime\Cache\home\c97143fa45ad9c4ac989c5a5af05b528.php 第 147 行.
NOTIC: [8] Use of undefined constant addtime - assumed 'addtime' D:\APMServ5.2.6\www\htdocs\IKPHP\data\runtime\Cache\home\c97143fa45ad9c4ac989c5a5af05b528.php 第 148 行.
NOTIC: [8] Use of undefined constant userid - assumed 'userid' D:\APMServ5.2.6\www\htdocs\IKPHP\data\runtime\Cache\home\c97143fa45ad9c4ac989c5a5af05b528.php 第 160 行.
NOTIC: [8] Use of undefined constant userid - assumed 'userid' D:\APMServ5.2.6\www\htdocs\IKPHP\data\runtime\Cache\home\c97143fa45ad9c4ac989c5a5af05b528.php 第 160 行.
NOTIC: [8] Use of undefined constant username - assumed 'username' D:\APMServ5.2.6\www\htdocs\IKPHP\data\runtime\Cache\home\c97143fa45ad9c4ac989c5a5af05b528.php 第 162 行.
NOTIC: [8] Use of undefined constant userid - assumed 'userid' D:\APMServ5.2.6\www\htdocs\IKPHP\data\runtime\Cache\home\c97143fa45ad9c4ac989c5a5af05b528.php 第 187 行.
NOTIC: [8] Use of undefined constant userid - assumed 'userid' D:\APMServ5.2.6\www\htdocs\IKPHP\data\runtime\Cache\home\c97143fa45ad9c4ac989c5a5af05b528.php 第 187 行.
NOTIC: [8] Use of undefined constant username - assumed 'username' D:\APMServ5.2.6\www\htdocs\IKPHP\data\runtime\Cache\home\c97143fa45ad9c4ac989c5a5af05b528.php 第 189 行.
NOTIC: [8] Use of undefined constant face_160 - assumed 'face_160' D:\APMServ5.2.6\www\htdocs\IKPHP\data\runtime\Cache\home\c97143fa45ad9c4ac989c5a5af05b528.php 第 225 行.
NOTIC: [8] Use of undefined constant areaid - assumed 'areaid' D:\APMServ5.2.6\www\htdocs\IKPHP\data\runtime\Cache\home\c97143fa45ad9c4ac989c5a5af05b528.php 第 227 行.
NOTIC: [8] Use of undefined constant area - assumed 'area' D:\APMServ5.2.6\www\htdocs\IKPHP\data\runtime\Cache\home\c97143fa45ad9c4ac989c5a5af05b528.php 第 227 行.
NOTIC: [8] Use of undefined constant areaid - assumed 'areaid' D:\APMServ5.2.6\www\htdocs\IKPHP\data\runtime\Cache\home\c97143fa45ad9c4ac989c5a5af05b528.php 第 227 行.
NOTIC: [8] Use of undefined constant area - assumed 'area' D:\APMServ5.2.6\www\htdocs\IKPHP\data\runtime\Cache\home\c97143fa45ad9c4ac989c5a5af05b528.php 第 227 行.
NOTIC: [8] Use of undefined constant areaname - assumed 'areaname' D:\APMServ5.2.6\www\htdocs\IKPHP\data\runtime\Cache\home\c97143fa45ad9c4ac989c5a5af05b528.php 第 227 行.
NOTIC: [8] Use of undefined constant userid - assumed 'userid' D:\APMServ5.2.6\www\htdocs\IKPHP\data\runtime\Cache\home\c97143fa45ad9c4ac989c5a5af05b528.php 第 229 行.
NOTIC: [8] Use of undefined constant addtime - assumed 'addtime' D:\APMServ5.2.6\www\htdocs\IKPHP\data\runtime\Cache\home\c97143fa45ad9c4ac989c5a5af05b528.php 第 229 行.
NOTIC: [8] Undefined index:  rolename D:\APMServ5.2.6\www\htdocs\IKPHP\data\runtime\Cache\home\c97143fa45ad9c4ac989c5a5af05b528.php 第 230 行.
NOTIC: [8] Use of undefined constant userid - assumed 'userid' D:\APMServ5.2.6\www\htdocs\IKPHP\data\runtime\Cache\home\c97143fa45ad9c4ac989c5a5af05b528.php 第 233 行.
NOTIC: [8] Use of undefined constant userid - assumed 'userid' D:\APMServ5.2.6\www\htdocs\IKPHP\data\runtime\Cache\home\c97143fa45ad9c4ac989c5a5af05b528.php 第 233 行.
NOTIC: [8] Use of undefined constant isfollow - assumed 'isfollow' D:\APMServ5.2.6\www\htdocs\IKPHP\data\runtime\Cache\home\c97143fa45ad9c4ac989c5a5af05b528.php 第 235 行.
NOTIC: [8] Use of undefined constant userid - assumed 'userid' D:\APMServ5.2.6\www\htdocs\IKPHP\data\runtime\Cache\home\c97143fa45ad9c4ac989c5a5af05b528.php 第 240 行.
NOTIC: [8] Use of undefined constant userid - assumed 'userid' D:\APMServ5.2.6\www\htdocs\IKPHP\data\runtime\Cache\home\c97143fa45ad9c4ac989c5a5af05b528.php 第 241 行.
NOTIC: [8] Use of undefined constant sex - assumed 'sex' D:\APMServ5.2.6\www\htdocs\IKPHP\data\runtime\Cache\home\c97143fa45ad9c4ac989c5a5af05b528.php 第 251 行.
NOTIC: [8] Use of undefined constant blog - assumed 'blog' D:\APMServ5.2.6\www\htdocs\IKPHP\data\runtime\Cache\home\c97143fa45ad9c4ac989c5a5af05b528.php 第 252 行.
NOTIC: [8] Use of undefined constant about - assumed 'about' D:\APMServ5.2.6\www\htdocs\IKPHP\data\runtime\Cache\home\c97143fa45ad9c4ac989c5a5af05b528.php 第 253 行.
NOTIC: [8] Use of undefined constant signed - assumed 'signed' D:\APMServ5.2.6\www\htdocs\IKPHP\data\runtime\Cache\home\c97143fa45ad9c4ac989c5a5af05b528.php 第 254 行.
NOTIC: [8] Use of undefined constant userid - assumed 'userid' D:\APMServ5.2.6\www\htdocs\IKPHP\data\runtime\Cache\home\c97143fa45ad9c4ac989c5a5af05b528.php 第 256 行.
NOTIC: [8] Use of undefined constant userid - assumed 'userid' D:\APMServ5.2.6\www\htdocs\IKPHP\data\runtime\Cache\home\c97143fa45ad9c4ac989c5a5af05b528.php 第 256 行.
NOTIC: [8] Use of undefined constant userid - assumed 'userid' D:\APMServ5.2.6\www\htdocs\IKPHP\data\runtime\Cache\home\c97143fa45ad9c4ac989c5a5af05b528.php 第 273 行.
NOTIC: [8] Use of undefined constant userid - assumed 'userid' D:\APMServ5.2.6\www\htdocs\IKPHP\data\runtime\Cache\home\c97143fa45ad9c4ac989c5a5af05b528.php 第 273 行.
NOTIC: [8] Use of undefined constant username - assumed 'username' D:\APMServ5.2.6\www\htdocs\IKPHP\data\runtime\Cache\home\c97143fa45ad9c4ac989c5a5af05b528.php 第 275 行.
NOTIC: [8] Use of undefined constant count_follow - assumed 'count_follow' D:\APMServ5.2.6\www\htdocs\IKPHP\data\runtime\Cache\home\c97143fa45ad9c4ac989c5a5af05b528.php 第 278 行.
NOTIC: [8] Use of undefined constant followUser - assumed 'followUser' D:\APMServ5.2.6\www\htdocs\IKPHP\data\runtime\Cache\home\c97143fa45ad9c4ac989c5a5af05b528.php 第 282 行.
NOTIC: [8] Use of undefined constant userid - assumed 'userid' D:\APMServ5.2.6\www\htdocs\IKPHP\data\runtime\Cache\home\c97143fa45ad9c4ac989c5a5af05b528.php 第 288 行.
NOTIC: [8] Use of undefined constant userid - assumed 'userid' D:\APMServ5.2.6\www\htdocs\IKPHP\data\runtime\Cache\home\c97143fa45ad9c4ac989c5a5af05b528.php 第 288 行.
NOTIC: [8] Use of undefined constant count_followed - assumed 'count_followed' D:\APMServ5.2.6\www\htdocs\IKPHP\data\runtime\Cache\home\c97143fa45ad9c4ac989c5a5af05b528.php 第 288 行.
NOTIC: [8] Use of undefined constant userid - assumed 'userid' D:\APMServ5.2.6\www\htdocs\IKPHP\data\runtime\Cache\home\c97143fa45ad9c4ac989c5a5af05b528.php 第 295 行.
NOTIC: [8] Use of undefined constant userid - assumed 'userid' D:\APMServ5.2.6\www\htdocs\IKPHP\data\runtime\Cache\home\c97143fa45ad9c4ac989c5a5af05b528.php 第 295 行.
NOTIC: [8] Use of undefined constant username - assumed 'username' D:\APMServ5.2.6\www\htdocs\IKPHP\data\runtime\Cache\home\c97143fa45ad9c4ac989c5a5af05b528.php 第 297 行.
NOTIC: [8] Use of undefined constant userid - assumed 'userid' D:\APMServ5.2.6\www\htdocs\IKPHP\data\runtime\Cache\home\c97143fa45ad9c4ac989c5a5af05b528.php 第 300 行.
NOTIC: [8] Use of undefined constant groupid - assumed 'groupid' D:\APMServ5.2.6\www\htdocs\IKPHP\data\runtime\Cache\home\c97143fa45ad9c4ac989c5a5af05b528.php 第 305 行.
NOTIC: [8] Use of undefined constant groupname - assumed 'groupname' D:\APMServ5.2.6\www\htdocs\IKPHP\data\runtime\Cache\home\c97143fa45ad9c4ac989c5a5af05b528.php 第 305 行.
NOTIC: [8] Use of undefined constant icon_48 - assumed 'icon_48' D:\APMServ5.2.6\www\htdocs\IKPHP\data\runtime\Cache\home\c97143fa45ad9c4ac989c5a5af05b528.php 第 305 行.
NOTIC: [8] Use of undefined constant groupid - assumed 'groupid' D:\APMServ5.2.6\www\htdocs\IKPHP\data\runtime\Cache\home\c97143fa45ad9c4ac989c5a5af05b528.php 第 306 行.
NOTIC: [8] Use of undefined constant groupname - assumed 'groupname' D:\APMServ5.2.6\www\htdocs\IKPHP\data\runtime\Cache\home\c97143fa45ad9c4ac989c5a5af05b528.php 第 306 行.
NOTIC: [8] Use of undefined constant count_user - assumed 'count_user' D:\APMServ5.2.6\www\htdocs\IKPHP\data\runtime\Cache\home\c97143fa45ad9c4ac989c5a5af05b528.php 第 306 行.
NOTIC: [8] Use of undefined constant groupid - assumed 'groupid' D:\APMServ5.2.6\www\htdocs\IKPHP\data\runtime\Cache\home\c97143fa45ad9c4ac989c5a5af05b528.php 第 305 行.
NOTIC: [8] Use of undefined constant groupname - assumed 'groupname' D:\APMServ5.2.6\www\htdocs\IKPHP\data\runtime\Cache\home\c97143fa45ad9c4ac989c5a5af05b528.php 第 305 行.
NOTIC: [8] Use of undefined constant icon_48 - assumed 'icon_48' D:\APMServ5.2.6\www\htdocs\IKPHP\data\runtime\Cache\home\c97143fa45ad9c4ac989c5a5af05b528.php 第 305 行.
NOTIC: [8] Use of undefined constant groupid - assumed 'groupid' D:\APMServ5.2.6\www\htdocs\IKPHP\data\runtime\Cache\home\c97143fa45ad9c4ac989c5a5af05b528.php 第 306 行.
NOTIC: [8] Use of undefined constant groupname - assumed 'groupname' D:\APMServ5.2.6\www\htdocs\IKPHP\data\runtime\Cache\home\c97143fa45ad9c4ac989c5a5af05b528.php 第 306 行.
NOTIC: [8] Use of undefined constant count_user - assumed 'count_user' D:\APMServ5.2.6\www\htdocs\IKPHP\data\runtime\Cache\home\c97143fa45ad9c4ac989c5a5af05b528.php 第 306 行.
NOTIC: [8] Use of undefined constant doname - assumed 'doname' D:\APMServ5.2.6\www\htdocs\IKPHP\data\runtime\Cache\home\c97143fa45ad9c4ac989c5a5af05b528.php 第 312 行.
NOTIC: [8] Use of undefined constant doname - assumed 'doname' D:\APMServ5.2.6\www\htdocs\IKPHP\data\runtime\Cache\home\c97143fa45ad9c4ac989c5a5af05b528.php 第 312 行.
NOTIC: [8] Use of undefined constant username - assumed 'username' D:\APMServ5.2.6\www\htdocs\IKPHP\data\runtime\Cache\home\c97143fa45ad9c4ac989c5a5af05b528.php 第 314 行.
INFO: Run ParseTemplate Behavior [ RunTime:0.101997s ]
INFO: [ view_parse ] --END-- [ RunTime:0.102076s ]
INFO: [ view_filter ] --START--
INFO: Run ContentReplace Behavior [ RunTime:0.001240s ]
INFO: Run TokenBuild Behavior [ RunTime:0.001078s ]
INFO: Run WriteHtmlCache Behavior [ RunTime:0.000483s ]
INFO: Run ShowRuntime Behavior [ RunTime:0.000682s ]
INFO: Run content_replace Behavior [ RunTime:0.017999s ]
INFO: [ view_filter ] --END-- [ RunTime:0.021698s ]
INFO: [ view_end ] --START--
INFO: Run ShowPageTrace Behavior [ RunTime:0.001100s ]
INFO: [ view_end ] --END-- [ RunTime:0.001194s ]

