[ 2013-05-23T00:24:01+08:00 ] 127.0.0.1 /ikphp/
INFO: [ app_begin ] --START--
INFO: Run ReadHtmlCache Behavior [ RunTime:0.002288s ]
INFO: Run load_lang Behavior [ RunTime:0.004708s ]
INFO: [ app_begin ] --END-- [ RunTime:0.007214s ]
SQL: SHOW COLUMNS FROM `ik_message` [ RunTime:0.004677s ]
SQL: SELECT COUNT(*) AS tp_count FROM `ik_message` WHERE ( `touserid` = null ) AND ( `isread` = 0 ) AND ( `isinbox` = 0 ) LIMIT 1   [ RunTime:0.001397s ]
SQL: SELECT COUNT(*) AS count FROM ik_user_online WHERE `ctime` > 1369238940 [ RunTime:0.000449s ]
ERR: Table 'ikphp.ik_user_online' doesn't exist
 [ SQL语句 ] : SELECT COUNT(*) AS count FROM ik_user_online WHERE `ctime` > 1369238940
SQL: SHOW COLUMNS FROM `ik_group` [ RunTime:0.005098s ]
SQL: SHOW COLUMNS FROM `ik_user` [ RunTime:0.005316s ]
SQL: SHOW COLUMNS FROM `ik_group_topics` [ RunTime:0.006118s ]
SQL: SHOW COLUMNS FROM `ik_article` [ RunTime:0.004768s ]
SQL: SELECT `groupid` FROM `ik_group` WHERE ( `isshow` = 0 ) ORDER BY addtime desc LIMIT 10   [ RunTime:0.001633s ]
SQL: SELECT COUNT(*) AS tp_count FROM `ik_group` WHERE ( `groupid` = 14 ) LIMIT 1   [ RunTime:0.000275s ]
SQL: SELECT * FROM `ik_group` WHERE ( `groupid` = 14 ) LIMIT 1   [ RunTime:0.000272s ]
SQL: SELECT COUNT(*) AS tp_count FROM `ik_group` WHERE ( `groupid` = 13 ) LIMIT 1   [ RunTime:0.000429s ]
SQL: SELECT * FROM `ik_group` WHERE ( `groupid` = 13 ) LIMIT 1   [ RunTime:0.000370s ]
SQL: SELECT COUNT(*) AS tp_count FROM `ik_group` WHERE ( `groupid` = 12 ) LIMIT 1   [ RunTime:0.000312s ]
SQL: SELECT * FROM `ik_group` WHERE ( `groupid` = 12 ) LIMIT 1   [ RunTime:0.000268s ]
SQL: SELECT COUNT(*) AS tp_count FROM `ik_group` WHERE ( `groupid` = 11 ) LIMIT 1   [ RunTime:0.000208s ]
SQL: SELECT * FROM `ik_group` WHERE ( `groupid` = 11 ) LIMIT 1   [ RunTime:0.000260s ]
SQL: SELECT COUNT(*) AS tp_count FROM `ik_group` WHERE ( `groupid` = 10 ) LIMIT 1   [ RunTime:0.000205s ]
SQL: SELECT * FROM `ik_group` WHERE ( `groupid` = 10 ) LIMIT 1   [ RunTime:0.000443s ]
SQL: SELECT COUNT(*) AS tp_count FROM `ik_group` WHERE ( `groupid` = 9 ) LIMIT 1   [ RunTime:0.000364s ]
SQL: SELECT * FROM `ik_group` WHERE ( `groupid` = 9 ) LIMIT 1   [ RunTime:0.000457s ]
SQL: SELECT COUNT(*) AS tp_count FROM `ik_group` WHERE ( `groupid` = 4 ) LIMIT 1   [ RunTime:0.000245s ]
SQL: SELECT * FROM `ik_group` WHERE ( `groupid` = 4 ) LIMIT 1   [ RunTime:0.000285s ]
SQL: SELECT `userid`,`topicid`,`groupid`,`content`,`title` FROM `ik_group_topics` WHERE ( `groupid` > 0 ) AND ( `isaudit` = 0 ) ORDER BY istop desc,addtime desc LIMIT 15   [ RunTime:0.000585s ]
SQL: SELECT COUNT(*) AS tp_count FROM `ik_group_topics` WHERE ( `topicid` = 25 ) LIMIT 1   [ RunTime:0.000256s ]
SQL: SELECT * FROM `ik_group_topics` WHERE ( `topicid` = 25 ) LIMIT 1   [ RunTime:0.000293s ]
SQL: SELECT * FROM `ik_user` WHERE ( `userid` = 1 ) LIMIT 1   [ RunTime:0.000336s ]
SQL: SHOW COLUMNS FROM `ik_area` [ RunTime:0.004849s ]
SQL: SELECT * FROM `ik_area` WHERE ( `areaid` = 52 ) LIMIT 1   [ RunTime:0.001530s ]
SQL: SHOW COLUMNS FROM `ik_user_online` [ RunTime:0.003675s ]
ERR: Table 'ikphp.ik_user_online' doesn't exist
 [ SQL语句 ] : SHOW COLUMNS FROM `ik_user_online`
SQL: SELECT COUNT(*) AS tp_count FROM `ik_user_online` WHERE ( `userid` = '1' ) AND ( `ctime` > 1369238941 ) LIMIT 1   [ RunTime:0.001293s ]
ERR: Table 'ikphp.ik_user_online' doesn't exist
 [ SQL语句 ] : SELECT COUNT(*) AS tp_count FROM `ik_user_online` WHERE ( `userid` = '1' ) AND ( `ctime` > 1369238941 ) LIMIT 1  
SQL: SELECT COUNT(*) AS tp_count FROM `ik_group_topics` WHERE ( `topicid` = 24 ) LIMIT 1   [ RunTime:0.000310s ]
SQL: SELECT * FROM `ik_group_topics` WHERE ( `topicid` = 24 ) LIMIT 1   [ RunTime:0.000291s ]
SQL: SHOW COLUMNS FROM `ik_images` [ RunTime:0.005034s ]
SQL: SELECT * FROM `ik_images` WHERE ( `type` = 'topic' ) AND ( `typeid` = 24 ) AND ( `seqid` = 2 ) LIMIT 1   [ RunTime:0.001451s ]
SQL: SELECT * FROM `ik_user` WHERE ( `userid` = 1 ) LIMIT 1   [ RunTime:0.000327s ]
SQL: SELECT * FROM `ik_area` WHERE ( `areaid` = 52 ) LIMIT 1   [ RunTime:0.000299s ]
SQL: SELECT COUNT(*) AS tp_count FROM `ik_user_online` WHERE ( `userid` = '1' ) AND ( `ctime` > 1369238941 ) LIMIT 1   [ RunTime:0.000649s ]
ERR: Table 'ikphp.ik_user_online' doesn't exist
 [ SQL语句 ] : SELECT COUNT(*) AS tp_count FROM `ik_user_online` WHERE ( `userid` = '1' ) AND ( `ctime` > 1369238941 ) LIMIT 1  
SQL: SELECT * FROM `ik_images` WHERE ( `type` = 'topic' ) AND ( `typeid` = 24 ) AND ( `seqid` = 2 ) LIMIT 1   [ RunTime:0.000365s ]
SQL: SELECT * FROM `ik_images` WHERE ( `type` = 'topic' ) AND ( `typeid` = 24 ) AND ( `seqid` = 2 ) LIMIT 1   [ RunTime:0.000288s ]
SQL: SELECT COUNT(*) AS tp_count FROM `ik_group_topics` WHERE ( `topicid` = 20 ) LIMIT 1   [ RunTime:0.000222s ]
SQL: SELECT * FROM `ik_group_topics` WHERE ( `topicid` = 20 ) LIMIT 1   [ RunTime:0.000278s ]
SQL: SELECT * FROM `ik_user` WHERE ( `userid` = 1 ) LIMIT 1   [ RunTime:0.000296s ]
SQL: SELECT * FROM `ik_area` WHERE ( `areaid` = 52 ) LIMIT 1   [ RunTime:0.000356s ]
SQL: SELECT COUNT(*) AS tp_count FROM `ik_user_online` WHERE ( `userid` = '1' ) AND ( `ctime` > 1369238941 ) LIMIT 1   [ RunTime:0.000441s ]
ERR: Table 'ikphp.ik_user_online' doesn't exist
 [ SQL语句 ] : SELECT COUNT(*) AS tp_count FROM `ik_user_online` WHERE ( `userid` = '1' ) AND ( `ctime` > 1369238941 ) LIMIT 1  
SQL: SELECT COUNT(*) AS tp_count FROM `ik_group_topics` WHERE ( `topicid` = 19 ) LIMIT 1   [ RunTime:0.000247s ]
SQL: SELECT * FROM `ik_group_topics` WHERE ( `topicid` = 19 ) LIMIT 1   [ RunTime:0.000279s ]
SQL: SELECT * FROM `ik_user` WHERE ( `userid` = 1 ) LIMIT 1   [ RunTime:0.000284s ]
SQL: SELECT * FROM `ik_area` WHERE ( `areaid` = 52 ) LIMIT 1   [ RunTime:0.000506s ]
SQL: SELECT COUNT(*) AS tp_count FROM `ik_user_online` WHERE ( `userid` = '1' ) AND ( `ctime` > 1369238941 ) LIMIT 1   [ RunTime:0.000725s ]
ERR: Table 'ikphp.ik_user_online' doesn't exist
 [ SQL语句 ] : SELECT COUNT(*) AS tp_count FROM `ik_user_online` WHERE ( `userid` = '1' ) AND ( `ctime` > 1369238941 ) LIMIT 1  
SQL: SELECT COUNT(*) AS tp_count FROM `ik_group_topics` WHERE ( `topicid` = 16 ) LIMIT 1   [ RunTime:0.000688s ]
SQL: SELECT * FROM `ik_group_topics` WHERE ( `topicid` = 16 ) LIMIT 1   [ RunTime:0.000937s ]
SQL: SELECT * FROM `ik_user` WHERE ( `userid` = 1 ) LIMIT 1   [ RunTime:0.000688s ]
SQL: SELECT * FROM `ik_area` WHERE ( `areaid` = 52 ) LIMIT 1   [ RunTime:0.000423s ]
SQL: SELECT COUNT(*) AS tp_count FROM `ik_user_online` WHERE ( `userid` = '1' ) AND ( `ctime` > 1369238941 ) LIMIT 1   [ RunTime:0.000446s ]
ERR: Table 'ikphp.ik_user_online' doesn't exist
 [ SQL语句 ] : SELECT COUNT(*) AS tp_count FROM `ik_user_online` WHERE ( `userid` = '1' ) AND ( `ctime` > 1369238941 ) LIMIT 1  
SQL: SELECT `userid` FROM `ik_user` WHERE ( `isenable` = 0 ) ORDER BY uptime desc LIMIT 12   [ RunTime:0.000307s ]
SQL: SELECT * FROM `ik_user` WHERE ( `userid` = 1 ) LIMIT 1   [ RunTime:0.000359s ]
SQL: SELECT * FROM `ik_area` WHERE ( `areaid` = 52 ) LIMIT 1   [ RunTime:0.000294s ]
SQL: SELECT COUNT(*) AS tp_count FROM `ik_user_online` WHERE ( `userid` = '1' ) AND ( `ctime` > 1369238941 ) LIMIT 1   [ RunTime:0.000430s ]
ERR: Table 'ikphp.ik_user_online' doesn't exist
 [ SQL语句 ] : SELECT COUNT(*) AS tp_count FROM `ik_user_online` WHERE ( `userid` = '1' ) AND ( `ctime` > 1369238941 ) LIMIT 1  
SQL: SELECT * FROM `ik_user` WHERE ( `userid` = 2 ) LIMIT 1   [ RunTime:0.000307s ]
SQL: SELECT COUNT(*) AS tp_count FROM `ik_user_online` WHERE ( `userid` = '2' ) AND ( `ctime` > 1369238941 ) LIMIT 1   [ RunTime:0.000479s ]
ERR: Table 'ikphp.ik_user_online' doesn't exist
 [ SQL语句 ] : SELECT COUNT(*) AS tp_count FROM `ik_user_online` WHERE ( `userid` = '2' ) AND ( `ctime` > 1369238941 ) LIMIT 1  
SQL: SHOW COLUMNS FROM `ik_article_item` [ RunTime:0.004933s ]
SQL: SELECT * FROM `ik_article_item` WHERE ( `isaudit` = 0 ) ORDER BY addtime desc LIMIT 8   [ RunTime:0.001682s ]
SQL: SELECT * FROM `ik_group` WHERE ( `isrecommend` = 1 ) ORDER BY groupid asc LIMIT 10   [ RunTime:0.000544s ]
SQL: SELECT COUNT(*) AS tp_count FROM `ik_group` WHERE ( `groupid` = 4 ) LIMIT 1   [ RunTime:0.000464s ]
SQL: SELECT * FROM `ik_group` WHERE ( `groupid` = 4 ) LIMIT 1   [ RunTime:0.000284s ]
SQL: SELECT COUNT(*) AS tp_count FROM `ik_user` LIMIT 1   [ RunTime:0.000229s ]
INFO: [ view_template ] --START--
INFO: Run LocationTemplate Behavior [ RunTime:0.004315s ]
INFO: [ view_template ] --END-- [ RunTime:0.004430s ]
INFO: [ view_parse ] --START--
NOTIC: [8] Use of undefined constant userid - assumed 'userid' D:\APMServ5.2.6\www\htdocs\ikphp\data\runtime\Cache\home\11e2f12d84b746b76491e3160c81a5b0.php 第 124 行.
NOTIC: [8] Use of undefined constant groupid - assumed 'groupid' D:\APMServ5.2.6\www\htdocs\ikphp\data\runtime\Cache\home\11e2f12d84b746b76491e3160c81a5b0.php 第 172 行.
NOTIC: [8] Use of undefined constant icon_48 - assumed 'icon_48' D:\APMServ5.2.6\www\htdocs\ikphp\data\runtime\Cache\home\11e2f12d84b746b76491e3160c81a5b0.php 第 173 行.
NOTIC: [8] Use of undefined constant groupname - assumed 'groupname' D:\APMServ5.2.6\www\htdocs\ikphp\data\runtime\Cache\home\11e2f12d84b746b76491e3160c81a5b0.php 第 173 行.
NOTIC: [8] Use of undefined constant groupid - assumed 'groupid' D:\APMServ5.2.6\www\htdocs\ikphp\data\runtime\Cache\home\11e2f12d84b746b76491e3160c81a5b0.php 第 177 行.
NOTIC: [8] Use of undefined constant groupname - assumed 'groupname' D:\APMServ5.2.6\www\htdocs\ikphp\data\runtime\Cache\home\11e2f12d84b746b76491e3160c81a5b0.php 第 177 行.
NOTIC: [8] Use of undefined constant count_user - assumed 'count_user' D:\APMServ5.2.6\www\htdocs\ikphp\data\runtime\Cache\home\11e2f12d84b746b76491e3160c81a5b0.php 第 177 行.
NOTIC: [8] Use of undefined constant count_topic - assumed 'count_topic' D:\APMServ5.2.6\www\htdocs\ikphp\data\runtime\Cache\home\11e2f12d84b746b76491e3160c81a5b0.php 第 177 行.
NOTIC: [8] Use of undefined constant groupdesc - assumed 'groupdesc' D:\APMServ5.2.6\www\htdocs\ikphp\data\runtime\Cache\home\11e2f12d84b746b76491e3160c81a5b0.php 第 178 行.
NOTIC: [8] Use of undefined constant user - assumed 'user' D:\APMServ5.2.6\www\htdocs\ikphp\data\runtime\Cache\home\11e2f12d84b746b76491e3160c81a5b0.php 第 191 行.
NOTIC: [8] Use of undefined constant doname - assumed 'doname' D:\APMServ5.2.6\www\htdocs\ikphp\data\runtime\Cache\home\11e2f12d84b746b76491e3160c81a5b0.php 第 191 行.
NOTIC: [8] Use of undefined constant user - assumed 'user' D:\APMServ5.2.6\www\htdocs\ikphp\data\runtime\Cache\home\11e2f12d84b746b76491e3160c81a5b0.php 第 191 行.
NOTIC: [8] Use of undefined constant face - assumed 'face' D:\APMServ5.2.6\www\htdocs\ikphp\data\runtime\Cache\home\11e2f12d84b746b76491e3160c81a5b0.php 第 191 行.
NOTIC: [8] Use of undefined constant topicid - assumed 'topicid' D:\APMServ5.2.6\www\htdocs\ikphp\data\runtime\Cache\home\11e2f12d84b746b76491e3160c81a5b0.php 第 193 行.
NOTIC: [8] Use of undefined constant title - assumed 'title' D:\APMServ5.2.6\www\htdocs\ikphp\data\runtime\Cache\home\11e2f12d84b746b76491e3160c81a5b0.php 第 193 行.
NOTIC: [8] Undefined variable: time D:\APMServ5.2.6\www\htdocs\ikphp\data\runtime\Cache\home\11e2f12d84b746b76491e3160c81a5b0.php 第 193 行.
NOTIC: [8] Use of undefined constant title - assumed 'title' D:\APMServ5.2.6\www\htdocs\ikphp\data\runtime\Cache\home\11e2f12d84b746b76491e3160c81a5b0.php 第 193 行.
NOTIC: [8] Use of undefined constant user - assumed 'user' D:\APMServ5.2.6\www\htdocs\ikphp\data\runtime\Cache\home\11e2f12d84b746b76491e3160c81a5b0.php 第 194 行.
NOTIC: [8] Use of undefined constant doname - assumed 'doname' D:\APMServ5.2.6\www\htdocs\ikphp\data\runtime\Cache\home\11e2f12d84b746b76491e3160c81a5b0.php 第 194 行.
NOTIC: [8] Use of undefined constant user - assumed 'user' D:\APMServ5.2.6\www\htdocs\ikphp\data\runtime\Cache\home\11e2f12d84b746b76491e3160c81a5b0.php 第 194 行.
NOTIC: [8] Use of undefined constant username - assumed 'username' D:\APMServ5.2.6\www\htdocs\ikphp\data\runtime\Cache\home\11e2f12d84b746b76491e3160c81a5b0.php 第 194 行.
NOTIC: [8] Use of undefined constant addtime - assumed 'addtime' D:\APMServ5.2.6\www\htdocs\ikphp\data\runtime\Cache\home\11e2f12d84b746b76491e3160c81a5b0.php 第 194 行.
NOTIC: [8] Use of undefined constant count_view - assumed 'count_view' D:\APMServ5.2.6\www\htdocs\ikphp\data\runtime\Cache\home\11e2f12d84b746b76491e3160c81a5b0.php 第 194 行.
NOTIC: [8] Use of undefined constant count_comment - assumed 'count_comment' D:\APMServ5.2.6\www\htdocs\ikphp\data\runtime\Cache\home\11e2f12d84b746b76491e3160c81a5b0.php 第 194 行.
NOTIC: [8] Use of undefined constant video - assumed 'video' D:\APMServ5.2.6\www\htdocs\ikphp\data\runtime\Cache\home\11e2f12d84b746b76491e3160c81a5b0.php 第 196 行.
NOTIC: [8] Use of undefined constant topicid - assumed 'topicid' D:\APMServ5.2.6\www\htdocs\ikphp\data\runtime\Cache\home\11e2f12d84b746b76491e3160c81a5b0.php 第 198 行.
NOTIC: [8] Use of undefined constant title - assumed 'title' D:\APMServ5.2.6\www\htdocs\ikphp\data\runtime\Cache\home\11e2f12d84b746b76491e3160c81a5b0.php 第 198 行.
NOTIC: [8] Undefined variable: time D:\APMServ5.2.6\www\htdocs\ikphp\data\runtime\Cache\home\11e2f12d84b746b76491e3160c81a5b0.php 第 198 行.
NOTIC: [8] Use of undefined constant img - assumed 'img' D:\APMServ5.2.6\www\htdocs\ikphp\data\runtime\Cache\home\11e2f12d84b746b76491e3160c81a5b0.php 第 198 行.
NOTIC: [8] Use of undefined constant simg - assumed 'simg' D:\APMServ5.2.6\www\htdocs\ikphp\data\runtime\Cache\home\11e2f12d84b746b76491e3160c81a5b0.php 第 198 行.
NOTIC: [8] Use of undefined constant content - assumed 'content' D:\APMServ5.2.6\www\htdocs\ikphp\data\runtime\Cache\home\11e2f12d84b746b76491e3160c81a5b0.php 第 199 行.
NOTIC: [8] Use of undefined constant user - assumed 'user' D:\APMServ5.2.6\www\htdocs\ikphp\data\runtime\Cache\home\11e2f12d84b746b76491e3160c81a5b0.php 第 191 行.
NOTIC: [8] Use of undefined constant doname - assumed 'doname' D:\APMServ5.2.6\www\htdocs\ikphp\data\runtime\Cache\home\11e2f12d84b746b76491e3160c81a5b0.php 第 191 行.
NOTIC: [8] Use of undefined constant user - assumed 'user' D:\APMServ5.2.6\www\htdocs\ikphp\data\runtime\Cache\home\11e2f12d84b746b76491e3160c81a5b0.php 第 191 行.
NOTIC: [8] Use of undefined constant face - assumed 'face' D:\APMServ5.2.6\www\htdocs\ikphp\data\runtime\Cache\home\11e2f12d84b746b76491e3160c81a5b0.php 第 191 行.
NOTIC: [8] Use of undefined constant topicid - assumed 'topicid' D:\APMServ5.2.6\www\htdocs\ikphp\data\runtime\Cache\home\11e2f12d84b746b76491e3160c81a5b0.php 第 193 行.
NOTIC: [8] Use of undefined constant title - assumed 'title' D:\APMServ5.2.6\www\htdocs\ikphp\data\runtime\Cache\home\11e2f12d84b746b76491e3160c81a5b0.php 第 193 行.
NOTIC: [8] Undefined variable: time D:\APMServ5.2.6\www\htdocs\ikphp\data\runtime\Cache\home\11e2f12d84b746b76491e3160c81a5b0.php 第 193 行.
NOTIC: [8] Use of undefined constant title - assumed 'title' D:\APMServ5.2.6\www\htdocs\ikphp\data\runtime\Cache\home\11e2f12d84b746b76491e3160c81a5b0.php 第 193 行.
NOTIC: [8] Use of undefined constant user - assumed 'user' D:\APMServ5.2.6\www\htdocs\ikphp\data\runtime\Cache\home\11e2f12d84b746b76491e3160c81a5b0.php 第 194 行.
NOTIC: [8] Use of undefined constant doname - assumed 'doname' D:\APMServ5.2.6\www\htdocs\ikphp\data\runtime\Cache\home\11e2f12d84b746b76491e3160c81a5b0.php 第 194 行.
NOTIC: [8] Use of undefined constant user - assumed 'user' D:\APMServ5.2.6\www\htdocs\ikphp\data\runtime\Cache\home\11e2f12d84b746b76491e3160c81a5b0.php 第 194 行.
NOTIC: [8] Use of undefined constant username - assumed 'username' D:\APMServ5.2.6\www\htdocs\ikphp\data\runtime\Cache\home\11e2f12d84b746b76491e3160c81a5b0.php 第 194 行.
NOTIC: [8] Use of undefined constant addtime - assumed 'addtime' D:\APMServ5.2.6\www\htdocs\ikphp\data\runtime\Cache\home\11e2f12d84b746b76491e3160c81a5b0.php 第 194 行.
NOTIC: [8] Use of undefined constant count_view - assumed 'count_view' D:\APMServ5.2.6\www\htdocs\ikphp\data\runtime\Cache\home\11e2f12d84b746b76491e3160c81a5b0.php 第 194 行.
NOTIC: [8] Use of undefined constant count_comment - assumed 'count_comment' D:\APMServ5.2.6\www\htdocs\ikphp\data\runtime\Cache\home\11e2f12d84b746b76491e3160c81a5b0.php 第 194 行.
NOTIC: [8] Use of undefined constant video - assumed 'video' D:\APMServ5.2.6\www\htdocs\ikphp\data\runtime\Cache\home\11e2f12d84b746b76491e3160c81a5b0.php 第 196 行.
NOTIC: [8] Use of undefined constant topicid - assumed 'topicid' D:\APMServ5.2.6\www\htdocs\ikphp\data\runtime\Cache\home\11e2f12d84b746b76491e3160c81a5b0.php 第 198 行.
NOTIC: [8] Use of undefined constant title - assumed 'title' D:\APMServ5.2.6\www\htdocs\ikphp\data\runtime\Cache\home\11e2f12d84b746b76491e3160c81a5b0.php 第 198 行.
NOTIC: [8] Undefined variable: time D:\APMServ5.2.6\www\htdocs\ikphp\data\runtime\Cache\home\11e2f12d84b746b76491e3160c81a5b0.php 第 198 行.
NOTIC: [8] Use of undefined constant img - assumed 'img' D:\APMServ5.2.6\www\htdocs\ikphp\data\runtime\Cache\home\11e2f12d84b746b76491e3160c81a5b0.php 第 198 行.
NOTIC: [8] Use of undefined constant simg - assumed 'simg' D:\APMServ5.2.6\www\htdocs\ikphp\data\runtime\Cache\home\11e2f12d84b746b76491e3160c81a5b0.php 第 198 行.
NOTIC: [8] Use of undefined constant content - assumed 'content' D:\APMServ5.2.6\www\htdocs\ikphp\data\runtime\Cache\home\11e2f12d84b746b76491e3160c81a5b0.php 第 199 行.
NOTIC: [8] Use of undefined constant user - assumed 'user' D:\APMServ5.2.6\www\htdocs\ikphp\data\runtime\Cache\home\11e2f12d84b746b76491e3160c81a5b0.php 第 191 行.
NOTIC: [8] Use of undefined constant doname - assumed 'doname' D:\APMServ5.2.6\www\htdocs\ikphp\data\runtime\Cache\home\11e2f12d84b746b76491e3160c81a5b0.php 第 191 行.
NOTIC: [8] Use of undefined constant user - assumed 'user' D:\APMServ5.2.6\www\htdocs\ikphp\data\runtime\Cache\home\11e2f12d84b746b76491e3160c81a5b0.php 第 191 行.
NOTIC: [8] Use of undefined constant face - assumed 'face' D:\APMServ5.2.6\www\htdocs\ikphp\data\runtime\Cache\home\11e2f12d84b746b76491e3160c81a5b0.php 第 191 行.
NOTIC: [8] Use of undefined constant topicid - assumed 'topicid' D:\APMServ5.2.6\www\htdocs\ikphp\data\runtime\Cache\home\11e2f12d84b746b76491e3160c81a5b0.php 第 193 行.
NOTIC: [8] Use of undefined constant title - assumed 'title' D:\APMServ5.2.6\www\htdocs\ikphp\data\runtime\Cache\home\11e2f12d84b746b76491e3160c81a5b0.php 第 193 行.
NOTIC: [8] Undefined variable: time D:\APMServ5.2.6\www\htdocs\ikphp\data\runtime\Cache\home\11e2f12d84b746b76491e3160c81a5b0.php 第 193 行.
NOTIC: [8] Use of undefined constant title - assumed 'title' D:\APMServ5.2.6\www\htdocs\ikphp\data\runtime\Cache\home\11e2f12d84b746b76491e3160c81a5b0.php 第 193 行.
NOTIC: [8] Use of undefined constant user - assumed 'user' D:\APMServ5.2.6\www\htdocs\ikphp\data\runtime\Cache\home\11e2f12d84b746b76491e3160c81a5b0.php 第 194 行.
NOTIC: [8] Use of undefined constant doname - assumed 'doname' D:\APMServ5.2.6\www\htdocs\ikphp\data\runtime\Cache\home\11e2f12d84b746b76491e3160c81a5b0.php 第 194 行.
NOTIC: [8] Use of undefined constant user - assumed 'user' D:\APMServ5.2.6\www\htdocs\ikphp\data\runtime\Cache\home\11e2f12d84b746b76491e3160c81a5b0.php 第 194 行.
NOTIC: [8] Use of undefined constant username - assumed 'username' D:\APMServ5.2.6\www\htdocs\ikphp\data\runtime\Cache\home\11e2f12d84b746b76491e3160c81a5b0.php 第 194 行.
NOTIC: [8] Use of undefined constant addtime - assumed 'addtime' D:\APMServ5.2.6\www\htdocs\ikphp\data\runtime\Cache\home\11e2f12d84b746b76491e3160c81a5b0.php 第 194 行.
NOTIC: [8] Use of undefined constant count_view - assumed 'count_view' D:\APMServ5.2.6\www\htdocs\ikphp\data\runtime\Cache\home\11e2f12d84b746b76491e3160c81a5b0.php 第 194 行.
NOTIC: [8] Use of undefined constant count_comment - assumed 'count_comment' D:\APMServ5.2.6\www\htdocs\ikphp\data\runtime\Cache\home\11e2f12d84b746b76491e3160c81a5b0.php 第 194 行.
NOTIC: [8] Use of undefined constant video - assumed 'video' D:\APMServ5.2.6\www\htdocs\ikphp\data\runtime\Cache\home\11e2f12d84b746b76491e3160c81a5b0.php 第 196 行.
NOTIC: [8] Use of undefined constant topicid - assumed 'topicid' D:\APMServ5.2.6\www\htdocs\ikphp\data\runtime\Cache\home\11e2f12d84b746b76491e3160c81a5b0.php 第 198 行.
NOTIC: [8] Use of undefined constant title - assumed 'title' D:\APMServ5.2.6\www\htdocs\ikphp\data\runtime\Cache\home\11e2f12d84b746b76491e3160c81a5b0.php 第 198 行.
NOTIC: [8] Undefined variable: time D:\APMServ5.2.6\www\htdocs\ikphp\data\runtime\Cache\home\11e2f12d84b746b76491e3160c81a5b0.php 第 198 行.
NOTIC: [8] Use of undefined constant img - assumed 'img' D:\APMServ5.2.6\www\htdocs\ikphp\data\runtime\Cache\home\11e2f12d84b746b76491e3160c81a5b0.php 第 198 行.
NOTIC: [8] Use of undefined constant simg - assumed 'simg' D:\APMServ5.2.6\www\htdocs\ikphp\data\runtime\Cache\home\11e2f12d84b746b76491e3160c81a5b0.php 第 198 行.
NOTIC: [8] Use of undefined constant content - assumed 'content' D:\APMServ5.2.6\www\htdocs\ikphp\data\runtime\Cache\home\11e2f12d84b746b76491e3160c81a5b0.php 第 199 行.
NOTIC: [8] Use of undefined constant user - assumed 'user' D:\APMServ5.2.6\www\htdocs\ikphp\data\runtime\Cache\home\11e2f12d84b746b76491e3160c81a5b0.php 第 191 行.
NOTIC: [8] Use of undefined constant doname - assumed 'doname' D:\APMServ5.2.6\www\htdocs\ikphp\data\runtime\Cache\home\11e2f12d84b746b76491e3160c81a5b0.php 第 191 行.
NOTIC: [8] Use of undefined constant user - assumed 'user' D:\APMServ5.2.6\www\htdocs\ikphp\data\runtime\Cache\home\11e2f12d84b746b76491e3160c81a5b0.php 第 191 行.
NOTIC: [8] Use of undefined constant face - assumed 'face' D:\APMServ5.2.6\www\htdocs\ikphp\data\runtime\Cache\home\11e2f12d84b746b76491e3160c81a5b0.php 第 191 行.
NOTIC: [8] Use of undefined constant topicid - assumed 'topicid' D:\APMServ5.2.6\www\htdocs\ikphp\data\runtime\Cache\home\11e2f12d84b746b76491e3160c81a5b0.php 第 193 行.
NOTIC: [8] Use of undefined constant title - assumed 'title' D:\APMServ5.2.6\www\htdocs\ikphp\data\runtime\Cache\home\11e2f12d84b746b76491e3160c81a5b0.php 第 193 行.
NOTIC: [8] Undefined variable: time D:\APMServ5.2.6\www\htdocs\ikphp\data\runtime\Cache\home\11e2f12d84b746b76491e3160c81a5b0.php 第 193 行.
NOTIC: [8] Use of undefined constant title - assumed 'title' D:\APMServ5.2.6\www\htdocs\ikphp\data\runtime\Cache\home\11e2f12d84b746b76491e3160c81a5b0.php 第 193 行.
NOTIC: [8] Use of undefined constant user - assumed 'user' D:\APMServ5.2.6\www\htdocs\ikphp\data\runtime\Cache\home\11e2f12d84b746b76491e3160c81a5b0.php 第 194 行.
NOTIC: [8] Use of undefined constant doname - assumed 'doname' D:\APMServ5.2.6\www\htdocs\ikphp\data\runtime\Cache\home\11e2f12d84b746b76491e3160c81a5b0.php 第 194 行.
NOTIC: [8] Use of undefined constant user - assumed 'user' D:\APMServ5.2.6\www\htdocs\ikphp\data\runtime\Cache\home\11e2f12d84b746b76491e3160c81a5b0.php 第 194 行.
NOTIC: [8] Use of undefined constant username - assumed 'username' D:\APMServ5.2.6\www\htdocs\ikphp\data\runtime\Cache\home\11e2f12d84b746b76491e3160c81a5b0.php 第 194 行.
NOTIC: [8] Use of undefined constant addtime - assumed 'addtime' D:\APMServ5.2.6\www\htdocs\ikphp\data\runtime\Cache\home\11e2f12d84b746b76491e3160c81a5b0.php 第 194 行.
NOTIC: [8] Use of undefined constant count_view - assumed 'count_view' D:\APMServ5.2.6\www\htdocs\ikphp\data\runtime\Cache\home\11e2f12d84b746b76491e3160c81a5b0.php 第 194 行.
NOTIC: [8] Use of undefined constant count_comment - assumed 'count_comment' D:\APMServ5.2.6\www\htdocs\ikphp\data\runtime\Cache\home\11e2f12d84b746b76491e3160c81a5b0.php 第 194 行.
NOTIC: [8] Use of undefined constant video - assumed 'video' D:\APMServ5.2.6\www\htdocs\ikphp\data\runtime\Cache\home\11e2f12d84b746b76491e3160c81a5b0.php 第 196 行.
NOTIC: [8] Use of undefined constant topicid - assumed 'topicid' D:\APMServ5.2.6\www\htdocs\ikphp\data\runtime\Cache\home\11e2f12d84b746b76491e3160c81a5b0.php 第 198 行.
NOTIC: [8] Use of undefined constant title - assumed 'title' D:\APMServ5.2.6\www\htdocs\ikphp\data\runtime\Cache\home\11e2f12d84b746b76491e3160c81a5b0.php 第 198 行.
NOTIC: [8] Undefined variable: time D:\APMServ5.2.6\www\htdocs\ikphp\data\runtime\Cache\home\11e2f12d84b746b76491e3160c81a5b0.php 第 198 行.
NOTIC: [8] Use of undefined constant img - assumed 'img' D:\APMServ5.2.6\www\htdocs\ikphp\data\runtime\Cache\home\11e2f12d84b746b76491e3160c81a5b0.php 第 198 行.
NOTIC: [8] Use of undefined constant simg - assumed 'simg' D:\APMServ5.2.6\www\htdocs\ikphp\data\runtime\Cache\home\11e2f12d84b746b76491e3160c81a5b0.php 第 198 行.
NOTIC: [8] Use of undefined constant content - assumed 'content' D:\APMServ5.2.6\www\htdocs\ikphp\data\runtime\Cache\home\11e2f12d84b746b76491e3160c81a5b0.php 第 199 行.
NOTIC: [8] Use of undefined constant user - assumed 'user' D:\APMServ5.2.6\www\htdocs\ikphp\data\runtime\Cache\home\11e2f12d84b746b76491e3160c81a5b0.php 第 191 行.
NOTIC: [8] Use of undefined constant doname - assumed 'doname' D:\APMServ5.2.6\www\htdocs\ikphp\data\runtime\Cache\home\11e2f12d84b746b76491e3160c81a5b0.php 第 191 行.
NOTIC: [8] Use of undefined constant user - assumed 'user' D:\APMServ5.2.6\www\htdocs\ikphp\data\runtime\Cache\home\11e2f12d84b746b76491e3160c81a5b0.php 第 191 行.
NOTIC: [8] Use of undefined constant face - assumed 'face' D:\APMServ5.2.6\www\htdocs\ikphp\data\runtime\Cache\home\11e2f12d84b746b76491e3160c81a5b0.php 第 191 行.
NOTIC: [8] Use of undefined constant topicid - assumed 'topicid' D:\APMServ5.2.6\www\htdocs\ikphp\data\runtime\Cache\home\11e2f12d84b746b76491e3160c81a5b0.php 第 193 行.
NOTIC: [8] Use of undefined constant title - assumed 'title' D:\APMServ5.2.6\www\htdocs\ikphp\data\runtime\Cache\home\11e2f12d84b746b76491e3160c81a5b0.php 第 193 行.
NOTIC: [8] Undefined variable: time D:\APMServ5.2.6\www\htdocs\ikphp\data\runtime\Cache\home\11e2f12d84b746b76491e3160c81a5b0.php 第 193 行.
NOTIC: [8] Use of undefined constant title - assumed 'title' D:\APMServ5.2.6\www\htdocs\ikphp\data\runtime\Cache\home\11e2f12d84b746b76491e3160c81a5b0.php 第 193 行.
NOTIC: [8] Use of undefined constant user - assumed 'user' D:\APMServ5.2.6\www\htdocs\ikphp\data\runtime\Cache\home\11e2f12d84b746b76491e3160c81a5b0.php 第 194 行.
NOTIC: [8] Use of undefined constant doname - assumed 'doname' D:\APMServ5.2.6\www\htdocs\ikphp\data\runtime\Cache\home\11e2f12d84b746b76491e3160c81a5b0.php 第 194 行.
NOTIC: [8] Use of undefined constant user - assumed 'user' D:\APMServ5.2.6\www\htdocs\ikphp\data\runtime\Cache\home\11e2f12d84b746b76491e3160c81a5b0.php 第 194 行.
NOTIC: [8] Use of undefined constant username - assumed 'username' D:\APMServ5.2.6\www\htdocs\ikphp\data\runtime\Cache\home\11e2f12d84b746b76491e3160c81a5b0.php 第 194 行.
NOTIC: [8] Use of undefined constant addtime - assumed 'addtime' D:\APMServ5.2.6\www\htdocs\ikphp\data\runtime\Cache\home\11e2f12d84b746b76491e3160c81a5b0.php 第 194 行.
NOTIC: [8] Use of undefined constant count_view - assumed 'count_view' D:\APMServ5.2.6\www\htdocs\ikphp\data\runtime\Cache\home\11e2f12d84b746b76491e3160c81a5b0.php 第 194 行.
NOTIC: [8] Use of undefined constant count_comment - assumed 'count_comment' D:\APMServ5.2.6\www\htdocs\ikphp\data\runtime\Cache\home\11e2f12d84b746b76491e3160c81a5b0.php 第 194 行.
NOTIC: [8] Use of undefined constant video - assumed 'video' D:\APMServ5.2.6\www\htdocs\ikphp\data\runtime\Cache\home\11e2f12d84b746b76491e3160c81a5b0.php 第 196 行.
NOTIC: [8] Use of undefined constant topicid - assumed 'topicid' D:\APMServ5.2.6\www\htdocs\ikphp\data\runtime\Cache\home\11e2f12d84b746b76491e3160c81a5b0.php 第 198 行.
NOTIC: [8] Use of undefined constant title - assumed 'title' D:\APMServ5.2.6\www\htdocs\ikphp\data\runtime\Cache\home\11e2f12d84b746b76491e3160c81a5b0.php 第 198 行.
NOTIC: [8] Undefined variable: time D:\APMServ5.2.6\www\htdocs\ikphp\data\runtime\Cache\home\11e2f12d84b746b76491e3160c81a5b0.php 第 198 行.
NOTIC: [8] Use of undefined constant img - assumed 'img' D:\APMServ5.2.6\www\htdocs\ikphp\data\runtime\Cache\home\11e2f12d84b746b76491e3160c81a5b0.php 第 198 行.
NOTIC: [8] Use of undefined constant simg - assumed 'simg' D:\APMServ5.2.6\www\htdocs\ikphp\data\runtime\Cache\home\11e2f12d84b746b76491e3160c81a5b0.php 第 198 行.
NOTIC: [8] Use of undefined constant content - assumed 'content' D:\APMServ5.2.6\www\htdocs\ikphp\data\runtime\Cache\home\11e2f12d84b746b76491e3160c81a5b0.php 第 199 行.
NOTIC: [8] Use of undefined constant doname - assumed 'doname' D:\APMServ5.2.6\www\htdocs\ikphp\data\runtime\Cache\home\11e2f12d84b746b76491e3160c81a5b0.php 第 213 行.
NOTIC: [8] Use of undefined constant username - assumed 'username' D:\APMServ5.2.6\www\htdocs\ikphp\data\runtime\Cache\home\11e2f12d84b746b76491e3160c81a5b0.php 第 214 行.
NOTIC: [8] Use of undefined constant face - assumed 'face' D:\APMServ5.2.6\www\htdocs\ikphp\data\runtime\Cache\home\11e2f12d84b746b76491e3160c81a5b0.php 第 214 行.
NOTIC: [8] Use of undefined constant isonline - assumed 'isonline' D:\APMServ5.2.6\www\htdocs\ikphp\data\runtime\Cache\home\11e2f12d84b746b76491e3160c81a5b0.php 第 216 行.
NOTIC: [8] Use of undefined constant doname - assumed 'doname' D:\APMServ5.2.6\www\htdocs\ikphp\data\runtime\Cache\home\11e2f12d84b746b76491e3160c81a5b0.php 第 219 行.
NOTIC: [8] Use of undefined constant username - assumed 'username' D:\APMServ5.2.6\www\htdocs\ikphp\data\runtime\Cache\home\11e2f12d84b746b76491e3160c81a5b0.php 第 219 行.
NOTIC: [8] Use of undefined constant doname - assumed 'doname' D:\APMServ5.2.6\www\htdocs\ikphp\data\runtime\Cache\home\11e2f12d84b746b76491e3160c81a5b0.php 第 213 行.
NOTIC: [8] Use of undefined constant username - assumed 'username' D:\APMServ5.2.6\www\htdocs\ikphp\data\runtime\Cache\home\11e2f12d84b746b76491e3160c81a5b0.php 第 214 行.
NOTIC: [8] Use of undefined constant face - assumed 'face' D:\APMServ5.2.6\www\htdocs\ikphp\data\runtime\Cache\home\11e2f12d84b746b76491e3160c81a5b0.php 第 214 行.
NOTIC: [8] Use of undefined constant isonline - assumed 'isonline' D:\APMServ5.2.6\www\htdocs\ikphp\data\runtime\Cache\home\11e2f12d84b746b76491e3160c81a5b0.php 第 216 行.
NOTIC: [8] Use of undefined constant doname - assumed 'doname' D:\APMServ5.2.6\www\htdocs\ikphp\data\runtime\Cache\home\11e2f12d84b746b76491e3160c81a5b0.php 第 219 行.
NOTIC: [8] Use of undefined constant username - assumed 'username' D:\APMServ5.2.6\www\htdocs\ikphp\data\runtime\Cache\home\11e2f12d84b746b76491e3160c81a5b0.php 第 219 行.
NOTIC: [8] Use of undefined constant groupid - assumed 'groupid' D:\APMServ5.2.6\www\htdocs\ikphp\data\runtime\Cache\home\11e2f12d84b746b76491e3160c81a5b0.php 第 227 行.
NOTIC: [8] Use of undefined constant groupname - assumed 'groupname' D:\APMServ5.2.6\www\htdocs\ikphp\data\runtime\Cache\home\11e2f12d84b746b76491e3160c81a5b0.php 第 227 行.
NOTIC: [8] Use of undefined constant count_user - assumed 'count_user' D:\APMServ5.2.6\www\htdocs\ikphp\data\runtime\Cache\home\11e2f12d84b746b76491e3160c81a5b0.php 第 227 行.
NOTIC: [8] Use of undefined constant uptime - assumed 'uptime' D:\APMServ5.2.6\www\htdocs\ikphp\data\runtime\Cache\home\11e2f12d84b746b76491e3160c81a5b0.php 第 227 行.
NOTIC: [8] Use of undefined constant groupid - assumed 'groupid' D:\APMServ5.2.6\www\htdocs\ikphp\data\runtime\Cache\home\11e2f12d84b746b76491e3160c81a5b0.php 第 227 行.
NOTIC: [8] Use of undefined constant groupname - assumed 'groupname' D:\APMServ5.2.6\www\htdocs\ikphp\data\runtime\Cache\home\11e2f12d84b746b76491e3160c81a5b0.php 第 227 行.
NOTIC: [8] Use of undefined constant count_user - assumed 'count_user' D:\APMServ5.2.6\www\htdocs\ikphp\data\runtime\Cache\home\11e2f12d84b746b76491e3160c81a5b0.php 第 227 行.
NOTIC: [8] Use of undefined constant uptime - assumed 'uptime' D:\APMServ5.2.6\www\htdocs\ikphp\data\runtime\Cache\home\11e2f12d84b746b76491e3160c81a5b0.php 第 227 行.
NOTIC: [8] Use of undefined constant groupid - assumed 'groupid' D:\APMServ5.2.6\www\htdocs\ikphp\data\runtime\Cache\home\11e2f12d84b746b76491e3160c81a5b0.php 第 227 行.
NOTIC: [8] Use of undefined constant groupname - assumed 'groupname' D:\APMServ5.2.6\www\htdocs\ikphp\data\runtime\Cache\home\11e2f12d84b746b76491e3160c81a5b0.php 第 227 行.
NOTIC: [8] Use of undefined constant count_user - assumed 'count_user' D:\APMServ5.2.6\www\htdocs\ikphp\data\runtime\Cache\home\11e2f12d84b746b76491e3160c81a5b0.php 第 227 行.
NOTIC: [8] Use of undefined constant uptime - assumed 'uptime' D:\APMServ5.2.6\www\htdocs\ikphp\data\runtime\Cache\home\11e2f12d84b746b76491e3160c81a5b0.php 第 227 行.
NOTIC: [8] Use of undefined constant groupid - assumed 'groupid' D:\APMServ5.2.6\www\htdocs\ikphp\data\runtime\Cache\home\11e2f12d84b746b76491e3160c81a5b0.php 第 227 行.
NOTIC: [8] Use of undefined constant groupname - assumed 'groupname' D:\APMServ5.2.6\www\htdocs\ikphp\data\runtime\Cache\home\11e2f12d84b746b76491e3160c81a5b0.php 第 227 行.
NOTIC: [8] Use of undefined constant count_user - assumed 'count_user' D:\APMServ5.2.6\www\htdocs\ikphp\data\runtime\Cache\home\11e2f12d84b746b76491e3160c81a5b0.php 第 227 行.
NOTIC: [8] Use of undefined constant uptime - assumed 'uptime' D:\APMServ5.2.6\www\htdocs\ikphp\data\runtime\Cache\home\11e2f12d84b746b76491e3160c81a5b0.php 第 227 行.
NOTIC: [8] Use of undefined constant groupid - assumed 'groupid' D:\APMServ5.2.6\www\htdocs\ikphp\data\runtime\Cache\home\11e2f12d84b746b76491e3160c81a5b0.php 第 227 行.
NOTIC: [8] Use of undefined constant groupname - assumed 'groupname' D:\APMServ5.2.6\www\htdocs\ikphp\data\runtime\Cache\home\11e2f12d84b746b76491e3160c81a5b0.php 第 227 行.
NOTIC: [8] Use of undefined constant count_user - assumed 'count_user' D:\APMServ5.2.6\www\htdocs\ikphp\data\runtime\Cache\home\11e2f12d84b746b76491e3160c81a5b0.php 第 227 行.
NOTIC: [8] Use of undefined constant uptime - assumed 'uptime' D:\APMServ5.2.6\www\htdocs\ikphp\data\runtime\Cache\home\11e2f12d84b746b76491e3160c81a5b0.php 第 227 行.
NOTIC: [8] Use of undefined constant groupid - assumed 'groupid' D:\APMServ5.2.6\www\htdocs\ikphp\data\runtime\Cache\home\11e2f12d84b746b76491e3160c81a5b0.php 第 227 行.
NOTIC: [8] Use of undefined constant groupname - assumed 'groupname' D:\APMServ5.2.6\www\htdocs\ikphp\data\runtime\Cache\home\11e2f12d84b746b76491e3160c81a5b0.php 第 227 行.
NOTIC: [8] Use of undefined constant count_user - assumed 'count_user' D:\APMServ5.2.6\www\htdocs\ikphp\data\runtime\Cache\home\11e2f12d84b746b76491e3160c81a5b0.php 第 227 行.
NOTIC: [8] Use of undefined constant uptime - assumed 'uptime' D:\APMServ5.2.6\www\htdocs\ikphp\data\runtime\Cache\home\11e2f12d84b746b76491e3160c81a5b0.php 第 227 行.
NOTIC: [8] Use of undefined constant groupid - assumed 'groupid' D:\APMServ5.2.6\www\htdocs\ikphp\data\runtime\Cache\home\11e2f12d84b746b76491e3160c81a5b0.php 第 227 行.
NOTIC: [8] Use of undefined constant groupname - assumed 'groupname' D:\APMServ5.2.6\www\htdocs\ikphp\data\runtime\Cache\home\11e2f12d84b746b76491e3160c81a5b0.php 第 227 行.
NOTIC: [8] Use of undefined constant count_user - assumed 'count_user' D:\APMServ5.2.6\www\htdocs\ikphp\data\runtime\Cache\home\11e2f12d84b746b76491e3160c81a5b0.php 第 227 行.
NOTIC: [8] Use of undefined constant uptime - assumed 'uptime' D:\APMServ5.2.6\www\htdocs\ikphp\data\runtime\Cache\home\11e2f12d84b746b76491e3160c81a5b0.php 第 227 行.
NOTIC: [8] Use of undefined constant itemid - assumed 'itemid' D:\APMServ5.2.6\www\htdocs\ikphp\data\runtime\Cache\home\11e2f12d84b746b76491e3160c81a5b0.php 第 232 行.
NOTIC: [8] Use of undefined constant title - assumed 'title' D:\APMServ5.2.6\www\htdocs\ikphp\data\runtime\Cache\home\11e2f12d84b746b76491e3160c81a5b0.php 第 232 行.
NOTIC: [8] Use of undefined constant itemid - assumed 'itemid' D:\APMServ5.2.6\www\htdocs\ikphp\data\runtime\Cache\home\11e2f12d84b746b76491e3160c81a5b0.php 第 232 行.
NOTIC: [8] Use of undefined constant title - assumed 'title' D:\APMServ5.2.6\www\htdocs\ikphp\data\runtime\Cache\home\11e2f12d84b746b76491e3160c81a5b0.php 第 232 行.
NOTIC: [8] Use of undefined constant itemid - assumed 'itemid' D:\APMServ5.2.6\www\htdocs\ikphp\data\runtime\Cache\home\11e2f12d84b746b76491e3160c81a5b0.php 第 232 行.
NOTIC: [8] Use of undefined constant title - assumed 'title' D:\APMServ5.2.6\www\htdocs\ikphp\data\runtime\Cache\home\11e2f12d84b746b76491e3160c81a5b0.php 第 232 行.
NOTIC: [8] Use of undefined constant itemid - assumed 'itemid' D:\APMServ5.2.6\www\htdocs\ikphp\data\runtime\Cache\home\11e2f12d84b746b76491e3160c81a5b0.php 第 232 行.
NOTIC: [8] Use of undefined constant title - assumed 'title' D:\APMServ5.2.6\www\htdocs\ikphp\data\runtime\Cache\home\11e2f12d84b746b76491e3160c81a5b0.php 第 232 行.
NOTIC: [8] Use of undefined constant itemid - assumed 'itemid' D:\APMServ5.2.6\www\htdocs\ikphp\data\runtime\Cache\home\11e2f12d84b746b76491e3160c81a5b0.php 第 232 行.
NOTIC: [8] Use of undefined constant title - assumed 'title' D:\APMServ5.2.6\www\htdocs\ikphp\data\runtime\Cache\home\11e2f12d84b746b76491e3160c81a5b0.php 第 232 行.
NOTIC: [8] Use of undefined constant itemid - assumed 'itemid' D:\APMServ5.2.6\www\htdocs\ikphp\data\runtime\Cache\home\11e2f12d84b746b76491e3160c81a5b0.php 第 232 行.
NOTIC: [8] Use of undefined constant title - assumed 'title' D:\APMServ5.2.6\www\htdocs\ikphp\data\runtime\Cache\home\11e2f12d84b746b76491e3160c81a5b0.php 第 232 行.
NOTIC: [8] Use of undefined constant itemid - assumed 'itemid' D:\APMServ5.2.6\www\htdocs\ikphp\data\runtime\Cache\home\11e2f12d84b746b76491e3160c81a5b0.php 第 232 行.
NOTIC: [8] Use of undefined constant title - assumed 'title' D:\APMServ5.2.6\www\htdocs\ikphp\data\runtime\Cache\home\11e2f12d84b746b76491e3160c81a5b0.php 第 232 行.
NOTIC: [8] Use of undefined constant itemid - assumed 'itemid' D:\APMServ5.2.6\www\htdocs\ikphp\data\runtime\Cache\home\11e2f12d84b746b76491e3160c81a5b0.php 第 232 行.
NOTIC: [8] Use of undefined constant title - assumed 'title' D:\APMServ5.2.6\www\htdocs\ikphp\data\runtime\Cache\home\11e2f12d84b746b76491e3160c81a5b0.php 第 232 行.
INFO: Run ParseTemplate Behavior [ RunTime:0.067708s ]
INFO: [ view_parse ] --END-- [ RunTime:0.067841s ]
INFO: [ view_filter ] --START--
INFO: Run ContentReplace Behavior [ RunTime:0.002534s ]
INFO: Run TokenBuild Behavior [ RunTime:0.002240s ]
INFO: Run WriteHtmlCache Behavior [ RunTime:0.002355s ]
INFO: Run ShowRuntime Behavior [ RunTime:0.002481s ]
INFO: Run content_replace Behavior [ RunTime:0.005139s ]
INFO: [ view_filter ] --END-- [ RunTime:0.015090s ]
INFO: [ view_end ] --START--
INFO: Run ShowPageTrace Behavior [ RunTime:0.002280s ]
INFO: [ view_end ] --END-- [ RunTime:0.002381s ]

[ 2013-05-23T00:24:05+08:00 ] 127.0.0.1 /ikphp/index.php?m=help&a=contact
INFO: [ app_begin ] --START--
INFO: Run ReadHtmlCache Behavior [ RunTime:0.002208s ]
INFO: Run load_lang Behavior [ RunTime:0.004848s ]
INFO: [ app_begin ] --END-- [ RunTime:0.007251s ]
SQL: SHOW COLUMNS FROM `ik_message` [ RunTime:0.003922s ]
SQL: SELECT COUNT(*) AS tp_count FROM `ik_message` WHERE ( `touserid` = null ) AND ( `isread` = 0 ) AND ( `isinbox` = 0 ) LIMIT 1   [ RunTime:0.001398s ]
SQL: SELECT COUNT(*) AS count FROM ik_user_online WHERE `ctime` > 1369238945 [ RunTime:0.000472s ]
ERR: Table 'ikphp.ik_user_online' doesn't exist
 [ SQL语句 ] : SELECT COUNT(*) AS count FROM ik_user_online WHERE `ctime` > 1369238945
SQL: SHOW COLUMNS FROM `ik_home_info` [ RunTime:0.003871s ]
ERR: Table 'ikphp.ik_home_info' doesn't exist
 [ SQL语句 ] : SHOW COLUMNS FROM `ik_home_info`
SQL: SHOW COLUMNS FROM `ik_downcount` [ RunTime:0.003610s ]
ERR: Table 'ikphp.ik_downcount' doesn't exist
 [ SQL语句 ] : SHOW COLUMNS FROM `ik_downcount`
SQL: SELECT * FROM `ik_home_info` WHERE ( `infokey` = 'contact' ) LIMIT 1   [ RunTime:0.000946s ]
ERR: Table 'ikphp.ik_home_info' doesn't exist
 [ SQL语句 ] : SELECT * FROM `ik_home_info` WHERE ( `infokey` = 'contact' ) LIMIT 1  
INFO: [ view_template ] --START--
INFO: Run LocationTemplate Behavior [ RunTime:0.005191s ]
INFO: [ view_template ] --END-- [ RunTime:0.005301s ]
INFO: [ view_parse ] --START--
NOTIC: [8] Use of undefined constant style - assumed 'style' D:\APMServ5.2.6\www\htdocs\ikphp\data\runtime\Cache\home\95fb656081c2fd5a16e087dcbf65d0f2.php 第 97 行.
NOTIC: [8] Use of undefined constant url - assumed 'url' D:\APMServ5.2.6\www\htdocs\ikphp\data\runtime\Cache\home\95fb656081c2fd5a16e087dcbf65d0f2.php 第 98 行.
NOTIC: [8] Use of undefined constant name - assumed 'name' D:\APMServ5.2.6\www\htdocs\ikphp\data\runtime\Cache\home\95fb656081c2fd5a16e087dcbf65d0f2.php 第 98 行.
NOTIC: [8] Use of undefined constant url - assumed 'url' D:\APMServ5.2.6\www\htdocs\ikphp\data\runtime\Cache\home\95fb656081c2fd5a16e087dcbf65d0f2.php 第 102 行.
NOTIC: [8] Use of undefined constant name - assumed 'name' D:\APMServ5.2.6\www\htdocs\ikphp\data\runtime\Cache\home\95fb656081c2fd5a16e087dcbf65d0f2.php 第 102 行.
NOTIC: [8] Use of undefined constant url - assumed 'url' D:\APMServ5.2.6\www\htdocs\ikphp\data\runtime\Cache\home\95fb656081c2fd5a16e087dcbf65d0f2.php 第 102 行.
NOTIC: [8] Use of undefined constant name - assumed 'name' D:\APMServ5.2.6\www\htdocs\ikphp\data\runtime\Cache\home\95fb656081c2fd5a16e087dcbf65d0f2.php 第 102 行.
NOTIC: [8] Use of undefined constant url - assumed 'url' D:\APMServ5.2.6\www\htdocs\ikphp\data\runtime\Cache\home\95fb656081c2fd5a16e087dcbf65d0f2.php 第 102 行.
NOTIC: [8] Use of undefined constant name - assumed 'name' D:\APMServ5.2.6\www\htdocs\ikphp\data\runtime\Cache\home\95fb656081c2fd5a16e087dcbf65d0f2.php 第 102 行.
NOTIC: [8] Use of undefined constant infocontent - assumed 'infocontent' D:\APMServ5.2.6\www\htdocs\ikphp\data\runtime\Cache\home\95fb656081c2fd5a16e087dcbf65d0f2.php 第 127 行.
NOTIC: [8] Use of undefined constant url - assumed 'url' D:\APMServ5.2.6\www\htdocs\ikphp\data\runtime\Cache\home\95fb656081c2fd5a16e087dcbf65d0f2.php 第 134 行.
NOTIC: [8] Use of undefined constant text - assumed 'text' D:\APMServ5.2.6\www\htdocs\ikphp\data\runtime\Cache\home\95fb656081c2fd5a16e087dcbf65d0f2.php 第 134 行.
NOTIC: [8] Use of undefined constant url - assumed 'url' D:\APMServ5.2.6\www\htdocs\ikphp\data\runtime\Cache\home\95fb656081c2fd5a16e087dcbf65d0f2.php 第 132 行.
NOTIC: [8] Use of undefined constant text - assumed 'text' D:\APMServ5.2.6\www\htdocs\ikphp\data\runtime\Cache\home\95fb656081c2fd5a16e087dcbf65d0f2.php 第 132 行.
NOTIC: [8] Use of undefined constant url - assumed 'url' D:\APMServ5.2.6\www\htdocs\ikphp\data\runtime\Cache\home\95fb656081c2fd5a16e087dcbf65d0f2.php 第 134 行.
NOTIC: [8] Use of undefined constant text - assumed 'text' D:\APMServ5.2.6\www\htdocs\ikphp\data\runtime\Cache\home\95fb656081c2fd5a16e087dcbf65d0f2.php 第 134 行.
NOTIC: [8] Use of undefined constant url - assumed 'url' D:\APMServ5.2.6\www\htdocs\ikphp\data\runtime\Cache\home\95fb656081c2fd5a16e087dcbf65d0f2.php 第 134 行.
NOTIC: [8] Use of undefined constant text - assumed 'text' D:\APMServ5.2.6\www\htdocs\ikphp\data\runtime\Cache\home\95fb656081c2fd5a16e087dcbf65d0f2.php 第 134 行.
NOTIC: [8] Use of undefined constant url - assumed 'url' D:\APMServ5.2.6\www\htdocs\ikphp\data\runtime\Cache\home\95fb656081c2fd5a16e087dcbf65d0f2.php 第 134 行.
NOTIC: [8] Use of undefined constant text - assumed 'text' D:\APMServ5.2.6\www\htdocs\ikphp\data\runtime\Cache\home\95fb656081c2fd5a16e087dcbf65d0f2.php 第 134 行.
INFO: Run ParseTemplate Behavior [ RunTime:0.076747s ]
INFO: [ view_parse ] --END-- [ RunTime:0.076885s ]
INFO: [ view_filter ] --START--
INFO: Run ContentReplace Behavior [ RunTime:0.002382s ]
INFO: Run TokenBuild Behavior [ RunTime:0.002504s ]
INFO: Run WriteHtmlCache Behavior [ RunTime:0.002129s ]
INFO: Run ShowRuntime Behavior [ RunTime:0.002478s ]
INFO: Run content_replace Behavior [ RunTime:0.011066s ]
INFO: [ view_filter ] --END-- [ RunTime:0.020916s ]
INFO: [ view_end ] --START--
INFO: Run ShowPageTrace Behavior [ RunTime:0.002238s ]
INFO: [ view_end ] --END-- [ RunTime:0.002376s ]

[ 2013-05-23T00:24:09+08:00 ] 127.0.0.1 /ikphp/index.php?m=help&a=agreement
INFO: [ app_begin ] --START--
INFO: Run ReadHtmlCache Behavior [ RunTime:0.002216s ]
INFO: Run load_lang Behavior [ RunTime:0.004584s ]
INFO: [ app_begin ] --END-- [ RunTime:0.006996s ]
SQL: SHOW COLUMNS FROM `ik_message` [ RunTime:0.004770s ]
SQL: SELECT COUNT(*) AS tp_count FROM `ik_message` WHERE ( `touserid` = null ) AND ( `isread` = 0 ) AND ( `isinbox` = 0 ) LIMIT 1   [ RunTime:0.000772s ]
SQL: SELECT COUNT(*) AS count FROM ik_user_online WHERE `ctime` > 1369238949 [ RunTime:0.000453s ]
ERR: Table 'ikphp.ik_user_online' doesn't exist
 [ SQL语句 ] : SELECT COUNT(*) AS count FROM ik_user_online WHERE `ctime` > 1369238949
SQL: SHOW COLUMNS FROM `ik_home_info` [ RunTime:0.003961s ]
ERR: Table 'ikphp.ik_home_info' doesn't exist
 [ SQL语句 ] : SHOW COLUMNS FROM `ik_home_info`
SQL: SHOW COLUMNS FROM `ik_downcount` [ RunTime:0.003556s ]
ERR: Table 'ikphp.ik_downcount' doesn't exist
 [ SQL语句 ] : SHOW COLUMNS FROM `ik_downcount`
SQL: SELECT * FROM `ik_home_info` WHERE ( `infokey` = 'agreement' ) LIMIT 1   [ RunTime:0.000908s ]
ERR: Table 'ikphp.ik_home_info' doesn't exist
 [ SQL语句 ] : SELECT * FROM `ik_home_info` WHERE ( `infokey` = 'agreement' ) LIMIT 1  
INFO: [ view_template ] --START--
INFO: Run LocationTemplate Behavior [ RunTime:0.004594s ]
INFO: [ view_template ] --END-- [ RunTime:0.004709s ]
INFO: [ view_parse ] --START--
NOTIC: [8] Use of undefined constant style - assumed 'style' D:\APMServ5.2.6\www\htdocs\ikphp\data\runtime\Cache\home\95fb656081c2fd5a16e087dcbf65d0f2.php 第 97 行.
NOTIC: [8] Use of undefined constant url - assumed 'url' D:\APMServ5.2.6\www\htdocs\ikphp\data\runtime\Cache\home\95fb656081c2fd5a16e087dcbf65d0f2.php 第 98 行.
NOTIC: [8] Use of undefined constant name - assumed 'name' D:\APMServ5.2.6\www\htdocs\ikphp\data\runtime\Cache\home\95fb656081c2fd5a16e087dcbf65d0f2.php 第 98 行.
NOTIC: [8] Use of undefined constant url - assumed 'url' D:\APMServ5.2.6\www\htdocs\ikphp\data\runtime\Cache\home\95fb656081c2fd5a16e087dcbf65d0f2.php 第 102 行.
NOTIC: [8] Use of undefined constant name - assumed 'name' D:\APMServ5.2.6\www\htdocs\ikphp\data\runtime\Cache\home\95fb656081c2fd5a16e087dcbf65d0f2.php 第 102 行.
NOTIC: [8] Use of undefined constant url - assumed 'url' D:\APMServ5.2.6\www\htdocs\ikphp\data\runtime\Cache\home\95fb656081c2fd5a16e087dcbf65d0f2.php 第 102 行.
NOTIC: [8] Use of undefined constant name - assumed 'name' D:\APMServ5.2.6\www\htdocs\ikphp\data\runtime\Cache\home\95fb656081c2fd5a16e087dcbf65d0f2.php 第 102 行.
NOTIC: [8] Use of undefined constant url - assumed 'url' D:\APMServ5.2.6\www\htdocs\ikphp\data\runtime\Cache\home\95fb656081c2fd5a16e087dcbf65d0f2.php 第 102 行.
NOTIC: [8] Use of undefined constant name - assumed 'name' D:\APMServ5.2.6\www\htdocs\ikphp\data\runtime\Cache\home\95fb656081c2fd5a16e087dcbf65d0f2.php 第 102 行.
NOTIC: [8] Use of undefined constant infocontent - assumed 'infocontent' D:\APMServ5.2.6\www\htdocs\ikphp\data\runtime\Cache\home\95fb656081c2fd5a16e087dcbf65d0f2.php 第 127 行.
NOTIC: [8] Use of undefined constant url - assumed 'url' D:\APMServ5.2.6\www\htdocs\ikphp\data\runtime\Cache\home\95fb656081c2fd5a16e087dcbf65d0f2.php 第 134 行.
NOTIC: [8] Use of undefined constant text - assumed 'text' D:\APMServ5.2.6\www\htdocs\ikphp\data\runtime\Cache\home\95fb656081c2fd5a16e087dcbf65d0f2.php 第 134 行.
NOTIC: [8] Use of undefined constant url - assumed 'url' D:\APMServ5.2.6\www\htdocs\ikphp\data\runtime\Cache\home\95fb656081c2fd5a16e087dcbf65d0f2.php 第 134 行.
NOTIC: [8] Use of undefined constant text - assumed 'text' D:\APMServ5.2.6\www\htdocs\ikphp\data\runtime\Cache\home\95fb656081c2fd5a16e087dcbf65d0f2.php 第 134 行.
NOTIC: [8] Use of undefined constant url - assumed 'url' D:\APMServ5.2.6\www\htdocs\ikphp\data\runtime\Cache\home\95fb656081c2fd5a16e087dcbf65d0f2.php 第 132 行.
NOTIC: [8] Use of undefined constant text - assumed 'text' D:\APMServ5.2.6\www\htdocs\ikphp\data\runtime\Cache\home\95fb656081c2fd5a16e087dcbf65d0f2.php 第 132 行.
NOTIC: [8] Use of undefined constant url - assumed 'url' D:\APMServ5.2.6\www\htdocs\ikphp\data\runtime\Cache\home\95fb656081c2fd5a16e087dcbf65d0f2.php 第 134 行.
NOTIC: [8] Use of undefined constant text - assumed 'text' D:\APMServ5.2.6\www\htdocs\ikphp\data\runtime\Cache\home\95fb656081c2fd5a16e087dcbf65d0f2.php 第 134 行.
NOTIC: [8] Use of undefined constant url - assumed 'url' D:\APMServ5.2.6\www\htdocs\ikphp\data\runtime\Cache\home\95fb656081c2fd5a16e087dcbf65d0f2.php 第 134 行.
NOTIC: [8] Use of undefined constant text - assumed 'text' D:\APMServ5.2.6\www\htdocs\ikphp\data\runtime\Cache\home\95fb656081c2fd5a16e087dcbf65d0f2.php 第 134 行.
INFO: Run ParseTemplate Behavior [ RunTime:0.041964s ]
INFO: [ view_parse ] --END-- [ RunTime:0.042103s ]
INFO: [ view_filter ] --START--
INFO: Run ContentReplace Behavior [ RunTime:0.002729s ]
INFO: Run TokenBuild Behavior [ RunTime:0.002492s ]
INFO: Run WriteHtmlCache Behavior [ RunTime:0.002493s ]
INFO: Run ShowRuntime Behavior [ RunTime:0.002632s ]
INFO: Run content_replace Behavior [ RunTime:0.005256s ]
INFO: [ view_filter ] --END-- [ RunTime:0.016100s ]
INFO: [ view_end ] --START--
INFO: Run ShowPageTrace Behavior [ RunTime:0.002466s ]
INFO: [ view_end ] --END-- [ RunTime:0.002600s ]

[ 2013-05-23T00:24:31+08:00 ] 127.0.0.1 /ikphp/index.php?m=help&a=about
INFO: [ app_begin ] --START--
INFO: Run ReadHtmlCache Behavior [ RunTime:0.002243s ]
INFO: Run load_lang Behavior [ RunTime:0.004463s ]
INFO: [ app_begin ] --END-- [ RunTime:0.006915s ]
SQL: SHOW COLUMNS FROM `ik_message` [ RunTime:0.005755s ]
SQL: SELECT COUNT(*) AS tp_count FROM `ik_message` WHERE ( `touserid` = null ) AND ( `isread` = 0 ) AND ( `isinbox` = 0 ) LIMIT 1   [ RunTime:0.000446s ]
SQL: SELECT COUNT(*) AS count FROM ik_user_online WHERE `ctime` > 1369238971 [ RunTime:0.000453s ]
ERR: Table 'ikphp.ik_user_online' doesn't exist
 [ SQL语句 ] : SELECT COUNT(*) AS count FROM ik_user_online WHERE `ctime` > 1369238971
SQL: SHOW COLUMNS FROM `ik_home_info` [ RunTime:0.003679s ]
ERR: Table 'ikphp.ik_home_info' doesn't exist
 [ SQL语句 ] : SHOW COLUMNS FROM `ik_home_info`
SQL: SHOW COLUMNS FROM `ik_downcount` [ RunTime:0.003625s ]
ERR: Table 'ikphp.ik_downcount' doesn't exist
 [ SQL语句 ] : SHOW COLUMNS FROM `ik_downcount`
SQL: SELECT * FROM `ik_home_info` WHERE ( `infokey` = 'about' ) LIMIT 1   [ RunTime:0.000899s ]
ERR: Table 'ikphp.ik_home_info' doesn't exist
 [ SQL语句 ] : SELECT * FROM `ik_home_info` WHERE ( `infokey` = 'about' ) LIMIT 1  
INFO: [ view_template ] --START--
INFO: Run LocationTemplate Behavior [ RunTime:0.004422s ]
INFO: [ view_template ] --END-- [ RunTime:0.004526s ]
INFO: [ view_parse ] --START--
NOTIC: [8] Use of undefined constant style - assumed 'style' D:\APMServ5.2.6\www\htdocs\ikphp\data\runtime\Cache\home\95fb656081c2fd5a16e087dcbf65d0f2.php 第 97 行.
NOTIC: [8] Use of undefined constant url - assumed 'url' D:\APMServ5.2.6\www\htdocs\ikphp\data\runtime\Cache\home\95fb656081c2fd5a16e087dcbf65d0f2.php 第 98 行.
NOTIC: [8] Use of undefined constant name - assumed 'name' D:\APMServ5.2.6\www\htdocs\ikphp\data\runtime\Cache\home\95fb656081c2fd5a16e087dcbf65d0f2.php 第 98 行.
NOTIC: [8] Use of undefined constant url - assumed 'url' D:\APMServ5.2.6\www\htdocs\ikphp\data\runtime\Cache\home\95fb656081c2fd5a16e087dcbf65d0f2.php 第 102 行.
NOTIC: [8] Use of undefined constant name - assumed 'name' D:\APMServ5.2.6\www\htdocs\ikphp\data\runtime\Cache\home\95fb656081c2fd5a16e087dcbf65d0f2.php 第 102 行.
NOTIC: [8] Use of undefined constant url - assumed 'url' D:\APMServ5.2.6\www\htdocs\ikphp\data\runtime\Cache\home\95fb656081c2fd5a16e087dcbf65d0f2.php 第 102 行.
NOTIC: [8] Use of undefined constant name - assumed 'name' D:\APMServ5.2.6\www\htdocs\ikphp\data\runtime\Cache\home\95fb656081c2fd5a16e087dcbf65d0f2.php 第 102 行.
NOTIC: [8] Use of undefined constant url - assumed 'url' D:\APMServ5.2.6\www\htdocs\ikphp\data\runtime\Cache\home\95fb656081c2fd5a16e087dcbf65d0f2.php 第 102 行.
NOTIC: [8] Use of undefined constant name - assumed 'name' D:\APMServ5.2.6\www\htdocs\ikphp\data\runtime\Cache\home\95fb656081c2fd5a16e087dcbf65d0f2.php 第 102 行.
NOTIC: [8] Use of undefined constant infocontent - assumed 'infocontent' D:\APMServ5.2.6\www\htdocs\ikphp\data\runtime\Cache\home\95fb656081c2fd5a16e087dcbf65d0f2.php 第 127 行.
NOTIC: [8] Use of undefined constant url - assumed 'url' D:\APMServ5.2.6\www\htdocs\ikphp\data\runtime\Cache\home\95fb656081c2fd5a16e087dcbf65d0f2.php 第 132 行.
NOTIC: [8] Use of undefined constant text - assumed 'text' D:\APMServ5.2.6\www\htdocs\ikphp\data\runtime\Cache\home\95fb656081c2fd5a16e087dcbf65d0f2.php 第 132 行.
NOTIC: [8] Use of undefined constant url - assumed 'url' D:\APMServ5.2.6\www\htdocs\ikphp\data\runtime\Cache\home\95fb656081c2fd5a16e087dcbf65d0f2.php 第 134 行.
NOTIC: [8] Use of undefined constant text - assumed 'text' D:\APMServ5.2.6\www\htdocs\ikphp\data\runtime\Cache\home\95fb656081c2fd5a16e087dcbf65d0f2.php 第 134 行.
NOTIC: [8] Use of undefined constant url - assumed 'url' D:\APMServ5.2.6\www\htdocs\ikphp\data\runtime\Cache\home\95fb656081c2fd5a16e087dcbf65d0f2.php 第 134 行.
NOTIC: [8] Use of undefined constant text - assumed 'text' D:\APMServ5.2.6\www\htdocs\ikphp\data\runtime\Cache\home\95fb656081c2fd5a16e087dcbf65d0f2.php 第 134 行.
NOTIC: [8] Use of undefined constant url - assumed 'url' D:\APMServ5.2.6\www\htdocs\ikphp\data\runtime\Cache\home\95fb656081c2fd5a16e087dcbf65d0f2.php 第 134 行.
NOTIC: [8] Use of undefined constant text - assumed 'text' D:\APMServ5.2.6\www\htdocs\ikphp\data\runtime\Cache\home\95fb656081c2fd5a16e087dcbf65d0f2.php 第 134 行.
NOTIC: [8] Use of undefined constant url - assumed 'url' D:\APMServ5.2.6\www\htdocs\ikphp\data\runtime\Cache\home\95fb656081c2fd5a16e087dcbf65d0f2.php 第 134 行.
NOTIC: [8] Use of undefined constant text - assumed 'text' D:\APMServ5.2.6\www\htdocs\ikphp\data\runtime\Cache\home\95fb656081c2fd5a16e087dcbf65d0f2.php 第 134 行.
INFO: Run ParseTemplate Behavior [ RunTime:0.041090s ]
INFO: [ view_parse ] --END-- [ RunTime:0.041218s ]
INFO: [ view_filter ] --START--
INFO: Run ContentReplace Behavior [ RunTime:0.002517s ]
INFO: Run TokenBuild Behavior [ RunTime:0.002276s ]
INFO: Run WriteHtmlCache Behavior [ RunTime:0.002168s ]
INFO: Run ShowRuntime Behavior [ RunTime:0.002443s ]
INFO: Run content_replace Behavior [ RunTime:0.005595s ]
INFO: [ view_filter ] --END-- [ RunTime:0.015381s ]
INFO: [ view_end ] --START--
INFO: Run ShowPageTrace Behavior [ RunTime:0.002654s ]
INFO: [ view_end ] --END-- [ RunTime:0.002783s ]

