[ 2013-05-21T22:24:18+08:00 ] 127.0.0.1 /ikphp/
INFO: [ app_begin ] --START--
INFO: Run ReadHtmlCache Behavior [ RunTime:0.022861s ]
INFO: Run load_lang Behavior [ RunTime:0.026287s ]
INFO: [ app_begin ] --END-- [ RunTime:0.049416s ]
SQL: SHOW COLUMNS FROM `ik_message` [ RunTime:0.049977s ]
SQL: SELECT COUNT(*) AS tp_count FROM `ik_message` WHERE ( `touserid` = null ) AND ( `isread` = 0 ) AND ( `isinbox` = 0 ) LIMIT 1   [ RunTime:0.001365s ]
SQL: SELECT COUNT(*) AS count FROM ik_user_online WHERE `ctime` > 1369145358 [ RunTime:0.000597s ]
ERR: Table 'ikphp.ik_user_online' doesn't exist
 [ SQL语句 ] : SELECT COUNT(*) AS count FROM ik_user_online WHERE `ctime` > 1369145358
SQL: SHOW COLUMNS FROM `ik_group` [ RunTime:0.023946s ]
SQL: SHOW COLUMNS FROM `ik_user` [ RunTime:0.006228s ]
SQL: SHOW COLUMNS FROM `ik_group_topics` [ RunTime:0.017926s ]
SQL: SHOW COLUMNS FROM `ik_article` [ RunTime:0.023620s ]
SQL: SELECT `groupid` FROM `ik_group` WHERE ( `isshow` = 0 ) ORDER BY addtime desc LIMIT 10   [ RunTime:0.030572s ]
SQL: SELECT COUNT(*) AS tp_count FROM `ik_group` WHERE ( `groupid` = 14 ) LIMIT 1   [ RunTime:0.000339s ]
SQL: SELECT * FROM `ik_group` WHERE ( `groupid` = 14 ) LIMIT 1   [ RunTime:0.000293s ]
SQL: SELECT COUNT(*) AS tp_count FROM `ik_group` WHERE ( `groupid` = 13 ) LIMIT 1   [ RunTime:0.000346s ]
SQL: SELECT * FROM `ik_group` WHERE ( `groupid` = 13 ) LIMIT 1   [ RunTime:0.000301s ]
SQL: SELECT COUNT(*) AS tp_count FROM `ik_group` WHERE ( `groupid` = 12 ) LIMIT 1   [ RunTime:0.000241s ]
SQL: SELECT * FROM `ik_group` WHERE ( `groupid` = 12 ) LIMIT 1   [ RunTime:0.000672s ]
SQL: SELECT COUNT(*) AS tp_count FROM `ik_group` WHERE ( `groupid` = 11 ) LIMIT 1   [ RunTime:0.000355s ]
SQL: SELECT * FROM `ik_group` WHERE ( `groupid` = 11 ) LIMIT 1   [ RunTime:0.000304s ]
SQL: SELECT COUNT(*) AS tp_count FROM `ik_group` WHERE ( `groupid` = 10 ) LIMIT 1   [ RunTime:0.000276s ]
SQL: SELECT * FROM `ik_group` WHERE ( `groupid` = 10 ) LIMIT 1   [ RunTime:0.000294s ]
SQL: SELECT COUNT(*) AS tp_count FROM `ik_group` WHERE ( `groupid` = 9 ) LIMIT 1   [ RunTime:0.000241s ]
SQL: SELECT * FROM `ik_group` WHERE ( `groupid` = 9 ) LIMIT 1   [ RunTime:0.000282s ]
SQL: SELECT COUNT(*) AS tp_count FROM `ik_group` WHERE ( `groupid` = 4 ) LIMIT 1   [ RunTime:0.000304s ]
SQL: SELECT * FROM `ik_group` WHERE ( `groupid` = 4 ) LIMIT 1   [ RunTime:0.000323s ]
SQL: SELECT `userid`,`topicid`,`groupid`,`content`,`title` FROM `ik_group_topics` WHERE ( `groupid` > 0 ) AND ( `isaudit` = 0 ) ORDER BY istop desc,addtime desc LIMIT 15   [ RunTime:0.000944s ]
SQL: SELECT COUNT(*) AS tp_count FROM `ik_group_topics` WHERE ( `topicid` = 25 ) LIMIT 1   [ RunTime:0.000300s ]
SQL: SELECT * FROM `ik_group_topics` WHERE ( `topicid` = 25 ) LIMIT 1   [ RunTime:0.000315s ]
SQL: SELECT * FROM `ik_user` WHERE ( `userid` = 1 ) LIMIT 1   [ RunTime:0.000559s ]
SQL: SHOW COLUMNS FROM `ik_area` [ RunTime:0.008051s ]
SQL: SELECT * FROM `ik_area` WHERE ( `areaid` = 52 ) LIMIT 1   [ RunTime:0.000798s ]
SQL: SHOW COLUMNS FROM `ik_user_online` [ RunTime:0.003931s ]
ERR: Table 'ikphp.ik_user_online' doesn't exist
 [ SQL语句 ] : SHOW COLUMNS FROM `ik_user_online`
SQL: SELECT COUNT(*) AS tp_count FROM `ik_user_online` WHERE ( `userid` = '1' ) AND ( `ctime` > 1369145358 ) LIMIT 1   [ RunTime:0.001515s ]
ERR: Table 'ikphp.ik_user_online' doesn't exist
 [ SQL语句 ] : SELECT COUNT(*) AS tp_count FROM `ik_user_online` WHERE ( `userid` = '1' ) AND ( `ctime` > 1369145358 ) LIMIT 1  
SQL: SELECT COUNT(*) AS tp_count FROM `ik_group_topics` WHERE ( `topicid` = 24 ) LIMIT 1   [ RunTime:0.000444s ]
SQL: SELECT * FROM `ik_group_topics` WHERE ( `topicid` = 24 ) LIMIT 1   [ RunTime:0.000370s ]
SQL: SHOW COLUMNS FROM `ik_images` [ RunTime:0.026331s ]
SQL: SELECT * FROM `ik_images` WHERE ( `type` = 'topic' ) AND ( `typeid` = 24 ) AND ( `seqid` = 2 ) LIMIT 1   [ RunTime:0.002267s ]
SQL: SELECT * FROM `ik_user` WHERE ( `userid` = 1 ) LIMIT 1   [ RunTime:0.000536s ]
SQL: SELECT * FROM `ik_area` WHERE ( `areaid` = 52 ) LIMIT 1   [ RunTime:0.000350s ]
SQL: SELECT COUNT(*) AS tp_count FROM `ik_user_online` WHERE ( `userid` = '1' ) AND ( `ctime` > 1369145358 ) LIMIT 1   [ RunTime:0.000470s ]
ERR: Table 'ikphp.ik_user_online' doesn't exist
 [ SQL语句 ] : SELECT COUNT(*) AS tp_count FROM `ik_user_online` WHERE ( `userid` = '1' ) AND ( `ctime` > 1369145358 ) LIMIT 1  
SQL: SELECT * FROM `ik_images` WHERE ( `type` = 'topic' ) AND ( `typeid` = 24 ) AND ( `seqid` = 2 ) LIMIT 1   [ RunTime:0.000357s ]
SQL: SELECT * FROM `ik_images` WHERE ( `type` = 'topic' ) AND ( `typeid` = 24 ) AND ( `seqid` = 2 ) LIMIT 1   [ RunTime:0.000667s ]
SQL: SELECT COUNT(*) AS tp_count FROM `ik_group_topics` WHERE ( `topicid` = 20 ) LIMIT 1   [ RunTime:0.000370s ]
SQL: SELECT * FROM `ik_group_topics` WHERE ( `topicid` = 20 ) LIMIT 1   [ RunTime:0.000353s ]
SQL: SELECT * FROM `ik_user` WHERE ( `userid` = 1 ) LIMIT 1   [ RunTime:0.000349s ]
SQL: SELECT * FROM `ik_area` WHERE ( `areaid` = 52 ) LIMIT 1   [ RunTime:0.000334s ]
SQL: SELECT COUNT(*) AS tp_count FROM `ik_user_online` WHERE ( `userid` = '1' ) AND ( `ctime` > 1369145358 ) LIMIT 1   [ RunTime:0.000462s ]
ERR: Table 'ikphp.ik_user_online' doesn't exist
 [ SQL语句 ] : SELECT COUNT(*) AS tp_count FROM `ik_user_online` WHERE ( `userid` = '1' ) AND ( `ctime` > 1369145358 ) LIMIT 1  
SQL: SELECT COUNT(*) AS tp_count FROM `ik_group_topics` WHERE ( `topicid` = 19 ) LIMIT 1   [ RunTime:0.000277s ]
SQL: SELECT * FROM `ik_group_topics` WHERE ( `topicid` = 19 ) LIMIT 1   [ RunTime:0.000346s ]
SQL: SELECT * FROM `ik_user` WHERE ( `userid` = 1 ) LIMIT 1   [ RunTime:0.000317s ]
SQL: SELECT * FROM `ik_area` WHERE ( `areaid` = 52 ) LIMIT 1   [ RunTime:0.000752s ]
SQL: SELECT COUNT(*) AS tp_count FROM `ik_user_online` WHERE ( `userid` = '1' ) AND ( `ctime` > 1369145358 ) LIMIT 1   [ RunTime:0.000543s ]
ERR: Table 'ikphp.ik_user_online' doesn't exist
 [ SQL语句 ] : SELECT COUNT(*) AS tp_count FROM `ik_user_online` WHERE ( `userid` = '1' ) AND ( `ctime` > 1369145358 ) LIMIT 1  
SQL: SELECT COUNT(*) AS tp_count FROM `ik_group_topics` WHERE ( `topicid` = 16 ) LIMIT 1   [ RunTime:0.000291s ]
SQL: SELECT * FROM `ik_group_topics` WHERE ( `topicid` = 16 ) LIMIT 1   [ RunTime:0.000316s ]
SQL: SELECT * FROM `ik_user` WHERE ( `userid` = 1 ) LIMIT 1   [ RunTime:0.000316s ]
SQL: SELECT * FROM `ik_area` WHERE ( `areaid` = 52 ) LIMIT 1   [ RunTime:0.000377s ]
SQL: SELECT COUNT(*) AS tp_count FROM `ik_user_online` WHERE ( `userid` = '1' ) AND ( `ctime` > 1369145358 ) LIMIT 1   [ RunTime:0.000504s ]
ERR: Table 'ikphp.ik_user_online' doesn't exist
 [ SQL语句 ] : SELECT COUNT(*) AS tp_count FROM `ik_user_online` WHERE ( `userid` = '1' ) AND ( `ctime` > 1369145358 ) LIMIT 1  
SQL: SELECT `userid` FROM `ik_user` WHERE ( `isenable` = 0 ) ORDER BY uptime desc LIMIT 12   [ RunTime:0.000380s ]
SQL: SELECT * FROM `ik_user` WHERE ( `userid` = 1 ) LIMIT 1   [ RunTime:0.000327s ]
SQL: SELECT * FROM `ik_area` WHERE ( `areaid` = 52 ) LIMIT 1   [ RunTime:0.000547s ]
SQL: SELECT COUNT(*) AS tp_count FROM `ik_user_online` WHERE ( `userid` = '1' ) AND ( `ctime` > 1369145358 ) LIMIT 1   [ RunTime:0.000554s ]
ERR: Table 'ikphp.ik_user_online' doesn't exist
 [ SQL语句 ] : SELECT COUNT(*) AS tp_count FROM `ik_user_online` WHERE ( `userid` = '1' ) AND ( `ctime` > 1369145358 ) LIMIT 1  
SQL: SELECT * FROM `ik_user` WHERE ( `userid` = 2 ) LIMIT 1   [ RunTime:0.000505s ]
SQL: SELECT COUNT(*) AS tp_count FROM `ik_user_online` WHERE ( `userid` = '2' ) AND ( `ctime` > 1369145358 ) LIMIT 1   [ RunTime:0.000555s ]
ERR: Table 'ikphp.ik_user_online' doesn't exist
 [ SQL语句 ] : SELECT COUNT(*) AS tp_count FROM `ik_user_online` WHERE ( `userid` = '2' ) AND ( `ctime` > 1369145358 ) LIMIT 1  
SQL: SHOW COLUMNS FROM `ik_article_item` [ RunTime:0.043790s ]
SQL: SELECT * FROM `ik_article_item` WHERE ( `isaudit` = 0 ) ORDER BY addtime desc LIMIT 8   [ RunTime:0.001962s ]
SQL: SELECT * FROM `ik_group` WHERE ( `isrecommend` = 1 ) ORDER BY groupid asc LIMIT 10   [ RunTime:0.000396s ]
SQL: SELECT COUNT(*) AS tp_count FROM `ik_group` WHERE ( `groupid` = 4 ) LIMIT 1   [ RunTime:0.000257s ]
SQL: SELECT * FROM `ik_group` WHERE ( `groupid` = 4 ) LIMIT 1   [ RunTime:0.000303s ]
SQL: SELECT COUNT(*) AS tp_count FROM `ik_user` LIMIT 1   [ RunTime:0.000574s ]
INFO: [ view_template ] --START--
INFO: Run LocationTemplate Behavior [ RunTime:0.026286s ]
INFO: [ view_template ] --END-- [ RunTime:0.026423s ]
INFO: [ view_parse ] --START--
NOTIC: [8] Use of undefined constant userid - assumed 'userid' D:\APMServ5.2.6\www\htdocs\ikphp\data\runtime\Cache\home\11e2f12d84b746b76491e3160c81a5b0.php 第 124 行.
NOTIC: [8] Use of undefined constant groupid - assumed 'groupid' D:\APMServ5.2.6\www\htdocs\ikphp\data\runtime\Cache\home\11e2f12d84b746b76491e3160c81a5b0.php 第 172 行.
NOTIC: [8] Use of undefined constant icon_48 - assumed 'icon_48' D:\APMServ5.2.6\www\htdocs\ikphp\data\runtime\Cache\home\11e2f12d84b746b76491e3160c81a5b0.php 第 173 行.
NOTIC: [8] Use of undefined constant groupname - assumed 'groupname' D:\APMServ5.2.6\www\htdocs\ikphp\data\runtime\Cache\home\11e2f12d84b746b76491e3160c81a5b0.php 第 173 行.
NOTIC: [8] Use of undefined constant groupid - assumed 'groupid' D:\APMServ5.2.6\www\htdocs\ikphp\data\runtime\Cache\home\11e2f12d84b746b76491e3160c81a5b0.php 第 177 行.
NOTIC: [8] Use of undefined constant groupname - assumed 'groupname' D:\APMServ5.2.6\www\htdocs\ikphp\data\runtime\Cache\home\11e2f12d84b746b76491e3160c81a5b0.php 第 177 行.
NOTIC: [8] Use of undefined constant count_user - assumed 'count_user' D:\APMServ5.2.6\www\htdocs\ikphp\data\runtime\Cache\home\11e2f12d84b746b76491e3160c81a5b0.php 第 177 行.
NOTIC: [8] Use of undefined constant count_topic - assumed 'count_topic' D:\APMServ5.2.6\www\htdocs\ikphp\data\runtime\Cache\home\11e2f12d84b746b76491e3160c81a5b0.php 第 177 行.
NOTIC: [8] Use of undefined constant groupdesc - assumed 'groupdesc' D:\APMServ5.2.6\www\htdocs\ikphp\data\runtime\Cache\home\11e2f12d84b746b76491e3160c81a5b0.php 第 178 行.
NOTIC: [8] Use of undefined constant user - assumed 'user' D:\APMServ5.2.6\www\htdocs\ikphp\data\runtime\Cache\home\11e2f12d84b746b76491e3160c81a5b0.php 第 191 行.
NOTIC: [8] Use of undefined constant doname - assumed 'doname' D:\APMServ5.2.6\www\htdocs\ikphp\data\runtime\Cache\home\11e2f12d84b746b76491e3160c81a5b0.php 第 191 行.
NOTIC: [8] Use of undefined constant user - assumed 'user' D:\APMServ5.2.6\www\htdocs\ikphp\data\runtime\Cache\home\11e2f12d84b746b76491e3160c81a5b0.php 第 191 行.
NOTIC: [8] Use of undefined constant face - assumed 'face' D:\APMServ5.2.6\www\htdocs\ikphp\data\runtime\Cache\home\11e2f12d84b746b76491e3160c81a5b0.php 第 191 行.
NOTIC: [8] Use of undefined constant topicid - assumed 'topicid' D:\APMServ5.2.6\www\htdocs\ikphp\data\runtime\Cache\home\11e2f12d84b746b76491e3160c81a5b0.php 第 193 行.
NOTIC: [8] Use of undefined constant title - assumed 'title' D:\APMServ5.2.6\www\htdocs\ikphp\data\runtime\Cache\home\11e2f12d84b746b76491e3160c81a5b0.php 第 193 行.
NOTIC: [8] Undefined variable: time D:\APMServ5.2.6\www\htdocs\ikphp\data\runtime\Cache\home\11e2f12d84b746b76491e3160c81a5b0.php 第 193 行.
NOTIC: [8] Use of undefined constant title - assumed 'title' D:\APMServ5.2.6\www\htdocs\ikphp\data\runtime\Cache\home\11e2f12d84b746b76491e3160c81a5b0.php 第 193 行.
NOTIC: [8] Use of undefined constant user - assumed 'user' D:\APMServ5.2.6\www\htdocs\ikphp\data\runtime\Cache\home\11e2f12d84b746b76491e3160c81a5b0.php 第 194 行.
NOTIC: [8] Use of undefined constant doname - assumed 'doname' D:\APMServ5.2.6\www\htdocs\ikphp\data\runtime\Cache\home\11e2f12d84b746b76491e3160c81a5b0.php 第 194 行.
NOTIC: [8] Use of undefined constant user - assumed 'user' D:\APMServ5.2.6\www\htdocs\ikphp\data\runtime\Cache\home\11e2f12d84b746b76491e3160c81a5b0.php 第 194 行.
NOTIC: [8] Use of undefined constant username - assumed 'username' D:\APMServ5.2.6\www\htdocs\ikphp\data\runtime\Cache\home\11e2f12d84b746b76491e3160c81a5b0.php 第 194 行.
NOTIC: [8] Use of undefined constant addtime - assumed 'addtime' D:\APMServ5.2.6\www\htdocs\ikphp\data\runtime\Cache\home\11e2f12d84b746b76491e3160c81a5b0.php 第 194 行.
NOTIC: [8] Use of undefined constant count_view - assumed 'count_view' D:\APMServ5.2.6\www\htdocs\ikphp\data\runtime\Cache\home\11e2f12d84b746b76491e3160c81a5b0.php 第 194 行.
NOTIC: [8] Use of undefined constant count_comment - assumed 'count_comment' D:\APMServ5.2.6\www\htdocs\ikphp\data\runtime\Cache\home\11e2f12d84b746b76491e3160c81a5b0.php 第 194 行.
NOTIC: [8] Use of undefined constant video - assumed 'video' D:\APMServ5.2.6\www\htdocs\ikphp\data\runtime\Cache\home\11e2f12d84b746b76491e3160c81a5b0.php 第 196 行.
NOTIC: [8] Use of undefined constant topicid - assumed 'topicid' D:\APMServ5.2.6\www\htdocs\ikphp\data\runtime\Cache\home\11e2f12d84b746b76491e3160c81a5b0.php 第 198 行.
NOTIC: [8] Use of undefined constant title - assumed 'title' D:\APMServ5.2.6\www\htdocs\ikphp\data\runtime\Cache\home\11e2f12d84b746b76491e3160c81a5b0.php 第 198 行.
NOTIC: [8] Undefined variable: time D:\APMServ5.2.6\www\htdocs\ikphp\data\runtime\Cache\home\11e2f12d84b746b76491e3160c81a5b0.php 第 198 行.
NOTIC: [8] Use of undefined constant img - assumed 'img' D:\APMServ5.2.6\www\htdocs\ikphp\data\runtime\Cache\home\11e2f12d84b746b76491e3160c81a5b0.php 第 198 行.
NOTIC: [8] Use of undefined constant simg - assumed 'simg' D:\APMServ5.2.6\www\htdocs\ikphp\data\runtime\Cache\home\11e2f12d84b746b76491e3160c81a5b0.php 第 198 行.
NOTIC: [8] Use of undefined constant content - assumed 'content' D:\APMServ5.2.6\www\htdocs\ikphp\data\runtime\Cache\home\11e2f12d84b746b76491e3160c81a5b0.php 第 199 行.
NOTIC: [8] Use of undefined constant user - assumed 'user' D:\APMServ5.2.6\www\htdocs\ikphp\data\runtime\Cache\home\11e2f12d84b746b76491e3160c81a5b0.php 第 191 行.
NOTIC: [8] Use of undefined constant doname - assumed 'doname' D:\APMServ5.2.6\www\htdocs\ikphp\data\runtime\Cache\home\11e2f12d84b746b76491e3160c81a5b0.php 第 191 行.
NOTIC: [8] Use of undefined constant user - assumed 'user' D:\APMServ5.2.6\www\htdocs\ikphp\data\runtime\Cache\home\11e2f12d84b746b76491e3160c81a5b0.php 第 191 行.
NOTIC: [8] Use of undefined constant face - assumed 'face' D:\APMServ5.2.6\www\htdocs\ikphp\data\runtime\Cache\home\11e2f12d84b746b76491e3160c81a5b0.php 第 191 行.
NOTIC: [8] Use of undefined constant topicid - assumed 'topicid' D:\APMServ5.2.6\www\htdocs\ikphp\data\runtime\Cache\home\11e2f12d84b746b76491e3160c81a5b0.php 第 193 行.
NOTIC: [8] Use of undefined constant title - assumed 'title' D:\APMServ5.2.6\www\htdocs\ikphp\data\runtime\Cache\home\11e2f12d84b746b76491e3160c81a5b0.php 第 193 行.
NOTIC: [8] Undefined variable: time D:\APMServ5.2.6\www\htdocs\ikphp\data\runtime\Cache\home\11e2f12d84b746b76491e3160c81a5b0.php 第 193 行.
NOTIC: [8] Use of undefined constant title - assumed 'title' D:\APMServ5.2.6\www\htdocs\ikphp\data\runtime\Cache\home\11e2f12d84b746b76491e3160c81a5b0.php 第 193 行.
NOTIC: [8] Use of undefined constant user - assumed 'user' D:\APMServ5.2.6\www\htdocs\ikphp\data\runtime\Cache\home\11e2f12d84b746b76491e3160c81a5b0.php 第 194 行.
NOTIC: [8] Use of undefined constant doname - assumed 'doname' D:\APMServ5.2.6\www\htdocs\ikphp\data\runtime\Cache\home\11e2f12d84b746b76491e3160c81a5b0.php 第 194 行.
NOTIC: [8] Use of undefined constant user - assumed 'user' D:\APMServ5.2.6\www\htdocs\ikphp\data\runtime\Cache\home\11e2f12d84b746b76491e3160c81a5b0.php 第 194 行.
NOTIC: [8] Use of undefined constant username - assumed 'username' D:\APMServ5.2.6\www\htdocs\ikphp\data\runtime\Cache\home\11e2f12d84b746b76491e3160c81a5b0.php 第 194 行.
NOTIC: [8] Use of undefined constant addtime - assumed 'addtime' D:\APMServ5.2.6\www\htdocs\ikphp\data\runtime\Cache\home\11e2f12d84b746b76491e3160c81a5b0.php 第 194 行.
NOTIC: [8] Use of undefined constant count_view - assumed 'count_view' D:\APMServ5.2.6\www\htdocs\ikphp\data\runtime\Cache\home\11e2f12d84b746b76491e3160c81a5b0.php 第 194 行.
NOTIC: [8] Use of undefined constant count_comment - assumed 'count_comment' D:\APMServ5.2.6\www\htdocs\ikphp\data\runtime\Cache\home\11e2f12d84b746b76491e3160c81a5b0.php 第 194 行.
NOTIC: [8] Use of undefined constant video - assumed 'video' D:\APMServ5.2.6\www\htdocs\ikphp\data\runtime\Cache\home\11e2f12d84b746b76491e3160c81a5b0.php 第 196 行.
NOTIC: [8] Use of undefined constant topicid - assumed 'topicid' D:\APMServ5.2.6\www\htdocs\ikphp\data\runtime\Cache\home\11e2f12d84b746b76491e3160c81a5b0.php 第 198 行.
NOTIC: [8] Use of undefined constant title - assumed 'title' D:\APMServ5.2.6\www\htdocs\ikphp\data\runtime\Cache\home\11e2f12d84b746b76491e3160c81a5b0.php 第 198 行.
NOTIC: [8] Undefined variable: time D:\APMServ5.2.6\www\htdocs\ikphp\data\runtime\Cache\home\11e2f12d84b746b76491e3160c81a5b0.php 第 198 行.
NOTIC: [8] Use of undefined constant img - assumed 'img' D:\APMServ5.2.6\www\htdocs\ikphp\data\runtime\Cache\home\11e2f12d84b746b76491e3160c81a5b0.php 第 198 行.
NOTIC: [8] Use of undefined constant simg - assumed 'simg' D:\APMServ5.2.6\www\htdocs\ikphp\data\runtime\Cache\home\11e2f12d84b746b76491e3160c81a5b0.php 第 198 行.
NOTIC: [8] Use of undefined constant content - assumed 'content' D:\APMServ5.2.6\www\htdocs\ikphp\data\runtime\Cache\home\11e2f12d84b746b76491e3160c81a5b0.php 第 199 行.
NOTIC: [8] Use of undefined constant user - assumed 'user' D:\APMServ5.2.6\www\htdocs\ikphp\data\runtime\Cache\home\11e2f12d84b746b76491e3160c81a5b0.php 第 191 行.
NOTIC: [8] Use of undefined constant doname - assumed 'doname' D:\APMServ5.2.6\www\htdocs\ikphp\data\runtime\Cache\home\11e2f12d84b746b76491e3160c81a5b0.php 第 191 行.
NOTIC: [8] Use of undefined constant user - assumed 'user' D:\APMServ5.2.6\www\htdocs\ikphp\data\runtime\Cache\home\11e2f12d84b746b76491e3160c81a5b0.php 第 191 行.
NOTIC: [8] Use of undefined constant face - assumed 'face' D:\APMServ5.2.6\www\htdocs\ikphp\data\runtime\Cache\home\11e2f12d84b746b76491e3160c81a5b0.php 第 191 行.
NOTIC: [8] Use of undefined constant topicid - assumed 'topicid' D:\APMServ5.2.6\www\htdocs\ikphp\data\runtime\Cache\home\11e2f12d84b746b76491e3160c81a5b0.php 第 193 行.
NOTIC: [8] Use of undefined constant title - assumed 'title' D:\APMServ5.2.6\www\htdocs\ikphp\data\runtime\Cache\home\11e2f12d84b746b76491e3160c81a5b0.php 第 193 行.
NOTIC: [8] Undefined variable: time D:\APMServ5.2.6\www\htdocs\ikphp\data\runtime\Cache\home\11e2f12d84b746b76491e3160c81a5b0.php 第 193 行.
NOTIC: [8] Use of undefined constant title - assumed 'title' D:\APMServ5.2.6\www\htdocs\ikphp\data\runtime\Cache\home\11e2f12d84b746b76491e3160c81a5b0.php 第 193 行.
NOTIC: [8] Use of undefined constant user - assumed 'user' D:\APMServ5.2.6\www\htdocs\ikphp\data\runtime\Cache\home\11e2f12d84b746b76491e3160c81a5b0.php 第 194 行.
NOTIC: [8] Use of undefined constant doname - assumed 'doname' D:\APMServ5.2.6\www\htdocs\ikphp\data\runtime\Cache\home\11e2f12d84b746b76491e3160c81a5b0.php 第 194 行.
NOTIC: [8] Use of undefined constant user - assumed 'user' D:\APMServ5.2.6\www\htdocs\ikphp\data\runtime\Cache\home\11e2f12d84b746b76491e3160c81a5b0.php 第 194 行.
NOTIC: [8] Use of undefined constant username - assumed 'username' D:\APMServ5.2.6\www\htdocs\ikphp\data\runtime\Cache\home\11e2f12d84b746b76491e3160c81a5b0.php 第 194 行.
NOTIC: [8] Use of undefined constant addtime - assumed 'addtime' D:\APMServ5.2.6\www\htdocs\ikphp\data\runtime\Cache\home\11e2f12d84b746b76491e3160c81a5b0.php 第 194 行.
NOTIC: [8] Use of undefined constant count_view - assumed 'count_view' D:\APMServ5.2.6\www\htdocs\ikphp\data\runtime\Cache\home\11e2f12d84b746b76491e3160c81a5b0.php 第 194 行.
NOTIC: [8] Use of undefined constant count_comment - assumed 'count_comment' D:\APMServ5.2.6\www\htdocs\ikphp\data\runtime\Cache\home\11e2f12d84b746b76491e3160c81a5b0.php 第 194 行.
NOTIC: [8] Use of undefined constant video - assumed 'video' D:\APMServ5.2.6\www\htdocs\ikphp\data\runtime\Cache\home\11e2f12d84b746b76491e3160c81a5b0.php 第 196 行.
NOTIC: [8] Use of undefined constant topicid - assumed 'topicid' D:\APMServ5.2.6\www\htdocs\ikphp\data\runtime\Cache\home\11e2f12d84b746b76491e3160c81a5b0.php 第 198 行.
NOTIC: [8] Use of undefined constant title - assumed 'title' D:\APMServ5.2.6\www\htdocs\ikphp\data\runtime\Cache\home\11e2f12d84b746b76491e3160c81a5b0.php 第 198 行.
NOTIC: [8] Undefined variable: time D:\APMServ5.2.6\www\htdocs\ikphp\data\runtime\Cache\home\11e2f12d84b746b76491e3160c81a5b0.php 第 198 行.
NOTIC: [8] Use of undefined constant img - assumed 'img' D:\APMServ5.2.6\www\htdocs\ikphp\data\runtime\Cache\home\11e2f12d84b746b76491e3160c81a5b0.php 第 198 行.
NOTIC: [8] Use of undefined constant simg - assumed 'simg' D:\APMServ5.2.6\www\htdocs\ikphp\data\runtime\Cache\home\11e2f12d84b746b76491e3160c81a5b0.php 第 198 行.
NOTIC: [8] Use of undefined constant content - assumed 'content' D:\APMServ5.2.6\www\htdocs\ikphp\data\runtime\Cache\home\11e2f12d84b746b76491e3160c81a5b0.php 第 199 行.
NOTIC: [8] Use of undefined constant user - assumed 'user' D:\APMServ5.2.6\www\htdocs\ikphp\data\runtime\Cache\home\11e2f12d84b746b76491e3160c81a5b0.php 第 191 行.
NOTIC: [8] Use of undefined constant doname - assumed 'doname' D:\APMServ5.2.6\www\htdocs\ikphp\data\runtime\Cache\home\11e2f12d84b746b76491e3160c81a5b0.php 第 191 行.
NOTIC: [8] Use of undefined constant user - assumed 'user' D:\APMServ5.2.6\www\htdocs\ikphp\data\runtime\Cache\home\11e2f12d84b746b76491e3160c81a5b0.php 第 191 行.
NOTIC: [8] Use of undefined constant face - assumed 'face' D:\APMServ5.2.6\www\htdocs\ikphp\data\runtime\Cache\home\11e2f12d84b746b76491e3160c81a5b0.php 第 191 行.
NOTIC: [8] Use of undefined constant topicid - assumed 'topicid' D:\APMServ5.2.6\www\htdocs\ikphp\data\runtime\Cache\home\11e2f12d84b746b76491e3160c81a5b0.php 第 193 行.
NOTIC: [8] Use of undefined constant title - assumed 'title' D:\APMServ5.2.6\www\htdocs\ikphp\data\runtime\Cache\home\11e2f12d84b746b76491e3160c81a5b0.php 第 193 行.
NOTIC: [8] Undefined variable: time D:\APMServ5.2.6\www\htdocs\ikphp\data\runtime\Cache\home\11e2f12d84b746b76491e3160c81a5b0.php 第 193 行.
NOTIC: [8] Use of undefined constant title - assumed 'title' D:\APMServ5.2.6\www\htdocs\ikphp\data\runtime\Cache\home\11e2f12d84b746b76491e3160c81a5b0.php 第 193 行.
NOTIC: [8] Use of undefined constant user - assumed 'user' D:\APMServ5.2.6\www\htdocs\ikphp\data\runtime\Cache\home\11e2f12d84b746b76491e3160c81a5b0.php 第 194 行.
NOTIC: [8] Use of undefined constant doname - assumed 'doname' D:\APMServ5.2.6\www\htdocs\ikphp\data\runtime\Cache\home\11e2f12d84b746b76491e3160c81a5b0.php 第 194 行.
NOTIC: [8] Use of undefined constant user - assumed 'user' D:\APMServ5.2.6\www\htdocs\ikphp\data\runtime\Cache\home\11e2f12d84b746b76491e3160c81a5b0.php 第 194 行.
NOTIC: [8] Use of undefined constant username - assumed 'username' D:\APMServ5.2.6\www\htdocs\ikphp\data\runtime\Cache\home\11e2f12d84b746b76491e3160c81a5b0.php 第 194 行.
NOTIC: [8] Use of undefined constant addtime - assumed 'addtime' D:\APMServ5.2.6\www\htdocs\ikphp\data\runtime\Cache\home\11e2f12d84b746b76491e3160c81a5b0.php 第 194 行.
NOTIC: [8] Use of undefined constant count_view - assumed 'count_view' D:\APMServ5.2.6\www\htdocs\ikphp\data\runtime\Cache\home\11e2f12d84b746b76491e3160c81a5b0.php 第 194 行.
NOTIC: [8] Use of undefined constant count_comment - assumed 'count_comment' D:\APMServ5.2.6\www\htdocs\ikphp\data\runtime\Cache\home\11e2f12d84b746b76491e3160c81a5b0.php 第 194 行.
NOTIC: [8] Use of undefined constant video - assumed 'video' D:\APMServ5.2.6\www\htdocs\ikphp\data\runtime\Cache\home\11e2f12d84b746b76491e3160c81a5b0.php 第 196 行.
NOTIC: [8] Use of undefined constant topicid - assumed 'topicid' D:\APMServ5.2.6\www\htdocs\ikphp\data\runtime\Cache\home\11e2f12d84b746b76491e3160c81a5b0.php 第 198 行.
NOTIC: [8] Use of undefined constant title - assumed 'title' D:\APMServ5.2.6\www\htdocs\ikphp\data\runtime\Cache\home\11e2f12d84b746b76491e3160c81a5b0.php 第 198 行.
NOTIC: [8] Undefined variable: time D:\APMServ5.2.6\www\htdocs\ikphp\data\runtime\Cache\home\11e2f12d84b746b76491e3160c81a5b0.php 第 198 行.
NOTIC: [8] Use of undefined constant img - assumed 'img' D:\APMServ5.2.6\www\htdocs\ikphp\data\runtime\Cache\home\11e2f12d84b746b76491e3160c81a5b0.php 第 198 行.
NOTIC: [8] Use of undefined constant simg - assumed 'simg' D:\APMServ5.2.6\www\htdocs\ikphp\data\runtime\Cache\home\11e2f12d84b746b76491e3160c81a5b0.php 第 198 行.
NOTIC: [8] Use of undefined constant content - assumed 'content' D:\APMServ5.2.6\www\htdocs\ikphp\data\runtime\Cache\home\11e2f12d84b746b76491e3160c81a5b0.php 第 199 行.
NOTIC: [8] Use of undefined constant user - assumed 'user' D:\APMServ5.2.6\www\htdocs\ikphp\data\runtime\Cache\home\11e2f12d84b746b76491e3160c81a5b0.php 第 191 行.
NOTIC: [8] Use of undefined constant doname - assumed 'doname' D:\APMServ5.2.6\www\htdocs\ikphp\data\runtime\Cache\home\11e2f12d84b746b76491e3160c81a5b0.php 第 191 行.
NOTIC: [8] Use of undefined constant user - assumed 'user' D:\APMServ5.2.6\www\htdocs\ikphp\data\runtime\Cache\home\11e2f12d84b746b76491e3160c81a5b0.php 第 191 行.
NOTIC: [8] Use of undefined constant face - assumed 'face' D:\APMServ5.2.6\www\htdocs\ikphp\data\runtime\Cache\home\11e2f12d84b746b76491e3160c81a5b0.php 第 191 行.
NOTIC: [8] Use of undefined constant topicid - assumed 'topicid' D:\APMServ5.2.6\www\htdocs\ikphp\data\runtime\Cache\home\11e2f12d84b746b76491e3160c81a5b0.php 第 193 行.
NOTIC: [8] Use of undefined constant title - assumed 'title' D:\APMServ5.2.6\www\htdocs\ikphp\data\runtime\Cache\home\11e2f12d84b746b76491e3160c81a5b0.php 第 193 行.
NOTIC: [8] Undefined variable: time D:\APMServ5.2.6\www\htdocs\ikphp\data\runtime\Cache\home\11e2f12d84b746b76491e3160c81a5b0.php 第 193 行.
NOTIC: [8] Use of undefined constant title - assumed 'title' D:\APMServ5.2.6\www\htdocs\ikphp\data\runtime\Cache\home\11e2f12d84b746b76491e3160c81a5b0.php 第 193 行.
NOTIC: [8] Use of undefined constant user - assumed 'user' D:\APMServ5.2.6\www\htdocs\ikphp\data\runtime\Cache\home\11e2f12d84b746b76491e3160c81a5b0.php 第 194 行.
NOTIC: [8] Use of undefined constant doname - assumed 'doname' D:\APMServ5.2.6\www\htdocs\ikphp\data\runtime\Cache\home\11e2f12d84b746b76491e3160c81a5b0.php 第 194 行.
NOTIC: [8] Use of undefined constant user - assumed 'user' D:\APMServ5.2.6\www\htdocs\ikphp\data\runtime\Cache\home\11e2f12d84b746b76491e3160c81a5b0.php 第 194 行.
NOTIC: [8] Use of undefined constant username - assumed 'username' D:\APMServ5.2.6\www\htdocs\ikphp\data\runtime\Cache\home\11e2f12d84b746b76491e3160c81a5b0.php 第 194 行.
NOTIC: [8] Use of undefined constant addtime - assumed 'addtime' D:\APMServ5.2.6\www\htdocs\ikphp\data\runtime\Cache\home\11e2f12d84b746b76491e3160c81a5b0.php 第 194 行.
NOTIC: [8] Use of undefined constant count_view - assumed 'count_view' D:\APMServ5.2.6\www\htdocs\ikphp\data\runtime\Cache\home\11e2f12d84b746b76491e3160c81a5b0.php 第 194 行.
NOTIC: [8] Use of undefined constant count_comment - assumed 'count_comment' D:\APMServ5.2.6\www\htdocs\ikphp\data\runtime\Cache\home\11e2f12d84b746b76491e3160c81a5b0.php 第 194 行.
NOTIC: [8] Use of undefined constant video - assumed 'video' D:\APMServ5.2.6\www\htdocs\ikphp\data\runtime\Cache\home\11e2f12d84b746b76491e3160c81a5b0.php 第 196 行.
NOTIC: [8] Use of undefined constant topicid - assumed 'topicid' D:\APMServ5.2.6\www\htdocs\ikphp\data\runtime\Cache\home\11e2f12d84b746b76491e3160c81a5b0.php 第 198 行.
NOTIC: [8] Use of undefined constant title - assumed 'title' D:\APMServ5.2.6\www\htdocs\ikphp\data\runtime\Cache\home\11e2f12d84b746b76491e3160c81a5b0.php 第 198 行.
NOTIC: [8] Undefined variable: time D:\APMServ5.2.6\www\htdocs\ikphp\data\runtime\Cache\home\11e2f12d84b746b76491e3160c81a5b0.php 第 198 行.
NOTIC: [8] Use of undefined constant img - assumed 'img' D:\APMServ5.2.6\www\htdocs\ikphp\data\runtime\Cache\home\11e2f12d84b746b76491e3160c81a5b0.php 第 198 行.
NOTIC: [8] Use of undefined constant simg - assumed 'simg' D:\APMServ5.2.6\www\htdocs\ikphp\data\runtime\Cache\home\11e2f12d84b746b76491e3160c81a5b0.php 第 198 行.
NOTIC: [8] Use of undefined constant content - assumed 'content' D:\APMServ5.2.6\www\htdocs\ikphp\data\runtime\Cache\home\11e2f12d84b746b76491e3160c81a5b0.php 第 199 行.
NOTIC: [8] Use of undefined constant doname - assumed 'doname' D:\APMServ5.2.6\www\htdocs\ikphp\data\runtime\Cache\home\11e2f12d84b746b76491e3160c81a5b0.php 第 213 行.
NOTIC: [8] Use of undefined constant username - assumed 'username' D:\APMServ5.2.6\www\htdocs\ikphp\data\runtime\Cache\home\11e2f12d84b746b76491e3160c81a5b0.php 第 214 行.
NOTIC: [8] Use of undefined constant face - assumed 'face' D:\APMServ5.2.6\www\htdocs\ikphp\data\runtime\Cache\home\11e2f12d84b746b76491e3160c81a5b0.php 第 214 行.
NOTIC: [8] Use of undefined constant isonline - assumed 'isonline' D:\APMServ5.2.6\www\htdocs\ikphp\data\runtime\Cache\home\11e2f12d84b746b76491e3160c81a5b0.php 第 216 行.
NOTIC: [8] Use of undefined constant doname - assumed 'doname' D:\APMServ5.2.6\www\htdocs\ikphp\data\runtime\Cache\home\11e2f12d84b746b76491e3160c81a5b0.php 第 219 行.
NOTIC: [8] Use of undefined constant username - assumed 'username' D:\APMServ5.2.6\www\htdocs\ikphp\data\runtime\Cache\home\11e2f12d84b746b76491e3160c81a5b0.php 第 219 行.
NOTIC: [8] Use of undefined constant doname - assumed 'doname' D:\APMServ5.2.6\www\htdocs\ikphp\data\runtime\Cache\home\11e2f12d84b746b76491e3160c81a5b0.php 第 213 行.
NOTIC: [8] Use of undefined constant username - assumed 'username' D:\APMServ5.2.6\www\htdocs\ikphp\data\runtime\Cache\home\11e2f12d84b746b76491e3160c81a5b0.php 第 214 行.
NOTIC: [8] Use of undefined constant face - assumed 'face' D:\APMServ5.2.6\www\htdocs\ikphp\data\runtime\Cache\home\11e2f12d84b746b76491e3160c81a5b0.php 第 214 行.
NOTIC: [8] Use of undefined constant isonline - assumed 'isonline' D:\APMServ5.2.6\www\htdocs\ikphp\data\runtime\Cache\home\11e2f12d84b746b76491e3160c81a5b0.php 第 216 行.
NOTIC: [8] Use of undefined constant doname - assumed 'doname' D:\APMServ5.2.6\www\htdocs\ikphp\data\runtime\Cache\home\11e2f12d84b746b76491e3160c81a5b0.php 第 219 行.
NOTIC: [8] Use of undefined constant username - assumed 'username' D:\APMServ5.2.6\www\htdocs\ikphp\data\runtime\Cache\home\11e2f12d84b746b76491e3160c81a5b0.php 第 219 行.
NOTIC: [8] Use of undefined constant groupid - assumed 'groupid' D:\APMServ5.2.6\www\htdocs\ikphp\data\runtime\Cache\home\11e2f12d84b746b76491e3160c81a5b0.php 第 227 行.
NOTIC: [8] Use of undefined constant groupname - assumed 'groupname' D:\APMServ5.2.6\www\htdocs\ikphp\data\runtime\Cache\home\11e2f12d84b746b76491e3160c81a5b0.php 第 227 行.
NOTIC: [8] Use of undefined constant count_user - assumed 'count_user' D:\APMServ5.2.6\www\htdocs\ikphp\data\runtime\Cache\home\11e2f12d84b746b76491e3160c81a5b0.php 第 227 行.
NOTIC: [8] Use of undefined constant uptime - assumed 'uptime' D:\APMServ5.2.6\www\htdocs\ikphp\data\runtime\Cache\home\11e2f12d84b746b76491e3160c81a5b0.php 第 227 行.
NOTIC: [8] Use of undefined constant groupid - assumed 'groupid' D:\APMServ5.2.6\www\htdocs\ikphp\data\runtime\Cache\home\11e2f12d84b746b76491e3160c81a5b0.php 第 227 行.
NOTIC: [8] Use of undefined constant groupname - assumed 'groupname' D:\APMServ5.2.6\www\htdocs\ikphp\data\runtime\Cache\home\11e2f12d84b746b76491e3160c81a5b0.php 第 227 行.
NOTIC: [8] Use of undefined constant count_user - assumed 'count_user' D:\APMServ5.2.6\www\htdocs\ikphp\data\runtime\Cache\home\11e2f12d84b746b76491e3160c81a5b0.php 第 227 行.
NOTIC: [8] Use of undefined constant uptime - assumed 'uptime' D:\APMServ5.2.6\www\htdocs\ikphp\data\runtime\Cache\home\11e2f12d84b746b76491e3160c81a5b0.php 第 227 行.
NOTIC: [8] Use of undefined constant groupid - assumed 'groupid' D:\APMServ5.2.6\www\htdocs\ikphp\data\runtime\Cache\home\11e2f12d84b746b76491e3160c81a5b0.php 第 227 行.
NOTIC: [8] Use of undefined constant groupname - assumed 'groupname' D:\APMServ5.2.6\www\htdocs\ikphp\data\runtime\Cache\home\11e2f12d84b746b76491e3160c81a5b0.php 第 227 行.
NOTIC: [8] Use of undefined constant count_user - assumed 'count_user' D:\APMServ5.2.6\www\htdocs\ikphp\data\runtime\Cache\home\11e2f12d84b746b76491e3160c81a5b0.php 第 227 行.
NOTIC: [8] Use of undefined constant uptime - assumed 'uptime' D:\APMServ5.2.6\www\htdocs\ikphp\data\runtime\Cache\home\11e2f12d84b746b76491e3160c81a5b0.php 第 227 行.
NOTIC: [8] Use of undefined constant groupid - assumed 'groupid' D:\APMServ5.2.6\www\htdocs\ikphp\data\runtime\Cache\home\11e2f12d84b746b76491e3160c81a5b0.php 第 227 行.
NOTIC: [8] Use of undefined constant groupname - assumed 'groupname' D:\APMServ5.2.6\www\htdocs\ikphp\data\runtime\Cache\home\11e2f12d84b746b76491e3160c81a5b0.php 第 227 行.
NOTIC: [8] Use of undefined constant count_user - assumed 'count_user' D:\APMServ5.2.6\www\htdocs\ikphp\data\runtime\Cache\home\11e2f12d84b746b76491e3160c81a5b0.php 第 227 行.
NOTIC: [8] Use of undefined constant uptime - assumed 'uptime' D:\APMServ5.2.6\www\htdocs\ikphp\data\runtime\Cache\home\11e2f12d84b746b76491e3160c81a5b0.php 第 227 行.
NOTIC: [8] Use of undefined constant groupid - assumed 'groupid' D:\APMServ5.2.6\www\htdocs\ikphp\data\runtime\Cache\home\11e2f12d84b746b76491e3160c81a5b0.php 第 227 行.
NOTIC: [8] Use of undefined constant groupname - assumed 'groupname' D:\APMServ5.2.6\www\htdocs\ikphp\data\runtime\Cache\home\11e2f12d84b746b76491e3160c81a5b0.php 第 227 行.
NOTIC: [8] Use of undefined constant count_user - assumed 'count_user' D:\APMServ5.2.6\www\htdocs\ikphp\data\runtime\Cache\home\11e2f12d84b746b76491e3160c81a5b0.php 第 227 行.
NOTIC: [8] Use of undefined constant uptime - assumed 'uptime' D:\APMServ5.2.6\www\htdocs\ikphp\data\runtime\Cache\home\11e2f12d84b746b76491e3160c81a5b0.php 第 227 行.
NOTIC: [8] Use of undefined constant groupid - assumed 'groupid' D:\APMServ5.2.6\www\htdocs\ikphp\data\runtime\Cache\home\11e2f12d84b746b76491e3160c81a5b0.php 第 227 行.
NOTIC: [8] Use of undefined constant groupname - assumed 'groupname' D:\APMServ5.2.6\www\htdocs\ikphp\data\runtime\Cache\home\11e2f12d84b746b76491e3160c81a5b0.php 第 227 行.
NOTIC: [8] Use of undefined constant count_user - assumed 'count_user' D:\APMServ5.2.6\www\htdocs\ikphp\data\runtime\Cache\home\11e2f12d84b746b76491e3160c81a5b0.php 第 227 行.
NOTIC: [8] Use of undefined constant uptime - assumed 'uptime' D:\APMServ5.2.6\www\htdocs\ikphp\data\runtime\Cache\home\11e2f12d84b746b76491e3160c81a5b0.php 第 227 行.
NOTIC: [8] Use of undefined constant groupid - assumed 'groupid' D:\APMServ5.2.6\www\htdocs\ikphp\data\runtime\Cache\home\11e2f12d84b746b76491e3160c81a5b0.php 第 227 行.
NOTIC: [8] Use of undefined constant groupname - assumed 'groupname' D:\APMServ5.2.6\www\htdocs\ikphp\data\runtime\Cache\home\11e2f12d84b746b76491e3160c81a5b0.php 第 227 行.
NOTIC: [8] Use of undefined constant count_user - assumed 'count_user' D:\APMServ5.2.6\www\htdocs\ikphp\data\runtime\Cache\home\11e2f12d84b746b76491e3160c81a5b0.php 第 227 行.
NOTIC: [8] Use of undefined constant uptime - assumed 'uptime' D:\APMServ5.2.6\www\htdocs\ikphp\data\runtime\Cache\home\11e2f12d84b746b76491e3160c81a5b0.php 第 227 行.
NOTIC: [8] Use of undefined constant itemid - assumed 'itemid' D:\APMServ5.2.6\www\htdocs\ikphp\data\runtime\Cache\home\11e2f12d84b746b76491e3160c81a5b0.php 第 232 行.
NOTIC: [8] Use of undefined constant title - assumed 'title' D:\APMServ5.2.6\www\htdocs\ikphp\data\runtime\Cache\home\11e2f12d84b746b76491e3160c81a5b0.php 第 232 行.
NOTIC: [8] Use of undefined constant itemid - assumed 'itemid' D:\APMServ5.2.6\www\htdocs\ikphp\data\runtime\Cache\home\11e2f12d84b746b76491e3160c81a5b0.php 第 232 行.
NOTIC: [8] Use of undefined constant title - assumed 'title' D:\APMServ5.2.6\www\htdocs\ikphp\data\runtime\Cache\home\11e2f12d84b746b76491e3160c81a5b0.php 第 232 行.
NOTIC: [8] Use of undefined constant itemid - assumed 'itemid' D:\APMServ5.2.6\www\htdocs\ikphp\data\runtime\Cache\home\11e2f12d84b746b76491e3160c81a5b0.php 第 232 行.
NOTIC: [8] Use of undefined constant title - assumed 'title' D:\APMServ5.2.6\www\htdocs\ikphp\data\runtime\Cache\home\11e2f12d84b746b76491e3160c81a5b0.php 第 232 行.
NOTIC: [8] Use of undefined constant itemid - assumed 'itemid' D:\APMServ5.2.6\www\htdocs\ikphp\data\runtime\Cache\home\11e2f12d84b746b76491e3160c81a5b0.php 第 232 行.
NOTIC: [8] Use of undefined constant title - assumed 'title' D:\APMServ5.2.6\www\htdocs\ikphp\data\runtime\Cache\home\11e2f12d84b746b76491e3160c81a5b0.php 第 232 行.
NOTIC: [8] Use of undefined constant itemid - assumed 'itemid' D:\APMServ5.2.6\www\htdocs\ikphp\data\runtime\Cache\home\11e2f12d84b746b76491e3160c81a5b0.php 第 232 行.
NOTIC: [8] Use of undefined constant title - assumed 'title' D:\APMServ5.2.6\www\htdocs\ikphp\data\runtime\Cache\home\11e2f12d84b746b76491e3160c81a5b0.php 第 232 行.
NOTIC: [8] Use of undefined constant itemid - assumed 'itemid' D:\APMServ5.2.6\www\htdocs\ikphp\data\runtime\Cache\home\11e2f12d84b746b76491e3160c81a5b0.php 第 232 行.
NOTIC: [8] Use of undefined constant title - assumed 'title' D:\APMServ5.2.6\www\htdocs\ikphp\data\runtime\Cache\home\11e2f12d84b746b76491e3160c81a5b0.php 第 232 行.
NOTIC: [8] Use of undefined constant itemid - assumed 'itemid' D:\APMServ5.2.6\www\htdocs\ikphp\data\runtime\Cache\home\11e2f12d84b746b76491e3160c81a5b0.php 第 232 行.
NOTIC: [8] Use of undefined constant title - assumed 'title' D:\APMServ5.2.6\www\htdocs\ikphp\data\runtime\Cache\home\11e2f12d84b746b76491e3160c81a5b0.php 第 232 行.
NOTIC: [8] Use of undefined constant itemid - assumed 'itemid' D:\APMServ5.2.6\www\htdocs\ikphp\data\runtime\Cache\home\11e2f12d84b746b76491e3160c81a5b0.php 第 232 行.
NOTIC: [8] Use of undefined constant title - assumed 'title' D:\APMServ5.2.6\www\htdocs\ikphp\data\runtime\Cache\home\11e2f12d84b746b76491e3160c81a5b0.php 第 232 行.
INFO: Run ParseTemplate Behavior [ RunTime:0.166912s ]
INFO: [ view_parse ] --END-- [ RunTime:0.167050s ]
INFO: [ view_filter ] --START--
INFO: Run ContentReplace Behavior [ RunTime:0.036991s ]
INFO: Run TokenBuild Behavior [ RunTime:0.033272s ]
INFO: Run WriteHtmlCache Behavior [ RunTime:0.018327s ]
INFO: Run ShowRuntime Behavior [ RunTime:0.027024s ]
INFO: Run content_replace Behavior [ RunTime:0.020665s ]
INFO: [ view_filter ] --END-- [ RunTime:0.136737s ]
INFO: [ view_end ] --START--
INFO: Run ShowPageTrace Behavior [ RunTime:0.011463s ]
INFO: [ view_end ] --END-- [ RunTime:0.011587s ]

[ 2013-05-21T22:24:22+08:00 ] 127.0.0.1 /ikphp/index.php?m=group&a=explore
INFO: [ app_begin ] --START--
INFO: Run ReadHtmlCache Behavior [ RunTime:0.002663s ]
INFO: Run load_lang Behavior [ RunTime:0.003719s ]
INFO: [ app_begin ] --END-- [ RunTime:0.006669s ]
SQL: SHOW COLUMNS FROM `ik_message` [ RunTime:0.004636s ]
SQL: SELECT COUNT(*) AS tp_count FROM `ik_message` WHERE ( `touserid` = null ) AND ( `isread` = 0 ) AND ( `isinbox` = 0 ) LIMIT 1   [ RunTime:0.001713s ]
SQL: SELECT COUNT(*) AS count FROM ik_user_online WHERE `ctime` > 1369145362 [ RunTime:0.000566s ]
ERR: Table 'ikphp.ik_user_online' doesn't exist
 [ SQL语句 ] : SELECT COUNT(*) AS count FROM ik_user_online WHERE `ctime` > 1369145362
SQL: SHOW COLUMNS FROM `ik_group` [ RunTime:0.005272s ]
SQL: SHOW COLUMNS FROM `ik_user` [ RunTime:0.006022s ]
SQL: SHOW COLUMNS FROM `ik_group_users` [ RunTime:0.004952s ]
SQL: SHOW COLUMNS FROM `ik_group_topics` [ RunTime:0.004794s ]
SQL: SHOW COLUMNS FROM `ik_group_topics_collects` [ RunTime:0.004024s ]
SQL: SHOW COLUMNS FROM `ik_group_topics_comments` [ RunTime:0.004120s ]
SQL: SELECT COUNT(groupid) AS tp_count FROM `ik_group` WHERE ( `isopen` = 0 ) AND ( `isaudit` = 0 ) ORDER BY isrecommend DESC LIMIT 1   [ RunTime:0.043276s ]
SQL: SELECT * FROM `ik_group` WHERE ( `isopen` = 0 ) AND ( `isaudit` = 0 ) ORDER BY isrecommend DESC LIMIT 0,40   [ RunTime:0.000760s ]
SQL: SELECT COUNT(*) AS tp_count FROM `ik_group` WHERE ( `groupid` = 4 ) LIMIT 1   [ RunTime:0.000563s ]
SQL: SELECT * FROM `ik_group` WHERE ( `groupid` = 4 ) LIMIT 1   [ RunTime:0.000460s ]
SQL: SELECT COUNT(*) AS tp_count FROM `ik_group` WHERE ( `groupid` = 9 ) LIMIT 1   [ RunTime:0.000481s ]
SQL: SELECT * FROM `ik_group` WHERE ( `groupid` = 9 ) LIMIT 1   [ RunTime:0.000504s ]
SQL: SELECT COUNT(*) AS tp_count FROM `ik_group` WHERE ( `groupid` = 10 ) LIMIT 1   [ RunTime:0.000310s ]
SQL: SELECT * FROM `ik_group` WHERE ( `groupid` = 10 ) LIMIT 1   [ RunTime:0.000297s ]
SQL: SELECT COUNT(*) AS tp_count FROM `ik_group` WHERE ( `groupid` = 11 ) LIMIT 1   [ RunTime:0.000263s ]
SQL: SELECT * FROM `ik_group` WHERE ( `groupid` = 11 ) LIMIT 1   [ RunTime:0.000314s ]
SQL: SELECT COUNT(*) AS tp_count FROM `ik_group` WHERE ( `groupid` = 12 ) LIMIT 1   [ RunTime:0.000237s ]
SQL: SELECT * FROM `ik_group` WHERE ( `groupid` = 12 ) LIMIT 1   [ RunTime:0.000441s ]
SQL: SELECT COUNT(*) AS tp_count FROM `ik_group` WHERE ( `groupid` = 14 ) LIMIT 1   [ RunTime:0.001032s ]
SQL: SELECT * FROM `ik_group` WHERE ( `groupid` = 14 ) LIMIT 1   [ RunTime:0.000639s ]
NOTIC: [8] Use of undefined constant groupname - assumed 'groupname' D:\APMServ5.2.6\www\htdocs\ikphp\app\Lib\Action\home\groupAction.class.php 第 642 行.
NOTIC: [8] Use of undefined constant groupname - assumed 'groupname' D:\APMServ5.2.6\www\htdocs\ikphp\app\Lib\Action\home\groupAction.class.php 第 642 行.
NOTIC: [8] Use of undefined constant groupname - assumed 'groupname' D:\APMServ5.2.6\www\htdocs\ikphp\app\Lib\Action\home\groupAction.class.php 第 642 行.
NOTIC: [8] Use of undefined constant groupname - assumed 'groupname' D:\APMServ5.2.6\www\htdocs\ikphp\app\Lib\Action\home\groupAction.class.php 第 642 行.
NOTIC: [8] Use of undefined constant groupname - assumed 'groupname' D:\APMServ5.2.6\www\htdocs\ikphp\app\Lib\Action\home\groupAction.class.php 第 642 行.
NOTIC: [8] Use of undefined constant groupname - assumed 'groupname' D:\APMServ5.2.6\www\htdocs\ikphp\app\Lib\Action\home\groupAction.class.php 第 642 行.
INFO: [ view_template ] --START--
INFO: Run LocationTemplate Behavior [ RunTime:0.004415s ]
INFO: [ view_template ] --END-- [ RunTime:0.004546s ]
INFO: [ view_parse ] --START--
NOTIC: [8] Use of undefined constant style - assumed 'style' D:\APMServ5.2.6\www\htdocs\ikphp\data\runtime\Cache\home\2c6bc4f3911c590226a76d82ec887b72.php 第 97 行.
NOTIC: [8] Use of undefined constant url - assumed 'url' D:\APMServ5.2.6\www\htdocs\ikphp\data\runtime\Cache\home\2c6bc4f3911c590226a76d82ec887b72.php 第 98 行.
NOTIC: [8] Use of undefined constant name - assumed 'name' D:\APMServ5.2.6\www\htdocs\ikphp\data\runtime\Cache\home\2c6bc4f3911c590226a76d82ec887b72.php 第 98 行.
NOTIC: [8] Use of undefined constant url - assumed 'url' D:\APMServ5.2.6\www\htdocs\ikphp\data\runtime\Cache\home\2c6bc4f3911c590226a76d82ec887b72.php 第 102 行.
NOTIC: [8] Use of undefined constant name - assumed 'name' D:\APMServ5.2.6\www\htdocs\ikphp\data\runtime\Cache\home\2c6bc4f3911c590226a76d82ec887b72.php 第 102 行.
NOTIC: [8] Use of undefined constant url - assumed 'url' D:\APMServ5.2.6\www\htdocs\ikphp\data\runtime\Cache\home\2c6bc4f3911c590226a76d82ec887b72.php 第 102 行.
NOTIC: [8] Use of undefined constant name - assumed 'name' D:\APMServ5.2.6\www\htdocs\ikphp\data\runtime\Cache\home\2c6bc4f3911c590226a76d82ec887b72.php 第 102 行.
NOTIC: [8] Use of undefined constant url - assumed 'url' D:\APMServ5.2.6\www\htdocs\ikphp\data\runtime\Cache\home\2c6bc4f3911c590226a76d82ec887b72.php 第 102 行.
NOTIC: [8] Use of undefined constant name - assumed 'name' D:\APMServ5.2.6\www\htdocs\ikphp\data\runtime\Cache\home\2c6bc4f3911c590226a76d82ec887b72.php 第 102 行.
NOTIC: [8] Use of undefined constant groupname - assumed 'groupname' D:\APMServ5.2.6\www\htdocs\ikphp\data\runtime\Cache\home\2c6bc4f3911c590226a76d82ec887b72.php 第 131 行.
NOTIC: [8] Use of undefined constant groupid - assumed 'groupid' D:\APMServ5.2.6\www\htdocs\ikphp\data\runtime\Cache\home\2c6bc4f3911c590226a76d82ec887b72.php 第 131 行.
NOTIC: [8] Use of undefined constant icon_48 - assumed 'icon_48' D:\APMServ5.2.6\www\htdocs\ikphp\data\runtime\Cache\home\2c6bc4f3911c590226a76d82ec887b72.php 第 132 行.
NOTIC: [8] Use of undefined constant groupname - assumed 'groupname' D:\APMServ5.2.6\www\htdocs\ikphp\data\runtime\Cache\home\2c6bc4f3911c590226a76d82ec887b72.php 第 132 行.
NOTIC: [8] Use of undefined constant groupid - assumed 'groupid' D:\APMServ5.2.6\www\htdocs\ikphp\data\runtime\Cache\home\2c6bc4f3911c590226a76d82ec887b72.php 第 137 行.
NOTIC: [8] Use of undefined constant groupname - assumed 'groupname' D:\APMServ5.2.6\www\htdocs\ikphp\data\runtime\Cache\home\2c6bc4f3911c590226a76d82ec887b72.php 第 137 行.
NOTIC: [8] Use of undefined constant count_user - assumed 'count_user' D:\APMServ5.2.6\www\htdocs\ikphp\data\runtime\Cache\home\2c6bc4f3911c590226a76d82ec887b72.php 第 139 行.
NOTIC: [8] Use of undefined constant groupdesc - assumed 'groupdesc' D:\APMServ5.2.6\www\htdocs\ikphp\data\runtime\Cache\home\2c6bc4f3911c590226a76d82ec887b72.php 第 140 行.
NOTIC: [8] Use of undefined constant groupname - assumed 'groupname' D:\APMServ5.2.6\www\htdocs\ikphp\data\runtime\Cache\home\2c6bc4f3911c590226a76d82ec887b72.php 第 131 行.
NOTIC: [8] Use of undefined constant groupid - assumed 'groupid' D:\APMServ5.2.6\www\htdocs\ikphp\data\runtime\Cache\home\2c6bc4f3911c590226a76d82ec887b72.php 第 131 行.
NOTIC: [8] Use of undefined constant icon_48 - assumed 'icon_48' D:\APMServ5.2.6\www\htdocs\ikphp\data\runtime\Cache\home\2c6bc4f3911c590226a76d82ec887b72.php 第 132 行.
NOTIC: [8] Use of undefined constant groupname - assumed 'groupname' D:\APMServ5.2.6\www\htdocs\ikphp\data\runtime\Cache\home\2c6bc4f3911c590226a76d82ec887b72.php 第 132 行.
NOTIC: [8] Use of undefined constant groupid - assumed 'groupid' D:\APMServ5.2.6\www\htdocs\ikphp\data\runtime\Cache\home\2c6bc4f3911c590226a76d82ec887b72.php 第 137 行.
NOTIC: [8] Use of undefined constant groupname - assumed 'groupname' D:\APMServ5.2.6\www\htdocs\ikphp\data\runtime\Cache\home\2c6bc4f3911c590226a76d82ec887b72.php 第 137 行.
NOTIC: [8] Use of undefined constant count_user - assumed 'count_user' D:\APMServ5.2.6\www\htdocs\ikphp\data\runtime\Cache\home\2c6bc4f3911c590226a76d82ec887b72.php 第 139 行.
NOTIC: [8] Use of undefined constant groupdesc - assumed 'groupdesc' D:\APMServ5.2.6\www\htdocs\ikphp\data\runtime\Cache\home\2c6bc4f3911c590226a76d82ec887b72.php 第 140 行.
NOTIC: [8] Use of undefined constant groupname - assumed 'groupname' D:\APMServ5.2.6\www\htdocs\ikphp\data\runtime\Cache\home\2c6bc4f3911c590226a76d82ec887b72.php 第 131 行.
NOTIC: [8] Use of undefined constant groupid - assumed 'groupid' D:\APMServ5.2.6\www\htdocs\ikphp\data\runtime\Cache\home\2c6bc4f3911c590226a76d82ec887b72.php 第 131 行.
NOTIC: [8] Use of undefined constant icon_48 - assumed 'icon_48' D:\APMServ5.2.6\www\htdocs\ikphp\data\runtime\Cache\home\2c6bc4f3911c590226a76d82ec887b72.php 第 132 行.
NOTIC: [8] Use of undefined constant groupname - assumed 'groupname' D:\APMServ5.2.6\www\htdocs\ikphp\data\runtime\Cache\home\2c6bc4f3911c590226a76d82ec887b72.php 第 132 行.
NOTIC: [8] Use of undefined constant groupid - assumed 'groupid' D:\APMServ5.2.6\www\htdocs\ikphp\data\runtime\Cache\home\2c6bc4f3911c590226a76d82ec887b72.php 第 137 行.
NOTIC: [8] Use of undefined constant groupname - assumed 'groupname' D:\APMServ5.2.6\www\htdocs\ikphp\data\runtime\Cache\home\2c6bc4f3911c590226a76d82ec887b72.php 第 137 行.
NOTIC: [8] Use of undefined constant count_user - assumed 'count_user' D:\APMServ5.2.6\www\htdocs\ikphp\data\runtime\Cache\home\2c6bc4f3911c590226a76d82ec887b72.php 第 139 行.
NOTIC: [8] Use of undefined constant groupdesc - assumed 'groupdesc' D:\APMServ5.2.6\www\htdocs\ikphp\data\runtime\Cache\home\2c6bc4f3911c590226a76d82ec887b72.php 第 140 行.
NOTIC: [8] Use of undefined constant groupname - assumed 'groupname' D:\APMServ5.2.6\www\htdocs\ikphp\data\runtime\Cache\home\2c6bc4f3911c590226a76d82ec887b72.php 第 131 行.
NOTIC: [8] Use of undefined constant groupid - assumed 'groupid' D:\APMServ5.2.6\www\htdocs\ikphp\data\runtime\Cache\home\2c6bc4f3911c590226a76d82ec887b72.php 第 131 行.
NOTIC: [8] Use of undefined constant icon_48 - assumed 'icon_48' D:\APMServ5.2.6\www\htdocs\ikphp\data\runtime\Cache\home\2c6bc4f3911c590226a76d82ec887b72.php 第 132 行.
NOTIC: [8] Use of undefined constant groupname - assumed 'groupname' D:\APMServ5.2.6\www\htdocs\ikphp\data\runtime\Cache\home\2c6bc4f3911c590226a76d82ec887b72.php 第 132 行.
NOTIC: [8] Use of undefined constant groupid - assumed 'groupid' D:\APMServ5.2.6\www\htdocs\ikphp\data\runtime\Cache\home\2c6bc4f3911c590226a76d82ec887b72.php 第 137 行.
NOTIC: [8] Use of undefined constant groupname - assumed 'groupname' D:\APMServ5.2.6\www\htdocs\ikphp\data\runtime\Cache\home\2c6bc4f3911c590226a76d82ec887b72.php 第 137 行.
NOTIC: [8] Use of undefined constant count_user - assumed 'count_user' D:\APMServ5.2.6\www\htdocs\ikphp\data\runtime\Cache\home\2c6bc4f3911c590226a76d82ec887b72.php 第 139 行.
NOTIC: [8] Use of undefined constant groupdesc - assumed 'groupdesc' D:\APMServ5.2.6\www\htdocs\ikphp\data\runtime\Cache\home\2c6bc4f3911c590226a76d82ec887b72.php 第 140 行.
NOTIC: [8] Use of undefined constant groupname - assumed 'groupname' D:\APMServ5.2.6\www\htdocs\ikphp\data\runtime\Cache\home\2c6bc4f3911c590226a76d82ec887b72.php 第 131 行.
NOTIC: [8] Use of undefined constant groupid - assumed 'groupid' D:\APMServ5.2.6\www\htdocs\ikphp\data\runtime\Cache\home\2c6bc4f3911c590226a76d82ec887b72.php 第 131 行.
NOTIC: [8] Use of undefined constant icon_48 - assumed 'icon_48' D:\APMServ5.2.6\www\htdocs\ikphp\data\runtime\Cache\home\2c6bc4f3911c590226a76d82ec887b72.php 第 132 行.
NOTIC: [8] Use of undefined constant groupname - assumed 'groupname' D:\APMServ5.2.6\www\htdocs\ikphp\data\runtime\Cache\home\2c6bc4f3911c590226a76d82ec887b72.php 第 132 行.
NOTIC: [8] Use of undefined constant groupid - assumed 'groupid' D:\APMServ5.2.6\www\htdocs\ikphp\data\runtime\Cache\home\2c6bc4f3911c590226a76d82ec887b72.php 第 137 行.
NOTIC: [8] Use of undefined constant groupname - assumed 'groupname' D:\APMServ5.2.6\www\htdocs\ikphp\data\runtime\Cache\home\2c6bc4f3911c590226a76d82ec887b72.php 第 137 行.
NOTIC: [8] Use of undefined constant count_user - assumed 'count_user' D:\APMServ5.2.6\www\htdocs\ikphp\data\runtime\Cache\home\2c6bc4f3911c590226a76d82ec887b72.php 第 139 行.
NOTIC: [8] Use of undefined constant groupdesc - assumed 'groupdesc' D:\APMServ5.2.6\www\htdocs\ikphp\data\runtime\Cache\home\2c6bc4f3911c590226a76d82ec887b72.php 第 140 行.
NOTIC: [8] Use of undefined constant groupname - assumed 'groupname' D:\APMServ5.2.6\www\htdocs\ikphp\data\runtime\Cache\home\2c6bc4f3911c590226a76d82ec887b72.php 第 131 行.
NOTIC: [8] Use of undefined constant groupid - assumed 'groupid' D:\APMServ5.2.6\www\htdocs\ikphp\data\runtime\Cache\home\2c6bc4f3911c590226a76d82ec887b72.php 第 131 行.
NOTIC: [8] Use of undefined constant icon_48 - assumed 'icon_48' D:\APMServ5.2.6\www\htdocs\ikphp\data\runtime\Cache\home\2c6bc4f3911c590226a76d82ec887b72.php 第 132 行.
NOTIC: [8] Use of undefined constant groupname - assumed 'groupname' D:\APMServ5.2.6\www\htdocs\ikphp\data\runtime\Cache\home\2c6bc4f3911c590226a76d82ec887b72.php 第 132 行.
NOTIC: [8] Use of undefined constant groupid - assumed 'groupid' D:\APMServ5.2.6\www\htdocs\ikphp\data\runtime\Cache\home\2c6bc4f3911c590226a76d82ec887b72.php 第 137 行.
NOTIC: [8] Use of undefined constant groupname - assumed 'groupname' D:\APMServ5.2.6\www\htdocs\ikphp\data\runtime\Cache\home\2c6bc4f3911c590226a76d82ec887b72.php 第 137 行.
NOTIC: [8] Use of undefined constant count_user - assumed 'count_user' D:\APMServ5.2.6\www\htdocs\ikphp\data\runtime\Cache\home\2c6bc4f3911c590226a76d82ec887b72.php 第 139 行.
NOTIC: [8] Use of undefined constant groupdesc - assumed 'groupdesc' D:\APMServ5.2.6\www\htdocs\ikphp\data\runtime\Cache\home\2c6bc4f3911c590226a76d82ec887b72.php 第 140 行.
INFO: Run ParseTemplate Behavior [ RunTime:0.103910s ]
INFO: [ view_parse ] --END-- [ RunTime:0.104056s ]
INFO: [ view_filter ] --START--
INFO: Run ContentReplace Behavior [ RunTime:0.002678s ]
INFO: Run TokenBuild Behavior [ RunTime:0.002335s ]
INFO: Run WriteHtmlCache Behavior [ RunTime:0.004057s ]
INFO: Run ShowRuntime Behavior [ RunTime:0.002439s ]
INFO: Run content_replace Behavior [ RunTime:0.005487s ]
INFO: [ view_filter ] --END-- [ RunTime:0.017449s ]
INFO: [ view_end ] --START--
INFO: Run ShowPageTrace Behavior [ RunTime:0.002483s ]
INFO: [ view_end ] --END-- [ RunTime:0.002601s ]

[ 2013-05-21T22:24:25+08:00 ] 127.0.0.1 /ikphp/index.php?m=group&a=explore&tag=%E6%97%85%E8%A1%8C
INFO: [ app_begin ] --START--
INFO: Run ReadHtmlCache Behavior [ RunTime:0.002358s ]
INFO: Run load_lang Behavior [ RunTime:0.003345s ]
INFO: [ app_begin ] --END-- [ RunTime:0.005922s ]
SQL: SHOW COLUMNS FROM `ik_message` [ RunTime:0.004080s ]
SQL: SELECT COUNT(*) AS tp_count FROM `ik_message` WHERE ( `touserid` = null ) AND ( `isread` = 0 ) AND ( `isinbox` = 0 ) LIMIT 1   [ RunTime:0.001642s ]
SQL: SELECT COUNT(*) AS count FROM ik_user_online WHERE `ctime` > 1369145365 [ RunTime:0.000716s ]
ERR: Table 'ikphp.ik_user_online' doesn't exist
 [ SQL语句 ] : SELECT COUNT(*) AS count FROM ik_user_online WHERE `ctime` > 1369145365
SQL: SHOW COLUMNS FROM `ik_group` [ RunTime:0.006711s ]
SQL: SHOW COLUMNS FROM `ik_user` [ RunTime:0.005522s ]
SQL: SHOW COLUMNS FROM `ik_group_users` [ RunTime:0.004923s ]
SQL: SHOW COLUMNS FROM `ik_group_topics` [ RunTime:0.005024s ]
SQL: SHOW COLUMNS FROM `ik_group_topics_collects` [ RunTime:0.005975s ]
SQL: SHOW COLUMNS FROM `ik_group_topics_comments` [ RunTime:0.007979s ]
SQL: SHOW COLUMNS FROM `ik_tag` [ RunTime:0.020591s ]
SQL: SELECT * FROM `ik_tag` WHERE ( `tagname` = '旅行' ) LIMIT 1   [ RunTime:0.000854s ]
SQL: SHOW COLUMNS FROM `ik_tag_group_index` [ RunTime:0.006544s ]
SQL: SELECT `groupid` FROM `ik_tag_group_index` WHERE ( `tagid` = null ) ORDER BY groupid DESC  [ RunTime:0.002557s ]
NOTIC: [2] Invalid argument supplied for foreach() D:\APMServ5.2.6\www\htdocs\ikphp\app\Lib\Action\home\groupAction.class.php 第 614 行.
NOTIC: [8] Undefined variable: groupid D:\APMServ5.2.6\www\htdocs\ikphp\app\Lib\Action\home\groupAction.class.php 第 617 行.
NOTIC: [2] implode() [<a href='function.implode'>function.implode</a>]: Invalid arguments passed D:\APMServ5.2.6\www\htdocs\ikphp\app\Lib\Action\home\groupAction.class.php 第 617 行.
SQL: SELECT COUNT(groupid) AS tp_count FROM `ik_group` WHERE (  (`groupid`  IN () )  ) ORDER BY isrecommend DESC LIMIT 1   [ RunTime:0.000296s ]
ERR: You have an error in your SQL syntax; check the manual that corresponds to your MySQL server version for the right syntax to use near ') )  ) ORDER BY isrecommend DESC LIMIT 1' at line 1
 [ SQL语句 ] : SELECT COUNT(groupid) AS tp_count FROM `ik_group` WHERE (  (`groupid`  IN () )  ) ORDER BY isrecommend DESC LIMIT 1  
SQL: SELECT * FROM `ik_group` WHERE (  (`groupid`  IN () )  ) ORDER BY isrecommend DESC LIMIT 0,40   [ RunTime:0.000217s ]
ERR: You have an error in your SQL syntax; check the manual that corresponds to your MySQL server version for the right syntax to use near ') )  ) ORDER BY isrecommend DESC LIMIT 0,40' at line 1
 [ SQL语句 ] : SELECT * FROM `ik_group` WHERE (  (`groupid`  IN () )  ) ORDER BY isrecommend DESC LIMIT 0,40  
NOTIC: [2] Invalid argument supplied for foreach() D:\APMServ5.2.6\www\htdocs\ikphp\app\Lib\Action\home\groupAction.class.php 第 637 行.
NOTIC: [8] Undefined variable: arrData D:\APMServ5.2.6\www\htdocs\ikphp\app\Lib\Action\home\groupAction.class.php 第 640 行.
NOTIC: [2] Invalid argument supplied for foreach() D:\APMServ5.2.6\www\htdocs\ikphp\app\Lib\Action\home\groupAction.class.php 第 640 行.
NOTIC: [8] Undefined variable: exploreGroup D:\APMServ5.2.6\www\htdocs\ikphp\app\Lib\Action\home\groupAction.class.php 第 647 行.
INFO: [ view_template ] --START--
INFO: Run LocationTemplate Behavior [ RunTime:0.004878s ]
INFO: [ view_template ] --END-- [ RunTime:0.005037s ]
INFO: [ view_parse ] --START--
NOTIC: [8] Use of undefined constant style - assumed 'style' D:\APMServ5.2.6\www\htdocs\ikphp\data\runtime\Cache\home\2c6bc4f3911c590226a76d82ec887b72.php 第 97 行.
NOTIC: [8] Use of undefined constant url - assumed 'url' D:\APMServ5.2.6\www\htdocs\ikphp\data\runtime\Cache\home\2c6bc4f3911c590226a76d82ec887b72.php 第 98 行.
NOTIC: [8] Use of undefined constant name - assumed 'name' D:\APMServ5.2.6\www\htdocs\ikphp\data\runtime\Cache\home\2c6bc4f3911c590226a76d82ec887b72.php 第 98 行.
NOTIC: [8] Use of undefined constant url - assumed 'url' D:\APMServ5.2.6\www\htdocs\ikphp\data\runtime\Cache\home\2c6bc4f3911c590226a76d82ec887b72.php 第 102 行.
NOTIC: [8] Use of undefined constant name - assumed 'name' D:\APMServ5.2.6\www\htdocs\ikphp\data\runtime\Cache\home\2c6bc4f3911c590226a76d82ec887b72.php 第 102 行.
NOTIC: [8] Use of undefined constant url - assumed 'url' D:\APMServ5.2.6\www\htdocs\ikphp\data\runtime\Cache\home\2c6bc4f3911c590226a76d82ec887b72.php 第 102 行.
NOTIC: [8] Use of undefined constant name - assumed 'name' D:\APMServ5.2.6\www\htdocs\ikphp\data\runtime\Cache\home\2c6bc4f3911c590226a76d82ec887b72.php 第 102 行.
NOTIC: [8] Use of undefined constant url - assumed 'url' D:\APMServ5.2.6\www\htdocs\ikphp\data\runtime\Cache\home\2c6bc4f3911c590226a76d82ec887b72.php 第 102 行.
NOTIC: [8] Use of undefined constant name - assumed 'name' D:\APMServ5.2.6\www\htdocs\ikphp\data\runtime\Cache\home\2c6bc4f3911c590226a76d82ec887b72.php 第 102 行.
INFO: Run ParseTemplate Behavior [ RunTime:0.071099s ]
INFO: [ view_parse ] --END-- [ RunTime:0.071259s ]
INFO: [ view_filter ] --START--
INFO: Run ContentReplace Behavior [ RunTime:0.002536s ]
INFO: Run TokenBuild Behavior [ RunTime:0.002410s ]
INFO: Run WriteHtmlCache Behavior [ RunTime:0.002657s ]
INFO: Run ShowRuntime Behavior [ RunTime:0.002534s ]
INFO: Run content_replace Behavior [ RunTime:0.005833s ]
INFO: [ view_filter ] --END-- [ RunTime:0.016379s ]
INFO: [ view_end ] --START--
INFO: Run ShowPageTrace Behavior [ RunTime:0.002321s ]
INFO: [ view_end ] --END-- [ RunTime:0.002424s ]

[ 2013-05-21T22:24:31+08:00 ] 127.0.0.1 /ikphp/index.php?m=group&a=explore&tag=%D4%CB%B6%AF
INFO: [ app_begin ] --START--
INFO: Run ReadHtmlCache Behavior [ RunTime:0.002396s ]
INFO: Run load_lang Behavior [ RunTime:0.003241s ]
INFO: [ app_begin ] --END-- [ RunTime:0.005860s ]
SQL: SHOW COLUMNS FROM `ik_message` [ RunTime:0.004371s ]
SQL: SELECT COUNT(*) AS tp_count FROM `ik_message` WHERE ( `touserid` = null ) AND ( `isread` = 0 ) AND ( `isinbox` = 0 ) LIMIT 1   [ RunTime:0.001833s ]
SQL: SELECT COUNT(*) AS count FROM ik_user_online WHERE `ctime` > 1369145371 [ RunTime:0.000573s ]
ERR: Table 'ikphp.ik_user_online' doesn't exist
 [ SQL语句 ] : SELECT COUNT(*) AS count FROM ik_user_online WHERE `ctime` > 1369145371
SQL: SHOW COLUMNS FROM `ik_group` [ RunTime:0.004450s ]
SQL: SHOW COLUMNS FROM `ik_user` [ RunTime:0.004821s ]
SQL: SHOW COLUMNS FROM `ik_group_users` [ RunTime:0.004137s ]
SQL: SHOW COLUMNS FROM `ik_group_topics` [ RunTime:0.007137s ]
SQL: SHOW COLUMNS FROM `ik_group_topics_collects` [ RunTime:0.004055s ]
SQL: SHOW COLUMNS FROM `ik_group_topics_comments` [ RunTime:0.004695s ]
SQL: SHOW COLUMNS FROM `ik_tag` [ RunTime:0.004255s ]
SQL: SELECT * FROM `ik_tag` WHERE ( `tagname` = '˶' ) LIMIT 1   [ RunTime:0.001716s ]
SQL: SHOW COLUMNS FROM `ik_tag_group_index` [ RunTime:0.003979s ]
SQL: SELECT `groupid` FROM `ik_tag_group_index` WHERE ( `tagid` = null ) ORDER BY groupid DESC  [ RunTime:0.001500s ]
NOTIC: [2] Invalid argument supplied for foreach() D:\APMServ5.2.6\www\htdocs\ikphp\app\Lib\Action\home\groupAction.class.php 第 614 行.
NOTIC: [8] Undefined variable: groupid D:\APMServ5.2.6\www\htdocs\ikphp\app\Lib\Action\home\groupAction.class.php 第 617 行.
NOTIC: [2] implode() [<a href='function.implode'>function.implode</a>]: Invalid arguments passed D:\APMServ5.2.6\www\htdocs\ikphp\app\Lib\Action\home\groupAction.class.php 第 617 行.
SQL: SELECT COUNT(groupid) AS tp_count FROM `ik_group` WHERE (  (`groupid`  IN () )  ) ORDER BY isrecommend DESC LIMIT 1   [ RunTime:0.000395s ]
ERR: You have an error in your SQL syntax; check the manual that corresponds to your MySQL server version for the right syntax to use near ') )  ) ORDER BY isrecommend DESC LIMIT 1' at line 1
 [ SQL语句 ] : SELECT COUNT(groupid) AS tp_count FROM `ik_group` WHERE (  (`groupid`  IN () )  ) ORDER BY isrecommend DESC LIMIT 1  
SQL: SELECT * FROM `ik_group` WHERE (  (`groupid`  IN () )  ) ORDER BY isrecommend DESC LIMIT 0,40   [ RunTime:0.000218s ]
ERR: You have an error in your SQL syntax; check the manual that corresponds to your MySQL server version for the right syntax to use near ') )  ) ORDER BY isrecommend DESC LIMIT 0,40' at line 1
 [ SQL语句 ] : SELECT * FROM `ik_group` WHERE (  (`groupid`  IN () )  ) ORDER BY isrecommend DESC LIMIT 0,40  
NOTIC: [2] Invalid argument supplied for foreach() D:\APMServ5.2.6\www\htdocs\ikphp\app\Lib\Action\home\groupAction.class.php 第 637 行.
NOTIC: [8] Undefined variable: arrData D:\APMServ5.2.6\www\htdocs\ikphp\app\Lib\Action\home\groupAction.class.php 第 640 行.
NOTIC: [2] Invalid argument supplied for foreach() D:\APMServ5.2.6\www\htdocs\ikphp\app\Lib\Action\home\groupAction.class.php 第 640 行.
NOTIC: [8] Undefined variable: exploreGroup D:\APMServ5.2.6\www\htdocs\ikphp\app\Lib\Action\home\groupAction.class.php 第 647 行.
INFO: [ view_template ] --START--
INFO: Run LocationTemplate Behavior [ RunTime:0.004431s ]
INFO: [ view_template ] --END-- [ RunTime:0.004561s ]
INFO: [ view_parse ] --START--
NOTIC: [8] Use of undefined constant style - assumed 'style' D:\APMServ5.2.6\www\htdocs\ikphp\data\runtime\Cache\home\2c6bc4f3911c590226a76d82ec887b72.php 第 97 行.
NOTIC: [8] Use of undefined constant url - assumed 'url' D:\APMServ5.2.6\www\htdocs\ikphp\data\runtime\Cache\home\2c6bc4f3911c590226a76d82ec887b72.php 第 98 行.
NOTIC: [8] Use of undefined constant name - assumed 'name' D:\APMServ5.2.6\www\htdocs\ikphp\data\runtime\Cache\home\2c6bc4f3911c590226a76d82ec887b72.php 第 98 行.
NOTIC: [8] Use of undefined constant url - assumed 'url' D:\APMServ5.2.6\www\htdocs\ikphp\data\runtime\Cache\home\2c6bc4f3911c590226a76d82ec887b72.php 第 102 行.
NOTIC: [8] Use of undefined constant name - assumed 'name' D:\APMServ5.2.6\www\htdocs\ikphp\data\runtime\Cache\home\2c6bc4f3911c590226a76d82ec887b72.php 第 102 行.
NOTIC: [8] Use of undefined constant url - assumed 'url' D:\APMServ5.2.6\www\htdocs\ikphp\data\runtime\Cache\home\2c6bc4f3911c590226a76d82ec887b72.php 第 102 行.
NOTIC: [8] Use of undefined constant name - assumed 'name' D:\APMServ5.2.6\www\htdocs\ikphp\data\runtime\Cache\home\2c6bc4f3911c590226a76d82ec887b72.php 第 102 行.
NOTIC: [8] Use of undefined constant url - assumed 'url' D:\APMServ5.2.6\www\htdocs\ikphp\data\runtime\Cache\home\2c6bc4f3911c590226a76d82ec887b72.php 第 102 行.
NOTIC: [8] Use of undefined constant name - assumed 'name' D:\APMServ5.2.6\www\htdocs\ikphp\data\runtime\Cache\home\2c6bc4f3911c590226a76d82ec887b72.php 第 102 行.
INFO: Run ParseTemplate Behavior [ RunTime:0.071572s ]
INFO: [ view_parse ] --END-- [ RunTime:0.071715s ]
INFO: [ view_filter ] --START--
INFO: Run ContentReplace Behavior [ RunTime:0.002500s ]
INFO: Run TokenBuild Behavior [ RunTime:0.002342s ]
INFO: Run WriteHtmlCache Behavior [ RunTime:0.002192s ]
INFO: Run ShowRuntime Behavior [ RunTime:0.002466s ]
INFO: Run content_replace Behavior [ RunTime:0.004648s ]
INFO: [ view_filter ] --END-- [ RunTime:0.014520s ]
INFO: [ view_end ] --START--
INFO: Run ShowPageTrace Behavior [ RunTime:0.002370s ]
INFO: [ view_end ] --END-- [ RunTime:0.002476s ]

[ 2013-05-21T22:24:39+08:00 ] 127.0.0.1 /ikphp/index.php?m=group&a=explore&tag=%C2%C3%D0%D0
INFO: [ app_begin ] --START--
INFO: Run ReadHtmlCache Behavior [ RunTime:0.002852s ]
INFO: Run load_lang Behavior [ RunTime:0.003246s ]
INFO: [ app_begin ] --END-- [ RunTime:0.006307s ]
SQL: SHOW COLUMNS FROM `ik_message` [ RunTime:0.004011s ]
SQL: SELECT COUNT(*) AS tp_count FROM `ik_message` WHERE ( `touserid` = null ) AND ( `isread` = 0 ) AND ( `isinbox` = 0 ) LIMIT 1   [ RunTime:0.001650s ]
SQL: SELECT COUNT(*) AS count FROM ik_user_online WHERE `ctime` > 1369145379 [ RunTime:0.000569s ]
ERR: Table 'ikphp.ik_user_online' doesn't exist
 [ SQL语句 ] : SELECT COUNT(*) AS count FROM ik_user_online WHERE `ctime` > 1369145379
SQL: SHOW COLUMNS FROM `ik_group` [ RunTime:0.006425s ]
SQL: SHOW COLUMNS FROM `ik_user` [ RunTime:0.004614s ]
SQL: SHOW COLUMNS FROM `ik_group_users` [ RunTime:0.004248s ]
SQL: SHOW COLUMNS FROM `ik_group_topics` [ RunTime:0.004670s ]
SQL: SHOW COLUMNS FROM `ik_group_topics_collects` [ RunTime:0.004099s ]
SQL: SHOW COLUMNS FROM `ik_group_topics_comments` [ RunTime:0.003930s ]
SQL: SHOW COLUMNS FROM `ik_tag` [ RunTime:0.004616s ]
SQL: SELECT * FROM `ik_tag` WHERE ( `tagname` = '' ) LIMIT 1   [ RunTime:0.002117s ]
SQL: SHOW COLUMNS FROM `ik_tag_group_index` [ RunTime:0.003803s ]
SQL: SELECT `groupid` FROM `ik_tag_group_index` WHERE ( `tagid` = null ) ORDER BY groupid DESC  [ RunTime:0.002127s ]
NOTIC: [2] Invalid argument supplied for foreach() D:\APMServ5.2.6\www\htdocs\ikphp\app\Lib\Action\home\groupAction.class.php 第 614 行.
NOTIC: [8] Undefined variable: groupid D:\APMServ5.2.6\www\htdocs\ikphp\app\Lib\Action\home\groupAction.class.php 第 617 行.
NOTIC: [2] implode() [<a href='function.implode'>function.implode</a>]: Invalid arguments passed D:\APMServ5.2.6\www\htdocs\ikphp\app\Lib\Action\home\groupAction.class.php 第 617 行.
SQL: SELECT COUNT(groupid) AS tp_count FROM `ik_group` WHERE (  (`groupid`  IN () )  ) ORDER BY isrecommend DESC LIMIT 1   [ RunTime:0.000310s ]
ERR: You have an error in your SQL syntax; check the manual that corresponds to your MySQL server version for the right syntax to use near ') )  ) ORDER BY isrecommend DESC LIMIT 1' at line 1
 [ SQL语句 ] : SELECT COUNT(groupid) AS tp_count FROM `ik_group` WHERE (  (`groupid`  IN () )  ) ORDER BY isrecommend DESC LIMIT 1  
SQL: SELECT * FROM `ik_group` WHERE (  (`groupid`  IN () )  ) ORDER BY isrecommend DESC LIMIT 0,40   [ RunTime:0.000340s ]
ERR: You have an error in your SQL syntax; check the manual that corresponds to your MySQL server version for the right syntax to use near ') )  ) ORDER BY isrecommend DESC LIMIT 0,40' at line 1
 [ SQL语句 ] : SELECT * FROM `ik_group` WHERE (  (`groupid`  IN () )  ) ORDER BY isrecommend DESC LIMIT 0,40  
NOTIC: [2] Invalid argument supplied for foreach() D:\APMServ5.2.6\www\htdocs\ikphp\app\Lib\Action\home\groupAction.class.php 第 637 行.
NOTIC: [8] Undefined variable: arrData D:\APMServ5.2.6\www\htdocs\ikphp\app\Lib\Action\home\groupAction.class.php 第 640 行.
NOTIC: [2] Invalid argument supplied for foreach() D:\APMServ5.2.6\www\htdocs\ikphp\app\Lib\Action\home\groupAction.class.php 第 640 行.
NOTIC: [8] Undefined variable: exploreGroup D:\APMServ5.2.6\www\htdocs\ikphp\app\Lib\Action\home\groupAction.class.php 第 647 行.
INFO: [ view_template ] --START--
INFO: Run LocationTemplate Behavior [ RunTime:0.004267s ]
INFO: [ view_template ] --END-- [ RunTime:0.004403s ]
INFO: [ view_parse ] --START--
NOTIC: [8] Use of undefined constant style - assumed 'style' D:\APMServ5.2.6\www\htdocs\ikphp\data\runtime\Cache\home\2c6bc4f3911c590226a76d82ec887b72.php 第 97 行.
NOTIC: [8] Use of undefined constant url - assumed 'url' D:\APMServ5.2.6\www\htdocs\ikphp\data\runtime\Cache\home\2c6bc4f3911c590226a76d82ec887b72.php 第 98 行.
NOTIC: [8] Use of undefined constant name - assumed 'name' D:\APMServ5.2.6\www\htdocs\ikphp\data\runtime\Cache\home\2c6bc4f3911c590226a76d82ec887b72.php 第 98 行.
NOTIC: [8] Use of undefined constant url - assumed 'url' D:\APMServ5.2.6\www\htdocs\ikphp\data\runtime\Cache\home\2c6bc4f3911c590226a76d82ec887b72.php 第 102 行.
NOTIC: [8] Use of undefined constant name - assumed 'name' D:\APMServ5.2.6\www\htdocs\ikphp\data\runtime\Cache\home\2c6bc4f3911c590226a76d82ec887b72.php 第 102 行.
NOTIC: [8] Use of undefined constant url - assumed 'url' D:\APMServ5.2.6\www\htdocs\ikphp\data\runtime\Cache\home\2c6bc4f3911c590226a76d82ec887b72.php 第 102 行.
NOTIC: [8] Use of undefined constant name - assumed 'name' D:\APMServ5.2.6\www\htdocs\ikphp\data\runtime\Cache\home\2c6bc4f3911c590226a76d82ec887b72.php 第 102 行.
NOTIC: [8] Use of undefined constant url - assumed 'url' D:\APMServ5.2.6\www\htdocs\ikphp\data\runtime\Cache\home\2c6bc4f3911c590226a76d82ec887b72.php 第 102 行.
NOTIC: [8] Use of undefined constant name - assumed 'name' D:\APMServ5.2.6\www\htdocs\ikphp\data\runtime\Cache\home\2c6bc4f3911c590226a76d82ec887b72.php 第 102 行.
INFO: Run ParseTemplate Behavior [ RunTime:0.068821s ]
INFO: [ view_parse ] --END-- [ RunTime:0.068964s ]
INFO: [ view_filter ] --START--
INFO: Run ContentReplace Behavior [ RunTime:0.002556s ]
INFO: Run TokenBuild Behavior [ RunTime:0.002217s ]
INFO: Run WriteHtmlCache Behavior [ RunTime:0.002232s ]
INFO: Run ShowRuntime Behavior [ RunTime:0.002462s ]
INFO: Run content_replace Behavior [ RunTime:0.004491s ]
INFO: [ view_filter ] --END-- [ RunTime:0.014317s ]
INFO: [ view_end ] --START--
INFO: Run ShowPageTrace Behavior [ RunTime:0.002300s ]
INFO: [ view_end ] --END-- [ RunTime:0.002406s ]

[ 2013-05-21T22:24:43+08:00 ] 127.0.0.1 /ikphp/index.php?m=group&a=explore&tag=%E6%91%84%E5%BD%B1
INFO: [ app_begin ] --START--
INFO: Run ReadHtmlCache Behavior [ RunTime:0.002610s ]
INFO: Run load_lang Behavior [ RunTime:0.003502s ]
INFO: [ app_begin ] --END-- [ RunTime:0.006392s ]
SQL: SHOW COLUMNS FROM `ik_message` [ RunTime:0.004749s ]
SQL: SELECT COUNT(*) AS tp_count FROM `ik_message` WHERE ( `touserid` = null ) AND ( `isread` = 0 ) AND ( `isinbox` = 0 ) LIMIT 1   [ RunTime:0.001751s ]
SQL: SELECT COUNT(*) AS count FROM ik_user_online WHERE `ctime` > 1369145382 [ RunTime:0.000594s ]
ERR: Table 'ikphp.ik_user_online' doesn't exist
 [ SQL语句 ] : SELECT COUNT(*) AS count FROM ik_user_online WHERE `ctime` > 1369145382
SQL: SHOW COLUMNS FROM `ik_group` [ RunTime:0.004324s ]
SQL: SHOW COLUMNS FROM `ik_user` [ RunTime:0.005279s ]
SQL: SHOW COLUMNS FROM `ik_group_users` [ RunTime:0.004313s ]
SQL: SHOW COLUMNS FROM `ik_group_topics` [ RunTime:0.005630s ]
SQL: SHOW COLUMNS FROM `ik_group_topics_collects` [ RunTime:0.004840s ]
SQL: SHOW COLUMNS FROM `ik_group_topics_comments` [ RunTime:0.004077s ]
SQL: SHOW COLUMNS FROM `ik_tag` [ RunTime:0.004468s ]
SQL: SELECT * FROM `ik_tag` WHERE ( `tagname` = '摄影' ) LIMIT 1   [ RunTime:0.001452s ]
SQL: SHOW COLUMNS FROM `ik_tag_group_index` [ RunTime:0.003769s ]
SQL: SELECT `groupid` FROM `ik_tag_group_index` WHERE ( `tagid` = null ) ORDER BY groupid DESC  [ RunTime:0.002423s ]
NOTIC: [2] Invalid argument supplied for foreach() D:\APMServ5.2.6\www\htdocs\ikphp\app\Lib\Action\home\groupAction.class.php 第 614 行.
NOTIC: [8] Undefined variable: groupid D:\APMServ5.2.6\www\htdocs\ikphp\app\Lib\Action\home\groupAction.class.php 第 617 行.
NOTIC: [2] implode() [<a href='function.implode'>function.implode</a>]: Invalid arguments passed D:\APMServ5.2.6\www\htdocs\ikphp\app\Lib\Action\home\groupAction.class.php 第 617 行.
SQL: SELECT COUNT(groupid) AS tp_count FROM `ik_group` WHERE (  (`groupid`  IN () )  ) ORDER BY isrecommend DESC LIMIT 1   [ RunTime:0.000197s ]
ERR: You have an error in your SQL syntax; check the manual that corresponds to your MySQL server version for the right syntax to use near ') )  ) ORDER BY isrecommend DESC LIMIT 1' at line 1
 [ SQL语句 ] : SELECT COUNT(groupid) AS tp_count FROM `ik_group` WHERE (  (`groupid`  IN () )  ) ORDER BY isrecommend DESC LIMIT 1  
SQL: SELECT * FROM `ik_group` WHERE (  (`groupid`  IN () )  ) ORDER BY isrecommend DESC LIMIT 0,40   [ RunTime:0.000230s ]
ERR: You have an error in your SQL syntax; check the manual that corresponds to your MySQL server version for the right syntax to use near ') )  ) ORDER BY isrecommend DESC LIMIT 0,40' at line 1
 [ SQL语句 ] : SELECT * FROM `ik_group` WHERE (  (`groupid`  IN () )  ) ORDER BY isrecommend DESC LIMIT 0,40  
NOTIC: [2] Invalid argument supplied for foreach() D:\APMServ5.2.6\www\htdocs\ikphp\app\Lib\Action\home\groupAction.class.php 第 637 行.
NOTIC: [8] Undefined variable: arrData D:\APMServ5.2.6\www\htdocs\ikphp\app\Lib\Action\home\groupAction.class.php 第 640 行.
NOTIC: [2] Invalid argument supplied for foreach() D:\APMServ5.2.6\www\htdocs\ikphp\app\Lib\Action\home\groupAction.class.php 第 640 行.
NOTIC: [8] Undefined variable: exploreGroup D:\APMServ5.2.6\www\htdocs\ikphp\app\Lib\Action\home\groupAction.class.php 第 647 行.
INFO: [ view_template ] --START--
INFO: Run LocationTemplate Behavior [ RunTime:0.004120s ]
INFO: [ view_template ] --END-- [ RunTime:0.004259s ]
INFO: [ view_parse ] --START--
NOTIC: [8] Use of undefined constant style - assumed 'style' D:\APMServ5.2.6\www\htdocs\ikphp\data\runtime\Cache\home\2c6bc4f3911c590226a76d82ec887b72.php 第 97 行.
NOTIC: [8] Use of undefined constant url - assumed 'url' D:\APMServ5.2.6\www\htdocs\ikphp\data\runtime\Cache\home\2c6bc4f3911c590226a76d82ec887b72.php 第 98 行.
NOTIC: [8] Use of undefined constant name - assumed 'name' D:\APMServ5.2.6\www\htdocs\ikphp\data\runtime\Cache\home\2c6bc4f3911c590226a76d82ec887b72.php 第 98 行.
NOTIC: [8] Use of undefined constant url - assumed 'url' D:\APMServ5.2.6\www\htdocs\ikphp\data\runtime\Cache\home\2c6bc4f3911c590226a76d82ec887b72.php 第 102 行.
NOTIC: [8] Use of undefined constant name - assumed 'name' D:\APMServ5.2.6\www\htdocs\ikphp\data\runtime\Cache\home\2c6bc4f3911c590226a76d82ec887b72.php 第 102 行.
NOTIC: [8] Use of undefined constant url - assumed 'url' D:\APMServ5.2.6\www\htdocs\ikphp\data\runtime\Cache\home\2c6bc4f3911c590226a76d82ec887b72.php 第 102 行.
NOTIC: [8] Use of undefined constant name - assumed 'name' D:\APMServ5.2.6\www\htdocs\ikphp\data\runtime\Cache\home\2c6bc4f3911c590226a76d82ec887b72.php 第 102 行.
NOTIC: [8] Use of undefined constant url - assumed 'url' D:\APMServ5.2.6\www\htdocs\ikphp\data\runtime\Cache\home\2c6bc4f3911c590226a76d82ec887b72.php 第 102 行.
NOTIC: [8] Use of undefined constant name - assumed 'name' D:\APMServ5.2.6\www\htdocs\ikphp\data\runtime\Cache\home\2c6bc4f3911c590226a76d82ec887b72.php 第 102 行.
INFO: Run ParseTemplate Behavior [ RunTime:0.068853s ]
INFO: [ view_parse ] --END-- [ RunTime:0.069002s ]
INFO: [ view_filter ] --START--
INFO: Run ContentReplace Behavior [ RunTime:0.002628s ]
INFO: Run TokenBuild Behavior [ RunTime:0.002516s ]
INFO: Run WriteHtmlCache Behavior [ RunTime:0.002395s ]
INFO: Run ShowRuntime Behavior [ RunTime:0.002405s ]
INFO: Run content_replace Behavior [ RunTime:0.005629s ]
INFO: [ view_filter ] --END-- [ RunTime:0.015964s ]
INFO: [ view_end ] --START--
INFO: Run ShowPageTrace Behavior [ RunTime:0.002283s ]
INFO: [ view_end ] --END-- [ RunTime:0.002383s ]

[ 2013-05-21T23:40:52+08:00 ] 127.0.0.1 /ikphp/index.php?g=admin&m=index&a=login
INFO: [ app_begin ] --START--
INFO: Run ReadHtmlCache Behavior [ RunTime:0.002491s ]
INFO: Run load_lang Behavior [ RunTime:0.004333s ]
INFO: [ app_begin ] --END-- [ RunTime:0.007122s ]
INFO: [ view_template ] --START--
INFO: Run LocationTemplate Behavior [ RunTime:0.013064s ]
INFO: [ view_template ] --END-- [ RunTime:0.013276s ]
INFO: [ view_parse ] --START--
INFO: Run ParseTemplate Behavior [ RunTime:0.105960s ]
INFO: [ view_parse ] --END-- [ RunTime:0.106103s ]
INFO: [ view_filter ] --START--
INFO: Run ContentReplace Behavior [ RunTime:0.002660s ]
INFO: Run TokenBuild Behavior [ RunTime:0.002659s ]
INFO: Run WriteHtmlCache Behavior [ RunTime:0.002530s ]
INFO: Run ShowRuntime Behavior [ RunTime:0.003008s ]
INFO: Run content_replace Behavior [ RunTime:0.016905s ]
INFO: [ view_filter ] --END-- [ RunTime:0.028217s ]
INFO: [ view_end ] --START--
INFO: Run ShowPageTrace Behavior [ RunTime:0.002751s ]
INFO: [ view_end ] --END-- [ RunTime:0.002871s ]

