[ 2013-05-16T09:29:53+08:00 ] 127.0.0.1 /IKPHP/
INFO: [ app_begin ] --START--
INFO: Run ReadHtmlCache Behavior [ RunTime:0.000856s ]
INFO: Run load_lang Behavior [ RunTime:0.002100s ]
INFO: [ app_begin ] --END-- [ RunTime:0.003171s ]
SQL: SHOW COLUMNS FROM `ik_message` [ RunTime:0.004632s ]
SQL: SELECT COUNT(*) AS tp_count FROM `ik_message` WHERE ( `touserid` = null ) AND ( `isread` = 0 ) AND ( `isinbox` = 0 ) LIMIT 1   [ RunTime:0.001095s ]
SQL: SELECT COUNT(*) AS count FROM ik_user_online WHERE `ctime` > 1368666893 [ RunTime:0.001353s ]
SQL: SHOW COLUMNS FROM `ik_group` [ RunTime:0.004716s ]
SQL: SHOW COLUMNS FROM `ik_user` [ RunTime:0.004936s ]
SQL: SHOW COLUMNS FROM `ik_group_topics` [ RunTime:0.004761s ]
SQL: SHOW COLUMNS FROM `ik_article` [ RunTime:0.004482s ]
SQL: SELECT `groupid` FROM `ik_group` WHERE ( `isshow` = 0 ) ORDER BY addtime desc LIMIT 10   [ RunTime:0.001388s ]
SQL: SELECT COUNT(*) AS tp_count FROM `ik_group` WHERE ( `groupid` = 38 ) LIMIT 1   [ RunTime:0.000476s ]
SQL: SELECT * FROM `ik_group` WHERE ( `groupid` = 38 ) LIMIT 1   [ RunTime:0.000519s ]
SQL: SELECT COUNT(*) AS tp_count FROM `ik_group` WHERE ( `groupid` = 37 ) LIMIT 1   [ RunTime:0.000448s ]
SQL: SELECT * FROM `ik_group` WHERE ( `groupid` = 37 ) LIMIT 1   [ RunTime:0.000521s ]
SQL: SELECT COUNT(*) AS tp_count FROM `ik_group` WHERE ( `groupid` = 36 ) LIMIT 1   [ RunTime:0.000458s ]
SQL: SELECT * FROM `ik_group` WHERE ( `groupid` = 36 ) LIMIT 1   [ RunTime:0.000529s ]
SQL: SELECT COUNT(*) AS tp_count FROM `ik_group` WHERE ( `groupid` = 35 ) LIMIT 1   [ RunTime:0.000445s ]
SQL: SELECT * FROM `ik_group` WHERE ( `groupid` = 35 ) LIMIT 1   [ RunTime:0.000515s ]
SQL: SELECT COUNT(*) AS tp_count FROM `ik_group` WHERE ( `groupid` = 34 ) LIMIT 1   [ RunTime:0.000445s ]
SQL: SELECT * FROM `ik_group` WHERE ( `groupid` = 34 ) LIMIT 1   [ RunTime:0.000494s ]
SQL: SELECT COUNT(*) AS tp_count FROM `ik_group` WHERE ( `groupid` = 33 ) LIMIT 1   [ RunTime:0.000443s ]
SQL: SELECT * FROM `ik_group` WHERE ( `groupid` = 33 ) LIMIT 1   [ RunTime:0.000485s ]
SQL: SELECT COUNT(*) AS tp_count FROM `ik_group` WHERE ( `groupid` = 32 ) LIMIT 1   [ RunTime:0.000434s ]
SQL: SELECT * FROM `ik_group` WHERE ( `groupid` = 32 ) LIMIT 1   [ RunTime:0.000505s ]
SQL: SELECT COUNT(*) AS tp_count FROM `ik_group` WHERE ( `groupid` = 31 ) LIMIT 1   [ RunTime:0.000444s ]
SQL: SELECT * FROM `ik_group` WHERE ( `groupid` = 31 ) LIMIT 1   [ RunTime:0.000490s ]
SQL: SELECT COUNT(*) AS tp_count FROM `ik_group` WHERE ( `groupid` = 30 ) LIMIT 1   [ RunTime:0.000442s ]
SQL: SELECT * FROM `ik_group` WHERE ( `groupid` = 30 ) LIMIT 1   [ RunTime:0.000491s ]
SQL: SELECT COUNT(*) AS tp_count FROM `ik_group` WHERE ( `groupid` = 29 ) LIMIT 1   [ RunTime:0.000439s ]
SQL: SELECT * FROM `ik_group` WHERE ( `groupid` = 29 ) LIMIT 1   [ RunTime:0.000494s ]
SQL: SELECT `userid`,`topicid`,`groupid`,`content`,`title` FROM `ik_group_topics` WHERE ( `groupid` > 0 ) AND ( `isaudit` = 0 ) ORDER BY istop desc,addtime desc LIMIT 15   [ RunTime:0.000931s ]
SQL: SELECT COUNT(*) AS tp_count FROM `ik_group_topics` WHERE ( `topicid` = 7 ) LIMIT 1   [ RunTime:0.000495s ]
SQL: SELECT * FROM `ik_group_topics` WHERE ( `topicid` = 7 ) LIMIT 1   [ RunTime:0.000527s ]
SQL: SHOW COLUMNS FROM `ik_images` [ RunTime:0.004521s ]
SQL: SELECT * FROM `ik_images` WHERE ( `type` = 'topic' ) AND ( `typeid` = 7 ) AND ( `seqid` = 1 ) LIMIT 1   [ RunTime:0.001219s ]
SQL: SELECT * FROM `ik_images` WHERE ( `type` = 'topic' ) AND ( `typeid` = 7 ) AND ( `seqid` = 2 ) LIMIT 1   [ RunTime:0.000551s ]
SQL: SELECT * FROM `ik_images` WHERE ( `type` = 'topic' ) AND ( `typeid` = 7 ) AND ( `seqid` = 1 ) LIMIT 1   [ RunTime:0.000514s ]
SQL: SELECT * FROM `ik_images` WHERE ( `type` = 'topic' ) AND ( `typeid` = 7 ) AND ( `seqid` = 2 ) LIMIT 1   [ RunTime:0.000541s ]
SQL: SHOW COLUMNS FROM `ik_videos` [ RunTime:0.004573s ]
SQL: SELECT * FROM `ik_videos` WHERE ( `type` = 'topic' ) AND ( `typeid` = 7 ) AND ( `seqid` = 1 ) LIMIT 1   [ RunTime:0.015382s ]
SQL: SELECT * FROM `ik_videos` WHERE ( `type` = 'topic' ) AND ( `typeid` = 7 ) AND ( `seqid` = 1 ) LIMIT 1   [ RunTime:0.000484s ]
SQL: SELECT * FROM `ik_user` WHERE ( `userid` = 3 ) LIMIT 1   [ RunTime:0.000543s ]
SQL: SHOW COLUMNS FROM `ik_area` [ RunTime:0.004491s ]
SQL: SELECT * FROM `ik_area` WHERE ( `areaid` = 2 ) LIMIT 1   [ RunTime:0.001222s ]
SQL: SHOW COLUMNS FROM `ik_user_online` [ RunTime:0.003667s ]
SQL: SELECT COUNT(*) AS tp_count FROM `ik_user_online` WHERE ( `userid` = 3 ) AND ( `ctime` > 1368666893 ) LIMIT 1   [ RunTime:0.001202s ]
SQL: SELECT * FROM `ik_images` WHERE ( `type` = 'topic' ) AND ( `typeid` = 7 ) AND ( `seqid` = 1 ) LIMIT 1   [ RunTime:0.000526s ]
SQL: SELECT * FROM `ik_images` WHERE ( `type` = 'topic' ) AND ( `typeid` = 7 ) AND ( `seqid` = 2 ) LIMIT 1   [ RunTime:0.000542s ]
SQL: SELECT * FROM `ik_images` WHERE ( `type` = 'topic' ) AND ( `typeid` = 7 ) AND ( `seqid` = 1 ) LIMIT 1   [ RunTime:0.000514s ]
SQL: SELECT * FROM `ik_images` WHERE ( `type` = 'topic' ) AND ( `typeid` = 7 ) AND ( `seqid` = 2 ) LIMIT 1   [ RunTime:0.000561s ]
SQL: SELECT * FROM `ik_images` WHERE ( `type` = 'topic' ) AND ( `typeid` = 7 ) AND ( `seqid` = 1 ) LIMIT 1   [ RunTime:0.000524s ]
SQL: SELECT * FROM `ik_videos` WHERE ( `type` = 'topic' ) AND ( `typeid` = 7 ) AND ( `seqid` = 1 ) LIMIT 1   [ RunTime:0.000478s ]
SQL: SELECT COUNT(*) AS tp_count FROM `ik_group_topics` WHERE ( `topicid` = 4 ) LIMIT 1   [ RunTime:0.000431s ]
SQL: SELECT * FROM `ik_group_topics` WHERE ( `topicid` = 4 ) LIMIT 1   [ RunTime:0.000523s ]
SQL: SELECT * FROM `ik_images` WHERE ( `type` = 'topic' ) AND ( `typeid` = 4 ) AND ( `seqid` = 1 ) LIMIT 1   [ RunTime:0.000510s ]
SQL: SELECT * FROM `ik_user` WHERE ( `userid` = 3 ) LIMIT 1   [ RunTime:0.000519s ]
SQL: SELECT * FROM `ik_area` WHERE ( `areaid` = 2 ) LIMIT 1   [ RunTime:0.000500s ]
SQL: SELECT COUNT(*) AS tp_count FROM `ik_user_online` WHERE ( `userid` = 3 ) AND ( `ctime` > 1368666893 ) LIMIT 1   [ RunTime:0.000456s ]
SQL: SELECT * FROM `ik_images` WHERE ( `type` = 'topic' ) AND ( `typeid` = 4 ) AND ( `seqid` = 1 ) LIMIT 1   [ RunTime:0.000504s ]
SQL: SELECT * FROM `ik_images` WHERE ( `type` = 'topic' ) AND ( `typeid` = 4 ) AND ( `seqid` = 1 ) LIMIT 1   [ RunTime:0.000509s ]
SQL: SELECT COUNT(*) AS tp_count FROM `ik_group_topics` WHERE ( `topicid` = 38 ) LIMIT 1   [ RunTime:0.000431s ]
SQL: SELECT * FROM `ik_group_topics` WHERE ( `topicid` = 38 ) LIMIT 1   [ RunTime:0.000519s ]
SQL: SELECT * FROM `ik_images` WHERE ( `type` = 'topic' ) AND ( `typeid` = 38 ) AND ( `seqid` = 1 ) LIMIT 1   [ RunTime:0.000528s ]
SQL: SELECT * FROM `ik_user` WHERE ( `userid` = 1 ) LIMIT 1   [ RunTime:0.000526s ]
SQL: SELECT * FROM `ik_area` WHERE ( `areaid` = 3 ) LIMIT 1   [ RunTime:0.000477s ]
SQL: SELECT COUNT(*) AS tp_count FROM `ik_user_online` WHERE ( `userid` = 1 ) AND ( `ctime` > 1368666893 ) LIMIT 1   [ RunTime:0.000449s ]
SQL: SELECT * FROM `ik_images` WHERE ( `type` = 'topic' ) AND ( `typeid` = 38 ) AND ( `seqid` = 1 ) LIMIT 1   [ RunTime:0.000497s ]
SQL: SELECT * FROM `ik_images` WHERE ( `type` = 'topic' ) AND ( `typeid` = 38 ) AND ( `seqid` = 1 ) LIMIT 1   [ RunTime:0.000526s ]
SQL: SELECT COUNT(*) AS tp_count FROM `ik_group_topics` WHERE ( `topicid` = 37 ) LIMIT 1   [ RunTime:0.000452s ]
SQL: SELECT * FROM `ik_group_topics` WHERE ( `topicid` = 37 ) LIMIT 1   [ RunTime:0.000493s ]
SQL: SELECT * FROM `ik_images` WHERE ( `type` = 'topic' ) AND ( `typeid` = 37 ) AND ( `seqid` = 1 ) LIMIT 1   [ RunTime:0.000499s ]
SQL: SELECT * FROM `ik_user` WHERE ( `userid` = 1 ) LIMIT 1   [ RunTime:0.000502s ]
SQL: SELECT * FROM `ik_area` WHERE ( `areaid` = 3 ) LIMIT 1   [ RunTime:0.000463s ]
SQL: SELECT COUNT(*) AS tp_count FROM `ik_user_online` WHERE ( `userid` = 1 ) AND ( `ctime` > 1368666893 ) LIMIT 1   [ RunTime:0.000447s ]
SQL: SELECT * FROM `ik_images` WHERE ( `type` = 'topic' ) AND ( `typeid` = 37 ) AND ( `seqid` = 1 ) LIMIT 1   [ RunTime:0.000500s ]
SQL: SELECT * FROM `ik_images` WHERE ( `type` = 'topic' ) AND ( `typeid` = 37 ) AND ( `seqid` = 1 ) LIMIT 1   [ RunTime:0.000501s ]
SQL: SELECT COUNT(*) AS tp_count FROM `ik_group_topics` WHERE ( `topicid` = 36 ) LIMIT 1   [ RunTime:0.000431s ]
SQL: SELECT * FROM `ik_group_topics` WHERE ( `topicid` = 36 ) LIMIT 1   [ RunTime:0.000493s ]
SQL: SELECT * FROM `ik_images` WHERE ( `type` = 'topic' ) AND ( `typeid` = 36 ) AND ( `seqid` = 1 ) LIMIT 1   [ RunTime:0.000511s ]
SQL: SELECT * FROM `ik_images` WHERE ( `type` = 'topic' ) AND ( `typeid` = 36 ) AND ( `seqid` = 2 ) LIMIT 1   [ RunTime:0.000521s ]
SQL: SELECT * FROM `ik_user` WHERE ( `userid` = 1 ) LIMIT 1   [ RunTime:0.000511s ]
SQL: SELECT * FROM `ik_area` WHERE ( `areaid` = 3 ) LIMIT 1   [ RunTime:0.000473s ]
SQL: SELECT COUNT(*) AS tp_count FROM `ik_user_online` WHERE ( `userid` = 1 ) AND ( `ctime` > 1368666893 ) LIMIT 1   [ RunTime:0.000456s ]
SQL: SELECT * FROM `ik_images` WHERE ( `type` = 'topic' ) AND ( `typeid` = 36 ) AND ( `seqid` = 1 ) LIMIT 1   [ RunTime:0.000514s ]
SQL: SELECT * FROM `ik_images` WHERE ( `type` = 'topic' ) AND ( `typeid` = 36 ) AND ( `seqid` = 2 ) LIMIT 1   [ RunTime:0.000535s ]
SQL: SELECT * FROM `ik_images` WHERE ( `type` = 'topic' ) AND ( `typeid` = 36 ) AND ( `seqid` = 1 ) LIMIT 1   [ RunTime:0.000509s ]
SQL: SELECT COUNT(*) AS tp_count FROM `ik_group_topics` WHERE ( `topicid` = 35 ) LIMIT 1   [ RunTime:0.000444s ]
SQL: SELECT * FROM `ik_group_topics` WHERE ( `topicid` = 35 ) LIMIT 1   [ RunTime:0.000505s ]
SQL: SELECT * FROM `ik_images` WHERE ( `type` = 'topic' ) AND ( `typeid` = 35 ) AND ( `seqid` = 1 ) LIMIT 1   [ RunTime:0.000513s ]
SQL: SELECT * FROM `ik_user` WHERE ( `userid` = 1 ) LIMIT 1   [ RunTime:0.000513s ]
SQL: SELECT * FROM `ik_area` WHERE ( `areaid` = 3 ) LIMIT 1   [ RunTime:0.000466s ]
SQL: SELECT COUNT(*) AS tp_count FROM `ik_user_online` WHERE ( `userid` = 1 ) AND ( `ctime` > 1368666893 ) LIMIT 1   [ RunTime:0.000448s ]
SQL: SELECT * FROM `ik_images` WHERE ( `type` = 'topic' ) AND ( `typeid` = 35 ) AND ( `seqid` = 1 ) LIMIT 1   [ RunTime:0.000501s ]
SQL: SELECT * FROM `ik_images` WHERE ( `type` = 'topic' ) AND ( `typeid` = 35 ) AND ( `seqid` = 1 ) LIMIT 1   [ RunTime:0.000497s ]
SQL: SELECT COUNT(*) AS tp_count FROM `ik_group_topics` WHERE ( `topicid` = 34 ) LIMIT 1   [ RunTime:0.000431s ]
SQL: SELECT * FROM `ik_group_topics` WHERE ( `topicid` = 34 ) LIMIT 1   [ RunTime:0.000509s ]
SQL: SELECT * FROM `ik_user` WHERE ( `userid` = 1 ) LIMIT 1   [ RunTime:0.000504s ]
SQL: SELECT * FROM `ik_area` WHERE ( `areaid` = 3 ) LIMIT 1   [ RunTime:0.000475s ]
SQL: SELECT COUNT(*) AS tp_count FROM `ik_user_online` WHERE ( `userid` = 1 ) AND ( `ctime` > 1368666893 ) LIMIT 1   [ RunTime:0.000466s ]
SQL: SELECT COUNT(*) AS tp_count FROM `ik_group_topics` WHERE ( `topicid` = 33 ) LIMIT 1   [ RunTime:0.000469s ]
SQL: SELECT * FROM `ik_group_topics` WHERE ( `topicid` = 33 ) LIMIT 1   [ RunTime:0.000544s ]
SQL: SELECT * FROM `ik_user` WHERE ( `userid` = 1 ) LIMIT 1   [ RunTime:0.000531s ]
SQL: SELECT * FROM `ik_area` WHERE ( `areaid` = 3 ) LIMIT 1   [ RunTime:0.000509s ]
SQL: SELECT COUNT(*) AS tp_count FROM `ik_user_online` WHERE ( `userid` = 1 ) AND ( `ctime` > 1368666893 ) LIMIT 1   [ RunTime:0.000457s ]
SQL: SELECT COUNT(*) AS tp_count FROM `ik_group_topics` WHERE ( `topicid` = 32 ) LIMIT 1   [ RunTime:0.000433s ]
SQL: SELECT * FROM `ik_group_topics` WHERE ( `topicid` = 32 ) LIMIT 1   [ RunTime:0.000488s ]
SQL: SELECT * FROM `ik_user` WHERE ( `userid` = 1 ) LIMIT 1   [ RunTime:0.000509s ]
SQL: SELECT * FROM `ik_area` WHERE ( `areaid` = 3 ) LIMIT 1   [ RunTime:0.000458s ]
SQL: SELECT COUNT(*) AS tp_count FROM `ik_user_online` WHERE ( `userid` = 1 ) AND ( `ctime` > 1368666893 ) LIMIT 1   [ RunTime:0.000447s ]
SQL: SELECT COUNT(*) AS tp_count FROM `ik_group_topics` WHERE ( `topicid` = 31 ) LIMIT 1   [ RunTime:0.000453s ]
SQL: SELECT * FROM `ik_group_topics` WHERE ( `topicid` = 31 ) LIMIT 1   [ RunTime:0.000512s ]
SQL: SELECT * FROM `ik_user` WHERE ( `userid` = 1 ) LIMIT 1   [ RunTime:0.000511s ]
SQL: SELECT * FROM `ik_area` WHERE ( `areaid` = 3 ) LIMIT 1   [ RunTime:0.000470s ]
SQL: SELECT COUNT(*) AS tp_count FROM `ik_user_online` WHERE ( `userid` = 1 ) AND ( `ctime` > 1368666893 ) LIMIT 1   [ RunTime:0.000465s ]
SQL: SELECT COUNT(*) AS tp_count FROM `ik_group_topics` WHERE ( `topicid` = 23 ) LIMIT 1   [ RunTime:0.000446s ]
SQL: SELECT * FROM `ik_group_topics` WHERE ( `topicid` = 23 ) LIMIT 1   [ RunTime:0.000491s ]
SQL: SELECT * FROM `ik_user` WHERE ( `userid` = 1 ) LIMIT 1   [ RunTime:0.000511s ]
SQL: SELECT * FROM `ik_area` WHERE ( `areaid` = 3 ) LIMIT 1   [ RunTime:0.000486s ]
SQL: SELECT COUNT(*) AS tp_count FROM `ik_user_online` WHERE ( `userid` = 1 ) AND ( `ctime` > 1368666893 ) LIMIT 1   [ RunTime:0.000452s ]
SQL: SELECT COUNT(*) AS tp_count FROM `ik_group_topics` WHERE ( `topicid` = 9 ) LIMIT 1   [ RunTime:0.000439s ]
SQL: SELECT * FROM `ik_group_topics` WHERE ( `topicid` = 9 ) LIMIT 1   [ RunTime:0.000527s ]
SQL: SELECT * FROM `ik_user` WHERE ( `userid` = 6 ) LIMIT 1   [ RunTime:0.000523s ]
SQL: SELECT * FROM `ik_area` WHERE ( `areaid` = 2 ) LIMIT 1   [ RunTime:0.000477s ]
SQL: SELECT COUNT(*) AS tp_count FROM `ik_user_online` WHERE ( `userid` = 6 ) AND ( `ctime` > 1368666893 ) LIMIT 1   [ RunTime:0.000446s ]
SQL: SELECT COUNT(*) AS tp_count FROM `ik_group_topics` WHERE ( `topicid` = 1 ) LIMIT 1   [ RunTime:0.000432s ]
SQL: SELECT * FROM `ik_group_topics` WHERE ( `topicid` = 1 ) LIMIT 1   [ RunTime:0.000497s ]
SQL: SELECT * FROM `ik_images` WHERE ( `type` = 'topic' ) AND ( `typeid` = 1 ) AND ( `seqid` = 1 ) LIMIT 1   [ RunTime:0.000552s ]
SQL: SELECT * FROM `ik_user` WHERE ( `userid` = 1 ) LIMIT 1   [ RunTime:0.000512s ]
SQL: SELECT * FROM `ik_area` WHERE ( `areaid` = 3 ) LIMIT 1   [ RunTime:0.000461s ]
SQL: SELECT COUNT(*) AS tp_count FROM `ik_user_online` WHERE ( `userid` = 1 ) AND ( `ctime` > 1368666893 ) LIMIT 1   [ RunTime:0.000446s ]
SQL: SELECT * FROM `ik_images` WHERE ( `type` = 'topic' ) AND ( `typeid` = 1 ) AND ( `seqid` = 1 ) LIMIT 1   [ RunTime:0.000498s ]
SQL: SELECT * FROM `ik_images` WHERE ( `type` = 'topic' ) AND ( `typeid` = 1 ) AND ( `seqid` = 1 ) LIMIT 1   [ RunTime:0.000540s ]
SQL: SELECT `userid` FROM `ik_user` WHERE ( `isenable` = 0 ) ORDER BY uptime desc LIMIT 12   [ RunTime:0.000512s ]
SQL: SELECT * FROM `ik_user` WHERE ( `userid` = 1 ) LIMIT 1   [ RunTime:0.000507s ]
SQL: SELECT * FROM `ik_area` WHERE ( `areaid` = 3 ) LIMIT 1   [ RunTime:0.000462s ]
SQL: SELECT COUNT(*) AS tp_count FROM `ik_user_online` WHERE ( `userid` = 1 ) AND ( `ctime` > 1368666893 ) LIMIT 1   [ RunTime:0.000449s ]
SQL: SELECT * FROM `ik_user` WHERE ( `userid` = 11 ) LIMIT 1   [ RunTime:0.000503s ]
SQL: SELECT COUNT(*) AS tp_count FROM `ik_user_online` WHERE ( `userid` = 11 ) AND ( `ctime` > 1368666893 ) LIMIT 1   [ RunTime:0.000470s ]
SQL: SELECT * FROM `ik_user` WHERE ( `userid` = 3 ) LIMIT 1   [ RunTime:0.000554s ]
SQL: SELECT * FROM `ik_area` WHERE ( `areaid` = 2 ) LIMIT 1   [ RunTime:0.000484s ]
SQL: SELECT COUNT(*) AS tp_count FROM `ik_user_online` WHERE ( `userid` = 3 ) AND ( `ctime` > 1368666893 ) LIMIT 1   [ RunTime:0.000451s ]
SQL: SELECT * FROM `ik_user` WHERE ( `userid` = 10 ) LIMIT 1   [ RunTime:0.000502s ]
SQL: SELECT COUNT(*) AS tp_count FROM `ik_user_online` WHERE ( `userid` = 10 ) AND ( `ctime` > 1368666893 ) LIMIT 1   [ RunTime:0.000465s ]
SQL: SELECT * FROM `ik_user` WHERE ( `userid` = 8 ) LIMIT 1   [ RunTime:0.000508s ]
SQL: SELECT COUNT(*) AS tp_count FROM `ik_user_online` WHERE ( `userid` = 8 ) AND ( `ctime` > 1368666893 ) LIMIT 1   [ RunTime:0.000468s ]
SQL: SELECT * FROM `ik_user` WHERE ( `userid` = 6 ) LIMIT 1   [ RunTime:0.000479s ]
SQL: SELECT * FROM `ik_area` WHERE ( `areaid` = 2 ) LIMIT 1   [ RunTime:0.000446s ]
SQL: SELECT COUNT(*) AS tp_count FROM `ik_user_online` WHERE ( `userid` = 6 ) AND ( `ctime` > 1368666893 ) LIMIT 1   [ RunTime:0.000452s ]
SQL: SELECT * FROM `ik_user` WHERE ( `userid` = 9 ) LIMIT 1   [ RunTime:0.000509s ]
SQL: SELECT COUNT(*) AS tp_count FROM `ik_user_online` WHERE ( `userid` = 9 ) AND ( `ctime` > 1368666893 ) LIMIT 1   [ RunTime:0.000471s ]
SQL: SELECT * FROM `ik_user` WHERE ( `userid` = 7 ) LIMIT 1   [ RunTime:0.000502s ]
SQL: SELECT COUNT(*) AS tp_count FROM `ik_user_online` WHERE ( `userid` = 7 ) AND ( `ctime` > 1368666893 ) LIMIT 1   [ RunTime:0.000478s ]
SQL: SELECT * FROM `ik_user` WHERE ( `userid` = 5 ) LIMIT 1   [ RunTime:0.000538s ]
SQL: SELECT COUNT(*) AS tp_count FROM `ik_user_online` WHERE ( `userid` = 5 ) AND ( `ctime` > 1368666893 ) LIMIT 1   [ RunTime:0.000513s ]
SQL: SELECT * FROM `ik_user` WHERE ( `userid` = 4 ) LIMIT 1   [ RunTime:0.000520s ]
SQL: SELECT * FROM `ik_area` WHERE ( `areaid` = 37 ) LIMIT 1   [ RunTime:0.000478s ]
SQL: SELECT COUNT(*) AS tp_count FROM `ik_user_online` WHERE ( `userid` = 4 ) AND ( `ctime` > 1368666893 ) LIMIT 1   [ RunTime:0.000445s ]
SQL: SELECT * FROM `ik_user` WHERE ( `userid` = 2 ) LIMIT 1   [ RunTime:0.000499s ]
SQL: SELECT COUNT(*) AS tp_count FROM `ik_user_online` WHERE ( `userid` = 2 ) AND ( `ctime` > 1368666893 ) LIMIT 1   [ RunTime:0.000487s ]
SQL: SHOW COLUMNS FROM `ik_article_item` [ RunTime:0.004842s ]
SQL: SELECT * FROM `ik_article_item` WHERE ( `isaudit` = 0 ) ORDER BY addtime desc LIMIT 8   [ RunTime:0.001260s ]
SQL: SELECT * FROM `ik_group` WHERE ( `isrecommend` = 1 ) ORDER BY groupid asc LIMIT 10   [ RunTime:0.000699s ]
SQL: SELECT COUNT(*) AS tp_count FROM `ik_group` WHERE ( `groupid` = 19 ) LIMIT 1   [ RunTime:0.000434s ]
SQL: SELECT * FROM `ik_group` WHERE ( `groupid` = 19 ) LIMIT 1   [ RunTime:0.000519s ]
SQL: SELECT COUNT(*) AS tp_count FROM `ik_group` WHERE ( `groupid` = 20 ) LIMIT 1   [ RunTime:0.000468s ]
SQL: SELECT * FROM `ik_group` WHERE ( `groupid` = 20 ) LIMIT 1   [ RunTime:0.000555s ]
SQL: SELECT COUNT(*) AS tp_count FROM `ik_group` WHERE ( `groupid` = 27 ) LIMIT 1   [ RunTime:0.000490s ]
SQL: SELECT * FROM `ik_group` WHERE ( `groupid` = 27 ) LIMIT 1   [ RunTime:0.000489s ]
SQL: SELECT COUNT(*) AS tp_count FROM `ik_group` WHERE ( `groupid` = 28 ) LIMIT 1   [ RunTime:0.000485s ]
SQL: SELECT * FROM `ik_group` WHERE ( `groupid` = 28 ) LIMIT 1   [ RunTime:0.000526s ]
SQL: SELECT COUNT(*) AS tp_count FROM `ik_group` WHERE ( `groupid` = 29 ) LIMIT 1   [ RunTime:0.000426s ]
SQL: SELECT * FROM `ik_group` WHERE ( `groupid` = 29 ) LIMIT 1   [ RunTime:0.000499s ]
SQL: SELECT COUNT(*) AS tp_count FROM `ik_group` WHERE ( `groupid` = 30 ) LIMIT 1   [ RunTime:0.000442s ]
SQL: SELECT * FROM `ik_group` WHERE ( `groupid` = 30 ) LIMIT 1   [ RunTime:0.000507s ]
SQL: SELECT COUNT(*) AS tp_count FROM `ik_group` WHERE ( `groupid` = 31 ) LIMIT 1   [ RunTime:0.000458s ]
SQL: SELECT * FROM `ik_group` WHERE ( `groupid` = 31 ) LIMIT 1   [ RunTime:0.000541s ]
SQL: SELECT COUNT(*) AS tp_count FROM `ik_group` WHERE ( `groupid` = 32 ) LIMIT 1   [ RunTime:0.000466s ]
SQL: SELECT * FROM `ik_group` WHERE ( `groupid` = 32 ) LIMIT 1   [ RunTime:0.000513s ]
SQL: SELECT COUNT(*) AS tp_count FROM `ik_group` WHERE ( `groupid` = 33 ) LIMIT 1   [ RunTime:0.000443s ]
SQL: SELECT * FROM `ik_group` WHERE ( `groupid` = 33 ) LIMIT 1   [ RunTime:0.000509s ]
SQL: SELECT COUNT(*) AS tp_count FROM `ik_group` WHERE ( `groupid` = 34 ) LIMIT 1   [ RunTime:0.000438s ]
SQL: SELECT * FROM `ik_group` WHERE ( `groupid` = 34 ) LIMIT 1   [ RunTime:0.000504s ]
SQL: SELECT COUNT(*) AS tp_count FROM `ik_user` LIMIT 1   [ RunTime:0.000413s ]
INFO: [ view_template ] --START--
INFO: Run LocationTemplate Behavior [ RunTime:0.001814s ]
INFO: [ view_template ] --END-- [ RunTime:0.001920s ]
INFO: [ view_parse ] --START--
NOTIC: [8] Use of undefined constant userid - assumed 'userid' D:\APMServ5.2.6\www\htdocs\IKPHP\data\runtime\Cache\home\11e2f12d84b746b76491e3160c81a5b0.php 第 128 行.
NOTIC: [8] Use of undefined constant groupid - assumed 'groupid' D:\APMServ5.2.6\www\htdocs\IKPHP\data\runtime\Cache\home\11e2f12d84b746b76491e3160c81a5b0.php 第 176 行.
NOTIC: [8] Use of undefined constant icon_48 - assumed 'icon_48' D:\APMServ5.2.6\www\htdocs\IKPHP\data\runtime\Cache\home\11e2f12d84b746b76491e3160c81a5b0.php 第 177 行.
NOTIC: [8] Use of undefined constant groupname - assumed 'groupname' D:\APMServ5.2.6\www\htdocs\IKPHP\data\runtime\Cache\home\11e2f12d84b746b76491e3160c81a5b0.php 第 177 行.
NOTIC: [8] Use of undefined constant groupid - assumed 'groupid' D:\APMServ5.2.6\www\htdocs\IKPHP\data\runtime\Cache\home\11e2f12d84b746b76491e3160c81a5b0.php 第 181 行.
NOTIC: [8] Use of undefined constant groupname - assumed 'groupname' D:\APMServ5.2.6\www\htdocs\IKPHP\data\runtime\Cache\home\11e2f12d84b746b76491e3160c81a5b0.php 第 181 行.
NOTIC: [8] Use of undefined constant count_user - assumed 'count_user' D:\APMServ5.2.6\www\htdocs\IKPHP\data\runtime\Cache\home\11e2f12d84b746b76491e3160c81a5b0.php 第 181 行.
NOTIC: [8] Use of undefined constant count_topic - assumed 'count_topic' D:\APMServ5.2.6\www\htdocs\IKPHP\data\runtime\Cache\home\11e2f12d84b746b76491e3160c81a5b0.php 第 181 行.
NOTIC: [8] Use of undefined constant groupdesc - assumed 'groupdesc' D:\APMServ5.2.6\www\htdocs\IKPHP\data\runtime\Cache\home\11e2f12d84b746b76491e3160c81a5b0.php 第 182 行.
NOTIC: [8] Use of undefined constant groupid - assumed 'groupid' D:\APMServ5.2.6\www\htdocs\IKPHP\data\runtime\Cache\home\11e2f12d84b746b76491e3160c81a5b0.php 第 176 行.
NOTIC: [8] Use of undefined constant icon_48 - assumed 'icon_48' D:\APMServ5.2.6\www\htdocs\IKPHP\data\runtime\Cache\home\11e2f12d84b746b76491e3160c81a5b0.php 第 177 行.
NOTIC: [8] Use of undefined constant groupname - assumed 'groupname' D:\APMServ5.2.6\www\htdocs\IKPHP\data\runtime\Cache\home\11e2f12d84b746b76491e3160c81a5b0.php 第 177 行.
NOTIC: [8] Use of undefined constant groupid - assumed 'groupid' D:\APMServ5.2.6\www\htdocs\IKPHP\data\runtime\Cache\home\11e2f12d84b746b76491e3160c81a5b0.php 第 181 行.
NOTIC: [8] Use of undefined constant groupname - assumed 'groupname' D:\APMServ5.2.6\www\htdocs\IKPHP\data\runtime\Cache\home\11e2f12d84b746b76491e3160c81a5b0.php 第 181 行.
NOTIC: [8] Use of undefined constant count_user - assumed 'count_user' D:\APMServ5.2.6\www\htdocs\IKPHP\data\runtime\Cache\home\11e2f12d84b746b76491e3160c81a5b0.php 第 181 行.
NOTIC: [8] Use of undefined constant count_topic - assumed 'count_topic' D:\APMServ5.2.6\www\htdocs\IKPHP\data\runtime\Cache\home\11e2f12d84b746b76491e3160c81a5b0.php 第 181 行.
NOTIC: [8] Use of undefined constant groupdesc - assumed 'groupdesc' D:\APMServ5.2.6\www\htdocs\IKPHP\data\runtime\Cache\home\11e2f12d84b746b76491e3160c81a5b0.php 第 182 行.
NOTIC: [8] Use of undefined constant groupid - assumed 'groupid' D:\APMServ5.2.6\www\htdocs\IKPHP\data\runtime\Cache\home\11e2f12d84b746b76491e3160c81a5b0.php 第 176 行.
NOTIC: [8] Use of undefined constant icon_48 - assumed 'icon_48' D:\APMServ5.2.6\www\htdocs\IKPHP\data\runtime\Cache\home\11e2f12d84b746b76491e3160c81a5b0.php 第 177 行.
NOTIC: [8] Use of undefined constant groupname - assumed 'groupname' D:\APMServ5.2.6\www\htdocs\IKPHP\data\runtime\Cache\home\11e2f12d84b746b76491e3160c81a5b0.php 第 177 行.
NOTIC: [8] Use of undefined constant groupid - assumed 'groupid' D:\APMServ5.2.6\www\htdocs\IKPHP\data\runtime\Cache\home\11e2f12d84b746b76491e3160c81a5b0.php 第 181 行.
NOTIC: [8] Use of undefined constant groupname - assumed 'groupname' D:\APMServ5.2.6\www\htdocs\IKPHP\data\runtime\Cache\home\11e2f12d84b746b76491e3160c81a5b0.php 第 181 行.
NOTIC: [8] Use of undefined constant count_user - assumed 'count_user' D:\APMServ5.2.6\www\htdocs\IKPHP\data\runtime\Cache\home\11e2f12d84b746b76491e3160c81a5b0.php 第 181 行.
NOTIC: [8] Use of undefined constant count_topic - assumed 'count_topic' D:\APMServ5.2.6\www\htdocs\IKPHP\data\runtime\Cache\home\11e2f12d84b746b76491e3160c81a5b0.php 第 181 行.
NOTIC: [8] Use of undefined constant groupdesc - assumed 'groupdesc' D:\APMServ5.2.6\www\htdocs\IKPHP\data\runtime\Cache\home\11e2f12d84b746b76491e3160c81a5b0.php 第 182 行.
NOTIC: [8] Use of undefined constant groupid - assumed 'groupid' D:\APMServ5.2.6\www\htdocs\IKPHP\data\runtime\Cache\home\11e2f12d84b746b76491e3160c81a5b0.php 第 176 行.
NOTIC: [8] Use of undefined constant icon_48 - assumed 'icon_48' D:\APMServ5.2.6\www\htdocs\IKPHP\data\runtime\Cache\home\11e2f12d84b746b76491e3160c81a5b0.php 第 177 行.
NOTIC: [8] Use of undefined constant groupname - assumed 'groupname' D:\APMServ5.2.6\www\htdocs\IKPHP\data\runtime\Cache\home\11e2f12d84b746b76491e3160c81a5b0.php 第 177 行.
NOTIC: [8] Use of undefined constant groupid - assumed 'groupid' D:\APMServ5.2.6\www\htdocs\IKPHP\data\runtime\Cache\home\11e2f12d84b746b76491e3160c81a5b0.php 第 181 行.
NOTIC: [8] Use of undefined constant groupname - assumed 'groupname' D:\APMServ5.2.6\www\htdocs\IKPHP\data\runtime\Cache\home\11e2f12d84b746b76491e3160c81a5b0.php 第 181 行.
NOTIC: [8] Use of undefined constant count_user - assumed 'count_user' D:\APMServ5.2.6\www\htdocs\IKPHP\data\runtime\Cache\home\11e2f12d84b746b76491e3160c81a5b0.php 第 181 行.
NOTIC: [8] Use of undefined constant count_topic - assumed 'count_topic' D:\APMServ5.2.6\www\htdocs\IKPHP\data\runtime\Cache\home\11e2f12d84b746b76491e3160c81a5b0.php 第 181 行.
NOTIC: [8] Use of undefined constant groupdesc - assumed 'groupdesc' D:\APMServ5.2.6\www\htdocs\IKPHP\data\runtime\Cache\home\11e2f12d84b746b76491e3160c81a5b0.php 第 182 行.
NOTIC: [8] Use of undefined constant groupid - assumed 'groupid' D:\APMServ5.2.6\www\htdocs\IKPHP\data\runtime\Cache\home\11e2f12d84b746b76491e3160c81a5b0.php 第 176 行.
NOTIC: [8] Use of undefined constant icon_48 - assumed 'icon_48' D:\APMServ5.2.6\www\htdocs\IKPHP\data\runtime\Cache\home\11e2f12d84b746b76491e3160c81a5b0.php 第 177 行.
NOTIC: [8] Use of undefined constant groupname - assumed 'groupname' D:\APMServ5.2.6\www\htdocs\IKPHP\data\runtime\Cache\home\11e2f12d84b746b76491e3160c81a5b0.php 第 177 行.
NOTIC: [8] Use of undefined constant groupid - assumed 'groupid' D:\APMServ5.2.6\www\htdocs\IKPHP\data\runtime\Cache\home\11e2f12d84b746b76491e3160c81a5b0.php 第 181 行.
NOTIC: [8] Use of undefined constant groupname - assumed 'groupname' D:\APMServ5.2.6\www\htdocs\IKPHP\data\runtime\Cache\home\11e2f12d84b746b76491e3160c81a5b0.php 第 181 行.
NOTIC: [8] Use of undefined constant count_user - assumed 'count_user' D:\APMServ5.2.6\www\htdocs\IKPHP\data\runtime\Cache\home\11e2f12d84b746b76491e3160c81a5b0.php 第 181 行.
NOTIC: [8] Use of undefined constant count_topic - assumed 'count_topic' D:\APMServ5.2.6\www\htdocs\IKPHP\data\runtime\Cache\home\11e2f12d84b746b76491e3160c81a5b0.php 第 181 行.
NOTIC: [8] Use of undefined constant groupdesc - assumed 'groupdesc' D:\APMServ5.2.6\www\htdocs\IKPHP\data\runtime\Cache\home\11e2f12d84b746b76491e3160c81a5b0.php 第 182 行.
NOTIC: [8] Use of undefined constant groupid - assumed 'groupid' D:\APMServ5.2.6\www\htdocs\IKPHP\data\runtime\Cache\home\11e2f12d84b746b76491e3160c81a5b0.php 第 176 行.
NOTIC: [8] Use of undefined constant icon_48 - assumed 'icon_48' D:\APMServ5.2.6\www\htdocs\IKPHP\data\runtime\Cache\home\11e2f12d84b746b76491e3160c81a5b0.php 第 177 行.
NOTIC: [8] Use of undefined constant groupname - assumed 'groupname' D:\APMServ5.2.6\www\htdocs\IKPHP\data\runtime\Cache\home\11e2f12d84b746b76491e3160c81a5b0.php 第 177 行.
NOTIC: [8] Use of undefined constant groupid - assumed 'groupid' D:\APMServ5.2.6\www\htdocs\IKPHP\data\runtime\Cache\home\11e2f12d84b746b76491e3160c81a5b0.php 第 181 行.
NOTIC: [8] Use of undefined constant groupname - assumed 'groupname' D:\APMServ5.2.6\www\htdocs\IKPHP\data\runtime\Cache\home\11e2f12d84b746b76491e3160c81a5b0.php 第 181 行.
NOTIC: [8] Use of undefined constant count_user - assumed 'count_user' D:\APMServ5.2.6\www\htdocs\IKPHP\data\runtime\Cache\home\11e2f12d84b746b76491e3160c81a5b0.php 第 181 行.
NOTIC: [8] Use of undefined constant count_topic - assumed 'count_topic' D:\APMServ5.2.6\www\htdocs\IKPHP\data\runtime\Cache\home\11e2f12d84b746b76491e3160c81a5b0.php 第 181 行.
NOTIC: [8] Use of undefined constant groupdesc - assumed 'groupdesc' D:\APMServ5.2.6\www\htdocs\IKPHP\data\runtime\Cache\home\11e2f12d84b746b76491e3160c81a5b0.php 第 182 行.
NOTIC: [8] Use of undefined constant groupid - assumed 'groupid' D:\APMServ5.2.6\www\htdocs\IKPHP\data\runtime\Cache\home\11e2f12d84b746b76491e3160c81a5b0.php 第 176 行.
NOTIC: [8] Use of undefined constant icon_48 - assumed 'icon_48' D:\APMServ5.2.6\www\htdocs\IKPHP\data\runtime\Cache\home\11e2f12d84b746b76491e3160c81a5b0.php 第 177 行.
NOTIC: [8] Use of undefined constant groupname - assumed 'groupname' D:\APMServ5.2.6\www\htdocs\IKPHP\data\runtime\Cache\home\11e2f12d84b746b76491e3160c81a5b0.php 第 177 行.
NOTIC: [8] Use of undefined constant groupid - assumed 'groupid' D:\APMServ5.2.6\www\htdocs\IKPHP\data\runtime\Cache\home\11e2f12d84b746b76491e3160c81a5b0.php 第 181 行.
NOTIC: [8] Use of undefined constant groupname - assumed 'groupname' D:\APMServ5.2.6\www\htdocs\IKPHP\data\runtime\Cache\home\11e2f12d84b746b76491e3160c81a5b0.php 第 181 行.
NOTIC: [8] Use of undefined constant count_user - assumed 'count_user' D:\APMServ5.2.6\www\htdocs\IKPHP\data\runtime\Cache\home\11e2f12d84b746b76491e3160c81a5b0.php 第 181 行.
NOTIC: [8] Use of undefined constant count_topic - assumed 'count_topic' D:\APMServ5.2.6\www\htdocs\IKPHP\data\runtime\Cache\home\11e2f12d84b746b76491e3160c81a5b0.php 第 181 行.
NOTIC: [8] Use of undefined constant groupdesc - assumed 'groupdesc' D:\APMServ5.2.6\www\htdocs\IKPHP\data\runtime\Cache\home\11e2f12d84b746b76491e3160c81a5b0.php 第 182 行.
NOTIC: [8] Use of undefined constant groupid - assumed 'groupid' D:\APMServ5.2.6\www\htdocs\IKPHP\data\runtime\Cache\home\11e2f12d84b746b76491e3160c81a5b0.php 第 176 行.
NOTIC: [8] Use of undefined constant icon_48 - assumed 'icon_48' D:\APMServ5.2.6\www\htdocs\IKPHP\data\runtime\Cache\home\11e2f12d84b746b76491e3160c81a5b0.php 第 177 行.
NOTIC: [8] Use of undefined constant groupname - assumed 'groupname' D:\APMServ5.2.6\www\htdocs\IKPHP\data\runtime\Cache\home\11e2f12d84b746b76491e3160c81a5b0.php 第 177 行.
NOTIC: [8] Use of undefined constant groupid - assumed 'groupid' D:\APMServ5.2.6\www\htdocs\IKPHP\data\runtime\Cache\home\11e2f12d84b746b76491e3160c81a5b0.php 第 181 行.
NOTIC: [8] Use of undefined constant groupname - assumed 'groupname' D:\APMServ5.2.6\www\htdocs\IKPHP\data\runtime\Cache\home\11e2f12d84b746b76491e3160c81a5b0.php 第 181 行.
NOTIC: [8] Use of undefined constant count_user - assumed 'count_user' D:\APMServ5.2.6\www\htdocs\IKPHP\data\runtime\Cache\home\11e2f12d84b746b76491e3160c81a5b0.php 第 181 行.
NOTIC: [8] Use of undefined constant count_topic - assumed 'count_topic' D:\APMServ5.2.6\www\htdocs\IKPHP\data\runtime\Cache\home\11e2f12d84b746b76491e3160c81a5b0.php 第 181 行.
NOTIC: [8] Use of undefined constant groupdesc - assumed 'groupdesc' D:\APMServ5.2.6\www\htdocs\IKPHP\data\runtime\Cache\home\11e2f12d84b746b76491e3160c81a5b0.php 第 182 行.
NOTIC: [8] Use of undefined constant groupid - assumed 'groupid' D:\APMServ5.2.6\www\htdocs\IKPHP\data\runtime\Cache\home\11e2f12d84b746b76491e3160c81a5b0.php 第 176 行.
NOTIC: [8] Use of undefined constant icon_48 - assumed 'icon_48' D:\APMServ5.2.6\www\htdocs\IKPHP\data\runtime\Cache\home\11e2f12d84b746b76491e3160c81a5b0.php 第 177 行.
NOTIC: [8] Use of undefined constant groupname - assumed 'groupname' D:\APMServ5.2.6\www\htdocs\IKPHP\data\runtime\Cache\home\11e2f12d84b746b76491e3160c81a5b0.php 第 177 行.
NOTIC: [8] Use of undefined constant groupid - assumed 'groupid' D:\APMServ5.2.6\www\htdocs\IKPHP\data\runtime\Cache\home\11e2f12d84b746b76491e3160c81a5b0.php 第 181 行.
NOTIC: [8] Use of undefined constant groupname - assumed 'groupname' D:\APMServ5.2.6\www\htdocs\IKPHP\data\runtime\Cache\home\11e2f12d84b746b76491e3160c81a5b0.php 第 181 行.
NOTIC: [8] Use of undefined constant count_user - assumed 'count_user' D:\APMServ5.2.6\www\htdocs\IKPHP\data\runtime\Cache\home\11e2f12d84b746b76491e3160c81a5b0.php 第 181 行.
NOTIC: [8] Use of undefined constant count_topic - assumed 'count_topic' D:\APMServ5.2.6\www\htdocs\IKPHP\data\runtime\Cache\home\11e2f12d84b746b76491e3160c81a5b0.php 第 181 行.
NOTIC: [8] Use of undefined constant groupdesc - assumed 'groupdesc' D:\APMServ5.2.6\www\htdocs\IKPHP\data\runtime\Cache\home\11e2f12d84b746b76491e3160c81a5b0.php 第 182 行.
NOTIC: [8] Use of undefined constant groupid - assumed 'groupid' D:\APMServ5.2.6\www\htdocs\IKPHP\data\runtime\Cache\home\11e2f12d84b746b76491e3160c81a5b0.php 第 176 行.
NOTIC: [8] Use of undefined constant icon_48 - assumed 'icon_48' D:\APMServ5.2.6\www\htdocs\IKPHP\data\runtime\Cache\home\11e2f12d84b746b76491e3160c81a5b0.php 第 177 行.
NOTIC: [8] Use of undefined constant groupname - assumed 'groupname' D:\APMServ5.2.6\www\htdocs\IKPHP\data\runtime\Cache\home\11e2f12d84b746b76491e3160c81a5b0.php 第 177 行.
NOTIC: [8] Use of undefined constant groupid - assumed 'groupid' D:\APMServ5.2.6\www\htdocs\IKPHP\data\runtime\Cache\home\11e2f12d84b746b76491e3160c81a5b0.php 第 181 行.
NOTIC: [8] Use of undefined constant groupname - assumed 'groupname' D:\APMServ5.2.6\www\htdocs\IKPHP\data\runtime\Cache\home\11e2f12d84b746b76491e3160c81a5b0.php 第 181 行.
NOTIC: [8] Use of undefined constant count_user - assumed 'count_user' D:\APMServ5.2.6\www\htdocs\IKPHP\data\runtime\Cache\home\11e2f12d84b746b76491e3160c81a5b0.php 第 181 行.
NOTIC: [8] Use of undefined constant count_topic - assumed 'count_topic' D:\APMServ5.2.6\www\htdocs\IKPHP\data\runtime\Cache\home\11e2f12d84b746b76491e3160c81a5b0.php 第 181 行.
NOTIC: [8] Use of undefined constant groupdesc - assumed 'groupdesc' D:\APMServ5.2.6\www\htdocs\IKPHP\data\runtime\Cache\home\11e2f12d84b746b76491e3160c81a5b0.php 第 182 行.
NOTIC: [8] Use of undefined constant user - assumed 'user' D:\APMServ5.2.6\www\htdocs\IKPHP\data\runtime\Cache\home\11e2f12d84b746b76491e3160c81a5b0.php 第 195 行.
NOTIC: [8] Use of undefined constant doname - assumed 'doname' D:\APMServ5.2.6\www\htdocs\IKPHP\data\runtime\Cache\home\11e2f12d84b746b76491e3160c81a5b0.php 第 195 行.
NOTIC: [8] Use of undefined constant user - assumed 'user' D:\APMServ5.2.6\www\htdocs\IKPHP\data\runtime\Cache\home\11e2f12d84b746b76491e3160c81a5b0.php 第 195 行.
NOTIC: [8] Use of undefined constant face - assumed 'face' D:\APMServ5.2.6\www\htdocs\IKPHP\data\runtime\Cache\home\11e2f12d84b746b76491e3160c81a5b0.php 第 195 行.
NOTIC: [8] Use of undefined constant topicid - assumed 'topicid' D:\APMServ5.2.6\www\htdocs\IKPHP\data\runtime\Cache\home\11e2f12d84b746b76491e3160c81a5b0.php 第 197 行.
NOTIC: [8] Use of undefined constant title - assumed 'title' D:\APMServ5.2.6\www\htdocs\IKPHP\data\runtime\Cache\home\11e2f12d84b746b76491e3160c81a5b0.php 第 197 行.
NOTIC: [8] Undefined variable: time D:\APMServ5.2.6\www\htdocs\IKPHP\data\runtime\Cache\home\11e2f12d84b746b76491e3160c81a5b0.php 第 197 行.
NOTIC: [8] Use of undefined constant title - assumed 'title' D:\APMServ5.2.6\www\htdocs\IKPHP\data\runtime\Cache\home\11e2f12d84b746b76491e3160c81a5b0.php 第 197 行.
NOTIC: [8] Use of undefined constant user - assumed 'user' D:\APMServ5.2.6\www\htdocs\IKPHP\data\runtime\Cache\home\11e2f12d84b746b76491e3160c81a5b0.php 第 198 行.
NOTIC: [8] Use of undefined constant doname - assumed 'doname' D:\APMServ5.2.6\www\htdocs\IKPHP\data\runtime\Cache\home\11e2f12d84b746b76491e3160c81a5b0.php 第 198 行.
NOTIC: [8] Use of undefined constant user - assumed 'user' D:\APMServ5.2.6\www\htdocs\IKPHP\data\runtime\Cache\home\11e2f12d84b746b76491e3160c81a5b0.php 第 198 行.
NOTIC: [8] Use of undefined constant username - assumed 'username' D:\APMServ5.2.6\www\htdocs\IKPHP\data\runtime\Cache\home\11e2f12d84b746b76491e3160c81a5b0.php 第 198 行.
NOTIC: [8] Use of undefined constant addtime - assumed 'addtime' D:\APMServ5.2.6\www\htdocs\IKPHP\data\runtime\Cache\home\11e2f12d84b746b76491e3160c81a5b0.php 第 198 行.
NOTIC: [8] Use of undefined constant count_view - assumed 'count_view' D:\APMServ5.2.6\www\htdocs\IKPHP\data\runtime\Cache\home\11e2f12d84b746b76491e3160c81a5b0.php 第 198 行.
NOTIC: [8] Use of undefined constant count_comment - assumed 'count_comment' D:\APMServ5.2.6\www\htdocs\IKPHP\data\runtime\Cache\home\11e2f12d84b746b76491e3160c81a5b0.php 第 198 行.
NOTIC: [8] Use of undefined constant video - assumed 'video' D:\APMServ5.2.6\www\htdocs\IKPHP\data\runtime\Cache\home\11e2f12d84b746b76491e3160c81a5b0.php 第 200 行.
NOTIC: [8] Use of undefined constant topicid - assumed 'topicid' D:\APMServ5.2.6\www\htdocs\IKPHP\data\runtime\Cache\home\11e2f12d84b746b76491e3160c81a5b0.php 第 200 行.
NOTIC: [8] Use of undefined constant title - assumed 'title' D:\APMServ5.2.6\www\htdocs\IKPHP\data\runtime\Cache\home\11e2f12d84b746b76491e3160c81a5b0.php 第 200 行.
NOTIC: [8] Undefined variable: time D:\APMServ5.2.6\www\htdocs\IKPHP\data\runtime\Cache\home\11e2f12d84b746b76491e3160c81a5b0.php 第 200 行.
NOTIC: [8] Use of undefined constant video - assumed 'video' D:\APMServ5.2.6\www\htdocs\IKPHP\data\runtime\Cache\home\11e2f12d84b746b76491e3160c81a5b0.php 第 200 行.
NOTIC: [8] Use of undefined constant imgurl - assumed 'imgurl' D:\APMServ5.2.6\www\htdocs\IKPHP\data\runtime\Cache\home\11e2f12d84b746b76491e3160c81a5b0.php 第 200 行.
NOTIC: [8] Use of undefined constant content - assumed 'content' D:\APMServ5.2.6\www\htdocs\IKPHP\data\runtime\Cache\home\11e2f12d84b746b76491e3160c81a5b0.php 第 203 行.
NOTIC: [8] Use of undefined constant user - assumed 'user' D:\APMServ5.2.6\www\htdocs\IKPHP\data\runtime\Cache\home\11e2f12d84b746b76491e3160c81a5b0.php 第 195 行.
NOTIC: [8] Use of undefined constant doname - assumed 'doname' D:\APMServ5.2.6\www\htdocs\IKPHP\data\runtime\Cache\home\11e2f12d84b746b76491e3160c81a5b0.php 第 195 行.
NOTIC: [8] Use of undefined constant user - assumed 'user' D:\APMServ5.2.6\www\htdocs\IKPHP\data\runtime\Cache\home\11e2f12d84b746b76491e3160c81a5b0.php 第 195 行.
NOTIC: [8] Use of undefined constant face - assumed 'face' D:\APMServ5.2.6\www\htdocs\IKPHP\data\runtime\Cache\home\11e2f12d84b746b76491e3160c81a5b0.php 第 195 行.
NOTIC: [8] Use of undefined constant topicid - assumed 'topicid' D:\APMServ5.2.6\www\htdocs\IKPHP\data\runtime\Cache\home\11e2f12d84b746b76491e3160c81a5b0.php 第 197 行.
NOTIC: [8] Use of undefined constant title - assumed 'title' D:\APMServ5.2.6\www\htdocs\IKPHP\data\runtime\Cache\home\11e2f12d84b746b76491e3160c81a5b0.php 第 197 行.
NOTIC: [8] Undefined variable: time D:\APMServ5.2.6\www\htdocs\IKPHP\data\runtime\Cache\home\11e2f12d84b746b76491e3160c81a5b0.php 第 197 行.
NOTIC: [8] Use of undefined constant title - assumed 'title' D:\APMServ5.2.6\www\htdocs\IKPHP\data\runtime\Cache\home\11e2f12d84b746b76491e3160c81a5b0.php 第 197 行.
NOTIC: [8] Use of undefined constant user - assumed 'user' D:\APMServ5.2.6\www\htdocs\IKPHP\data\runtime\Cache\home\11e2f12d84b746b76491e3160c81a5b0.php 第 198 行.
NOTIC: [8] Use of undefined constant doname - assumed 'doname' D:\APMServ5.2.6\www\htdocs\IKPHP\data\runtime\Cache\home\11e2f12d84b746b76491e3160c81a5b0.php 第 198 行.
NOTIC: [8] Use of undefined constant user - assumed 'user' D:\APMServ5.2.6\www\htdocs\IKPHP\data\runtime\Cache\home\11e2f12d84b746b76491e3160c81a5b0.php 第 198 行.
NOTIC: [8] Use of undefined constant username - assumed 'username' D:\APMServ5.2.6\www\htdocs\IKPHP\data\runtime\Cache\home\11e2f12d84b746b76491e3160c81a5b0.php 第 198 行.
NOTIC: [8] Use of undefined constant addtime - assumed 'addtime' D:\APMServ5.2.6\www\htdocs\IKPHP\data\runtime\Cache\home\11e2f12d84b746b76491e3160c81a5b0.php 第 198 行.
NOTIC: [8] Use of undefined constant count_view - assumed 'count_view' D:\APMServ5.2.6\www\htdocs\IKPHP\data\runtime\Cache\home\11e2f12d84b746b76491e3160c81a5b0.php 第 198 行.
NOTIC: [8] Use of undefined constant count_comment - assumed 'count_comment' D:\APMServ5.2.6\www\htdocs\IKPHP\data\runtime\Cache\home\11e2f12d84b746b76491e3160c81a5b0.php 第 198 行.
NOTIC: [8] Use of undefined constant video - assumed 'video' D:\APMServ5.2.6\www\htdocs\IKPHP\data\runtime\Cache\home\11e2f12d84b746b76491e3160c81a5b0.php 第 200 行.
NOTIC: [8] Use of undefined constant topicid - assumed 'topicid' D:\APMServ5.2.6\www\htdocs\IKPHP\data\runtime\Cache\home\11e2f12d84b746b76491e3160c81a5b0.php 第 202 行.
NOTIC: [8] Use of undefined constant title - assumed 'title' D:\APMServ5.2.6\www\htdocs\IKPHP\data\runtime\Cache\home\11e2f12d84b746b76491e3160c81a5b0.php 第 202 行.
NOTIC: [8] Undefined variable: time D:\APMServ5.2.6\www\htdocs\IKPHP\data\runtime\Cache\home\11e2f12d84b746b76491e3160c81a5b0.php 第 202 行.
NOTIC: [8] Use of undefined constant img - assumed 'img' D:\APMServ5.2.6\www\htdocs\IKPHP\data\runtime\Cache\home\11e2f12d84b746b76491e3160c81a5b0.php 第 202 行.
NOTIC: [8] Use of undefined constant simg - assumed 'simg' D:\APMServ5.2.6\www\htdocs\IKPHP\data\runtime\Cache\home\11e2f12d84b746b76491e3160c81a5b0.php 第 202 行.
NOTIC: [8] Use of undefined constant content - assumed 'content' D:\APMServ5.2.6\www\htdocs\IKPHP\data\runtime\Cache\home\11e2f12d84b746b76491e3160c81a5b0.php 第 203 行.
NOTIC: [8] Use of undefined constant user - assumed 'user' D:\APMServ5.2.6\www\htdocs\IKPHP\data\runtime\Cache\home\11e2f12d84b746b76491e3160c81a5b0.php 第 195 行.
NOTIC: [8] Use of undefined constant doname - assumed 'doname' D:\APMServ5.2.6\www\htdocs\IKPHP\data\runtime\Cache\home\11e2f12d84b746b76491e3160c81a5b0.php 第 195 行.
NOTIC: [8] Use of undefined constant user - assumed 'user' D:\APMServ5.2.6\www\htdocs\IKPHP\data\runtime\Cache\home\11e2f12d84b746b76491e3160c81a5b0.php 第 195 行.
NOTIC: [8] Use of undefined constant face - assumed 'face' D:\APMServ5.2.6\www\htdocs\IKPHP\data\runtime\Cache\home\11e2f12d84b746b76491e3160c81a5b0.php 第 195 行.
NOTIC: [8] Use of undefined constant topicid - assumed 'topicid' D:\APMServ5.2.6\www\htdocs\IKPHP\data\runtime\Cache\home\11e2f12d84b746b76491e3160c81a5b0.php 第 197 行.
NOTIC: [8] Use of undefined constant title - assumed 'title' D:\APMServ5.2.6\www\htdocs\IKPHP\data\runtime\Cache\home\11e2f12d84b746b76491e3160c81a5b0.php 第 197 行.
NOTIC: [8] Undefined variable: time D:\APMServ5.2.6\www\htdocs\IKPHP\data\runtime\Cache\home\11e2f12d84b746b76491e3160c81a5b0.php 第 197 行.
NOTIC: [8] Use of undefined constant title - assumed 'title' D:\APMServ5.2.6\www\htdocs\IKPHP\data\runtime\Cache\home\11e2f12d84b746b76491e3160c81a5b0.php 第 197 行.
NOTIC: [8] Use of undefined constant user - assumed 'user' D:\APMServ5.2.6\www\htdocs\IKPHP\data\runtime\Cache\home\11e2f12d84b746b76491e3160c81a5b0.php 第 198 行.
NOTIC: [8] Use of undefined constant doname - assumed 'doname' D:\APMServ5.2.6\www\htdocs\IKPHP\data\runtime\Cache\home\11e2f12d84b746b76491e3160c81a5b0.php 第 198 行.
NOTIC: [8] Use of undefined constant user - assumed 'user' D:\APMServ5.2.6\www\htdocs\IKPHP\data\runtime\Cache\home\11e2f12d84b746b76491e3160c81a5b0.php 第 198 行.
NOTIC: [8] Use of undefined constant username - assumed 'username' D:\APMServ5.2.6\www\htdocs\IKPHP\data\runtime\Cache\home\11e2f12d84b746b76491e3160c81a5b0.php 第 198 行.
NOTIC: [8] Use of undefined constant addtime - assumed 'addtime' D:\APMServ5.2.6\www\htdocs\IKPHP\data\runtime\Cache\home\11e2f12d84b746b76491e3160c81a5b0.php 第 198 行.
NOTIC: [8] Use of undefined constant count_view - assumed 'count_view' D:\APMServ5.2.6\www\htdocs\IKPHP\data\runtime\Cache\home\11e2f12d84b746b76491e3160c81a5b0.php 第 198 行.
NOTIC: [8] Use of undefined constant count_comment - assumed 'count_comment' D:\APMServ5.2.6\www\htdocs\IKPHP\data\runtime\Cache\home\11e2f12d84b746b76491e3160c81a5b0.php 第 198 行.
NOTIC: [8] Use of undefined constant video - assumed 'video' D:\APMServ5.2.6\www\htdocs\IKPHP\data\runtime\Cache\home\11e2f12d84b746b76491e3160c81a5b0.php 第 200 行.
NOTIC: [8] Use of undefined constant topicid - assumed 'topicid' D:\APMServ5.2.6\www\htdocs\IKPHP\data\runtime\Cache\home\11e2f12d84b746b76491e3160c81a5b0.php 第 202 行.
NOTIC: [8] Use of undefined constant title - assumed 'title' D:\APMServ5.2.6\www\htdocs\IKPHP\data\runtime\Cache\home\11e2f12d84b746b76491e3160c81a5b0.php 第 202 行.
NOTIC: [8] Undefined variable: time D:\APMServ5.2.6\www\htdocs\IKPHP\data\runtime\Cache\home\11e2f12d84b746b76491e3160c81a5b0.php 第 202 行.
NOTIC: [8] Use of undefined constant img - assumed 'img' D:\APMServ5.2.6\www\htdocs\IKPHP\data\runtime\Cache\home\11e2f12d84b746b76491e3160c81a5b0.php 第 202 行.
NOTIC: [8] Use of undefined constant simg - assumed 'simg' D:\APMServ5.2.6\www\htdocs\IKPHP\data\runtime\Cache\home\11e2f12d84b746b76491e3160c81a5b0.php 第 202 行.
NOTIC: [8] Use of undefined constant content - assumed 'content' D:\APMServ5.2.6\www\htdocs\IKPHP\data\runtime\Cache\home\11e2f12d84b746b76491e3160c81a5b0.php 第 203 行.
NOTIC: [8] Use of undefined constant user - assumed 'user' D:\APMServ5.2.6\www\htdocs\IKPHP\data\runtime\Cache\home\11e2f12d84b746b76491e3160c81a5b0.php 第 195 行.
NOTIC: [8] Use of undefined constant doname - assumed 'doname' D:\APMServ5.2.6\www\htdocs\IKPHP\data\runtime\Cache\home\11e2f12d84b746b76491e3160c81a5b0.php 第 195 行.
NOTIC: [8] Use of undefined constant user - assumed 'user' D:\APMServ5.2.6\www\htdocs\IKPHP\data\runtime\Cache\home\11e2f12d84b746b76491e3160c81a5b0.php 第 195 行.
NOTIC: [8] Use of undefined constant face - assumed 'face' D:\APMServ5.2.6\www\htdocs\IKPHP\data\runtime\Cache\home\11e2f12d84b746b76491e3160c81a5b0.php 第 195 行.
NOTIC: [8] Use of undefined constant topicid - assumed 'topicid' D:\APMServ5.2.6\www\htdocs\IKPHP\data\runtime\Cache\home\11e2f12d84b746b76491e3160c81a5b0.php 第 197 行.
NOTIC: [8] Use of undefined constant title - assumed 'title' D:\APMServ5.2.6\www\htdocs\IKPHP\data\runtime\Cache\home\11e2f12d84b746b76491e3160c81a5b0.php 第 197 行.
NOTIC: [8] Undefined variable: time D:\APMServ5.2.6\www\htdocs\IKPHP\data\runtime\Cache\home\11e2f12d84b746b76491e3160c81a5b0.php 第 197 行.
NOTIC: [8] Use of undefined constant title - assumed 'title' D:\APMServ5.2.6\www\htdocs\IKPHP\data\runtime\Cache\home\11e2f12d84b746b76491e3160c81a5b0.php 第 197 行.
NOTIC: [8] Use of undefined constant user - assumed 'user' D:\APMServ5.2.6\www\htdocs\IKPHP\data\runtime\Cache\home\11e2f12d84b746b76491e3160c81a5b0.php 第 198 行.
NOTIC: [8] Use of undefined constant doname - assumed 'doname' D:\APMServ5.2.6\www\htdocs\IKPHP\data\runtime\Cache\home\11e2f12d84b746b76491e3160c81a5b0.php 第 198 行.
NOTIC: [8] Use of undefined constant user - assumed 'user' D:\APMServ5.2.6\www\htdocs\IKPHP\data\runtime\Cache\home\11e2f12d84b746b76491e3160c81a5b0.php 第 198 行.
NOTIC: [8] Use of undefined constant username - assumed 'username' D:\APMServ5.2.6\www\htdocs\IKPHP\data\runtime\Cache\home\11e2f12d84b746b76491e3160c81a5b0.php 第 198 行.
NOTIC: [8] Use of undefined constant addtime - assumed 'addtime' D:\APMServ5.2.6\www\htdocs\IKPHP\data\runtime\Cache\home\11e2f12d84b746b76491e3160c81a5b0.php 第 198 行.
NOTIC: [8] Use of undefined constant count_view - assumed 'count_view' D:\APMServ5.2.6\www\htdocs\IKPHP\data\runtime\Cache\home\11e2f12d84b746b76491e3160c81a5b0.php 第 198 行.
NOTIC: [8] Use of undefined constant count_comment - assumed 'count_comment' D:\APMServ5.2.6\www\htdocs\IKPHP\data\runtime\Cache\home\11e2f12d84b746b76491e3160c81a5b0.php 第 198 行.
NOTIC: [8] Use of undefined constant video - assumed 'video' D:\APMServ5.2.6\www\htdocs\IKPHP\data\runtime\Cache\home\11e2f12d84b746b76491e3160c81a5b0.php 第 200 行.
NOTIC: [8] Use of undefined constant topicid - assumed 'topicid' D:\APMServ5.2.6\www\htdocs\IKPHP\data\runtime\Cache\home\11e2f12d84b746b76491e3160c81a5b0.php 第 202 行.
NOTIC: [8] Use of undefined constant title - assumed 'title' D:\APMServ5.2.6\www\htdocs\IKPHP\data\runtime\Cache\home\11e2f12d84b746b76491e3160c81a5b0.php 第 202 行.
NOTIC: [8] Undefined variable: time D:\APMServ5.2.6\www\htdocs\IKPHP\data\runtime\Cache\home\11e2f12d84b746b76491e3160c81a5b0.php 第 202 行.
NOTIC: [8] Use of undefined constant img - assumed 'img' D:\APMServ5.2.6\www\htdocs\IKPHP\data\runtime\Cache\home\11e2f12d84b746b76491e3160c81a5b0.php 第 202 行.
NOTIC: [8] Use of undefined constant simg - assumed 'simg' D:\APMServ5.2.6\www\htdocs\IKPHP\data\runtime\Cache\home\11e2f12d84b746b76491e3160c81a5b0.php 第 202 行.
NOTIC: [8] Use of undefined constant content - assumed 'content' D:\APMServ5.2.6\www\htdocs\IKPHP\data\runtime\Cache\home\11e2f12d84b746b76491e3160c81a5b0.php 第 203 行.
NOTIC: [8] Use of undefined constant user - assumed 'user' D:\APMServ5.2.6\www\htdocs\IKPHP\data\runtime\Cache\home\11e2f12d84b746b76491e3160c81a5b0.php 第 195 行.
NOTIC: [8] Use of undefined constant doname - assumed 'doname' D:\APMServ5.2.6\www\htdocs\IKPHP\data\runtime\Cache\home\11e2f12d84b746b76491e3160c81a5b0.php 第 195 行.
NOTIC: [8] Use of undefined constant user - assumed 'user' D:\APMServ5.2.6\www\htdocs\IKPHP\data\runtime\Cache\home\11e2f12d84b746b76491e3160c81a5b0.php 第 195 行.
NOTIC: [8] Use of undefined constant face - assumed 'face' D:\APMServ5.2.6\www\htdocs\IKPHP\data\runtime\Cache\home\11e2f12d84b746b76491e3160c81a5b0.php 第 195 行.
NOTIC: [8] Use of undefined constant topicid - assumed 'topicid' D:\APMServ5.2.6\www\htdocs\IKPHP\data\runtime\Cache\home\11e2f12d84b746b76491e3160c81a5b0.php 第 197 行.
NOTIC: [8] Use of undefined constant title - assumed 'title' D:\APMServ5.2.6\www\htdocs\IKPHP\data\runtime\Cache\home\11e2f12d84b746b76491e3160c81a5b0.php 第 197 行.
NOTIC: [8] Undefined variable: time D:\APMServ5.2.6\www\htdocs\IKPHP\data\runtime\Cache\home\11e2f12d84b746b76491e3160c81a5b0.php 第 197 行.
NOTIC: [8] Use of undefined constant title - assumed 'title' D:\APMServ5.2.6\www\htdocs\IKPHP\data\runtime\Cache\home\11e2f12d84b746b76491e3160c81a5b0.php 第 197 行.
NOTIC: [8] Use of undefined constant user - assumed 'user' D:\APMServ5.2.6\www\htdocs\IKPHP\data\runtime\Cache\home\11e2f12d84b746b76491e3160c81a5b0.php 第 198 行.
NOTIC: [8] Use of undefined constant doname - assumed 'doname' D:\APMServ5.2.6\www\htdocs\IKPHP\data\runtime\Cache\home\11e2f12d84b746b76491e3160c81a5b0.php 第 198 行.
NOTIC: [8] Use of undefined constant user - assumed 'user' D:\APMServ5.2.6\www\htdocs\IKPHP\data\runtime\Cache\home\11e2f12d84b746b76491e3160c81a5b0.php 第 198 行.
NOTIC: [8] Use of undefined constant username - assumed 'username' D:\APMServ5.2.6\www\htdocs\IKPHP\data\runtime\Cache\home\11e2f12d84b746b76491e3160c81a5b0.php 第 198 行.
NOTIC: [8] Use of undefined constant addtime - assumed 'addtime' D:\APMServ5.2.6\www\htdocs\IKPHP\data\runtime\Cache\home\11e2f12d84b746b76491e3160c81a5b0.php 第 198 行.
NOTIC: [8] Use of undefined constant count_view - assumed 'count_view' D:\APMServ5.2.6\www\htdocs\IKPHP\data\runtime\Cache\home\11e2f12d84b746b76491e3160c81a5b0.php 第 198 行.
NOTIC: [8] Use of undefined constant count_comment - assumed 'count_comment' D:\APMServ5.2.6\www\htdocs\IKPHP\data\runtime\Cache\home\11e2f12d84b746b76491e3160c81a5b0.php 第 198 行.
NOTIC: [8] Use of undefined constant video - assumed 'video' D:\APMServ5.2.6\www\htdocs\IKPHP\data\runtime\Cache\home\11e2f12d84b746b76491e3160c81a5b0.php 第 200 行.
NOTIC: [8] Use of undefined constant topicid - assumed 'topicid' D:\APMServ5.2.6\www\htdocs\IKPHP\data\runtime\Cache\home\11e2f12d84b746b76491e3160c81a5b0.php 第 202 行.
NOTIC: [8] Use of undefined constant title - assumed 'title' D:\APMServ5.2.6\www\htdocs\IKPHP\data\runtime\Cache\home\11e2f12d84b746b76491e3160c81a5b0.php 第 202 行.
NOTIC: [8] Undefined variable: time D:\APMServ5.2.6\www\htdocs\IKPHP\data\runtime\Cache\home\11e2f12d84b746b76491e3160c81a5b0.php 第 202 行.
NOTIC: [8] Use of undefined constant img - assumed 'img' D:\APMServ5.2.6\www\htdocs\IKPHP\data\runtime\Cache\home\11e2f12d84b746b76491e3160c81a5b0.php 第 202 行.
NOTIC: [8] Use of undefined constant simg - assumed 'simg' D:\APMServ5.2.6\www\htdocs\IKPHP\data\runtime\Cache\home\11e2f12d84b746b76491e3160c81a5b0.php 第 202 行.
NOTIC: [8] Use of undefined constant content - assumed 'content' D:\APMServ5.2.6\www\htdocs\IKPHP\data\runtime\Cache\home\11e2f12d84b746b76491e3160c81a5b0.php 第 203 行.
NOTIC: [8] Use of undefined constant user - assumed 'user' D:\APMServ5.2.6\www\htdocs\IKPHP\data\runtime\Cache\home\11e2f12d84b746b76491e3160c81a5b0.php 第 195 行.
NOTIC: [8] Use of undefined constant doname - assumed 'doname' D:\APMServ5.2.6\www\htdocs\IKPHP\data\runtime\Cache\home\11e2f12d84b746b76491e3160c81a5b0.php 第 195 行.
NOTIC: [8] Use of undefined constant user - assumed 'user' D:\APMServ5.2.6\www\htdocs\IKPHP\data\runtime\Cache\home\11e2f12d84b746b76491e3160c81a5b0.php 第 195 行.
NOTIC: [8] Use of undefined constant face - assumed 'face' D:\APMServ5.2.6\www\htdocs\IKPHP\data\runtime\Cache\home\11e2f12d84b746b76491e3160c81a5b0.php 第 195 行.
NOTIC: [8] Use of undefined constant topicid - assumed 'topicid' D:\APMServ5.2.6\www\htdocs\IKPHP\data\runtime\Cache\home\11e2f12d84b746b76491e3160c81a5b0.php 第 197 行.
NOTIC: [8] Use of undefined constant title - assumed 'title' D:\APMServ5.2.6\www\htdocs\IKPHP\data\runtime\Cache\home\11e2f12d84b746b76491e3160c81a5b0.php 第 197 行.
NOTIC: [8] Undefined variable: time D:\APMServ5.2.6\www\htdocs\IKPHP\data\runtime\Cache\home\11e2f12d84b746b76491e3160c81a5b0.php 第 197 行.
NOTIC: [8] Use of undefined constant title - assumed 'title' D:\APMServ5.2.6\www\htdocs\IKPHP\data\runtime\Cache\home\11e2f12d84b746b76491e3160c81a5b0.php 第 197 行.
NOTIC: [8] Use of undefined constant user - assumed 'user' D:\APMServ5.2.6\www\htdocs\IKPHP\data\runtime\Cache\home\11e2f12d84b746b76491e3160c81a5b0.php 第 198 行.
NOTIC: [8] Use of undefined constant doname - assumed 'doname' D:\APMServ5.2.6\www\htdocs\IKPHP\data\runtime\Cache\home\11e2f12d84b746b76491e3160c81a5b0.php 第 198 行.
NOTIC: [8] Use of undefined constant user - assumed 'user' D:\APMServ5.2.6\www\htdocs\IKPHP\data\runtime\Cache\home\11e2f12d84b746b76491e3160c81a5b0.php 第 198 行.
NOTIC: [8] Use of undefined constant username - assumed 'username' D:\APMServ5.2.6\www\htdocs\IKPHP\data\runtime\Cache\home\11e2f12d84b746b76491e3160c81a5b0.php 第 198 行.
NOTIC: [8] Use of undefined constant addtime - assumed 'addtime' D:\APMServ5.2.6\www\htdocs\IKPHP\data\runtime\Cache\home\11e2f12d84b746b76491e3160c81a5b0.php 第 198 行.
NOTIC: [8] Use of undefined constant count_view - assumed 'count_view' D:\APMServ5.2.6\www\htdocs\IKPHP\data\runtime\Cache\home\11e2f12d84b746b76491e3160c81a5b0.php 第 198 行.
NOTIC: [8] Use of undefined constant count_comment - assumed 'count_comment' D:\APMServ5.2.6\www\htdocs\IKPHP\data\runtime\Cache\home\11e2f12d84b746b76491e3160c81a5b0.php 第 198 行.
NOTIC: [8] Use of undefined constant video - assumed 'video' D:\APMServ5.2.6\www\htdocs\IKPHP\data\runtime\Cache\home\11e2f12d84b746b76491e3160c81a5b0.php 第 200 行.
NOTIC: [8] Use of undefined constant topicid - assumed 'topicid' D:\APMServ5.2.6\www\htdocs\IKPHP\data\runtime\Cache\home\11e2f12d84b746b76491e3160c81a5b0.php 第 202 行.
NOTIC: [8] Use of undefined constant title - assumed 'title' D:\APMServ5.2.6\www\htdocs\IKPHP\data\runtime\Cache\home\11e2f12d84b746b76491e3160c81a5b0.php 第 202 行.
NOTIC: [8] Undefined variable: time D:\APMServ5.2.6\www\htdocs\IKPHP\data\runtime\Cache\home\11e2f12d84b746b76491e3160c81a5b0.php 第 202 行.
NOTIC: [8] Use of undefined constant img - assumed 'img' D:\APMServ5.2.6\www\htdocs\IKPHP\data\runtime\Cache\home\11e2f12d84b746b76491e3160c81a5b0.php 第 202 行.
NOTIC: [8] Use of undefined constant simg - assumed 'simg' D:\APMServ5.2.6\www\htdocs\IKPHP\data\runtime\Cache\home\11e2f12d84b746b76491e3160c81a5b0.php 第 202 行.
NOTIC: [8] Use of undefined constant content - assumed 'content' D:\APMServ5.2.6\www\htdocs\IKPHP\data\runtime\Cache\home\11e2f12d84b746b76491e3160c81a5b0.php 第 203 行.
NOTIC: [8] Use of undefined constant user - assumed 'user' D:\APMServ5.2.6\www\htdocs\IKPHP\data\runtime\Cache\home\11e2f12d84b746b76491e3160c81a5b0.php 第 195 行.
NOTIC: [8] Use of undefined constant doname - assumed 'doname' D:\APMServ5.2.6\www\htdocs\IKPHP\data\runtime\Cache\home\11e2f12d84b746b76491e3160c81a5b0.php 第 195 行.
NOTIC: [8] Use of undefined constant user - assumed 'user' D:\APMServ5.2.6\www\htdocs\IKPHP\data\runtime\Cache\home\11e2f12d84b746b76491e3160c81a5b0.php 第 195 行.
NOTIC: [8] Use of undefined constant face - assumed 'face' D:\APMServ5.2.6\www\htdocs\IKPHP\data\runtime\Cache\home\11e2f12d84b746b76491e3160c81a5b0.php 第 195 行.
NOTIC: [8] Use of undefined constant topicid - assumed 'topicid' D:\APMServ5.2.6\www\htdocs\IKPHP\data\runtime\Cache\home\11e2f12d84b746b76491e3160c81a5b0.php 第 197 行.
NOTIC: [8] Use of undefined constant title - assumed 'title' D:\APMServ5.2.6\www\htdocs\IKPHP\data\runtime\Cache\home\11e2f12d84b746b76491e3160c81a5b0.php 第 197 行.
NOTIC: [8] Undefined variable: time D:\APMServ5.2.6\www\htdocs\IKPHP\data\runtime\Cache\home\11e2f12d84b746b76491e3160c81a5b0.php 第 197 行.
NOTIC: [8] Use of undefined constant title - assumed 'title' D:\APMServ5.2.6\www\htdocs\IKPHP\data\runtime\Cache\home\11e2f12d84b746b76491e3160c81a5b0.php 第 197 行.
NOTIC: [8] Use of undefined constant user - assumed 'user' D:\APMServ5.2.6\www\htdocs\IKPHP\data\runtime\Cache\home\11e2f12d84b746b76491e3160c81a5b0.php 第 198 行.
NOTIC: [8] Use of undefined constant doname - assumed 'doname' D:\APMServ5.2.6\www\htdocs\IKPHP\data\runtime\Cache\home\11e2f12d84b746b76491e3160c81a5b0.php 第 198 行.
NOTIC: [8] Use of undefined constant user - assumed 'user' D:\APMServ5.2.6\www\htdocs\IKPHP\data\runtime\Cache\home\11e2f12d84b746b76491e3160c81a5b0.php 第 198 行.
NOTIC: [8] Use of undefined constant username - assumed 'username' D:\APMServ5.2.6\www\htdocs\IKPHP\data\runtime\Cache\home\11e2f12d84b746b76491e3160c81a5b0.php 第 198 行.
NOTIC: [8] Use of undefined constant addtime - assumed 'addtime' D:\APMServ5.2.6\www\htdocs\IKPHP\data\runtime\Cache\home\11e2f12d84b746b76491e3160c81a5b0.php 第 198 行.
NOTIC: [8] Use of undefined constant count_view - assumed 'count_view' D:\APMServ5.2.6\www\htdocs\IKPHP\data\runtime\Cache\home\11e2f12d84b746b76491e3160c81a5b0.php 第 198 行.
NOTIC: [8] Use of undefined constant count_comment - assumed 'count_comment' D:\APMServ5.2.6\www\htdocs\IKPHP\data\runtime\Cache\home\11e2f12d84b746b76491e3160c81a5b0.php 第 198 行.
NOTIC: [8] Use of undefined constant video - assumed 'video' D:\APMServ5.2.6\www\htdocs\IKPHP\data\runtime\Cache\home\11e2f12d84b746b76491e3160c81a5b0.php 第 200 行.
NOTIC: [8] Use of undefined constant topicid - assumed 'topicid' D:\APMServ5.2.6\www\htdocs\IKPHP\data\runtime\Cache\home\11e2f12d84b746b76491e3160c81a5b0.php 第 202 行.
NOTIC: [8] Use of undefined constant title - assumed 'title' D:\APMServ5.2.6\www\htdocs\IKPHP\data\runtime\Cache\home\11e2f12d84b746b76491e3160c81a5b0.php 第 202 行.
NOTIC: [8] Undefined variable: time D:\APMServ5.2.6\www\htdocs\IKPHP\data\runtime\Cache\home\11e2f12d84b746b76491e3160c81a5b0.php 第 202 行.
NOTIC: [8] Use of undefined constant img - assumed 'img' D:\APMServ5.2.6\www\htdocs\IKPHP\data\runtime\Cache\home\11e2f12d84b746b76491e3160c81a5b0.php 第 202 行.
NOTIC: [8] Use of undefined constant simg - assumed 'simg' D:\APMServ5.2.6\www\htdocs\IKPHP\data\runtime\Cache\home\11e2f12d84b746b76491e3160c81a5b0.php 第 202 行.
NOTIC: [8] Use of undefined constant content - assumed 'content' D:\APMServ5.2.6\www\htdocs\IKPHP\data\runtime\Cache\home\11e2f12d84b746b76491e3160c81a5b0.php 第 203 行.
NOTIC: [8] Use of undefined constant user - assumed 'user' D:\APMServ5.2.6\www\htdocs\IKPHP\data\runtime\Cache\home\11e2f12d84b746b76491e3160c81a5b0.php 第 195 行.
NOTIC: [8] Use of undefined constant doname - assumed 'doname' D:\APMServ5.2.6\www\htdocs\IKPHP\data\runtime\Cache\home\11e2f12d84b746b76491e3160c81a5b0.php 第 195 行.
NOTIC: [8] Use of undefined constant user - assumed 'user' D:\APMServ5.2.6\www\htdocs\IKPHP\data\runtime\Cache\home\11e2f12d84b746b76491e3160c81a5b0.php 第 195 行.
NOTIC: [8] Use of undefined constant face - assumed 'face' D:\APMServ5.2.6\www\htdocs\IKPHP\data\runtime\Cache\home\11e2f12d84b746b76491e3160c81a5b0.php 第 195 行.
NOTIC: [8] Use of undefined constant topicid - assumed 'topicid' D:\APMServ5.2.6\www\htdocs\IKPHP\data\runtime\Cache\home\11e2f12d84b746b76491e3160c81a5b0.php 第 197 行.
NOTIC: [8] Use of undefined constant title - assumed 'title' D:\APMServ5.2.6\www\htdocs\IKPHP\data\runtime\Cache\home\11e2f12d84b746b76491e3160c81a5b0.php 第 197 行.
NOTIC: [8] Undefined variable: time D:\APMServ5.2.6\www\htdocs\IKPHP\data\runtime\Cache\home\11e2f12d84b746b76491e3160c81a5b0.php 第 197 行.
NOTIC: [8] Use of undefined constant title - assumed 'title' D:\APMServ5.2.6\www\htdocs\IKPHP\data\runtime\Cache\home\11e2f12d84b746b76491e3160c81a5b0.php 第 197 行.
NOTIC: [8] Use of undefined constant user - assumed 'user' D:\APMServ5.2.6\www\htdocs\IKPHP\data\runtime\Cache\home\11e2f12d84b746b76491e3160c81a5b0.php 第 198 行.
NOTIC: [8] Use of undefined constant doname - assumed 'doname' D:\APMServ5.2.6\www\htdocs\IKPHP\data\runtime\Cache\home\11e2f12d84b746b76491e3160c81a5b0.php 第 198 行.
NOTIC: [8] Use of undefined constant user - assumed 'user' D:\APMServ5.2.6\www\htdocs\IKPHP\data\runtime\Cache\home\11e2f12d84b746b76491e3160c81a5b0.php 第 198 行.
NOTIC: [8] Use of undefined constant username - assumed 'username' D:\APMServ5.2.6\www\htdocs\IKPHP\data\runtime\Cache\home\11e2f12d84b746b76491e3160c81a5b0.php 第 198 行.
NOTIC: [8] Use of undefined constant addtime - assumed 'addtime' D:\APMServ5.2.6\www\htdocs\IKPHP\data\runtime\Cache\home\11e2f12d84b746b76491e3160c81a5b0.php 第 198 行.
NOTIC: [8] Use of undefined constant count_view - assumed 'count_view' D:\APMServ5.2.6\www\htdocs\IKPHP\data\runtime\Cache\home\11e2f12d84b746b76491e3160c81a5b0.php 第 198 行.
NOTIC: [8] Use of undefined constant count_comment - assumed 'count_comment' D:\APMServ5.2.6\www\htdocs\IKPHP\data\runtime\Cache\home\11e2f12d84b746b76491e3160c81a5b0.php 第 198 行.
NOTIC: [8] Use of undefined constant video - assumed 'video' D:\APMServ5.2.6\www\htdocs\IKPHP\data\runtime\Cache\home\11e2f12d84b746b76491e3160c81a5b0.php 第 200 行.
NOTIC: [8] Use of undefined constant topicid - assumed 'topicid' D:\APMServ5.2.6\www\htdocs\IKPHP\data\runtime\Cache\home\11e2f12d84b746b76491e3160c81a5b0.php 第 202 行.
NOTIC: [8] Use of undefined constant title - assumed 'title' D:\APMServ5.2.6\www\htdocs\IKPHP\data\runtime\Cache\home\11e2f12d84b746b76491e3160c81a5b0.php 第 202 行.
NOTIC: [8] Undefined variable: time D:\APMServ5.2.6\www\htdocs\IKPHP\data\runtime\Cache\home\11e2f12d84b746b76491e3160c81a5b0.php 第 202 行.
NOTIC: [8] Use of undefined constant img - assumed 'img' D:\APMServ5.2.6\www\htdocs\IKPHP\data\runtime\Cache\home\11e2f12d84b746b76491e3160c81a5b0.php 第 202 行.
NOTIC: [8] Use of undefined constant simg - assumed 'simg' D:\APMServ5.2.6\www\htdocs\IKPHP\data\runtime\Cache\home\11e2f12d84b746b76491e3160c81a5b0.php 第 202 行.
NOTIC: [8] Use of undefined constant content - assumed 'content' D:\APMServ5.2.6\www\htdocs\IKPHP\data\runtime\Cache\home\11e2f12d84b746b76491e3160c81a5b0.php 第 203 行.
NOTIC: [8] Use of undefined constant user - assumed 'user' D:\APMServ5.2.6\www\htdocs\IKPHP\data\runtime\Cache\home\11e2f12d84b746b76491e3160c81a5b0.php 第 195 行.
NOTIC: [8] Use of undefined constant doname - assumed 'doname' D:\APMServ5.2.6\www\htdocs\IKPHP\data\runtime\Cache\home\11e2f12d84b746b76491e3160c81a5b0.php 第 195 行.
NOTIC: [8] Use of undefined constant user - assumed 'user' D:\APMServ5.2.6\www\htdocs\IKPHP\data\runtime\Cache\home\11e2f12d84b746b76491e3160c81a5b0.php 第 195 行.
NOTIC: [8] Use of undefined constant face - assumed 'face' D:\APMServ5.2.6\www\htdocs\IKPHP\data\runtime\Cache\home\11e2f12d84b746b76491e3160c81a5b0.php 第 195 行.
NOTIC: [8] Use of undefined constant topicid - assumed 'topicid' D:\APMServ5.2.6\www\htdocs\IKPHP\data\runtime\Cache\home\11e2f12d84b746b76491e3160c81a5b0.php 第 197 行.
NOTIC: [8] Use of undefined constant title - assumed 'title' D:\APMServ5.2.6\www\htdocs\IKPHP\data\runtime\Cache\home\11e2f12d84b746b76491e3160c81a5b0.php 第 197 行.
NOTIC: [8] Undefined variable: time D:\APMServ5.2.6\www\htdocs\IKPHP\data\runtime\Cache\home\11e2f12d84b746b76491e3160c81a5b0.php 第 197 行.
NOTIC: [8] Use of undefined constant title - assumed 'title' D:\APMServ5.2.6\www\htdocs\IKPHP\data\runtime\Cache\home\11e2f12d84b746b76491e3160c81a5b0.php 第 197 行.
NOTIC: [8] Use of undefined constant user - assumed 'user' D:\APMServ5.2.6\www\htdocs\IKPHP\data\runtime\Cache\home\11e2f12d84b746b76491e3160c81a5b0.php 第 198 行.
NOTIC: [8] Use of undefined constant doname - assumed 'doname' D:\APMServ5.2.6\www\htdocs\IKPHP\data\runtime\Cache\home\11e2f12d84b746b76491e3160c81a5b0.php 第 198 行.
NOTIC: [8] Use of undefined constant user - assumed 'user' D:\APMServ5.2.6\www\htdocs\IKPHP\data\runtime\Cache\home\11e2f12d84b746b76491e3160c81a5b0.php 第 198 行.
NOTIC: [8] Use of undefined constant username - assumed 'username' D:\APMServ5.2.6\www\htdocs\IKPHP\data\runtime\Cache\home\11e2f12d84b746b76491e3160c81a5b0.php 第 198 行.
NOTIC: [8] Use of undefined constant addtime - assumed 'addtime' D:\APMServ5.2.6\www\htdocs\IKPHP\data\runtime\Cache\home\11e2f12d84b746b76491e3160c81a5b0.php 第 198 行.
NOTIC: [8] Use of undefined constant count_view - assumed 'count_view' D:\APMServ5.2.6\www\htdocs\IKPHP\data\runtime\Cache\home\11e2f12d84b746b76491e3160c81a5b0.php 第 198 行.
NOTIC: [8] Use of undefined constant count_comment - assumed 'count_comment' D:\APMServ5.2.6\www\htdocs\IKPHP\data\runtime\Cache\home\11e2f12d84b746b76491e3160c81a5b0.php 第 198 行.
NOTIC: [8] Use of undefined constant video - assumed 'video' D:\APMServ5.2.6\www\htdocs\IKPHP\data\runtime\Cache\home\11e2f12d84b746b76491e3160c81a5b0.php 第 200 行.
NOTIC: [8] Use of undefined constant topicid - assumed 'topicid' D:\APMServ5.2.6\www\htdocs\IKPHP\data\runtime\Cache\home\11e2f12d84b746b76491e3160c81a5b0.php 第 202 行.
NOTIC: [8] Use of undefined constant title - assumed 'title' D:\APMServ5.2.6\www\htdocs\IKPHP\data\runtime\Cache\home\11e2f12d84b746b76491e3160c81a5b0.php 第 202 行.
NOTIC: [8] Undefined variable: time D:\APMServ5.2.6\www\htdocs\IKPHP\data\runtime\Cache\home\11e2f12d84b746b76491e3160c81a5b0.php 第 202 行.
NOTIC: [8] Use of undefined constant img - assumed 'img' D:\APMServ5.2.6\www\htdocs\IKPHP\data\runtime\Cache\home\11e2f12d84b746b76491e3160c81a5b0.php 第 202 行.
NOTIC: [8] Use of undefined constant simg - assumed 'simg' D:\APMServ5.2.6\www\htdocs\IKPHP\data\runtime\Cache\home\11e2f12d84b746b76491e3160c81a5b0.php 第 202 行.
NOTIC: [8] Use of undefined constant content - assumed 'content' D:\APMServ5.2.6\www\htdocs\IKPHP\data\runtime\Cache\home\11e2f12d84b746b76491e3160c81a5b0.php 第 203 行.
NOTIC: [8] Use of undefined constant user - assumed 'user' D:\APMServ5.2.6\www\htdocs\IKPHP\data\runtime\Cache\home\11e2f12d84b746b76491e3160c81a5b0.php 第 195 行.
NOTIC: [8] Use of undefined constant doname - assumed 'doname' D:\APMServ5.2.6\www\htdocs\IKPHP\data\runtime\Cache\home\11e2f12d84b746b76491e3160c81a5b0.php 第 195 行.
NOTIC: [8] Use of undefined constant user - assumed 'user' D:\APMServ5.2.6\www\htdocs\IKPHP\data\runtime\Cache\home\11e2f12d84b746b76491e3160c81a5b0.php 第 195 行.
NOTIC: [8] Use of undefined constant face - assumed 'face' D:\APMServ5.2.6\www\htdocs\IKPHP\data\runtime\Cache\home\11e2f12d84b746b76491e3160c81a5b0.php 第 195 行.
NOTIC: [8] Use of undefined constant topicid - assumed 'topicid' D:\APMServ5.2.6\www\htdocs\IKPHP\data\runtime\Cache\home\11e2f12d84b746b76491e3160c81a5b0.php 第 197 行.
NOTIC: [8] Use of undefined constant title - assumed 'title' D:\APMServ5.2.6\www\htdocs\IKPHP\data\runtime\Cache\home\11e2f12d84b746b76491e3160c81a5b0.php 第 197 行.
NOTIC: [8] Undefined variable: time D:\APMServ5.2.6\www\htdocs\IKPHP\data\runtime\Cache\home\11e2f12d84b746b76491e3160c81a5b0.php 第 197 行.
NOTIC: [8] Use of undefined constant title - assumed 'title' D:\APMServ5.2.6\www\htdocs\IKPHP\data\runtime\Cache\home\11e2f12d84b746b76491e3160c81a5b0.php 第 197 行.
NOTIC: [8] Use of undefined constant user - assumed 'user' D:\APMServ5.2.6\www\htdocs\IKPHP\data\runtime\Cache\home\11e2f12d84b746b76491e3160c81a5b0.php 第 198 行.
NOTIC: [8] Use of undefined constant doname - assumed 'doname' D:\APMServ5.2.6\www\htdocs\IKPHP\data\runtime\Cache\home\11e2f12d84b746b76491e3160c81a5b0.php 第 198 行.
NOTIC: [8] Use of undefined constant user - assumed 'user' D:\APMServ5.2.6\www\htdocs\IKPHP\data\runtime\Cache\home\11e2f12d84b746b76491e3160c81a5b0.php 第 198 行.
NOTIC: [8] Use of undefined constant username - assumed 'username' D:\APMServ5.2.6\www\htdocs\IKPHP\data\runtime\Cache\home\11e2f12d84b746b76491e3160c81a5b0.php 第 198 行.
NOTIC: [8] Use of undefined constant addtime - assumed 'addtime' D:\APMServ5.2.6\www\htdocs\IKPHP\data\runtime\Cache\home\11e2f12d84b746b76491e3160c81a5b0.php 第 198 行.
NOTIC: [8] Use of undefined constant count_view - assumed 'count_view' D:\APMServ5.2.6\www\htdocs\IKPHP\data\runtime\Cache\home\11e2f12d84b746b76491e3160c81a5b0.php 第 198 行.
NOTIC: [8] Use of undefined constant count_comment - assumed 'count_comment' D:\APMServ5.2.6\www\htdocs\IKPHP\data\runtime\Cache\home\11e2f12d84b746b76491e3160c81a5b0.php 第 198 行.
NOTIC: [8] Use of undefined constant video - assumed 'video' D:\APMServ5.2.6\www\htdocs\IKPHP\data\runtime\Cache\home\11e2f12d84b746b76491e3160c81a5b0.php 第 200 行.
NOTIC: [8] Use of undefined constant topicid - assumed 'topicid' D:\APMServ5.2.6\www\htdocs\IKPHP\data\runtime\Cache\home\11e2f12d84b746b76491e3160c81a5b0.php 第 202 行.
NOTIC: [8] Use of undefined constant title - assumed 'title' D:\APMServ5.2.6\www\htdocs\IKPHP\data\runtime\Cache\home\11e2f12d84b746b76491e3160c81a5b0.php 第 202 行.
NOTIC: [8] Undefined variable: time D:\APMServ5.2.6\www\htdocs\IKPHP\data\runtime\Cache\home\11e2f12d84b746b76491e3160c81a5b0.php 第 202 行.
NOTIC: [8] Use of undefined constant img - assumed 'img' D:\APMServ5.2.6\www\htdocs\IKPHP\data\runtime\Cache\home\11e2f12d84b746b76491e3160c81a5b0.php 第 202 行.
NOTIC: [8] Use of undefined constant simg - assumed 'simg' D:\APMServ5.2.6\www\htdocs\IKPHP\data\runtime\Cache\home\11e2f12d84b746b76491e3160c81a5b0.php 第 202 行.
NOTIC: [8] Use of undefined constant content - assumed 'content' D:\APMServ5.2.6\www\htdocs\IKPHP\data\runtime\Cache\home\11e2f12d84b746b76491e3160c81a5b0.php 第 203 行.
NOTIC: [8] Use of undefined constant user - assumed 'user' D:\APMServ5.2.6\www\htdocs\IKPHP\data\runtime\Cache\home\11e2f12d84b746b76491e3160c81a5b0.php 第 195 行.
NOTIC: [8] Use of undefined constant doname - assumed 'doname' D:\APMServ5.2.6\www\htdocs\IKPHP\data\runtime\Cache\home\11e2f12d84b746b76491e3160c81a5b0.php 第 195 行.
NOTIC: [8] Use of undefined constant user - assumed 'user' D:\APMServ5.2.6\www\htdocs\IKPHP\data\runtime\Cache\home\11e2f12d84b746b76491e3160c81a5b0.php 第 195 行.
NOTIC: [8] Use of undefined constant face - assumed 'face' D:\APMServ5.2.6\www\htdocs\IKPHP\data\runtime\Cache\home\11e2f12d84b746b76491e3160c81a5b0.php 第 195 行.
NOTIC: [8] Use of undefined constant topicid - assumed 'topicid' D:\APMServ5.2.6\www\htdocs\IKPHP\data\runtime\Cache\home\11e2f12d84b746b76491e3160c81a5b0.php 第 197 行.
NOTIC: [8] Use of undefined constant title - assumed 'title' D:\APMServ5.2.6\www\htdocs\IKPHP\data\runtime\Cache\home\11e2f12d84b746b76491e3160c81a5b0.php 第 197 行.
NOTIC: [8] Undefined variable: time D:\APMServ5.2.6\www\htdocs\IKPHP\data\runtime\Cache\home\11e2f12d84b746b76491e3160c81a5b0.php 第 197 行.
NOTIC: [8] Use of undefined constant title - assumed 'title' D:\APMServ5.2.6\www\htdocs\IKPHP\data\runtime\Cache\home\11e2f12d84b746b76491e3160c81a5b0.php 第 197 行.
NOTIC: [8] Use of undefined constant user - assumed 'user' D:\APMServ5.2.6\www\htdocs\IKPHP\data\runtime\Cache\home\11e2f12d84b746b76491e3160c81a5b0.php 第 198 行.
NOTIC: [8] Use of undefined constant doname - assumed 'doname' D:\APMServ5.2.6\www\htdocs\IKPHP\data\runtime\Cache\home\11e2f12d84b746b76491e3160c81a5b0.php 第 198 行.
NOTIC: [8] Use of undefined constant user - assumed 'user' D:\APMServ5.2.6\www\htdocs\IKPHP\data\runtime\Cache\home\11e2f12d84b746b76491e3160c81a5b0.php 第 198 行.
NOTIC: [8] Use of undefined constant username - assumed 'username' D:\APMServ5.2.6\www\htdocs\IKPHP\data\runtime\Cache\home\11e2f12d84b746b76491e3160c81a5b0.php 第 198 行.
NOTIC: [8] Use of undefined constant addtime - assumed 'addtime' D:\APMServ5.2.6\www\htdocs\IKPHP\data\runtime\Cache\home\11e2f12d84b746b76491e3160c81a5b0.php 第 198 行.
NOTIC: [8] Use of undefined constant count_view - assumed 'count_view' D:\APMServ5.2.6\www\htdocs\IKPHP\data\runtime\Cache\home\11e2f12d84b746b76491e3160c81a5b0.php 第 198 行.
NOTIC: [8] Use of undefined constant count_comment - assumed 'count_comment' D:\APMServ5.2.6\www\htdocs\IKPHP\data\runtime\Cache\home\11e2f12d84b746b76491e3160c81a5b0.php 第 198 行.
NOTIC: [8] Use of undefined constant video - assumed 'video' D:\APMServ5.2.6\www\htdocs\IKPHP\data\runtime\Cache\home\11e2f12d84b746b76491e3160c81a5b0.php 第 200 行.
NOTIC: [8] Use of undefined constant topicid - assumed 'topicid' D:\APMServ5.2.6\www\htdocs\IKPHP\data\runtime\Cache\home\11e2f12d84b746b76491e3160c81a5b0.php 第 202 行.
NOTIC: [8] Use of undefined constant title - assumed 'title' D:\APMServ5.2.6\www\htdocs\IKPHP\data\runtime\Cache\home\11e2f12d84b746b76491e3160c81a5b0.php 第 202 行.
NOTIC: [8] Undefined variable: time D:\APMServ5.2.6\www\htdocs\IKPHP\data\runtime\Cache\home\11e2f12d84b746b76491e3160c81a5b0.php 第 202 行.
NOTIC: [8] Use of undefined constant img - assumed 'img' D:\APMServ5.2.6\www\htdocs\IKPHP\data\runtime\Cache\home\11e2f12d84b746b76491e3160c81a5b0.php 第 202 行.
NOTIC: [8] Use of undefined constant simg - assumed 'simg' D:\APMServ5.2.6\www\htdocs\IKPHP\data\runtime\Cache\home\11e2f12d84b746b76491e3160c81a5b0.php 第 202 行.
NOTIC: [8] Use of undefined constant content - assumed 'content' D:\APMServ5.2.6\www\htdocs\IKPHP\data\runtime\Cache\home\11e2f12d84b746b76491e3160c81a5b0.php 第 203 行.
NOTIC: [8] Use of undefined constant user - assumed 'user' D:\APMServ5.2.6\www\htdocs\IKPHP\data\runtime\Cache\home\11e2f12d84b746b76491e3160c81a5b0.php 第 195 行.
NOTIC: [8] Use of undefined constant doname - assumed 'doname' D:\APMServ5.2.6\www\htdocs\IKPHP\data\runtime\Cache\home\11e2f12d84b746b76491e3160c81a5b0.php 第 195 行.
NOTIC: [8] Use of undefined constant user - assumed 'user' D:\APMServ5.2.6\www\htdocs\IKPHP\data\runtime\Cache\home\11e2f12d84b746b76491e3160c81a5b0.php 第 195 行.
NOTIC: [8] Use of undefined constant face - assumed 'face' D:\APMServ5.2.6\www\htdocs\IKPHP\data\runtime\Cache\home\11e2f12d84b746b76491e3160c81a5b0.php 第 195 行.
NOTIC: [8] Use of undefined constant topicid - assumed 'topicid' D:\APMServ5.2.6\www\htdocs\IKPHP\data\runtime\Cache\home\11e2f12d84b746b76491e3160c81a5b0.php 第 197 行.
NOTIC: [8] Use of undefined constant title - assumed 'title' D:\APMServ5.2.6\www\htdocs\IKPHP\data\runtime\Cache\home\11e2f12d84b746b76491e3160c81a5b0.php 第 197 行.
NOTIC: [8] Undefined variable: time D:\APMServ5.2.6\www\htdocs\IKPHP\data\runtime\Cache\home\11e2f12d84b746b76491e3160c81a5b0.php 第 197 行.
NOTIC: [8] Use of undefined constant title - assumed 'title' D:\APMServ5.2.6\www\htdocs\IKPHP\data\runtime\Cache\home\11e2f12d84b746b76491e3160c81a5b0.php 第 197 行.
NOTIC: [8] Use of undefined constant user - assumed 'user' D:\APMServ5.2.6\www\htdocs\IKPHP\data\runtime\Cache\home\11e2f12d84b746b76491e3160c81a5b0.php 第 198 行.
NOTIC: [8] Use of undefined constant doname - assumed 'doname' D:\APMServ5.2.6\www\htdocs\IKPHP\data\runtime\Cache\home\11e2f12d84b746b76491e3160c81a5b0.php 第 198 行.
NOTIC: [8] Use of undefined constant user - assumed 'user' D:\APMServ5.2.6\www\htdocs\IKPHP\data\runtime\Cache\home\11e2f12d84b746b76491e3160c81a5b0.php 第 198 行.
NOTIC: [8] Use of undefined constant username - assumed 'username' D:\APMServ5.2.6\www\htdocs\IKPHP\data\runtime\Cache\home\11e2f12d84b746b76491e3160c81a5b0.php 第 198 行.
NOTIC: [8] Use of undefined constant addtime - assumed 'addtime' D:\APMServ5.2.6\www\htdocs\IKPHP\data\runtime\Cache\home\11e2f12d84b746b76491e3160c81a5b0.php 第 198 行.
NOTIC: [8] Use of undefined constant count_view - assumed 'count_view' D:\APMServ5.2.6\www\htdocs\IKPHP\data\runtime\Cache\home\11e2f12d84b746b76491e3160c81a5b0.php 第 198 行.
NOTIC: [8] Use of undefined constant count_comment - assumed 'count_comment' D:\APMServ5.2.6\www\htdocs\IKPHP\data\runtime\Cache\home\11e2f12d84b746b76491e3160c81a5b0.php 第 198 行.
NOTIC: [8] Use of undefined constant video - assumed 'video' D:\APMServ5.2.6\www\htdocs\IKPHP\data\runtime\Cache\home\11e2f12d84b746b76491e3160c81a5b0.php 第 200 行.
NOTIC: [8] Use of undefined constant topicid - assumed 'topicid' D:\APMServ5.2.6\www\htdocs\IKPHP\data\runtime\Cache\home\11e2f12d84b746b76491e3160c81a5b0.php 第 202 行.
NOTIC: [8] Use of undefined constant title - assumed 'title' D:\APMServ5.2.6\www\htdocs\IKPHP\data\runtime\Cache\home\11e2f12d84b746b76491e3160c81a5b0.php 第 202 行.
NOTIC: [8] Undefined variable: time D:\APMServ5.2.6\www\htdocs\IKPHP\data\runtime\Cache\home\11e2f12d84b746b76491e3160c81a5b0.php 第 202 行.
NOTIC: [8] Use of undefined constant img - assumed 'img' D:\APMServ5.2.6\www\htdocs\IKPHP\data\runtime\Cache\home\11e2f12d84b746b76491e3160c81a5b0.php 第 202 行.
NOTIC: [8] Use of undefined constant simg - assumed 'simg' D:\APMServ5.2.6\www\htdocs\IKPHP\data\runtime\Cache\home\11e2f12d84b746b76491e3160c81a5b0.php 第 202 行.
NOTIC: [8] Use of undefined constant content - assumed 'content' D:\APMServ5.2.6\www\htdocs\IKPHP\data\runtime\Cache\home\11e2f12d84b746b76491e3160c81a5b0.php 第 203 行.
NOTIC: [8] Use of undefined constant user - assumed 'user' D:\APMServ5.2.6\www\htdocs\IKPHP\data\runtime\Cache\home\11e2f12d84b746b76491e3160c81a5b0.php 第 195 行.
NOTIC: [8] Use of undefined constant doname - assumed 'doname' D:\APMServ5.2.6\www\htdocs\IKPHP\data\runtime\Cache\home\11e2f12d84b746b76491e3160c81a5b0.php 第 195 行.
NOTIC: [8] Use of undefined constant user - assumed 'user' D:\APMServ5.2.6\www\htdocs\IKPHP\data\runtime\Cache\home\11e2f12d84b746b76491e3160c81a5b0.php 第 195 行.
NOTIC: [8] Use of undefined constant face - assumed 'face' D:\APMServ5.2.6\www\htdocs\IKPHP\data\runtime\Cache\home\11e2f12d84b746b76491e3160c81a5b0.php 第 195 行.
NOTIC: [8] Use of undefined constant topicid - assumed 'topicid' D:\APMServ5.2.6\www\htdocs\IKPHP\data\runtime\Cache\home\11e2f12d84b746b76491e3160c81a5b0.php 第 197 行.
NOTIC: [8] Use of undefined constant title - assumed 'title' D:\APMServ5.2.6\www\htdocs\IKPHP\data\runtime\Cache\home\11e2f12d84b746b76491e3160c81a5b0.php 第 197 行.
NOTIC: [8] Undefined variable: time D:\APMServ5.2.6\www\htdocs\IKPHP\data\runtime\Cache\home\11e2f12d84b746b76491e3160c81a5b0.php 第 197 行.
NOTIC: [8] Use of undefined constant title - assumed 'title' D:\APMServ5.2.6\www\htdocs\IKPHP\data\runtime\Cache\home\11e2f12d84b746b76491e3160c81a5b0.php 第 197 行.
NOTIC: [8] Use of undefined constant user - assumed 'user' D:\APMServ5.2.6\www\htdocs\IKPHP\data\runtime\Cache\home\11e2f12d84b746b76491e3160c81a5b0.php 第 198 行.
NOTIC: [8] Use of undefined constant doname - assumed 'doname' D:\APMServ5.2.6\www\htdocs\IKPHP\data\runtime\Cache\home\11e2f12d84b746b76491e3160c81a5b0.php 第 198 行.
NOTIC: [8] Use of undefined constant user - assumed 'user' D:\APMServ5.2.6\www\htdocs\IKPHP\data\runtime\Cache\home\11e2f12d84b746b76491e3160c81a5b0.php 第 198 行.
NOTIC: [8] Use of undefined constant username - assumed 'username' D:\APMServ5.2.6\www\htdocs\IKPHP\data\runtime\Cache\home\11e2f12d84b746b76491e3160c81a5b0.php 第 198 行.
NOTIC: [8] Use of undefined constant addtime - assumed 'addtime' D:\APMServ5.2.6\www\htdocs\IKPHP\data\runtime\Cache\home\11e2f12d84b746b76491e3160c81a5b0.php 第 198 行.
NOTIC: [8] Use of undefined constant count_view - assumed 'count_view' D:\APMServ5.2.6\www\htdocs\IKPHP\data\runtime\Cache\home\11e2f12d84b746b76491e3160c81a5b0.php 第 198 行.
NOTIC: [8] Use of undefined constant count_comment - assumed 'count_comment' D:\APMServ5.2.6\www\htdocs\IKPHP\data\runtime\Cache\home\11e2f12d84b746b76491e3160c81a5b0.php 第 198 行.
NOTIC: [8] Use of undefined constant video - assumed 'video' D:\APMServ5.2.6\www\htdocs\IKPHP\data\runtime\Cache\home\11e2f12d84b746b76491e3160c81a5b0.php 第 200 行.
NOTIC: [8] Use of undefined constant topicid - assumed 'topicid' D:\APMServ5.2.6\www\htdocs\IKPHP\data\runtime\Cache\home\11e2f12d84b746b76491e3160c81a5b0.php 第 202 行.
NOTIC: [8] Use of undefined constant title - assumed 'title' D:\APMServ5.2.6\www\htdocs\IKPHP\data\runtime\Cache\home\11e2f12d84b746b76491e3160c81a5b0.php 第 202 行.
NOTIC: [8] Undefined variable: time D:\APMServ5.2.6\www\htdocs\IKPHP\data\runtime\Cache\home\11e2f12d84b746b76491e3160c81a5b0.php 第 202 行.
NOTIC: [8] Use of undefined constant img - assumed 'img' D:\APMServ5.2.6\www\htdocs\IKPHP\data\runtime\Cache\home\11e2f12d84b746b76491e3160c81a5b0.php 第 202 行.
NOTIC: [8] Use of undefined constant simg - assumed 'simg' D:\APMServ5.2.6\www\htdocs\IKPHP\data\runtime\Cache\home\11e2f12d84b746b76491e3160c81a5b0.php 第 202 行.
NOTIC: [8] Use of undefined constant content - assumed 'content' D:\APMServ5.2.6\www\htdocs\IKPHP\data\runtime\Cache\home\11e2f12d84b746b76491e3160c81a5b0.php 第 203 行.
NOTIC: [8] Use of undefined constant doname - assumed 'doname' D:\APMServ5.2.6\www\htdocs\IKPHP\data\runtime\Cache\home\11e2f12d84b746b76491e3160c81a5b0.php 第 217 行.
NOTIC: [8] Use of undefined constant username - assumed 'username' D:\APMServ5.2.6\www\htdocs\IKPHP\data\runtime\Cache\home\11e2f12d84b746b76491e3160c81a5b0.php 第 218 行.
NOTIC: [8] Use of undefined constant face - assumed 'face' D:\APMServ5.2.6\www\htdocs\IKPHP\data\runtime\Cache\home\11e2f12d84b746b76491e3160c81a5b0.php 第 218 行.
NOTIC: [8] Use of undefined constant isonline - assumed 'isonline' D:\APMServ5.2.6\www\htdocs\IKPHP\data\runtime\Cache\home\11e2f12d84b746b76491e3160c81a5b0.php 第 220 行.
NOTIC: [8] Use of undefined constant doname - assumed 'doname' D:\APMServ5.2.6\www\htdocs\IKPHP\data\runtime\Cache\home\11e2f12d84b746b76491e3160c81a5b0.php 第 223 行.
NOTIC: [8] Use of undefined constant username - assumed 'username' D:\APMServ5.2.6\www\htdocs\IKPHP\data\runtime\Cache\home\11e2f12d84b746b76491e3160c81a5b0.php 第 223 行.
NOTIC: [8] Use of undefined constant doname - assumed 'doname' D:\APMServ5.2.6\www\htdocs\IKPHP\data\runtime\Cache\home\11e2f12d84b746b76491e3160c81a5b0.php 第 217 行.
NOTIC: [8] Use of undefined constant username - assumed 'username' D:\APMServ5.2.6\www\htdocs\IKPHP\data\runtime\Cache\home\11e2f12d84b746b76491e3160c81a5b0.php 第 218 行.
NOTIC: [8] Use of undefined constant face - assumed 'face' D:\APMServ5.2.6\www\htdocs\IKPHP\data\runtime\Cache\home\11e2f12d84b746b76491e3160c81a5b0.php 第 218 行.
NOTIC: [8] Use of undefined constant isonline - assumed 'isonline' D:\APMServ5.2.6\www\htdocs\IKPHP\data\runtime\Cache\home\11e2f12d84b746b76491e3160c81a5b0.php 第 220 行.
NOTIC: [8] Use of undefined constant doname - assumed 'doname' D:\APMServ5.2.6\www\htdocs\IKPHP\data\runtime\Cache\home\11e2f12d84b746b76491e3160c81a5b0.php 第 223 行.
NOTIC: [8] Use of undefined constant username - assumed 'username' D:\APMServ5.2.6\www\htdocs\IKPHP\data\runtime\Cache\home\11e2f12d84b746b76491e3160c81a5b0.php 第 223 行.
NOTIC: [8] Use of undefined constant doname - assumed 'doname' D:\APMServ5.2.6\www\htdocs\IKPHP\data\runtime\Cache\home\11e2f12d84b746b76491e3160c81a5b0.php 第 217 行.
NOTIC: [8] Use of undefined constant username - assumed 'username' D:\APMServ5.2.6\www\htdocs\IKPHP\data\runtime\Cache\home\11e2f12d84b746b76491e3160c81a5b0.php 第 218 行.
NOTIC: [8] Use of undefined constant face - assumed 'face' D:\APMServ5.2.6\www\htdocs\IKPHP\data\runtime\Cache\home\11e2f12d84b746b76491e3160c81a5b0.php 第 218 行.
NOTIC: [8] Use of undefined constant isonline - assumed 'isonline' D:\APMServ5.2.6\www\htdocs\IKPHP\data\runtime\Cache\home\11e2f12d84b746b76491e3160c81a5b0.php 第 220 行.
NOTIC: [8] Use of undefined constant doname - assumed 'doname' D:\APMServ5.2.6\www\htdocs\IKPHP\data\runtime\Cache\home\11e2f12d84b746b76491e3160c81a5b0.php 第 223 行.
NOTIC: [8] Use of undefined constant username - assumed 'username' D:\APMServ5.2.6\www\htdocs\IKPHP\data\runtime\Cache\home\11e2f12d84b746b76491e3160c81a5b0.php 第 223 行.
NOTIC: [8] Use of undefined constant doname - assumed 'doname' D:\APMServ5.2.6\www\htdocs\IKPHP\data\runtime\Cache\home\11e2f12d84b746b76491e3160c81a5b0.php 第 217 行.
NOTIC: [8] Use of undefined constant username - assumed 'username' D:\APMServ5.2.6\www\htdocs\IKPHP\data\runtime\Cache\home\11e2f12d84b746b76491e3160c81a5b0.php 第 218 行.
NOTIC: [8] Use of undefined constant face - assumed 'face' D:\APMServ5.2.6\www\htdocs\IKPHP\data\runtime\Cache\home\11e2f12d84b746b76491e3160c81a5b0.php 第 218 行.
NOTIC: [8] Use of undefined constant isonline - assumed 'isonline' D:\APMServ5.2.6\www\htdocs\IKPHP\data\runtime\Cache\home\11e2f12d84b746b76491e3160c81a5b0.php 第 220 行.
NOTIC: [8] Use of undefined constant doname - assumed 'doname' D:\APMServ5.2.6\www\htdocs\IKPHP\data\runtime\Cache\home\11e2f12d84b746b76491e3160c81a5b0.php 第 223 行.
NOTIC: [8] Use of undefined constant username - assumed 'username' D:\APMServ5.2.6\www\htdocs\IKPHP\data\runtime\Cache\home\11e2f12d84b746b76491e3160c81a5b0.php 第 223 行.
NOTIC: [8] Use of undefined constant doname - assumed 'doname' D:\APMServ5.2.6\www\htdocs\IKPHP\data\runtime\Cache\home\11e2f12d84b746b76491e3160c81a5b0.php 第 217 行.
NOTIC: [8] Use of undefined constant username - assumed 'username' D:\APMServ5.2.6\www\htdocs\IKPHP\data\runtime\Cache\home\11e2f12d84b746b76491e3160c81a5b0.php 第 218 行.
NOTIC: [8] Use of undefined constant face - assumed 'face' D:\APMServ5.2.6\www\htdocs\IKPHP\data\runtime\Cache\home\11e2f12d84b746b76491e3160c81a5b0.php 第 218 行.
NOTIC: [8] Use of undefined constant isonline - assumed 'isonline' D:\APMServ5.2.6\www\htdocs\IKPHP\data\runtime\Cache\home\11e2f12d84b746b76491e3160c81a5b0.php 第 220 行.
NOTIC: [8] Use of undefined constant doname - assumed 'doname' D:\APMServ5.2.6\www\htdocs\IKPHP\data\runtime\Cache\home\11e2f12d84b746b76491e3160c81a5b0.php 第 223 行.
NOTIC: [8] Use of undefined constant username - assumed 'username' D:\APMServ5.2.6\www\htdocs\IKPHP\data\runtime\Cache\home\11e2f12d84b746b76491e3160c81a5b0.php 第 223 行.
NOTIC: [8] Use of undefined constant doname - assumed 'doname' D:\APMServ5.2.6\www\htdocs\IKPHP\data\runtime\Cache\home\11e2f12d84b746b76491e3160c81a5b0.php 第 217 行.
NOTIC: [8] Use of undefined constant username - assumed 'username' D:\APMServ5.2.6\www\htdocs\IKPHP\data\runtime\Cache\home\11e2f12d84b746b76491e3160c81a5b0.php 第 218 行.
NOTIC: [8] Use of undefined constant face - assumed 'face' D:\APMServ5.2.6\www\htdocs\IKPHP\data\runtime\Cache\home\11e2f12d84b746b76491e3160c81a5b0.php 第 218 行.
NOTIC: [8] Use of undefined constant isonline - assumed 'isonline' D:\APMServ5.2.6\www\htdocs\IKPHP\data\runtime\Cache\home\11e2f12d84b746b76491e3160c81a5b0.php 第 220 行.
NOTIC: [8] Use of undefined constant doname - assumed 'doname' D:\APMServ5.2.6\www\htdocs\IKPHP\data\runtime\Cache\home\11e2f12d84b746b76491e3160c81a5b0.php 第 223 行.
NOTIC: [8] Use of undefined constant username - assumed 'username' D:\APMServ5.2.6\www\htdocs\IKPHP\data\runtime\Cache\home\11e2f12d84b746b76491e3160c81a5b0.php 第 223 行.
NOTIC: [8] Use of undefined constant doname - assumed 'doname' D:\APMServ5.2.6\www\htdocs\IKPHP\data\runtime\Cache\home\11e2f12d84b746b76491e3160c81a5b0.php 第 217 行.
NOTIC: [8] Use of undefined constant username - assumed 'username' D:\APMServ5.2.6\www\htdocs\IKPHP\data\runtime\Cache\home\11e2f12d84b746b76491e3160c81a5b0.php 第 218 行.
NOTIC: [8] Use of undefined constant face - assumed 'face' D:\APMServ5.2.6\www\htdocs\IKPHP\data\runtime\Cache\home\11e2f12d84b746b76491e3160c81a5b0.php 第 218 行.
NOTIC: [8] Use of undefined constant isonline - assumed 'isonline' D:\APMServ5.2.6\www\htdocs\IKPHP\data\runtime\Cache\home\11e2f12d84b746b76491e3160c81a5b0.php 第 220 行.
NOTIC: [8] Use of undefined constant doname - assumed 'doname' D:\APMServ5.2.6\www\htdocs\IKPHP\data\runtime\Cache\home\11e2f12d84b746b76491e3160c81a5b0.php 第 223 行.
NOTIC: [8] Use of undefined constant username - assumed 'username' D:\APMServ5.2.6\www\htdocs\IKPHP\data\runtime\Cache\home\11e2f12d84b746b76491e3160c81a5b0.php 第 223 行.
NOTIC: [8] Use of undefined constant doname - assumed 'doname' D:\APMServ5.2.6\www\htdocs\IKPHP\data\runtime\Cache\home\11e2f12d84b746b76491e3160c81a5b0.php 第 217 行.
NOTIC: [8] Use of undefined constant username - assumed 'username' D:\APMServ5.2.6\www\htdocs\IKPHP\data\runtime\Cache\home\11e2f12d84b746b76491e3160c81a5b0.php 第 218 行.
NOTIC: [8] Use of undefined constant face - assumed 'face' D:\APMServ5.2.6\www\htdocs\IKPHP\data\runtime\Cache\home\11e2f12d84b746b76491e3160c81a5b0.php 第 218 行.
NOTIC: [8] Use of undefined constant isonline - assumed 'isonline' D:\APMServ5.2.6\www\htdocs\IKPHP\data\runtime\Cache\home\11e2f12d84b746b76491e3160c81a5b0.php 第 220 行.
NOTIC: [8] Use of undefined constant doname - assumed 'doname' D:\APMServ5.2.6\www\htdocs\IKPHP\data\runtime\Cache\home\11e2f12d84b746b76491e3160c81a5b0.php 第 223 行.
NOTIC: [8] Use of undefined constant username - assumed 'username' D:\APMServ5.2.6\www\htdocs\IKPHP\data\runtime\Cache\home\11e2f12d84b746b76491e3160c81a5b0.php 第 223 行.
NOTIC: [8] Use of undefined constant doname - assumed 'doname' D:\APMServ5.2.6\www\htdocs\IKPHP\data\runtime\Cache\home\11e2f12d84b746b76491e3160c81a5b0.php 第 217 行.
NOTIC: [8] Use of undefined constant username - assumed 'username' D:\APMServ5.2.6\www\htdocs\IKPHP\data\runtime\Cache\home\11e2f12d84b746b76491e3160c81a5b0.php 第 218 行.
NOTIC: [8] Use of undefined constant face - assumed 'face' D:\APMServ5.2.6\www\htdocs\IKPHP\data\runtime\Cache\home\11e2f12d84b746b76491e3160c81a5b0.php 第 218 行.
NOTIC: [8] Use of undefined constant isonline - assumed 'isonline' D:\APMServ5.2.6\www\htdocs\IKPHP\data\runtime\Cache\home\11e2f12d84b746b76491e3160c81a5b0.php 第 220 行.
NOTIC: [8] Use of undefined constant doname - assumed 'doname' D:\APMServ5.2.6\www\htdocs\IKPHP\data\runtime\Cache\home\11e2f12d84b746b76491e3160c81a5b0.php 第 223 行.
NOTIC: [8] Use of undefined constant username - assumed 'username' D:\APMServ5.2.6\www\htdocs\IKPHP\data\runtime\Cache\home\11e2f12d84b746b76491e3160c81a5b0.php 第 223 行.
NOTIC: [8] Use of undefined constant doname - assumed 'doname' D:\APMServ5.2.6\www\htdocs\IKPHP\data\runtime\Cache\home\11e2f12d84b746b76491e3160c81a5b0.php 第 217 行.
NOTIC: [8] Use of undefined constant username - assumed 'username' D:\APMServ5.2.6\www\htdocs\IKPHP\data\runtime\Cache\home\11e2f12d84b746b76491e3160c81a5b0.php 第 218 行.
NOTIC: [8] Use of undefined constant face - assumed 'face' D:\APMServ5.2.6\www\htdocs\IKPHP\data\runtime\Cache\home\11e2f12d84b746b76491e3160c81a5b0.php 第 218 行.
NOTIC: [8] Use of undefined constant isonline - assumed 'isonline' D:\APMServ5.2.6\www\htdocs\IKPHP\data\runtime\Cache\home\11e2f12d84b746b76491e3160c81a5b0.php 第 220 行.
NOTIC: [8] Use of undefined constant doname - assumed 'doname' D:\APMServ5.2.6\www\htdocs\IKPHP\data\runtime\Cache\home\11e2f12d84b746b76491e3160c81a5b0.php 第 223 行.
NOTIC: [8] Use of undefined constant username - assumed 'username' D:\APMServ5.2.6\www\htdocs\IKPHP\data\runtime\Cache\home\11e2f12d84b746b76491e3160c81a5b0.php 第 223 行.
NOTIC: [8] Use of undefined constant doname - assumed 'doname' D:\APMServ5.2.6\www\htdocs\IKPHP\data\runtime\Cache\home\11e2f12d84b746b76491e3160c81a5b0.php 第 217 行.
NOTIC: [8] Use of undefined constant username - assumed 'username' D:\APMServ5.2.6\www\htdocs\IKPHP\data\runtime\Cache\home\11e2f12d84b746b76491e3160c81a5b0.php 第 218 行.
NOTIC: [8] Use of undefined constant face - assumed 'face' D:\APMServ5.2.6\www\htdocs\IKPHP\data\runtime\Cache\home\11e2f12d84b746b76491e3160c81a5b0.php 第 218 行.
NOTIC: [8] Use of undefined constant isonline - assumed 'isonline' D:\APMServ5.2.6\www\htdocs\IKPHP\data\runtime\Cache\home\11e2f12d84b746b76491e3160c81a5b0.php 第 220 行.
NOTIC: [8] Use of undefined constant doname - assumed 'doname' D:\APMServ5.2.6\www\htdocs\IKPHP\data\runtime\Cache\home\11e2f12d84b746b76491e3160c81a5b0.php 第 223 行.
NOTIC: [8] Use of undefined constant username - assumed 'username' D:\APMServ5.2.6\www\htdocs\IKPHP\data\runtime\Cache\home\11e2f12d84b746b76491e3160c81a5b0.php 第 223 行.
NOTIC: [8] Use of undefined constant groupid - assumed 'groupid' D:\APMServ5.2.6\www\htdocs\IKPHP\data\runtime\Cache\home\11e2f12d84b746b76491e3160c81a5b0.php 第 231 行.
NOTIC: [8] Use of undefined constant groupname - assumed 'groupname' D:\APMServ5.2.6\www\htdocs\IKPHP\data\runtime\Cache\home\11e2f12d84b746b76491e3160c81a5b0.php 第 231 行.
NOTIC: [8] Use of undefined constant count_user - assumed 'count_user' D:\APMServ5.2.6\www\htdocs\IKPHP\data\runtime\Cache\home\11e2f12d84b746b76491e3160c81a5b0.php 第 231 行.
NOTIC: [8] Use of undefined constant uptime - assumed 'uptime' D:\APMServ5.2.6\www\htdocs\IKPHP\data\runtime\Cache\home\11e2f12d84b746b76491e3160c81a5b0.php 第 231 行.
NOTIC: [8] Use of undefined constant groupid - assumed 'groupid' D:\APMServ5.2.6\www\htdocs\IKPHP\data\runtime\Cache\home\11e2f12d84b746b76491e3160c81a5b0.php 第 231 行.
NOTIC: [8] Use of undefined constant groupname - assumed 'groupname' D:\APMServ5.2.6\www\htdocs\IKPHP\data\runtime\Cache\home\11e2f12d84b746b76491e3160c81a5b0.php 第 231 行.
NOTIC: [8] Use of undefined constant count_user - assumed 'count_user' D:\APMServ5.2.6\www\htdocs\IKPHP\data\runtime\Cache\home\11e2f12d84b746b76491e3160c81a5b0.php 第 231 行.
NOTIC: [8] Use of undefined constant uptime - assumed 'uptime' D:\APMServ5.2.6\www\htdocs\IKPHP\data\runtime\Cache\home\11e2f12d84b746b76491e3160c81a5b0.php 第 231 行.
NOTIC: [8] Use of undefined constant groupid - assumed 'groupid' D:\APMServ5.2.6\www\htdocs\IKPHP\data\runtime\Cache\home\11e2f12d84b746b76491e3160c81a5b0.php 第 231 行.
NOTIC: [8] Use of undefined constant groupname - assumed 'groupname' D:\APMServ5.2.6\www\htdocs\IKPHP\data\runtime\Cache\home\11e2f12d84b746b76491e3160c81a5b0.php 第 231 行.
NOTIC: [8] Use of undefined constant count_user - assumed 'count_user' D:\APMServ5.2.6\www\htdocs\IKPHP\data\runtime\Cache\home\11e2f12d84b746b76491e3160c81a5b0.php 第 231 行.
NOTIC: [8] Use of undefined constant uptime - assumed 'uptime' D:\APMServ5.2.6\www\htdocs\IKPHP\data\runtime\Cache\home\11e2f12d84b746b76491e3160c81a5b0.php 第 231 行.
NOTIC: [8] Use of undefined constant groupid - assumed 'groupid' D:\APMServ5.2.6\www\htdocs\IKPHP\data\runtime\Cache\home\11e2f12d84b746b76491e3160c81a5b0.php 第 231 行.
NOTIC: [8] Use of undefined constant groupname - assumed 'groupname' D:\APMServ5.2.6\www\htdocs\IKPHP\data\runtime\Cache\home\11e2f12d84b746b76491e3160c81a5b0.php 第 231 行.
NOTIC: [8] Use of undefined constant count_user - assumed 'count_user' D:\APMServ5.2.6\www\htdocs\IKPHP\data\runtime\Cache\home\11e2f12d84b746b76491e3160c81a5b0.php 第 231 行.
NOTIC: [8] Use of undefined constant uptime - assumed 'uptime' D:\APMServ5.2.6\www\htdocs\IKPHP\data\runtime\Cache\home\11e2f12d84b746b76491e3160c81a5b0.php 第 231 行.
NOTIC: [8] Use of undefined constant groupid - assumed 'groupid' D:\APMServ5.2.6\www\htdocs\IKPHP\data\runtime\Cache\home\11e2f12d84b746b76491e3160c81a5b0.php 第 231 行.
NOTIC: [8] Use of undefined constant groupname - assumed 'groupname' D:\APMServ5.2.6\www\htdocs\IKPHP\data\runtime\Cache\home\11e2f12d84b746b76491e3160c81a5b0.php 第 231 行.
NOTIC: [8] Use of undefined constant count_user - assumed 'count_user' D:\APMServ5.2.6\www\htdocs\IKPHP\data\runtime\Cache\home\11e2f12d84b746b76491e3160c81a5b0.php 第 231 行.
NOTIC: [8] Use of undefined constant uptime - assumed 'uptime' D:\APMServ5.2.6\www\htdocs\IKPHP\data\runtime\Cache\home\11e2f12d84b746b76491e3160c81a5b0.php 第 231 行.
NOTIC: [8] Use of undefined constant groupid - assumed 'groupid' D:\APMServ5.2.6\www\htdocs\IKPHP\data\runtime\Cache\home\11e2f12d84b746b76491e3160c81a5b0.php 第 231 行.
NOTIC: [8] Use of undefined constant groupname - assumed 'groupname' D:\APMServ5.2.6\www\htdocs\IKPHP\data\runtime\Cache\home\11e2f12d84b746b76491e3160c81a5b0.php 第 231 行.
NOTIC: [8] Use of undefined constant count_user - assumed 'count_user' D:\APMServ5.2.6\www\htdocs\IKPHP\data\runtime\Cache\home\11e2f12d84b746b76491e3160c81a5b0.php 第 231 行.
NOTIC: [8] Use of undefined constant uptime - assumed 'uptime' D:\APMServ5.2.6\www\htdocs\IKPHP\data\runtime\Cache\home\11e2f12d84b746b76491e3160c81a5b0.php 第 231 行.
NOTIC: [8] Use of undefined constant groupid - assumed 'groupid' D:\APMServ5.2.6\www\htdocs\IKPHP\data\runtime\Cache\home\11e2f12d84b746b76491e3160c81a5b0.php 第 231 行.
NOTIC: [8] Use of undefined constant groupname - assumed 'groupname' D:\APMServ5.2.6\www\htdocs\IKPHP\data\runtime\Cache\home\11e2f12d84b746b76491e3160c81a5b0.php 第 231 行.
NOTIC: [8] Use of undefined constant count_user - assumed 'count_user' D:\APMServ5.2.6\www\htdocs\IKPHP\data\runtime\Cache\home\11e2f12d84b746b76491e3160c81a5b0.php 第 231 行.
NOTIC: [8] Use of undefined constant uptime - assumed 'uptime' D:\APMServ5.2.6\www\htdocs\IKPHP\data\runtime\Cache\home\11e2f12d84b746b76491e3160c81a5b0.php 第 231 行.
NOTIC: [8] Use of undefined constant groupid - assumed 'groupid' D:\APMServ5.2.6\www\htdocs\IKPHP\data\runtime\Cache\home\11e2f12d84b746b76491e3160c81a5b0.php 第 231 行.
NOTIC: [8] Use of undefined constant groupname - assumed 'groupname' D:\APMServ5.2.6\www\htdocs\IKPHP\data\runtime\Cache\home\11e2f12d84b746b76491e3160c81a5b0.php 第 231 行.
NOTIC: [8] Use of undefined constant count_user - assumed 'count_user' D:\APMServ5.2.6\www\htdocs\IKPHP\data\runtime\Cache\home\11e2f12d84b746b76491e3160c81a5b0.php 第 231 行.
NOTIC: [8] Use of undefined constant uptime - assumed 'uptime' D:\APMServ5.2.6\www\htdocs\IKPHP\data\runtime\Cache\home\11e2f12d84b746b76491e3160c81a5b0.php 第 231 行.
NOTIC: [8] Use of undefined constant groupid - assumed 'groupid' D:\APMServ5.2.6\www\htdocs\IKPHP\data\runtime\Cache\home\11e2f12d84b746b76491e3160c81a5b0.php 第 231 行.
NOTIC: [8] Use of undefined constant groupname - assumed 'groupname' D:\APMServ5.2.6\www\htdocs\IKPHP\data\runtime\Cache\home\11e2f12d84b746b76491e3160c81a5b0.php 第 231 行.
NOTIC: [8] Use of undefined constant count_user - assumed 'count_user' D:\APMServ5.2.6\www\htdocs\IKPHP\data\runtime\Cache\home\11e2f12d84b746b76491e3160c81a5b0.php 第 231 行.
NOTIC: [8] Use of undefined constant uptime - assumed 'uptime' D:\APMServ5.2.6\www\htdocs\IKPHP\data\runtime\Cache\home\11e2f12d84b746b76491e3160c81a5b0.php 第 231 行.
NOTIC: [8] Use of undefined constant groupid - assumed 'groupid' D:\APMServ5.2.6\www\htdocs\IKPHP\data\runtime\Cache\home\11e2f12d84b746b76491e3160c81a5b0.php 第 231 行.
NOTIC: [8] Use of undefined constant groupname - assumed 'groupname' D:\APMServ5.2.6\www\htdocs\IKPHP\data\runtime\Cache\home\11e2f12d84b746b76491e3160c81a5b0.php 第 231 行.
NOTIC: [8] Use of undefined constant count_user - assumed 'count_user' D:\APMServ5.2.6\www\htdocs\IKPHP\data\runtime\Cache\home\11e2f12d84b746b76491e3160c81a5b0.php 第 231 行.
NOTIC: [8] Use of undefined constant uptime - assumed 'uptime' D:\APMServ5.2.6\www\htdocs\IKPHP\data\runtime\Cache\home\11e2f12d84b746b76491e3160c81a5b0.php 第 231 行.
NOTIC: [8] Use of undefined constant itemid - assumed 'itemid' D:\APMServ5.2.6\www\htdocs\IKPHP\data\runtime\Cache\home\11e2f12d84b746b76491e3160c81a5b0.php 第 236 行.
NOTIC: [8] Use of undefined constant title - assumed 'title' D:\APMServ5.2.6\www\htdocs\IKPHP\data\runtime\Cache\home\11e2f12d84b746b76491e3160c81a5b0.php 第 236 行.
NOTIC: [8] Use of undefined constant itemid - assumed 'itemid' D:\APMServ5.2.6\www\htdocs\IKPHP\data\runtime\Cache\home\11e2f12d84b746b76491e3160c81a5b0.php 第 236 行.
NOTIC: [8] Use of undefined constant title - assumed 'title' D:\APMServ5.2.6\www\htdocs\IKPHP\data\runtime\Cache\home\11e2f12d84b746b76491e3160c81a5b0.php 第 236 行.
NOTIC: [8] Use of undefined constant itemid - assumed 'itemid' D:\APMServ5.2.6\www\htdocs\IKPHP\data\runtime\Cache\home\11e2f12d84b746b76491e3160c81a5b0.php 第 236 行.
NOTIC: [8] Use of undefined constant title - assumed 'title' D:\APMServ5.2.6\www\htdocs\IKPHP\data\runtime\Cache\home\11e2f12d84b746b76491e3160c81a5b0.php 第 236 行.
INFO: Run ParseTemplate Behavior [ RunTime:0.078759s ]
INFO: [ view_parse ] --END-- [ RunTime:0.078876s ]
INFO: [ view_filter ] --START--
INFO: Run ContentReplace Behavior [ RunTime:0.001161s ]
INFO: Run TokenBuild Behavior [ RunTime:0.000918s ]
INFO: Run WriteHtmlCache Behavior [ RunTime:0.001245s ]
INFO: Run ShowRuntime Behavior [ RunTime:0.001023s ]
INFO: Run content_replace Behavior [ RunTime:0.002712s ]
INFO: [ view_filter ] --END-- [ RunTime:0.007461s ]
INFO: [ view_end ] --START--
INFO: Run ShowPageTrace Behavior [ RunTime:0.001345s ]
INFO: [ view_end ] --END-- [ RunTime:0.001458s ]

