[ 2013-05-20T18:40:25+08:00 ] 127.0.0.1 /ikphp/index.php?m=app&a=index
INFO: [ app_begin ] --START--
INFO: Run ReadHtmlCache Behavior [ RunTime:0.001357s ]
INFO: Run load_lang Behavior [ RunTime:0.002126s ]
INFO: [ app_begin ] --END-- [ RunTime:0.003720s ]
SQL: SHOW COLUMNS FROM `ik_message` [ RunTime:0.003789s ]
SQL: SELECT COUNT(*) AS tp_count FROM `ik_message` WHERE ( `touserid` = 1 ) AND ( `isread` = 0 ) AND ( `isinbox` = 0 ) LIMIT 1   [ RunTime:0.001161s ]
SQL: SELECT COUNT(*) AS count FROM ik_user_online WHERE `ctime` > 1369045525 [ RunTime:0.000465s ]
SQL: SHOW COLUMNS FROM `ik_user` [ RunTime:0.004504s ]
INFO: [ view_template ] --START--
INFO: Run LocationTemplate Behavior [ RunTime:0.001877s ]
INFO: [ view_template ] --END-- [ RunTime:0.001992s ]
INFO: [ view_parse ] --START--
NOTIC: [8] Use of undefined constant style - assumed 'style' D:\APMServ5.2.6\www\htdocs\IKPHP\data\runtime\Cache\home\1e7507c4f671a7430c80a162848e2cc4.php 第 97 行.
NOTIC: [8] Use of undefined constant url - assumed 'url' D:\APMServ5.2.6\www\htdocs\IKPHP\data\runtime\Cache\home\1e7507c4f671a7430c80a162848e2cc4.php 第 98 行.
NOTIC: [8] Use of undefined constant name - assumed 'name' D:\APMServ5.2.6\www\htdocs\IKPHP\data\runtime\Cache\home\1e7507c4f671a7430c80a162848e2cc4.php 第 98 行.
NOTIC: [8] Use of undefined constant url - assumed 'url' D:\APMServ5.2.6\www\htdocs\IKPHP\data\runtime\Cache\home\1e7507c4f671a7430c80a162848e2cc4.php 第 102 行.
NOTIC: [8] Use of undefined constant name - assumed 'name' D:\APMServ5.2.6\www\htdocs\IKPHP\data\runtime\Cache\home\1e7507c4f671a7430c80a162848e2cc4.php 第 102 行.
NOTIC: [8] Use of undefined constant url - assumed 'url' D:\APMServ5.2.6\www\htdocs\IKPHP\data\runtime\Cache\home\1e7507c4f671a7430c80a162848e2cc4.php 第 102 行.
NOTIC: [8] Use of undefined constant name - assumed 'name' D:\APMServ5.2.6\www\htdocs\IKPHP\data\runtime\Cache\home\1e7507c4f671a7430c80a162848e2cc4.php 第 102 行.
NOTIC: [8] Use of undefined constant url - assumed 'url' D:\APMServ5.2.6\www\htdocs\IKPHP\data\runtime\Cache\home\1e7507c4f671a7430c80a162848e2cc4.php 第 102 行.
NOTIC: [8] Use of undefined constant name - assumed 'name' D:\APMServ5.2.6\www\htdocs\IKPHP\data\runtime\Cache\home\1e7507c4f671a7430c80a162848e2cc4.php 第 102 行.
INFO: Run ParseTemplate Behavior [ RunTime:0.032229s ]
INFO: [ view_parse ] --END-- [ RunTime:0.032350s ]
INFO: [ view_filter ] --START--
INFO: Run ContentReplace Behavior [ RunTime:0.001449s ]
INFO: Run TokenBuild Behavior [ RunTime:0.001320s ]
INFO: Run WriteHtmlCache Behavior [ RunTime:0.001220s ]
INFO: Run ShowRuntime Behavior [ RunTime:0.001395s ]
INFO: Run content_replace Behavior [ RunTime:0.002233s ]
INFO: [ view_filter ] --END-- [ RunTime:0.007969s ]
INFO: [ view_end ] --START--
INFO: Run ShowPageTrace Behavior [ RunTime:0.001314s ]
INFO: [ view_end ] --END-- [ RunTime:0.001410s ]

[ 2013-05-20T18:40:48+08:00 ] 127.0.0.1 /ikphp/index.php?m=app&a=index
INFO: [ app_begin ] --START--
INFO: Run ReadHtmlCache Behavior [ RunTime:0.000878s ]
INFO: Run load_lang Behavior [ RunTime:0.002090s ]
INFO: [ app_begin ] --END-- [ RunTime:0.003188s ]
SQL: REPLACE INTO ik_user_online (`userid`,`ctime`) VALUES ("1", "1369046448") [ RunTime:0.000489s ]
SQL: SHOW COLUMNS FROM `ik_message` [ RunTime:0.003786s ]
SQL: SELECT COUNT(*) AS tp_count FROM `ik_message` WHERE ( `touserid` = 1 ) AND ( `isread` = 0 ) AND ( `isinbox` = 0 ) LIMIT 1   [ RunTime:0.001159s ]
SQL: SELECT COUNT(*) AS count FROM ik_user_online WHERE `ctime` > 1369045548 [ RunTime:0.000492s ]
SQL: SHOW COLUMNS FROM `ik_user` [ RunTime:0.004022s ]
INFO: [ view_template ] --START--
INFO: Run LocationTemplate Behavior [ RunTime:0.001860s ]
INFO: [ view_template ] --END-- [ RunTime:0.001963s ]
INFO: [ view_parse ] --START--
NOTIC: [8] Use of undefined constant style - assumed 'style' D:\APMServ5.2.6\www\htdocs\IKPHP\data\runtime\Cache\home\1e7507c4f671a7430c80a162848e2cc4.php 第 97 行.
NOTIC: [8] Use of undefined constant url - assumed 'url' D:\APMServ5.2.6\www\htdocs\IKPHP\data\runtime\Cache\home\1e7507c4f671a7430c80a162848e2cc4.php 第 98 行.
NOTIC: [8] Use of undefined constant name - assumed 'name' D:\APMServ5.2.6\www\htdocs\IKPHP\data\runtime\Cache\home\1e7507c4f671a7430c80a162848e2cc4.php 第 98 行.
NOTIC: [8] Use of undefined constant url - assumed 'url' D:\APMServ5.2.6\www\htdocs\IKPHP\data\runtime\Cache\home\1e7507c4f671a7430c80a162848e2cc4.php 第 102 行.
NOTIC: [8] Use of undefined constant name - assumed 'name' D:\APMServ5.2.6\www\htdocs\IKPHP\data\runtime\Cache\home\1e7507c4f671a7430c80a162848e2cc4.php 第 102 行.
NOTIC: [8] Use of undefined constant url - assumed 'url' D:\APMServ5.2.6\www\htdocs\IKPHP\data\runtime\Cache\home\1e7507c4f671a7430c80a162848e2cc4.php 第 102 行.
NOTIC: [8] Use of undefined constant name - assumed 'name' D:\APMServ5.2.6\www\htdocs\IKPHP\data\runtime\Cache\home\1e7507c4f671a7430c80a162848e2cc4.php 第 102 行.
NOTIC: [8] Use of undefined constant url - assumed 'url' D:\APMServ5.2.6\www\htdocs\IKPHP\data\runtime\Cache\home\1e7507c4f671a7430c80a162848e2cc4.php 第 102 行.
NOTIC: [8] Use of undefined constant name - assumed 'name' D:\APMServ5.2.6\www\htdocs\IKPHP\data\runtime\Cache\home\1e7507c4f671a7430c80a162848e2cc4.php 第 102 行.
INFO: Run ParseTemplate Behavior [ RunTime:0.030457s ]
INFO: [ view_parse ] --END-- [ RunTime:0.030587s ]
INFO: [ view_filter ] --START--
INFO: Run ContentReplace Behavior [ RunTime:0.001444s ]
INFO: Run TokenBuild Behavior [ RunTime:0.001316s ]
INFO: Run WriteHtmlCache Behavior [ RunTime:0.000774s ]
INFO: Run ShowRuntime Behavior [ RunTime:0.001426s ]
INFO: Run content_replace Behavior [ RunTime:0.002717s ]
INFO: [ view_filter ] --END-- [ RunTime:0.008024s ]
INFO: [ view_end ] --START--
INFO: Run ShowPageTrace Behavior [ RunTime:0.001276s ]
INFO: [ view_end ] --END-- [ RunTime:0.001373s ]

[ 2013-05-20T18:40:58+08:00 ] 127.0.0.1 /ikphp/index.php?m=app&a=index
INFO: [ app_begin ] --START--
INFO: Run ReadHtmlCache Behavior [ RunTime:0.001090s ]
INFO: Run load_lang Behavior [ RunTime:0.002513s ]
INFO: [ app_begin ] --END-- [ RunTime:0.003856s ]
SQL: SHOW COLUMNS FROM `ik_message` [ RunTime:0.003723s ]
SQL: SELECT COUNT(*) AS tp_count FROM `ik_message` WHERE ( `touserid` = 1 ) AND ( `isread` = 0 ) AND ( `isinbox` = 0 ) LIMIT 1   [ RunTime:0.001167s ]
SQL: SELECT COUNT(*) AS count FROM ik_user_online WHERE `ctime` > 1369045558 [ RunTime:0.000437s ]
SQL: SHOW COLUMNS FROM `ik_user` [ RunTime:0.004149s ]
INFO: [ view_template ] --START--
INFO: Run LocationTemplate Behavior [ RunTime:0.002204s ]
INFO: [ view_template ] --END-- [ RunTime:0.002335s ]
INFO: [ view_parse ] --START--
NOTIC: [8] Use of undefined constant style - assumed 'style' D:\APMServ5.2.6\www\htdocs\IKPHP\data\runtime\Cache\home\1e7507c4f671a7430c80a162848e2cc4.php 第 97 行.
NOTIC: [8] Use of undefined constant url - assumed 'url' D:\APMServ5.2.6\www\htdocs\IKPHP\data\runtime\Cache\home\1e7507c4f671a7430c80a162848e2cc4.php 第 98 行.
NOTIC: [8] Use of undefined constant name - assumed 'name' D:\APMServ5.2.6\www\htdocs\IKPHP\data\runtime\Cache\home\1e7507c4f671a7430c80a162848e2cc4.php 第 98 行.
NOTIC: [8] Use of undefined constant url - assumed 'url' D:\APMServ5.2.6\www\htdocs\IKPHP\data\runtime\Cache\home\1e7507c4f671a7430c80a162848e2cc4.php 第 102 行.
NOTIC: [8] Use of undefined constant name - assumed 'name' D:\APMServ5.2.6\www\htdocs\IKPHP\data\runtime\Cache\home\1e7507c4f671a7430c80a162848e2cc4.php 第 102 行.
NOTIC: [8] Use of undefined constant url - assumed 'url' D:\APMServ5.2.6\www\htdocs\IKPHP\data\runtime\Cache\home\1e7507c4f671a7430c80a162848e2cc4.php 第 102 行.
NOTIC: [8] Use of undefined constant name - assumed 'name' D:\APMServ5.2.6\www\htdocs\IKPHP\data\runtime\Cache\home\1e7507c4f671a7430c80a162848e2cc4.php 第 102 行.
NOTIC: [8] Use of undefined constant url - assumed 'url' D:\APMServ5.2.6\www\htdocs\IKPHP\data\runtime\Cache\home\1e7507c4f671a7430c80a162848e2cc4.php 第 102 行.
NOTIC: [8] Use of undefined constant name - assumed 'name' D:\APMServ5.2.6\www\htdocs\IKPHP\data\runtime\Cache\home\1e7507c4f671a7430c80a162848e2cc4.php 第 102 行.
INFO: Run ParseTemplate Behavior [ RunTime:0.032461s ]
INFO: [ view_parse ] --END-- [ RunTime:0.032581s ]
INFO: [ view_filter ] --START--
INFO: Run ContentReplace Behavior [ RunTime:0.001435s ]
INFO: Run TokenBuild Behavior [ RunTime:0.001306s ]
INFO: Run WriteHtmlCache Behavior [ RunTime:0.001664s ]
INFO: Run ShowRuntime Behavior [ RunTime:0.001414s ]
INFO: Run content_replace Behavior [ RunTime:0.002214s ]
INFO: [ view_filter ] --END-- [ RunTime:0.008423s ]
INFO: [ view_end ] --START--
INFO: Run ShowPageTrace Behavior [ RunTime:0.001290s ]
INFO: [ view_end ] --END-- [ RunTime:0.001403s ]

[ 2013-05-20T18:41:09+08:00 ] 127.0.0.1 /ikphp/index.php?m=app&a=index
INFO: [ app_begin ] --START--
INFO: Run ReadHtmlCache Behavior [ RunTime:0.000394s ]
INFO: Run load_lang Behavior [ RunTime:0.001940s ]
INFO: [ app_begin ] --END-- [ RunTime:0.002579s ]
SQL: SHOW COLUMNS FROM `ik_message` [ RunTime:0.003890s ]
SQL: SELECT COUNT(*) AS tp_count FROM `ik_message` WHERE ( `touserid` = 1 ) AND ( `isread` = 0 ) AND ( `isinbox` = 0 ) LIMIT 1   [ RunTime:0.001256s ]
SQL: SELECT COUNT(*) AS count FROM ik_user_online WHERE `ctime` > 1369045569 [ RunTime:0.000481s ]
SQL: SHOW COLUMNS FROM `ik_user` [ RunTime:0.004331s ]
INFO: [ view_template ] --START--
INFO: Run LocationTemplate Behavior [ RunTime:0.001747s ]
INFO: [ view_template ] --END-- [ RunTime:0.001865s ]
INFO: [ view_parse ] --START--
NOTIC: [8] Use of undefined constant style - assumed 'style' D:\APMServ5.2.6\www\htdocs\IKPHP\data\runtime\Cache\home\1e7507c4f671a7430c80a162848e2cc4.php 第 97 行.
NOTIC: [8] Use of undefined constant url - assumed 'url' D:\APMServ5.2.6\www\htdocs\IKPHP\data\runtime\Cache\home\1e7507c4f671a7430c80a162848e2cc4.php 第 98 行.
NOTIC: [8] Use of undefined constant name - assumed 'name' D:\APMServ5.2.6\www\htdocs\IKPHP\data\runtime\Cache\home\1e7507c4f671a7430c80a162848e2cc4.php 第 98 行.
NOTIC: [8] Use of undefined constant url - assumed 'url' D:\APMServ5.2.6\www\htdocs\IKPHP\data\runtime\Cache\home\1e7507c4f671a7430c80a162848e2cc4.php 第 102 行.
NOTIC: [8] Use of undefined constant name - assumed 'name' D:\APMServ5.2.6\www\htdocs\IKPHP\data\runtime\Cache\home\1e7507c4f671a7430c80a162848e2cc4.php 第 102 行.
NOTIC: [8] Use of undefined constant url - assumed 'url' D:\APMServ5.2.6\www\htdocs\IKPHP\data\runtime\Cache\home\1e7507c4f671a7430c80a162848e2cc4.php 第 102 行.
NOTIC: [8] Use of undefined constant name - assumed 'name' D:\APMServ5.2.6\www\htdocs\IKPHP\data\runtime\Cache\home\1e7507c4f671a7430c80a162848e2cc4.php 第 102 行.
NOTIC: [8] Use of undefined constant url - assumed 'url' D:\APMServ5.2.6\www\htdocs\IKPHP\data\runtime\Cache\home\1e7507c4f671a7430c80a162848e2cc4.php 第 102 行.
NOTIC: [8] Use of undefined constant name - assumed 'name' D:\APMServ5.2.6\www\htdocs\IKPHP\data\runtime\Cache\home\1e7507c4f671a7430c80a162848e2cc4.php 第 102 行.
INFO: Run ParseTemplate Behavior [ RunTime:0.029114s ]
INFO: [ view_parse ] --END-- [ RunTime:0.029240s ]
INFO: [ view_filter ] --START--
INFO: Run ContentReplace Behavior [ RunTime:0.001417s ]
INFO: Run TokenBuild Behavior [ RunTime:0.001325s ]
INFO: Run WriteHtmlCache Behavior [ RunTime:0.000566s ]
INFO: Run ShowRuntime Behavior [ RunTime:0.001393s ]
INFO: Run content_replace Behavior [ RunTime:0.002414s ]
INFO: [ view_filter ] --END-- [ RunTime:0.007466s ]
INFO: [ view_end ] --START--
INFO: Run ShowPageTrace Behavior [ RunTime:0.001304s ]
INFO: [ view_end ] --END-- [ RunTime:0.001402s ]

[ 2013-05-20T18:41:22+08:00 ] 127.0.0.1 /ikphp/index.php?m=app&a=index
INFO: [ app_begin ] --START--
INFO: Run ReadHtmlCache Behavior [ RunTime:0.000871s ]
INFO: Run load_lang Behavior [ RunTime:0.002099s ]
INFO: [ app_begin ] --END-- [ RunTime:0.003223s ]
SQL: SHOW COLUMNS FROM `ik_message` [ RunTime:0.003868s ]
SQL: SELECT COUNT(*) AS tp_count FROM `ik_message` WHERE ( `touserid` = 1 ) AND ( `isread` = 0 ) AND ( `isinbox` = 0 ) LIMIT 1   [ RunTime:0.001355s ]
SQL: SELECT COUNT(*) AS count FROM ik_user_online WHERE `ctime` > 1369045582 [ RunTime:0.000528s ]
SQL: SHOW COLUMNS FROM `ik_user` [ RunTime:0.004106s ]
INFO: [ view_template ] --START--
INFO: Run LocationTemplate Behavior [ RunTime:0.001923s ]
INFO: [ view_template ] --END-- [ RunTime:0.002042s ]
INFO: [ view_parse ] --START--
NOTIC: [8] Use of undefined constant style - assumed 'style' D:\APMServ5.2.6\www\htdocs\IKPHP\data\runtime\Cache\home\1e7507c4f671a7430c80a162848e2cc4.php 第 97 行.
NOTIC: [8] Use of undefined constant url - assumed 'url' D:\APMServ5.2.6\www\htdocs\IKPHP\data\runtime\Cache\home\1e7507c4f671a7430c80a162848e2cc4.php 第 98 行.
NOTIC: [8] Use of undefined constant name - assumed 'name' D:\APMServ5.2.6\www\htdocs\IKPHP\data\runtime\Cache\home\1e7507c4f671a7430c80a162848e2cc4.php 第 98 行.
NOTIC: [8] Use of undefined constant url - assumed 'url' D:\APMServ5.2.6\www\htdocs\IKPHP\data\runtime\Cache\home\1e7507c4f671a7430c80a162848e2cc4.php 第 102 行.
NOTIC: [8] Use of undefined constant name - assumed 'name' D:\APMServ5.2.6\www\htdocs\IKPHP\data\runtime\Cache\home\1e7507c4f671a7430c80a162848e2cc4.php 第 102 行.
NOTIC: [8] Use of undefined constant url - assumed 'url' D:\APMServ5.2.6\www\htdocs\IKPHP\data\runtime\Cache\home\1e7507c4f671a7430c80a162848e2cc4.php 第 102 行.
NOTIC: [8] Use of undefined constant name - assumed 'name' D:\APMServ5.2.6\www\htdocs\IKPHP\data\runtime\Cache\home\1e7507c4f671a7430c80a162848e2cc4.php 第 102 行.
NOTIC: [8] Use of undefined constant url - assumed 'url' D:\APMServ5.2.6\www\htdocs\IKPHP\data\runtime\Cache\home\1e7507c4f671a7430c80a162848e2cc4.php 第 102 行.
NOTIC: [8] Use of undefined constant name - assumed 'name' D:\APMServ5.2.6\www\htdocs\IKPHP\data\runtime\Cache\home\1e7507c4f671a7430c80a162848e2cc4.php 第 102 行.
INFO: Run ParseTemplate Behavior [ RunTime:0.030845s ]
INFO: [ view_parse ] --END-- [ RunTime:0.030963s ]
INFO: [ view_filter ] --START--
INFO: Run ContentReplace Behavior [ RunTime:0.001428s ]
INFO: Run TokenBuild Behavior [ RunTime:0.001309s ]
INFO: Run WriteHtmlCache Behavior [ RunTime:0.000758s ]
INFO: Run ShowRuntime Behavior [ RunTime:0.001383s ]
INFO: Run content_replace Behavior [ RunTime:0.002658s ]
INFO: [ view_filter ] --END-- [ RunTime:0.007901s ]
INFO: [ view_end ] --START--
INFO: Run ShowPageTrace Behavior [ RunTime:0.001294s ]
INFO: [ view_end ] --END-- [ RunTime:0.001399s ]

[ 2013-05-20T18:42:28+08:00 ] 127.0.0.1 /ikphp/index.php?m=app&a=index
INFO: [ app_begin ] --START--
INFO: Run ReadHtmlCache Behavior [ RunTime:0.000849s ]
INFO: Run load_lang Behavior [ RunTime:0.002329s ]
INFO: [ app_begin ] --END-- [ RunTime:0.003405s ]
SQL: SHOW COLUMNS FROM `ik_message` [ RunTime:0.003979s ]
SQL: SELECT COUNT(*) AS tp_count FROM `ik_message` WHERE ( `touserid` = 1 ) AND ( `isread` = 0 ) AND ( `isinbox` = 0 ) LIMIT 1   [ RunTime:0.001144s ]
SQL: SELECT COUNT(*) AS count FROM ik_user_online WHERE `ctime` > 1369045648 [ RunTime:0.000407s ]
SQL: SHOW COLUMNS FROM `ik_user` [ RunTime:0.004219s ]
INFO: [ view_template ] --START--
INFO: Run LocationTemplate Behavior [ RunTime:0.001856s ]
INFO: [ view_template ] --END-- [ RunTime:0.001971s ]
INFO: [ view_parse ] --START--
NOTIC: [8] Use of undefined constant style - assumed 'style' D:\APMServ5.2.6\www\htdocs\IKPHP\data\runtime\Cache\home\1e7507c4f671a7430c80a162848e2cc4.php 第 97 行.
NOTIC: [8] Use of undefined constant url - assumed 'url' D:\APMServ5.2.6\www\htdocs\IKPHP\data\runtime\Cache\home\1e7507c4f671a7430c80a162848e2cc4.php 第 98 行.
NOTIC: [8] Use of undefined constant name - assumed 'name' D:\APMServ5.2.6\www\htdocs\IKPHP\data\runtime\Cache\home\1e7507c4f671a7430c80a162848e2cc4.php 第 98 行.
NOTIC: [8] Use of undefined constant url - assumed 'url' D:\APMServ5.2.6\www\htdocs\IKPHP\data\runtime\Cache\home\1e7507c4f671a7430c80a162848e2cc4.php 第 102 行.
NOTIC: [8] Use of undefined constant name - assumed 'name' D:\APMServ5.2.6\www\htdocs\IKPHP\data\runtime\Cache\home\1e7507c4f671a7430c80a162848e2cc4.php 第 102 行.
NOTIC: [8] Use of undefined constant url - assumed 'url' D:\APMServ5.2.6\www\htdocs\IKPHP\data\runtime\Cache\home\1e7507c4f671a7430c80a162848e2cc4.php 第 102 行.
NOTIC: [8] Use of undefined constant name - assumed 'name' D:\APMServ5.2.6\www\htdocs\IKPHP\data\runtime\Cache\home\1e7507c4f671a7430c80a162848e2cc4.php 第 102 行.
NOTIC: [8] Use of undefined constant url - assumed 'url' D:\APMServ5.2.6\www\htdocs\IKPHP\data\runtime\Cache\home\1e7507c4f671a7430c80a162848e2cc4.php 第 102 行.
NOTIC: [8] Use of undefined constant name - assumed 'name' D:\APMServ5.2.6\www\htdocs\IKPHP\data\runtime\Cache\home\1e7507c4f671a7430c80a162848e2cc4.php 第 102 行.
INFO: Run ParseTemplate Behavior [ RunTime:0.031141s ]
INFO: [ view_parse ] --END-- [ RunTime:0.031261s ]
INFO: [ view_filter ] --START--
INFO: Run ContentReplace Behavior [ RunTime:0.001463s ]
INFO: Run TokenBuild Behavior [ RunTime:0.001331s ]
INFO: Run WriteHtmlCache Behavior [ RunTime:0.000788s ]
INFO: Run ShowRuntime Behavior [ RunTime:0.001451s ]
INFO: Run content_replace Behavior [ RunTime:0.002864s ]
INFO: [ view_filter ] --END-- [ RunTime:0.008375s ]
INFO: [ view_end ] --START--
INFO: Run ShowPageTrace Behavior [ RunTime:0.001291s ]
INFO: [ view_end ] --END-- [ RunTime:0.001386s ]

[ 2013-05-20T18:42:37+08:00 ] 127.0.0.1 /ikphp/index.php?m=app&a=index
INFO: [ app_begin ] --START--
INFO: Run ReadHtmlCache Behavior [ RunTime:0.000866s ]
INFO: Run load_lang Behavior [ RunTime:0.002097s ]
INFO: [ app_begin ] --END-- [ RunTime:0.003203s ]
SQL: SHOW COLUMNS FROM `ik_message` [ RunTime:0.003767s ]
SQL: SELECT COUNT(*) AS tp_count FROM `ik_message` WHERE ( `touserid` = 1 ) AND ( `isread` = 0 ) AND ( `isinbox` = 0 ) LIMIT 1   [ RunTime:0.001279s ]
SQL: SELECT COUNT(*) AS count FROM ik_user_online WHERE `ctime` > 1369045657 [ RunTime:0.000489s ]
SQL: SHOW COLUMNS FROM `ik_user` [ RunTime:0.004087s ]
INFO: [ view_template ] --START--
INFO: Run LocationTemplate Behavior [ RunTime:0.001576s ]
INFO: [ view_template ] --END-- [ RunTime:0.001688s ]
INFO: [ view_parse ] --START--
NOTIC: [8] Use of undefined constant style - assumed 'style' D:\APMServ5.2.6\www\htdocs\IKPHP\data\runtime\Cache\home\1e7507c4f671a7430c80a162848e2cc4.php 第 97 行.
NOTIC: [8] Use of undefined constant url - assumed 'url' D:\APMServ5.2.6\www\htdocs\IKPHP\data\runtime\Cache\home\1e7507c4f671a7430c80a162848e2cc4.php 第 98 行.
NOTIC: [8] Use of undefined constant name - assumed 'name' D:\APMServ5.2.6\www\htdocs\IKPHP\data\runtime\Cache\home\1e7507c4f671a7430c80a162848e2cc4.php 第 98 行.
NOTIC: [8] Use of undefined constant url - assumed 'url' D:\APMServ5.2.6\www\htdocs\IKPHP\data\runtime\Cache\home\1e7507c4f671a7430c80a162848e2cc4.php 第 102 行.
NOTIC: [8] Use of undefined constant name - assumed 'name' D:\APMServ5.2.6\www\htdocs\IKPHP\data\runtime\Cache\home\1e7507c4f671a7430c80a162848e2cc4.php 第 102 行.
NOTIC: [8] Use of undefined constant url - assumed 'url' D:\APMServ5.2.6\www\htdocs\IKPHP\data\runtime\Cache\home\1e7507c4f671a7430c80a162848e2cc4.php 第 102 行.
NOTIC: [8] Use of undefined constant name - assumed 'name' D:\APMServ5.2.6\www\htdocs\IKPHP\data\runtime\Cache\home\1e7507c4f671a7430c80a162848e2cc4.php 第 102 行.
NOTIC: [8] Use of undefined constant url - assumed 'url' D:\APMServ5.2.6\www\htdocs\IKPHP\data\runtime\Cache\home\1e7507c4f671a7430c80a162848e2cc4.php 第 102 行.
NOTIC: [8] Use of undefined constant name - assumed 'name' D:\APMServ5.2.6\www\htdocs\IKPHP\data\runtime\Cache\home\1e7507c4f671a7430c80a162848e2cc4.php 第 102 行.
INFO: Run ParseTemplate Behavior [ RunTime:0.029771s ]
INFO: [ view_parse ] --END-- [ RunTime:0.029989s ]
INFO: [ view_filter ] --START--
INFO: Run ContentReplace Behavior [ RunTime:0.001019s ]
INFO: Run TokenBuild Behavior [ RunTime:0.000863s ]
INFO: Run WriteHtmlCache Behavior [ RunTime:0.000769s ]
INFO: Run ShowRuntime Behavior [ RunTime:0.000938s ]
INFO: Run content_replace Behavior [ RunTime:0.002411s ]
INFO: [ view_filter ] --END-- [ RunTime:0.006358s ]
INFO: [ view_end ] --START--
INFO: Run ShowPageTrace Behavior [ RunTime:0.000869s ]
INFO: [ view_end ] --END-- [ RunTime:0.000965s ]

[ 2013-05-20T18:42:53+08:00 ] 127.0.0.1 /ikphp/index.php?m=app&a=index
INFO: [ app_begin ] --START--
INFO: Run ReadHtmlCache Behavior [ RunTime:0.000408s ]
INFO: Run load_lang Behavior [ RunTime:0.001868s ]
INFO: [ app_begin ] --END-- [ RunTime:0.002545s ]
SQL: SHOW COLUMNS FROM `ik_message` [ RunTime:0.003697s ]
SQL: SELECT COUNT(*) AS tp_count FROM `ik_message` WHERE ( `touserid` = 1 ) AND ( `isread` = 0 ) AND ( `isinbox` = 0 ) LIMIT 1   [ RunTime:0.001164s ]
SQL: SELECT COUNT(*) AS count FROM ik_user_online WHERE `ctime` > 1369045673 [ RunTime:0.000491s ]
SQL: SHOW COLUMNS FROM `ik_user` [ RunTime:0.004159s ]
INFO: [ view_template ] --START--
INFO: Run LocationTemplate Behavior [ RunTime:0.001850s ]
INFO: [ view_template ] --END-- [ RunTime:0.001970s ]
INFO: [ view_parse ] --START--
NOTIC: [8] Use of undefined constant style - assumed 'style' D:\APMServ5.2.6\www\htdocs\IKPHP\data\runtime\Cache\home\1e7507c4f671a7430c80a162848e2cc4.php 第 97 行.
NOTIC: [8] Use of undefined constant url - assumed 'url' D:\APMServ5.2.6\www\htdocs\IKPHP\data\runtime\Cache\home\1e7507c4f671a7430c80a162848e2cc4.php 第 98 行.
NOTIC: [8] Use of undefined constant name - assumed 'name' D:\APMServ5.2.6\www\htdocs\IKPHP\data\runtime\Cache\home\1e7507c4f671a7430c80a162848e2cc4.php 第 98 行.
NOTIC: [8] Use of undefined constant url - assumed 'url' D:\APMServ5.2.6\www\htdocs\IKPHP\data\runtime\Cache\home\1e7507c4f671a7430c80a162848e2cc4.php 第 102 行.
NOTIC: [8] Use of undefined constant name - assumed 'name' D:\APMServ5.2.6\www\htdocs\IKPHP\data\runtime\Cache\home\1e7507c4f671a7430c80a162848e2cc4.php 第 102 行.
NOTIC: [8] Use of undefined constant url - assumed 'url' D:\APMServ5.2.6\www\htdocs\IKPHP\data\runtime\Cache\home\1e7507c4f671a7430c80a162848e2cc4.php 第 102 行.
NOTIC: [8] Use of undefined constant name - assumed 'name' D:\APMServ5.2.6\www\htdocs\IKPHP\data\runtime\Cache\home\1e7507c4f671a7430c80a162848e2cc4.php 第 102 行.
NOTIC: [8] Use of undefined constant url - assumed 'url' D:\APMServ5.2.6\www\htdocs\IKPHP\data\runtime\Cache\home\1e7507c4f671a7430c80a162848e2cc4.php 第 102 行.
NOTIC: [8] Use of undefined constant name - assumed 'name' D:\APMServ5.2.6\www\htdocs\IKPHP\data\runtime\Cache\home\1e7507c4f671a7430c80a162848e2cc4.php 第 102 行.
INFO: Run ParseTemplate Behavior [ RunTime:0.030067s ]
INFO: [ view_parse ] --END-- [ RunTime:0.030191s ]
INFO: [ view_filter ] --START--
INFO: Run ContentReplace Behavior [ RunTime:0.001482s ]
INFO: Run TokenBuild Behavior [ RunTime:0.001535s ]
INFO: Run WriteHtmlCache Behavior [ RunTime:0.000560s ]
INFO: Run ShowRuntime Behavior [ RunTime:0.001398s ]
INFO: Run content_replace Behavior [ RunTime:0.002463s ]
INFO: [ view_filter ] --END-- [ RunTime:0.007825s ]
INFO: [ view_end ] --START--
INFO: Run ShowPageTrace Behavior [ RunTime:0.001327s ]
INFO: [ view_end ] --END-- [ RunTime:0.001424s ]

[ 2013-05-20T18:43:05+08:00 ] 127.0.0.1 /ikphp/index.php?m=app&a=index
INFO: [ app_begin ] --START--
INFO: Run ReadHtmlCache Behavior [ RunTime:0.000875s ]
INFO: Run load_lang Behavior [ RunTime:0.002231s ]
INFO: [ app_begin ] --END-- [ RunTime:0.003356s ]
SQL: SHOW COLUMNS FROM `ik_message` [ RunTime:0.003722s ]
SQL: SELECT COUNT(*) AS tp_count FROM `ik_message` WHERE ( `touserid` = 1 ) AND ( `isread` = 0 ) AND ( `isinbox` = 0 ) LIMIT 1   [ RunTime:0.001180s ]
SQL: SELECT COUNT(*) AS count FROM ik_user_online WHERE `ctime` > 1369045685 [ RunTime:0.000433s ]
SQL: SHOW COLUMNS FROM `ik_user` [ RunTime:0.004143s ]
INFO: [ view_template ] --START--
INFO: Run LocationTemplate Behavior [ RunTime:0.001861s ]
INFO: [ view_template ] --END-- [ RunTime:0.001971s ]
INFO: [ view_parse ] --START--
NOTIC: [8] Use of undefined constant style - assumed 'style' D:\APMServ5.2.6\www\htdocs\IKPHP\data\runtime\Cache\home\1e7507c4f671a7430c80a162848e2cc4.php 第 97 行.
NOTIC: [8] Use of undefined constant url - assumed 'url' D:\APMServ5.2.6\www\htdocs\IKPHP\data\runtime\Cache\home\1e7507c4f671a7430c80a162848e2cc4.php 第 98 行.
NOTIC: [8] Use of undefined constant name - assumed 'name' D:\APMServ5.2.6\www\htdocs\IKPHP\data\runtime\Cache\home\1e7507c4f671a7430c80a162848e2cc4.php 第 98 行.
NOTIC: [8] Use of undefined constant url - assumed 'url' D:\APMServ5.2.6\www\htdocs\IKPHP\data\runtime\Cache\home\1e7507c4f671a7430c80a162848e2cc4.php 第 102 行.
NOTIC: [8] Use of undefined constant name - assumed 'name' D:\APMServ5.2.6\www\htdocs\IKPHP\data\runtime\Cache\home\1e7507c4f671a7430c80a162848e2cc4.php 第 102 行.
NOTIC: [8] Use of undefined constant url - assumed 'url' D:\APMServ5.2.6\www\htdocs\IKPHP\data\runtime\Cache\home\1e7507c4f671a7430c80a162848e2cc4.php 第 102 行.
NOTIC: [8] Use of undefined constant name - assumed 'name' D:\APMServ5.2.6\www\htdocs\IKPHP\data\runtime\Cache\home\1e7507c4f671a7430c80a162848e2cc4.php 第 102 行.
NOTIC: [8] Use of undefined constant url - assumed 'url' D:\APMServ5.2.6\www\htdocs\IKPHP\data\runtime\Cache\home\1e7507c4f671a7430c80a162848e2cc4.php 第 102 行.
NOTIC: [8] Use of undefined constant name - assumed 'name' D:\APMServ5.2.6\www\htdocs\IKPHP\data\runtime\Cache\home\1e7507c4f671a7430c80a162848e2cc4.php 第 102 行.
INFO: Run ParseTemplate Behavior [ RunTime:0.031218s ]
INFO: [ view_parse ] --END-- [ RunTime:0.031340s ]
INFO: [ view_filter ] --START--
INFO: Run ContentReplace Behavior [ RunTime:0.001458s ]
INFO: Run TokenBuild Behavior [ RunTime:0.001321s ]
INFO: Run WriteHtmlCache Behavior [ RunTime:0.000784s ]
INFO: Run ShowRuntime Behavior [ RunTime:0.001397s ]
INFO: Run content_replace Behavior [ RunTime:0.002658s ]
INFO: [ view_filter ] --END-- [ RunTime:0.007986s ]
INFO: [ view_end ] --START--
INFO: Run ShowPageTrace Behavior [ RunTime:0.001299s ]
INFO: [ view_end ] --END-- [ RunTime:0.001398s ]

[ 2013-05-20T18:43:30+08:00 ] 127.0.0.1 /ikphp/index.php?m=app&a=index
INFO: [ app_begin ] --START--
INFO: Run ReadHtmlCache Behavior [ RunTime:0.000882s ]
INFO: Run load_lang Behavior [ RunTime:0.002380s ]
INFO: [ app_begin ] --END-- [ RunTime:0.003494s ]
SQL: SHOW COLUMNS FROM `ik_message` [ RunTime:0.003699s ]
SQL: SELECT COUNT(*) AS tp_count FROM `ik_message` WHERE ( `touserid` = 1 ) AND ( `isread` = 0 ) AND ( `isinbox` = 0 ) LIMIT 1   [ RunTime:0.001170s ]
SQL: SELECT COUNT(*) AS count FROM ik_user_online WHERE `ctime` > 1369045710 [ RunTime:0.000396s ]
SQL: SHOW COLUMNS FROM `ik_user` [ RunTime:0.004189s ]
INFO: [ view_template ] --START--
INFO: Run LocationTemplate Behavior [ RunTime:0.001855s ]
INFO: [ view_template ] --END-- [ RunTime:0.001966s ]
INFO: [ view_parse ] --START--
NOTIC: [8] Use of undefined constant style - assumed 'style' D:\APMServ5.2.6\www\htdocs\IKPHP\data\runtime\Cache\home\1e7507c4f671a7430c80a162848e2cc4.php 第 97 行.
NOTIC: [8] Use of undefined constant url - assumed 'url' D:\APMServ5.2.6\www\htdocs\IKPHP\data\runtime\Cache\home\1e7507c4f671a7430c80a162848e2cc4.php 第 98 行.
NOTIC: [8] Use of undefined constant name - assumed 'name' D:\APMServ5.2.6\www\htdocs\IKPHP\data\runtime\Cache\home\1e7507c4f671a7430c80a162848e2cc4.php 第 98 行.
NOTIC: [8] Use of undefined constant url - assumed 'url' D:\APMServ5.2.6\www\htdocs\IKPHP\data\runtime\Cache\home\1e7507c4f671a7430c80a162848e2cc4.php 第 102 行.
NOTIC: [8] Use of undefined constant name - assumed 'name' D:\APMServ5.2.6\www\htdocs\IKPHP\data\runtime\Cache\home\1e7507c4f671a7430c80a162848e2cc4.php 第 102 行.
NOTIC: [8] Use of undefined constant url - assumed 'url' D:\APMServ5.2.6\www\htdocs\IKPHP\data\runtime\Cache\home\1e7507c4f671a7430c80a162848e2cc4.php 第 102 行.
NOTIC: [8] Use of undefined constant name - assumed 'name' D:\APMServ5.2.6\www\htdocs\IKPHP\data\runtime\Cache\home\1e7507c4f671a7430c80a162848e2cc4.php 第 102 行.
NOTIC: [8] Use of undefined constant url - assumed 'url' D:\APMServ5.2.6\www\htdocs\IKPHP\data\runtime\Cache\home\1e7507c4f671a7430c80a162848e2cc4.php 第 102 行.
NOTIC: [8] Use of undefined constant name - assumed 'name' D:\APMServ5.2.6\www\htdocs\IKPHP\data\runtime\Cache\home\1e7507c4f671a7430c80a162848e2cc4.php 第 102 行.
INFO: Run ParseTemplate Behavior [ RunTime:0.030406s ]
INFO: [ view_parse ] --END-- [ RunTime:0.030526s ]
INFO: [ view_filter ] --START--
INFO: Run ContentReplace Behavior [ RunTime:0.001797s ]
INFO: Run TokenBuild Behavior [ RunTime:0.001305s ]
INFO: Run WriteHtmlCache Behavior [ RunTime:0.000791s ]
INFO: Run ShowRuntime Behavior [ RunTime:0.001402s ]
INFO: Run content_replace Behavior [ RunTime:0.002640s ]
INFO: [ view_filter ] --END-- [ RunTime:0.008290s ]
INFO: [ view_end ] --START--
INFO: Run ShowPageTrace Behavior [ RunTime:0.001288s ]
INFO: [ view_end ] --END-- [ RunTime:0.001384s ]

[ 2013-05-20T18:44:15+08:00 ] 127.0.0.1 /ikphp/index.php?m=app&a=index
INFO: [ app_begin ] --START--
INFO: Run ReadHtmlCache Behavior [ RunTime:0.000408s ]
INFO: Run load_lang Behavior [ RunTime:0.002036s ]
INFO: [ app_begin ] --END-- [ RunTime:0.002700s ]
SQL: SHOW COLUMNS FROM `ik_message` [ RunTime:0.003794s ]
SQL: SELECT COUNT(*) AS tp_count FROM `ik_message` WHERE ( `touserid` = 1 ) AND ( `isread` = 0 ) AND ( `isinbox` = 0 ) LIMIT 1   [ RunTime:0.001139s ]
SQL: SELECT COUNT(*) AS count FROM ik_user_online WHERE `ctime` > 1369045755 [ RunTime:0.000432s ]
SQL: SHOW COLUMNS FROM `ik_user` [ RunTime:0.004127s ]
INFO: [ view_template ] --START--
INFO: Run LocationTemplate Behavior [ RunTime:0.000465s ]
INFO: [ view_template ] --END-- [ RunTime:0.000582s ]
INFO: [ view_parse ] --START--
NOTIC: [8] Use of undefined constant style - assumed 'style' D:\APMServ5.2.6\www\htdocs\IKPHP\data\runtime\Cache\home\1e7507c4f671a7430c80a162848e2cc4.php 第 97 行.
NOTIC: [8] Use of undefined constant url - assumed 'url' D:\APMServ5.2.6\www\htdocs\IKPHP\data\runtime\Cache\home\1e7507c4f671a7430c80a162848e2cc4.php 第 98 行.
NOTIC: [8] Use of undefined constant name - assumed 'name' D:\APMServ5.2.6\www\htdocs\IKPHP\data\runtime\Cache\home\1e7507c4f671a7430c80a162848e2cc4.php 第 98 行.
NOTIC: [8] Use of undefined constant url - assumed 'url' D:\APMServ5.2.6\www\htdocs\IKPHP\data\runtime\Cache\home\1e7507c4f671a7430c80a162848e2cc4.php 第 102 行.
NOTIC: [8] Use of undefined constant name - assumed 'name' D:\APMServ5.2.6\www\htdocs\IKPHP\data\runtime\Cache\home\1e7507c4f671a7430c80a162848e2cc4.php 第 102 行.
NOTIC: [8] Use of undefined constant url - assumed 'url' D:\APMServ5.2.6\www\htdocs\IKPHP\data\runtime\Cache\home\1e7507c4f671a7430c80a162848e2cc4.php 第 102 行.
NOTIC: [8] Use of undefined constant name - assumed 'name' D:\APMServ5.2.6\www\htdocs\IKPHP\data\runtime\Cache\home\1e7507c4f671a7430c80a162848e2cc4.php 第 102 行.
NOTIC: [8] Use of undefined constant url - assumed 'url' D:\APMServ5.2.6\www\htdocs\IKPHP\data\runtime\Cache\home\1e7507c4f671a7430c80a162848e2cc4.php 第 102 行.
NOTIC: [8] Use of undefined constant name - assumed 'name' D:\APMServ5.2.6\www\htdocs\IKPHP\data\runtime\Cache\home\1e7507c4f671a7430c80a162848e2cc4.php 第 102 行.
INFO: Run ParseTemplate Behavior [ RunTime:0.025882s ]
INFO: [ view_parse ] --END-- [ RunTime:0.026009s ]
INFO: [ view_filter ] --START--
INFO: Run ContentReplace Behavior [ RunTime:0.000499s ]
INFO: Run TokenBuild Behavior [ RunTime:0.000351s ]
INFO: Run WriteHtmlCache Behavior [ RunTime:0.000304s ]
INFO: Run ShowRuntime Behavior [ RunTime:0.000436s ]
INFO: Run content_replace Behavior [ RunTime:0.001292s ]
INFO: [ view_filter ] --END-- [ RunTime:0.003210s ]
INFO: [ view_end ] --START--
INFO: Run ShowPageTrace Behavior [ RunTime:0.000382s ]
INFO: [ view_end ] --END-- [ RunTime:0.000472s ]

[ 2013-05-20T18:44:27+08:00 ] 127.0.0.1 /ikphp/index.php?m=app&a=index
INFO: [ app_begin ] --START--
INFO: Run ReadHtmlCache Behavior [ RunTime:0.000454s ]
INFO: Run load_lang Behavior [ RunTime:0.001813s ]
INFO: [ app_begin ] --END-- [ RunTime:0.002530s ]
SQL: SHOW COLUMNS FROM `ik_message` [ RunTime:0.003941s ]
SQL: SELECT COUNT(*) AS tp_count FROM `ik_message` WHERE ( `touserid` = 1 ) AND ( `isread` = 0 ) AND ( `isinbox` = 0 ) LIMIT 1   [ RunTime:0.001144s ]
SQL: SELECT COUNT(*) AS count FROM ik_user_online WHERE `ctime` > 1369045766 [ RunTime:0.000390s ]
SQL: SHOW COLUMNS FROM `ik_user` [ RunTime:0.004290s ]
INFO: [ view_template ] --START--
INFO: Run LocationTemplate Behavior [ RunTime:0.001613s ]
INFO: [ view_template ] --END-- [ RunTime:0.001724s ]
INFO: [ view_parse ] --START--
NOTIC: [8] Use of undefined constant style - assumed 'style' D:\APMServ5.2.6\www\htdocs\IKPHP\data\runtime\Cache\home\1e7507c4f671a7430c80a162848e2cc4.php 第 97 行.
NOTIC: [8] Use of undefined constant url - assumed 'url' D:\APMServ5.2.6\www\htdocs\IKPHP\data\runtime\Cache\home\1e7507c4f671a7430c80a162848e2cc4.php 第 98 行.
NOTIC: [8] Use of undefined constant name - assumed 'name' D:\APMServ5.2.6\www\htdocs\IKPHP\data\runtime\Cache\home\1e7507c4f671a7430c80a162848e2cc4.php 第 98 行.
NOTIC: [8] Use of undefined constant url - assumed 'url' D:\APMServ5.2.6\www\htdocs\IKPHP\data\runtime\Cache\home\1e7507c4f671a7430c80a162848e2cc4.php 第 102 行.
NOTIC: [8] Use of undefined constant name - assumed 'name' D:\APMServ5.2.6\www\htdocs\IKPHP\data\runtime\Cache\home\1e7507c4f671a7430c80a162848e2cc4.php 第 102 行.
NOTIC: [8] Use of undefined constant url - assumed 'url' D:\APMServ5.2.6\www\htdocs\IKPHP\data\runtime\Cache\home\1e7507c4f671a7430c80a162848e2cc4.php 第 102 行.
NOTIC: [8] Use of undefined constant name - assumed 'name' D:\APMServ5.2.6\www\htdocs\IKPHP\data\runtime\Cache\home\1e7507c4f671a7430c80a162848e2cc4.php 第 102 行.
NOTIC: [8] Use of undefined constant url - assumed 'url' D:\APMServ5.2.6\www\htdocs\IKPHP\data\runtime\Cache\home\1e7507c4f671a7430c80a162848e2cc4.php 第 102 行.
NOTIC: [8] Use of undefined constant name - assumed 'name' D:\APMServ5.2.6\www\htdocs\IKPHP\data\runtime\Cache\home\1e7507c4f671a7430c80a162848e2cc4.php 第 102 行.
INFO: Run ParseTemplate Behavior [ RunTime:0.028613s ]
INFO: [ view_parse ] --END-- [ RunTime:0.028736s ]
INFO: [ view_filter ] --START--
INFO: Run ContentReplace Behavior [ RunTime:0.001456s ]
INFO: Run TokenBuild Behavior [ RunTime:0.001314s ]
INFO: Run WriteHtmlCache Behavior [ RunTime:0.000539s ]
INFO: Run ShowRuntime Behavior [ RunTime:0.001417s ]
INFO: Run content_replace Behavior [ RunTime:0.002682s ]
INFO: [ view_filter ] --END-- [ RunTime:0.007764s ]
INFO: [ view_end ] --START--
INFO: Run ShowPageTrace Behavior [ RunTime:0.001318s ]
INFO: [ view_end ] --END-- [ RunTime:0.001416s ]

[ 2013-05-20T18:44:43+08:00 ] 127.0.0.1 /ikphp/index.php?m=app&a=index
INFO: [ app_begin ] --START--
INFO: Run ReadHtmlCache Behavior [ RunTime:0.000938s ]
INFO: Run load_lang Behavior [ RunTime:0.002143s ]
INFO: [ app_begin ] --END-- [ RunTime:0.003324s ]
SQL: SHOW COLUMNS FROM `ik_message` [ RunTime:0.003656s ]
SQL: SELECT COUNT(*) AS tp_count FROM `ik_message` WHERE ( `touserid` = 1 ) AND ( `isread` = 0 ) AND ( `isinbox` = 0 ) LIMIT 1   [ RunTime:0.001231s ]
SQL: SELECT COUNT(*) AS count FROM ik_user_online WHERE `ctime` > 1369045782 [ RunTime:0.000405s ]
SQL: SHOW COLUMNS FROM `ik_user` [ RunTime:0.004229s ]
INFO: [ view_template ] --START--
INFO: Run LocationTemplate Behavior [ RunTime:0.001899s ]
INFO: [ view_template ] --END-- [ RunTime:0.002018s ]
INFO: [ view_parse ] --START--
NOTIC: [8] Use of undefined constant style - assumed 'style' D:\APMServ5.2.6\www\htdocs\IKPHP\data\runtime\Cache\home\1e7507c4f671a7430c80a162848e2cc4.php 第 97 行.
NOTIC: [8] Use of undefined constant url - assumed 'url' D:\APMServ5.2.6\www\htdocs\IKPHP\data\runtime\Cache\home\1e7507c4f671a7430c80a162848e2cc4.php 第 98 行.
NOTIC: [8] Use of undefined constant name - assumed 'name' D:\APMServ5.2.6\www\htdocs\IKPHP\data\runtime\Cache\home\1e7507c4f671a7430c80a162848e2cc4.php 第 98 行.
NOTIC: [8] Use of undefined constant url - assumed 'url' D:\APMServ5.2.6\www\htdocs\IKPHP\data\runtime\Cache\home\1e7507c4f671a7430c80a162848e2cc4.php 第 102 行.
NOTIC: [8] Use of undefined constant name - assumed 'name' D:\APMServ5.2.6\www\htdocs\IKPHP\data\runtime\Cache\home\1e7507c4f671a7430c80a162848e2cc4.php 第 102 行.
NOTIC: [8] Use of undefined constant url - assumed 'url' D:\APMServ5.2.6\www\htdocs\IKPHP\data\runtime\Cache\home\1e7507c4f671a7430c80a162848e2cc4.php 第 102 行.
NOTIC: [8] Use of undefined constant name - assumed 'name' D:\APMServ5.2.6\www\htdocs\IKPHP\data\runtime\Cache\home\1e7507c4f671a7430c80a162848e2cc4.php 第 102 行.
NOTIC: [8] Use of undefined constant url - assumed 'url' D:\APMServ5.2.6\www\htdocs\IKPHP\data\runtime\Cache\home\1e7507c4f671a7430c80a162848e2cc4.php 第 102 行.
NOTIC: [8] Use of undefined constant name - assumed 'name' D:\APMServ5.2.6\www\htdocs\IKPHP\data\runtime\Cache\home\1e7507c4f671a7430c80a162848e2cc4.php 第 102 行.
INFO: Run ParseTemplate Behavior [ RunTime:0.031398s ]
INFO: [ view_parse ] --END-- [ RunTime:0.031516s ]
INFO: [ view_filter ] --START--
INFO: Run ContentReplace Behavior [ RunTime:0.001434s ]
INFO: Run TokenBuild Behavior [ RunTime:0.001542s ]
INFO: Run WriteHtmlCache Behavior [ RunTime:0.000791s ]
INFO: Run ShowRuntime Behavior [ RunTime:0.001377s ]
INFO: Run content_replace Behavior [ RunTime:0.002661s ]
INFO: [ view_filter ] --END-- [ RunTime:0.008153s ]
INFO: [ view_end ] --START--
INFO: Run ShowPageTrace Behavior [ RunTime:0.001298s ]
INFO: [ view_end ] --END-- [ RunTime:0.001416s ]

[ 2013-05-20T18:45:14+08:00 ] 127.0.0.1 /ikphp/index.php?m=app&a=index
INFO: [ app_begin ] --START--
INFO: Run ReadHtmlCache Behavior [ RunTime:0.000896s ]
INFO: Run load_lang Behavior [ RunTime:0.002443s ]
INFO: [ app_begin ] --END-- [ RunTime:0.003573s ]
SQL: SHOW COLUMNS FROM `ik_message` [ RunTime:0.003934s ]
SQL: SELECT COUNT(*) AS tp_count FROM `ik_message` WHERE ( `touserid` = 1 ) AND ( `isread` = 0 ) AND ( `isinbox` = 0 ) LIMIT 1   [ RunTime:0.001107s ]
SQL: SELECT COUNT(*) AS count FROM ik_user_online WHERE `ctime` > 1369045814 [ RunTime:0.000503s ]
SQL: SHOW COLUMNS FROM `ik_user` [ RunTime:0.004525s ]
INFO: [ view_template ] --START--
INFO: Run LocationTemplate Behavior [ RunTime:0.001592s ]
INFO: [ view_template ] --END-- [ RunTime:0.001708s ]
INFO: [ view_parse ] --START--
NOTIC: [8] Use of undefined constant style - assumed 'style' D:\APMServ5.2.6\www\htdocs\IKPHP\data\runtime\Cache\home\1e7507c4f671a7430c80a162848e2cc4.php 第 97 行.
NOTIC: [8] Use of undefined constant url - assumed 'url' D:\APMServ5.2.6\www\htdocs\IKPHP\data\runtime\Cache\home\1e7507c4f671a7430c80a162848e2cc4.php 第 98 行.
NOTIC: [8] Use of undefined constant name - assumed 'name' D:\APMServ5.2.6\www\htdocs\IKPHP\data\runtime\Cache\home\1e7507c4f671a7430c80a162848e2cc4.php 第 98 行.
NOTIC: [8] Use of undefined constant url - assumed 'url' D:\APMServ5.2.6\www\htdocs\IKPHP\data\runtime\Cache\home\1e7507c4f671a7430c80a162848e2cc4.php 第 102 行.
NOTIC: [8] Use of undefined constant name - assumed 'name' D:\APMServ5.2.6\www\htdocs\IKPHP\data\runtime\Cache\home\1e7507c4f671a7430c80a162848e2cc4.php 第 102 行.
NOTIC: [8] Use of undefined constant url - assumed 'url' D:\APMServ5.2.6\www\htdocs\IKPHP\data\runtime\Cache\home\1e7507c4f671a7430c80a162848e2cc4.php 第 102 行.
NOTIC: [8] Use of undefined constant name - assumed 'name' D:\APMServ5.2.6\www\htdocs\IKPHP\data\runtime\Cache\home\1e7507c4f671a7430c80a162848e2cc4.php 第 102 行.
NOTIC: [8] Use of undefined constant url - assumed 'url' D:\APMServ5.2.6\www\htdocs\IKPHP\data\runtime\Cache\home\1e7507c4f671a7430c80a162848e2cc4.php 第 102 行.
NOTIC: [8] Use of undefined constant name - assumed 'name' D:\APMServ5.2.6\www\htdocs\IKPHP\data\runtime\Cache\home\1e7507c4f671a7430c80a162848e2cc4.php 第 102 行.
INFO: Run ParseTemplate Behavior [ RunTime:0.029197s ]
INFO: [ view_parse ] --END-- [ RunTime:0.029325s ]
INFO: [ view_filter ] --START--
INFO: Run ContentReplace Behavior [ RunTime:0.001007s ]
INFO: Run TokenBuild Behavior [ RunTime:0.000904s ]
INFO: Run WriteHtmlCache Behavior [ RunTime:0.000809s ]
INFO: Run ShowRuntime Behavior [ RunTime:0.000948s ]
INFO: Run content_replace Behavior [ RunTime:0.002240s ]
INFO: [ view_filter ] --END-- [ RunTime:0.006264s ]
INFO: [ view_end ] --START--
INFO: Run ShowPageTrace Behavior [ RunTime:0.001235s ]
INFO: [ view_end ] --END-- [ RunTime:0.001409s ]

[ 2013-05-20T18:46:03+08:00 ] 127.0.0.1 /ikphp/index.php?m=app&a=index
INFO: [ app_begin ] --START--
INFO: Run ReadHtmlCache Behavior [ RunTime:0.000389s ]
INFO: Run load_lang Behavior [ RunTime:0.001648s ]
INFO: [ app_begin ] --END-- [ RunTime:0.002258s ]
SQL: REPLACE INTO ik_user_online (`userid`,`ctime`) VALUES ("1", "1369046763") [ RunTime:0.000347s ]
SQL: SHOW COLUMNS FROM `ik_message` [ RunTime:0.003846s ]
SQL: SELECT COUNT(*) AS tp_count FROM `ik_message` WHERE ( `touserid` = 1 ) AND ( `isread` = 0 ) AND ( `isinbox` = 0 ) LIMIT 1   [ RunTime:0.001169s ]
SQL: SELECT COUNT(*) AS count FROM ik_user_online WHERE `ctime` > 1369045863 [ RunTime:0.000399s ]
SQL: SHOW COLUMNS FROM `ik_user` [ RunTime:0.004418s ]
INFO: [ view_template ] --START--
INFO: Run LocationTemplate Behavior [ RunTime:0.000452s ]
INFO: [ view_template ] --END-- [ RunTime:0.000573s ]
INFO: [ view_parse ] --START--
NOTIC: [8] Use of undefined constant style - assumed 'style' D:\APMServ5.2.6\www\htdocs\IKPHP\data\runtime\Cache\home\1e7507c4f671a7430c80a162848e2cc4.php 第 97 行.
NOTIC: [8] Use of undefined constant url - assumed 'url' D:\APMServ5.2.6\www\htdocs\IKPHP\data\runtime\Cache\home\1e7507c4f671a7430c80a162848e2cc4.php 第 98 行.
NOTIC: [8] Use of undefined constant name - assumed 'name' D:\APMServ5.2.6\www\htdocs\IKPHP\data\runtime\Cache\home\1e7507c4f671a7430c80a162848e2cc4.php 第 98 行.
NOTIC: [8] Use of undefined constant url - assumed 'url' D:\APMServ5.2.6\www\htdocs\IKPHP\data\runtime\Cache\home\1e7507c4f671a7430c80a162848e2cc4.php 第 102 行.
NOTIC: [8] Use of undefined constant name - assumed 'name' D:\APMServ5.2.6\www\htdocs\IKPHP\data\runtime\Cache\home\1e7507c4f671a7430c80a162848e2cc4.php 第 102 行.
NOTIC: [8] Use of undefined constant url - assumed 'url' D:\APMServ5.2.6\www\htdocs\IKPHP\data\runtime\Cache\home\1e7507c4f671a7430c80a162848e2cc4.php 第 102 行.
NOTIC: [8] Use of undefined constant name - assumed 'name' D:\APMServ5.2.6\www\htdocs\IKPHP\data\runtime\Cache\home\1e7507c4f671a7430c80a162848e2cc4.php 第 102 行.
NOTIC: [8] Use of undefined constant url - assumed 'url' D:\APMServ5.2.6\www\htdocs\IKPHP\data\runtime\Cache\home\1e7507c4f671a7430c80a162848e2cc4.php 第 102 行.
NOTIC: [8] Use of undefined constant name - assumed 'name' D:\APMServ5.2.6\www\htdocs\IKPHP\data\runtime\Cache\home\1e7507c4f671a7430c80a162848e2cc4.php 第 102 行.
INFO: Run ParseTemplate Behavior [ RunTime:0.025956s ]
INFO: [ view_parse ] --END-- [ RunTime:0.026084s ]
INFO: [ view_filter ] --START--
INFO: Run ContentReplace Behavior [ RunTime:0.000483s ]
INFO: Run TokenBuild Behavior [ RunTime:0.000371s ]
INFO: Run WriteHtmlCache Behavior [ RunTime:0.000273s ]
INFO: Run ShowRuntime Behavior [ RunTime:0.000627s ]
INFO: Run content_replace Behavior [ RunTime:0.001286s ]
INFO: [ view_filter ] --END-- [ RunTime:0.003368s ]
INFO: [ view_end ] --START--
INFO: Run ShowPageTrace Behavior [ RunTime:0.000385s ]
INFO: [ view_end ] --END-- [ RunTime:0.000476s ]

[ 2013-05-20T18:46:17+08:00 ] 127.0.0.1 /ikphp/index.php?m=app&a=index
INFO: [ app_begin ] --START--
INFO: Run ReadHtmlCache Behavior [ RunTime:0.000865s ]
INFO: Run load_lang Behavior [ RunTime:0.002343s ]
INFO: [ app_begin ] --END-- [ RunTime:0.003442s ]
SQL: SHOW COLUMNS FROM `ik_message` [ RunTime:0.003868s ]
SQL: SELECT COUNT(*) AS tp_count FROM `ik_message` WHERE ( `touserid` = 1 ) AND ( `isread` = 0 ) AND ( `isinbox` = 0 ) LIMIT 1   [ RunTime:0.001068s ]
SQL: SELECT COUNT(*) AS count FROM ik_user_online WHERE `ctime` > 1369045877 [ RunTime:0.000475s ]
SQL: SHOW COLUMNS FROM `ik_user` [ RunTime:0.004064s ]
INFO: [ view_template ] --START--
INFO: Run LocationTemplate Behavior [ RunTime:0.001549s ]
INFO: [ view_template ] --END-- [ RunTime:0.001660s ]
INFO: [ view_parse ] --START--
NOTIC: [8] Use of undefined constant style - assumed 'style' D:\APMServ5.2.6\www\htdocs\IKPHP\data\runtime\Cache\home\1e7507c4f671a7430c80a162848e2cc4.php 第 97 行.
NOTIC: [8] Use of undefined constant url - assumed 'url' D:\APMServ5.2.6\www\htdocs\IKPHP\data\runtime\Cache\home\1e7507c4f671a7430c80a162848e2cc4.php 第 98 行.
NOTIC: [8] Use of undefined constant name - assumed 'name' D:\APMServ5.2.6\www\htdocs\IKPHP\data\runtime\Cache\home\1e7507c4f671a7430c80a162848e2cc4.php 第 98 行.
NOTIC: [8] Use of undefined constant url - assumed 'url' D:\APMServ5.2.6\www\htdocs\IKPHP\data\runtime\Cache\home\1e7507c4f671a7430c80a162848e2cc4.php 第 102 行.
NOTIC: [8] Use of undefined constant name - assumed 'name' D:\APMServ5.2.6\www\htdocs\IKPHP\data\runtime\Cache\home\1e7507c4f671a7430c80a162848e2cc4.php 第 102 行.
NOTIC: [8] Use of undefined constant url - assumed 'url' D:\APMServ5.2.6\www\htdocs\IKPHP\data\runtime\Cache\home\1e7507c4f671a7430c80a162848e2cc4.php 第 102 行.
NOTIC: [8] Use of undefined constant name - assumed 'name' D:\APMServ5.2.6\www\htdocs\IKPHP\data\runtime\Cache\home\1e7507c4f671a7430c80a162848e2cc4.php 第 102 行.
NOTIC: [8] Use of undefined constant url - assumed 'url' D:\APMServ5.2.6\www\htdocs\IKPHP\data\runtime\Cache\home\1e7507c4f671a7430c80a162848e2cc4.php 第 102 行.
NOTIC: [8] Use of undefined constant name - assumed 'name' D:\APMServ5.2.6\www\htdocs\IKPHP\data\runtime\Cache\home\1e7507c4f671a7430c80a162848e2cc4.php 第 102 行.
INFO: Run ParseTemplate Behavior [ RunTime:0.030274s ]
INFO: [ view_parse ] --END-- [ RunTime:0.030392s ]
INFO: [ view_filter ] --START--
INFO: Run ContentReplace Behavior [ RunTime:0.001427s ]
INFO: Run TokenBuild Behavior [ RunTime:0.001316s ]
INFO: Run WriteHtmlCache Behavior [ RunTime:0.000827s ]
INFO: Run ShowRuntime Behavior [ RunTime:0.001542s ]
INFO: Run content_replace Behavior [ RunTime:0.002760s ]
INFO: [ view_filter ] --END-- [ RunTime:0.008374s ]
INFO: [ view_end ] --START--
INFO: Run ShowPageTrace Behavior [ RunTime:0.001320s ]
INFO: [ view_end ] --END-- [ RunTime:0.001416s ]

[ 2013-05-20T18:47:08+08:00 ] 127.0.0.1 /ikphp/index.php?m=app&a=index
INFO: [ app_begin ] --START--
INFO: Run ReadHtmlCache Behavior [ RunTime:0.000396s ]
INFO: Run load_lang Behavior [ RunTime:0.001817s ]
INFO: [ app_begin ] --END-- [ RunTime:0.002448s ]
SQL: SHOW COLUMNS FROM `ik_message` [ RunTime:0.003761s ]
SQL: SELECT COUNT(*) AS tp_count FROM `ik_message` WHERE ( `touserid` = 1 ) AND ( `isread` = 0 ) AND ( `isinbox` = 0 ) LIMIT 1   [ RunTime:0.001136s ]
SQL: SELECT COUNT(*) AS count FROM ik_user_online WHERE `ctime` > 1369045928 [ RunTime:0.000451s ]
SQL: SHOW COLUMNS FROM `ik_user` [ RunTime:0.004166s ]
INFO: [ view_template ] --START--
INFO: Run LocationTemplate Behavior [ RunTime:0.000475s ]
INFO: [ view_template ] --END-- [ RunTime:0.000580s ]
INFO: [ view_parse ] --START--
NOTIC: [8] Use of undefined constant style - assumed 'style' D:\APMServ5.2.6\www\htdocs\IKPHP\data\runtime\Cache\home\1e7507c4f671a7430c80a162848e2cc4.php 第 97 行.
NOTIC: [8] Use of undefined constant url - assumed 'url' D:\APMServ5.2.6\www\htdocs\IKPHP\data\runtime\Cache\home\1e7507c4f671a7430c80a162848e2cc4.php 第 98 行.
NOTIC: [8] Use of undefined constant name - assumed 'name' D:\APMServ5.2.6\www\htdocs\IKPHP\data\runtime\Cache\home\1e7507c4f671a7430c80a162848e2cc4.php 第 98 行.
NOTIC: [8] Use of undefined constant url - assumed 'url' D:\APMServ5.2.6\www\htdocs\IKPHP\data\runtime\Cache\home\1e7507c4f671a7430c80a162848e2cc4.php 第 102 行.
NOTIC: [8] Use of undefined constant name - assumed 'name' D:\APMServ5.2.6\www\htdocs\IKPHP\data\runtime\Cache\home\1e7507c4f671a7430c80a162848e2cc4.php 第 102 行.
NOTIC: [8] Use of undefined constant url - assumed 'url' D:\APMServ5.2.6\www\htdocs\IKPHP\data\runtime\Cache\home\1e7507c4f671a7430c80a162848e2cc4.php 第 102 行.
NOTIC: [8] Use of undefined constant name - assumed 'name' D:\APMServ5.2.6\www\htdocs\IKPHP\data\runtime\Cache\home\1e7507c4f671a7430c80a162848e2cc4.php 第 102 行.
NOTIC: [8] Use of undefined constant url - assumed 'url' D:\APMServ5.2.6\www\htdocs\IKPHP\data\runtime\Cache\home\1e7507c4f671a7430c80a162848e2cc4.php 第 102 行.
NOTIC: [8] Use of undefined constant name - assumed 'name' D:\APMServ5.2.6\www\htdocs\IKPHP\data\runtime\Cache\home\1e7507c4f671a7430c80a162848e2cc4.php 第 102 行.
INFO: Run ParseTemplate Behavior [ RunTime:0.025988s ]
INFO: [ view_parse ] --END-- [ RunTime:0.026114s ]
INFO: [ view_filter ] --START--
INFO: Run ContentReplace Behavior [ RunTime:0.000504s ]
INFO: Run TokenBuild Behavior [ RunTime:0.000368s ]
INFO: Run WriteHtmlCache Behavior [ RunTime:0.000289s ]
INFO: Run ShowRuntime Behavior [ RunTime:0.000472s ]
INFO: Run content_replace Behavior [ RunTime:0.001266s ]
INFO: [ view_filter ] --END-- [ RunTime:0.003223s ]
INFO: [ view_end ] --START--
INFO: Run ShowPageTrace Behavior [ RunTime:0.000388s ]
INFO: [ view_end ] --END-- [ RunTime:0.000477s ]

[ 2013-05-20T18:47:23+08:00 ] 127.0.0.1 /ikphp/index.php?m=app&a=index
INFO: [ app_begin ] --START--
INFO: Run ReadHtmlCache Behavior [ RunTime:0.000415s ]
INFO: Run load_lang Behavior [ RunTime:0.001709s ]
INFO: [ app_begin ] --END-- [ RunTime:0.002363s ]
SQL: SHOW COLUMNS FROM `ik_message` [ RunTime:0.004039s ]
SQL: SELECT COUNT(*) AS tp_count FROM `ik_message` WHERE ( `touserid` = 1 ) AND ( `isread` = 0 ) AND ( `isinbox` = 0 ) LIMIT 1   [ RunTime:0.001426s ]
SQL: SELECT COUNT(*) AS count FROM ik_user_online WHERE `ctime` > 1369045943 [ RunTime:0.000489s ]
SQL: SHOW COLUMNS FROM `ik_user` [ RunTime:0.004244s ]
INFO: [ view_template ] --START--
INFO: Run LocationTemplate Behavior [ RunTime:0.001182s ]
INFO: [ view_template ] --END-- [ RunTime:0.001309s ]
INFO: [ view_parse ] --START--
NOTIC: [8] Use of undefined constant style - assumed 'style' D:\APMServ5.2.6\www\htdocs\IKPHP\data\runtime\Cache\home\1e7507c4f671a7430c80a162848e2cc4.php 第 97 行.
NOTIC: [8] Use of undefined constant url - assumed 'url' D:\APMServ5.2.6\www\htdocs\IKPHP\data\runtime\Cache\home\1e7507c4f671a7430c80a162848e2cc4.php 第 98 行.
NOTIC: [8] Use of undefined constant name - assumed 'name' D:\APMServ5.2.6\www\htdocs\IKPHP\data\runtime\Cache\home\1e7507c4f671a7430c80a162848e2cc4.php 第 98 行.
NOTIC: [8] Use of undefined constant url - assumed 'url' D:\APMServ5.2.6\www\htdocs\IKPHP\data\runtime\Cache\home\1e7507c4f671a7430c80a162848e2cc4.php 第 102 行.
NOTIC: [8] Use of undefined constant name - assumed 'name' D:\APMServ5.2.6\www\htdocs\IKPHP\data\runtime\Cache\home\1e7507c4f671a7430c80a162848e2cc4.php 第 102 行.
NOTIC: [8] Use of undefined constant url - assumed 'url' D:\APMServ5.2.6\www\htdocs\IKPHP\data\runtime\Cache\home\1e7507c4f671a7430c80a162848e2cc4.php 第 102 行.
NOTIC: [8] Use of undefined constant name - assumed 'name' D:\APMServ5.2.6\www\htdocs\IKPHP\data\runtime\Cache\home\1e7507c4f671a7430c80a162848e2cc4.php 第 102 行.
NOTIC: [8] Use of undefined constant url - assumed 'url' D:\APMServ5.2.6\www\htdocs\IKPHP\data\runtime\Cache\home\1e7507c4f671a7430c80a162848e2cc4.php 第 102 行.
NOTIC: [8] Use of undefined constant name - assumed 'name' D:\APMServ5.2.6\www\htdocs\IKPHP\data\runtime\Cache\home\1e7507c4f671a7430c80a162848e2cc4.php 第 102 行.
INFO: Run ParseTemplate Behavior [ RunTime:0.028338s ]
INFO: [ view_parse ] --END-- [ RunTime:0.028474s ]
INFO: [ view_filter ] --START--
INFO: Run ContentReplace Behavior [ RunTime:0.001460s ]
INFO: Run TokenBuild Behavior [ RunTime:0.001317s ]
INFO: Run WriteHtmlCache Behavior [ RunTime:0.000541s ]
INFO: Run ShowRuntime Behavior [ RunTime:0.001416s ]
INFO: Run content_replace Behavior [ RunTime:0.002691s ]
INFO: [ view_filter ] --END-- [ RunTime:0.007789s ]
INFO: [ view_end ] --START--
INFO: Run ShowPageTrace Behavior [ RunTime:0.001318s ]
INFO: [ view_end ] --END-- [ RunTime:0.001420s ]

[ 2013-05-20T18:47:36+08:00 ] 127.0.0.1 /ikphp/index.php?m=app&a=index
INFO: [ app_begin ] --START--
INFO: Run ReadHtmlCache Behavior [ RunTime:0.000872s ]
INFO: Run load_lang Behavior [ RunTime:0.002195s ]
INFO: [ app_begin ] --END-- [ RunTime:0.003317s ]
SQL: SHOW COLUMNS FROM `ik_message` [ RunTime:0.003807s ]
SQL: SELECT COUNT(*) AS tp_count FROM `ik_message` WHERE ( `touserid` = 1 ) AND ( `isread` = 0 ) AND ( `isinbox` = 0 ) LIMIT 1   [ RunTime:0.001431s ]
SQL: SELECT COUNT(*) AS count FROM ik_user_online WHERE `ctime` > 1369045956 [ RunTime:0.000409s ]
SQL: SHOW COLUMNS FROM `ik_user` [ RunTime:0.005595s ]
INFO: [ view_template ] --START--
INFO: Run LocationTemplate Behavior [ RunTime:0.001743s ]
INFO: [ view_template ] --END-- [ RunTime:0.001874s ]
INFO: [ view_parse ] --START--
NOTIC: [8] Use of undefined constant style - assumed 'style' D:\APMServ5.2.6\www\htdocs\IKPHP\data\runtime\Cache\home\1e7507c4f671a7430c80a162848e2cc4.php 第 97 行.
NOTIC: [8] Use of undefined constant url - assumed 'url' D:\APMServ5.2.6\www\htdocs\IKPHP\data\runtime\Cache\home\1e7507c4f671a7430c80a162848e2cc4.php 第 98 行.
NOTIC: [8] Use of undefined constant name - assumed 'name' D:\APMServ5.2.6\www\htdocs\IKPHP\data\runtime\Cache\home\1e7507c4f671a7430c80a162848e2cc4.php 第 98 行.
NOTIC: [8] Use of undefined constant url - assumed 'url' D:\APMServ5.2.6\www\htdocs\IKPHP\data\runtime\Cache\home\1e7507c4f671a7430c80a162848e2cc4.php 第 102 行.
NOTIC: [8] Use of undefined constant name - assumed 'name' D:\APMServ5.2.6\www\htdocs\IKPHP\data\runtime\Cache\home\1e7507c4f671a7430c80a162848e2cc4.php 第 102 行.
NOTIC: [8] Use of undefined constant url - assumed 'url' D:\APMServ5.2.6\www\htdocs\IKPHP\data\runtime\Cache\home\1e7507c4f671a7430c80a162848e2cc4.php 第 102 行.
NOTIC: [8] Use of undefined constant name - assumed 'name' D:\APMServ5.2.6\www\htdocs\IKPHP\data\runtime\Cache\home\1e7507c4f671a7430c80a162848e2cc4.php 第 102 行.
NOTIC: [8] Use of undefined constant url - assumed 'url' D:\APMServ5.2.6\www\htdocs\IKPHP\data\runtime\Cache\home\1e7507c4f671a7430c80a162848e2cc4.php 第 102 行.
NOTIC: [8] Use of undefined constant name - assumed 'name' D:\APMServ5.2.6\www\htdocs\IKPHP\data\runtime\Cache\home\1e7507c4f671a7430c80a162848e2cc4.php 第 102 行.
INFO: Run ParseTemplate Behavior [ RunTime:0.029705s ]
INFO: [ view_parse ] --END-- [ RunTime:0.029836s ]
INFO: [ view_filter ] --START--
INFO: Run ContentReplace Behavior [ RunTime:0.001037s ]
INFO: Run TokenBuild Behavior [ RunTime:0.000888s ]
INFO: Run WriteHtmlCache Behavior [ RunTime:0.000862s ]
INFO: Run ShowRuntime Behavior [ RunTime:0.000975s ]
INFO: Run content_replace Behavior [ RunTime:0.002246s ]
INFO: [ view_filter ] --END-- [ RunTime:0.006387s ]
INFO: [ view_end ] --START--
INFO: Run ShowPageTrace Behavior [ RunTime:0.000889s ]
INFO: [ view_end ] --END-- [ RunTime:0.000985s ]

[ 2013-05-20T18:47:56+08:00 ] 127.0.0.1 /ikphp/index.php?m=app&a=index
INFO: [ app_begin ] --START--
INFO: Run ReadHtmlCache Behavior [ RunTime:0.000886s ]
INFO: Run load_lang Behavior [ RunTime:0.002068s ]
INFO: [ app_begin ] --END-- [ RunTime:0.003191s ]
SQL: SHOW COLUMNS FROM `ik_message` [ RunTime:0.003694s ]
SQL: SELECT COUNT(*) AS tp_count FROM `ik_message` WHERE ( `touserid` = 1 ) AND ( `isread` = 0 ) AND ( `isinbox` = 0 ) LIMIT 1   [ RunTime:0.001302s ]
SQL: SELECT COUNT(*) AS count FROM ik_user_online WHERE `ctime` > 1369045976 [ RunTime:0.000435s ]
SQL: SHOW COLUMNS FROM `ik_user` [ RunTime:0.004202s ]
INFO: [ view_template ] --START--
INFO: Run LocationTemplate Behavior [ RunTime:0.001841s ]
INFO: [ view_template ] --END-- [ RunTime:0.001952s ]
INFO: [ view_parse ] --START--
NOTIC: [8] Use of undefined constant style - assumed 'style' D:\APMServ5.2.6\www\htdocs\IKPHP\data\runtime\Cache\home\1e7507c4f671a7430c80a162848e2cc4.php 第 97 行.
NOTIC: [8] Use of undefined constant url - assumed 'url' D:\APMServ5.2.6\www\htdocs\IKPHP\data\runtime\Cache\home\1e7507c4f671a7430c80a162848e2cc4.php 第 98 行.
NOTIC: [8] Use of undefined constant name - assumed 'name' D:\APMServ5.2.6\www\htdocs\IKPHP\data\runtime\Cache\home\1e7507c4f671a7430c80a162848e2cc4.php 第 98 行.
NOTIC: [8] Use of undefined constant url - assumed 'url' D:\APMServ5.2.6\www\htdocs\IKPHP\data\runtime\Cache\home\1e7507c4f671a7430c80a162848e2cc4.php 第 102 行.
NOTIC: [8] Use of undefined constant name - assumed 'name' D:\APMServ5.2.6\www\htdocs\IKPHP\data\runtime\Cache\home\1e7507c4f671a7430c80a162848e2cc4.php 第 102 行.
NOTIC: [8] Use of undefined constant url - assumed 'url' D:\APMServ5.2.6\www\htdocs\IKPHP\data\runtime\Cache\home\1e7507c4f671a7430c80a162848e2cc4.php 第 102 行.
NOTIC: [8] Use of undefined constant name - assumed 'name' D:\APMServ5.2.6\www\htdocs\IKPHP\data\runtime\Cache\home\1e7507c4f671a7430c80a162848e2cc4.php 第 102 行.
NOTIC: [8] Use of undefined constant url - assumed 'url' D:\APMServ5.2.6\www\htdocs\IKPHP\data\runtime\Cache\home\1e7507c4f671a7430c80a162848e2cc4.php 第 102 行.
NOTIC: [8] Use of undefined constant name - assumed 'name' D:\APMServ5.2.6\www\htdocs\IKPHP\data\runtime\Cache\home\1e7507c4f671a7430c80a162848e2cc4.php 第 102 行.
INFO: Run ParseTemplate Behavior [ RunTime:0.030680s ]
INFO: [ view_parse ] --END-- [ RunTime:0.030799s ]
INFO: [ view_filter ] --START--
INFO: Run ContentReplace Behavior [ RunTime:0.001453s ]
INFO: Run TokenBuild Behavior [ RunTime:0.001303s ]
INFO: Run WriteHtmlCache Behavior [ RunTime:0.000796s ]
INFO: Run ShowRuntime Behavior [ RunTime:0.001375s ]
INFO: Run content_replace Behavior [ RunTime:0.002649s ]
INFO: [ view_filter ] --END-- [ RunTime:0.007927s ]
INFO: [ view_end ] --START--
INFO: Run ShowPageTrace Behavior [ RunTime:0.001308s ]
INFO: [ view_end ] --END-- [ RunTime:0.001403s ]

[ 2013-05-20T18:50:47+08:00 ] 127.0.0.1 /ikphp/index.php?m=app&a=index
INFO: [ app_begin ] --START--
INFO: Run ReadHtmlCache Behavior [ RunTime:0.000908s ]
INFO: Run load_lang Behavior [ RunTime:0.002570s ]
INFO: [ app_begin ] --END-- [ RunTime:0.003814s ]
SQL: SHOW COLUMNS FROM `ik_message` [ RunTime:0.003924s ]
SQL: SELECT COUNT(*) AS tp_count FROM `ik_message` WHERE ( `touserid` = 1 ) AND ( `isread` = 0 ) AND ( `isinbox` = 0 ) LIMIT 1   [ RunTime:0.001349s ]
SQL: SELECT COUNT(*) AS count FROM ik_user_online WHERE `ctime` > 1369046147 [ RunTime:0.000473s ]
SQL: SHOW COLUMNS FROM `ik_user` [ RunTime:0.004095s ]
INFO: [ view_template ] --START--
INFO: Run LocationTemplate Behavior [ RunTime:0.001597s ]
INFO: [ view_template ] --END-- [ RunTime:0.001713s ]
INFO: [ view_parse ] --START--
NOTIC: [8] Use of undefined constant style - assumed 'style' D:\APMServ5.2.6\www\htdocs\IKPHP\data\runtime\Cache\home\1e7507c4f671a7430c80a162848e2cc4.php 第 97 行.
NOTIC: [8] Use of undefined constant url - assumed 'url' D:\APMServ5.2.6\www\htdocs\IKPHP\data\runtime\Cache\home\1e7507c4f671a7430c80a162848e2cc4.php 第 98 行.
NOTIC: [8] Use of undefined constant name - assumed 'name' D:\APMServ5.2.6\www\htdocs\IKPHP\data\runtime\Cache\home\1e7507c4f671a7430c80a162848e2cc4.php 第 98 行.
NOTIC: [8] Use of undefined constant url - assumed 'url' D:\APMServ5.2.6\www\htdocs\IKPHP\data\runtime\Cache\home\1e7507c4f671a7430c80a162848e2cc4.php 第 102 行.
NOTIC: [8] Use of undefined constant name - assumed 'name' D:\APMServ5.2.6\www\htdocs\IKPHP\data\runtime\Cache\home\1e7507c4f671a7430c80a162848e2cc4.php 第 102 行.
NOTIC: [8] Use of undefined constant url - assumed 'url' D:\APMServ5.2.6\www\htdocs\IKPHP\data\runtime\Cache\home\1e7507c4f671a7430c80a162848e2cc4.php 第 102 行.
NOTIC: [8] Use of undefined constant name - assumed 'name' D:\APMServ5.2.6\www\htdocs\IKPHP\data\runtime\Cache\home\1e7507c4f671a7430c80a162848e2cc4.php 第 102 行.
NOTIC: [8] Use of undefined constant url - assumed 'url' D:\APMServ5.2.6\www\htdocs\IKPHP\data\runtime\Cache\home\1e7507c4f671a7430c80a162848e2cc4.php 第 102 行.
NOTIC: [8] Use of undefined constant name - assumed 'name' D:\APMServ5.2.6\www\htdocs\IKPHP\data\runtime\Cache\home\1e7507c4f671a7430c80a162848e2cc4.php 第 102 行.
INFO: Run ParseTemplate Behavior [ RunTime:0.029199s ]
INFO: [ view_parse ] --END-- [ RunTime:0.029319s ]
INFO: [ view_filter ] --START--
INFO: Run ContentReplace Behavior [ RunTime:0.000999s ]
INFO: Run TokenBuild Behavior [ RunTime:0.000856s ]
INFO: Run WriteHtmlCache Behavior [ RunTime:0.000774s ]
INFO: Run ShowRuntime Behavior [ RunTime:0.000947s ]
INFO: Run content_replace Behavior [ RunTime:0.002423s ]
INFO: [ view_filter ] --END-- [ RunTime:0.006353s ]
INFO: [ view_end ] --START--
INFO: Run ShowPageTrace Behavior [ RunTime:0.000887s ]
INFO: [ view_end ] --END-- [ RunTime:0.000985s ]

[ 2013-05-20T18:51:03+08:00 ] 127.0.0.1 /ikphp/index.php?m=app&a=index
INFO: [ app_begin ] --START--
INFO: Run ReadHtmlCache Behavior [ RunTime:0.000879s ]
INFO: Run load_lang Behavior [ RunTime:0.002145s ]
INFO: [ app_begin ] --END-- [ RunTime:0.003259s ]
SQL: REPLACE INTO ik_user_online (`userid`,`ctime`) VALUES ("1", "1369047063") [ RunTime:0.000416s ]
SQL: SHOW COLUMNS FROM `ik_message` [ RunTime:0.004061s ]
SQL: SELECT COUNT(*) AS tp_count FROM `ik_message` WHERE ( `touserid` = 1 ) AND ( `isread` = 0 ) AND ( `isinbox` = 0 ) LIMIT 1   [ RunTime:0.001149s ]
SQL: SELECT COUNT(*) AS count FROM ik_user_online WHERE `ctime` > 1369046163 [ RunTime:0.000504s ]
SQL: SHOW COLUMNS FROM `ik_user` [ RunTime:0.004248s ]
INFO: [ view_template ] --START--
INFO: Run LocationTemplate Behavior [ RunTime:0.001882s ]
INFO: [ view_template ] --END-- [ RunTime:0.001992s ]
INFO: [ view_parse ] --START--
NOTIC: [8] Use of undefined constant style - assumed 'style' D:\APMServ5.2.6\www\htdocs\IKPHP\data\runtime\Cache\home\1e7507c4f671a7430c80a162848e2cc4.php 第 97 行.
NOTIC: [8] Use of undefined constant url - assumed 'url' D:\APMServ5.2.6\www\htdocs\IKPHP\data\runtime\Cache\home\1e7507c4f671a7430c80a162848e2cc4.php 第 98 行.
NOTIC: [8] Use of undefined constant name - assumed 'name' D:\APMServ5.2.6\www\htdocs\IKPHP\data\runtime\Cache\home\1e7507c4f671a7430c80a162848e2cc4.php 第 98 行.
NOTIC: [8] Use of undefined constant url - assumed 'url' D:\APMServ5.2.6\www\htdocs\IKPHP\data\runtime\Cache\home\1e7507c4f671a7430c80a162848e2cc4.php 第 102 行.
NOTIC: [8] Use of undefined constant name - assumed 'name' D:\APMServ5.2.6\www\htdocs\IKPHP\data\runtime\Cache\home\1e7507c4f671a7430c80a162848e2cc4.php 第 102 行.
NOTIC: [8] Use of undefined constant url - assumed 'url' D:\APMServ5.2.6\www\htdocs\IKPHP\data\runtime\Cache\home\1e7507c4f671a7430c80a162848e2cc4.php 第 102 行.
NOTIC: [8] Use of undefined constant name - assumed 'name' D:\APMServ5.2.6\www\htdocs\IKPHP\data\runtime\Cache\home\1e7507c4f671a7430c80a162848e2cc4.php 第 102 行.
NOTIC: [8] Use of undefined constant url - assumed 'url' D:\APMServ5.2.6\www\htdocs\IKPHP\data\runtime\Cache\home\1e7507c4f671a7430c80a162848e2cc4.php 第 102 行.
NOTIC: [8] Use of undefined constant name - assumed 'name' D:\APMServ5.2.6\www\htdocs\IKPHP\data\runtime\Cache\home\1e7507c4f671a7430c80a162848e2cc4.php 第 102 行.
INFO: Run ParseTemplate Behavior [ RunTime:0.031988s ]
INFO: [ view_parse ] --END-- [ RunTime:0.032106s ]
INFO: [ view_filter ] --START--
INFO: Run ContentReplace Behavior [ RunTime:0.001456s ]
INFO: Run TokenBuild Behavior [ RunTime:0.001285s ]
INFO: Run WriteHtmlCache Behavior [ RunTime:0.000793s ]
INFO: Run ShowRuntime Behavior [ RunTime:0.001399s ]
INFO: Run content_replace Behavior [ RunTime:0.002637s ]
INFO: [ view_filter ] --END-- [ RunTime:0.007908s ]
INFO: [ view_end ] --START--
INFO: Run ShowPageTrace Behavior [ RunTime:0.001311s ]
INFO: [ view_end ] --END-- [ RunTime:0.001415s ]

[ 2013-05-20T18:51:25+08:00 ] 127.0.0.1 /ikphp/index.php?m=app&a=index
INFO: [ app_begin ] --START--
INFO: Run ReadHtmlCache Behavior [ RunTime:0.000851s ]
INFO: Run load_lang Behavior [ RunTime:0.002054s ]
INFO: [ app_begin ] --END-- [ RunTime:0.003112s ]
SQL: SHOW COLUMNS FROM `ik_message` [ RunTime:0.003736s ]
SQL: SELECT COUNT(*) AS tp_count FROM `ik_message` WHERE ( `touserid` = 1 ) AND ( `isread` = 0 ) AND ( `isinbox` = 0 ) LIMIT 1   [ RunTime:0.000826s ]
SQL: SELECT COUNT(*) AS count FROM ik_user_online WHERE `ctime` > 1369046185 [ RunTime:0.000472s ]
SQL: SHOW COLUMNS FROM `ik_user` [ RunTime:0.004236s ]
INFO: [ view_template ] --START--
INFO: Run LocationTemplate Behavior [ RunTime:0.001522s ]
INFO: [ view_template ] --END-- [ RunTime:0.001634s ]
INFO: [ view_parse ] --START--
NOTIC: [8] Use of undefined constant style - assumed 'style' D:\APMServ5.2.6\www\htdocs\IKPHP\data\runtime\Cache\home\1e7507c4f671a7430c80a162848e2cc4.php 第 97 行.
NOTIC: [8] Use of undefined constant url - assumed 'url' D:\APMServ5.2.6\www\htdocs\IKPHP\data\runtime\Cache\home\1e7507c4f671a7430c80a162848e2cc4.php 第 98 行.
NOTIC: [8] Use of undefined constant name - assumed 'name' D:\APMServ5.2.6\www\htdocs\IKPHP\data\runtime\Cache\home\1e7507c4f671a7430c80a162848e2cc4.php 第 98 行.
NOTIC: [8] Use of undefined constant url - assumed 'url' D:\APMServ5.2.6\www\htdocs\IKPHP\data\runtime\Cache\home\1e7507c4f671a7430c80a162848e2cc4.php 第 102 行.
NOTIC: [8] Use of undefined constant name - assumed 'name' D:\APMServ5.2.6\www\htdocs\IKPHP\data\runtime\Cache\home\1e7507c4f671a7430c80a162848e2cc4.php 第 102 行.
NOTIC: [8] Use of undefined constant url - assumed 'url' D:\APMServ5.2.6\www\htdocs\IKPHP\data\runtime\Cache\home\1e7507c4f671a7430c80a162848e2cc4.php 第 102 行.
NOTIC: [8] Use of undefined constant name - assumed 'name' D:\APMServ5.2.6\www\htdocs\IKPHP\data\runtime\Cache\home\1e7507c4f671a7430c80a162848e2cc4.php 第 102 行.
NOTIC: [8] Use of undefined constant url - assumed 'url' D:\APMServ5.2.6\www\htdocs\IKPHP\data\runtime\Cache\home\1e7507c4f671a7430c80a162848e2cc4.php 第 102 行.
NOTIC: [8] Use of undefined constant name - assumed 'name' D:\APMServ5.2.6\www\htdocs\IKPHP\data\runtime\Cache\home\1e7507c4f671a7430c80a162848e2cc4.php 第 102 行.
INFO: Run ParseTemplate Behavior [ RunTime:0.038540s ]
INFO: [ view_parse ] --END-- [ RunTime:0.038661s ]
INFO: [ view_filter ] --START--
INFO: Run ContentReplace Behavior [ RunTime:0.001002s ]
INFO: Run TokenBuild Behavior [ RunTime:0.001142s ]
INFO: Run WriteHtmlCache Behavior [ RunTime:0.000805s ]
INFO: Run ShowRuntime Behavior [ RunTime:0.000993s ]
INFO: Run content_replace Behavior [ RunTime:0.002239s ]
INFO: [ view_filter ] --END-- [ RunTime:0.006544s ]
INFO: [ view_end ] --START--
INFO: Run ShowPageTrace Behavior [ RunTime:0.000858s ]
INFO: [ view_end ] --END-- [ RunTime:0.000953s ]

