[ 2013-04-15T00:21:34+08:00 ] 127.0.0.1 /IKPHP/index.php?g=admin&m=index&a=login
INFO: [ app_begin ] --START--
INFO: Run ReadHtmlCache Behavior [ RunTime:0.000285s ]
INFO: Run load_lang Behavior [ RunTime:0.001052s ]
INFO: [ app_begin ] --END-- [ RunTime:0.001470s ]
INFO: [ view_template ] --START--
INFO: Run LocationTemplate Behavior [ RunTime:0.038703s ]
INFO: [ view_template ] --END-- [ RunTime:0.038806s ]
INFO: [ view_parse ] --START--
INFO: Run ParseTemplate Behavior [ RunTime:0.187723s ]
INFO: [ view_parse ] --END-- [ RunTime:0.187815s ]
INFO: [ view_filter ] --START--
INFO: Run ContentReplace Behavior [ RunTime:0.012721s ]
INFO: Run TokenBuild Behavior [ RunTime:0.024429s ]
INFO: Run WriteHtmlCache Behavior [ RunTime:0.058476s ]
INFO: Run ShowRuntime Behavior [ RunTime:0.016067s ]
INFO: Run content_replace Behavior [ RunTime:0.016424s ]
INFO: [ view_filter ] --END-- [ RunTime:0.128464s ]
INFO: [ view_end ] --START--
INFO: Run ShowPageTrace Behavior [ RunTime:0.018490s ]
INFO: [ view_end ] --END-- [ RunTime:0.018580s ]

[ 2013-04-15T00:21:36+08:00 ] 127.0.0.1 /IKPHP/index.php
INFO: [ app_begin ] --START--
INFO: Run ReadHtmlCache Behavior [ RunTime:0.000255s ]
INFO: Run load_lang Behavior [ RunTime:0.001837s ]
INFO: [ app_begin ] --END-- [ RunTime:0.002245s ]
SQL: SHOW COLUMNS FROM `ik_message` [ RunTime:0.042085s ]
SQL: SELECT COUNT(*) AS tp_count FROM `ik_message` WHERE ( `touserid` = null ) AND ( `isread` = 0 ) AND ( `isinbox` = 0 ) LIMIT 1   [ RunTime:0.010584s ]
SQL: SHOW COLUMNS FROM `ik_group` [ RunTime:0.087896s ]
SQL: SHOW COLUMNS FROM `ik_user` [ RunTime:0.016590s ]
SQL: SHOW COLUMNS FROM `ik_group_topics` [ RunTime:0.021008s ]
SQL: SHOW COLUMNS FROM `ik_article` [ RunTime:0.021227s ]
SQL: SELECT `groupid` FROM `ik_group` WHERE ( `isshow` = 0 ) ORDER BY addtime desc LIMIT 10   [ RunTime:0.008661s ]
SQL: SELECT COUNT(*) AS tp_count FROM `ik_group` WHERE ( `groupid` = 13 ) LIMIT 1   [ RunTime:0.000525s ]
SQL: SELECT * FROM `ik_group` WHERE ( `groupid` = 13 ) LIMIT 1   [ RunTime:0.000240s ]
SQL: SELECT COUNT(*) AS tp_count FROM `ik_group` WHERE ( `groupid` = 12 ) LIMIT 1   [ RunTime:0.000288s ]
SQL: SELECT * FROM `ik_group` WHERE ( `groupid` = 12 ) LIMIT 1   [ RunTime:0.000320s ]
SQL: SELECT COUNT(*) AS tp_count FROM `ik_group` WHERE ( `groupid` = 11 ) LIMIT 1   [ RunTime:0.000188s ]
SQL: SELECT * FROM `ik_group` WHERE ( `groupid` = 11 ) LIMIT 1   [ RunTime:0.000179s ]
SQL: SELECT COUNT(*) AS tp_count FROM `ik_group` WHERE ( `groupid` = 10 ) LIMIT 1   [ RunTime:0.000195s ]
SQL: SELECT * FROM `ik_group` WHERE ( `groupid` = 10 ) LIMIT 1   [ RunTime:0.000196s ]
SQL: SELECT COUNT(*) AS tp_count FROM `ik_group` WHERE ( `groupid` = 9 ) LIMIT 1   [ RunTime:0.000259s ]
SQL: SELECT * FROM `ik_group` WHERE ( `groupid` = 9 ) LIMIT 1   [ RunTime:0.000187s ]
SQL: SELECT COUNT(*) AS tp_count FROM `ik_group` WHERE ( `groupid` = 4 ) LIMIT 1   [ RunTime:0.000143s ]
SQL: SELECT * FROM `ik_group` WHERE ( `groupid` = 4 ) LIMIT 1   [ RunTime:0.000214s ]
SQL: SELECT `userid`,`topicid`,`groupid`,`content`,`title` FROM `ik_group_topics` WHERE ( `groupid` > 0 ) AND ( `isaudit` = 0 ) ORDER BY istop desc,addtime desc LIMIT 15   [ RunTime:0.000510s ]
SQL: SELECT COUNT(*) AS tp_count FROM `ik_group_topics` WHERE ( `topicid` = 24 ) LIMIT 1   [ RunTime:0.000169s ]
SQL: SELECT * FROM `ik_group_topics` WHERE ( `topicid` = 24 ) LIMIT 1   [ RunTime:0.000178s ]
SQL: SHOW COLUMNS FROM `ik_images` [ RunTime:0.017673s ]
SQL: SELECT * FROM `ik_images` WHERE ( `type` = 'topic' ) AND ( `typeid` = 24 ) AND ( `seqid` = 2 ) LIMIT 1   [ RunTime:0.011907s ]
SQL: SELECT * FROM `ik_user` WHERE ( `userid` = 1 ) LIMIT 1   [ RunTime:0.000399s ]
SQL: SHOW COLUMNS FROM `ik_area` [ RunTime:0.004199s ]
SQL: SELECT * FROM `ik_area` WHERE ( `areaid` = 1 ) LIMIT 1   [ RunTime:0.000386s ]
SQL: SELECT * FROM `ik_images` WHERE ( `type` = 'topic' ) AND ( `typeid` = 24 ) AND ( `seqid` = 2 ) LIMIT 1   [ RunTime:0.000264s ]
SQL: SELECT * FROM `ik_images` WHERE ( `type` = 'topic' ) AND ( `typeid` = 24 ) AND ( `seqid` = 2 ) LIMIT 1   [ RunTime:0.000223s ]
SQL: SELECT COUNT(*) AS tp_count FROM `ik_group_topics` WHERE ( `topicid` = 20 ) LIMIT 1   [ RunTime:0.000208s ]
SQL: SELECT * FROM `ik_group_topics` WHERE ( `topicid` = 20 ) LIMIT 1   [ RunTime:0.000215s ]
SQL: SELECT * FROM `ik_user` WHERE ( `userid` = 1 ) LIMIT 1   [ RunTime:0.000201s ]
SQL: SELECT * FROM `ik_area` WHERE ( `areaid` = 1 ) LIMIT 1   [ RunTime:0.000329s ]
SQL: SELECT COUNT(*) AS tp_count FROM `ik_group_topics` WHERE ( `topicid` = 19 ) LIMIT 1   [ RunTime:0.000205s ]
SQL: SELECT * FROM `ik_group_topics` WHERE ( `topicid` = 19 ) LIMIT 1   [ RunTime:0.000243s ]
SQL: SELECT * FROM `ik_user` WHERE ( `userid` = 1 ) LIMIT 1   [ RunTime:0.000274s ]
SQL: SELECT * FROM `ik_area` WHERE ( `areaid` = 1 ) LIMIT 1   [ RunTime:0.000318s ]
SQL: SELECT COUNT(*) AS tp_count FROM `ik_group_topics` WHERE ( `topicid` = 16 ) LIMIT 1   [ RunTime:0.000228s ]
SQL: SELECT * FROM `ik_group_topics` WHERE ( `topicid` = 16 ) LIMIT 1   [ RunTime:0.000208s ]
SQL: SELECT * FROM `ik_user` WHERE ( `userid` = 1 ) LIMIT 1   [ RunTime:0.000353s ]
SQL: SELECT * FROM `ik_area` WHERE ( `areaid` = 1 ) LIMIT 1   [ RunTime:0.000385s ]
SQL: SELECT `userid` FROM `ik_user` WHERE ( `isenable` = 0 ) ORDER BY uptime desc LIMIT 12   [ RunTime:0.000494s ]
SQL: SELECT * FROM `ik_user` WHERE ( `userid` = 1 ) LIMIT 1   [ RunTime:0.000319s ]
SQL: SELECT * FROM `ik_area` WHERE ( `areaid` = 1 ) LIMIT 1   [ RunTime:0.000441s ]
SQL: SELECT * FROM `ik_user` WHERE ( `userid` = 2 ) LIMIT 1   [ RunTime:0.000250s ]
SQL: SHOW COLUMNS FROM `ik_article_item` [ RunTime:0.016028s ]
SQL: SELECT * FROM `ik_article_item` WHERE ( `isaudit` = 0 ) ORDER BY addtime desc LIMIT 8   [ RunTime:0.005202s ]
SQL: SELECT * FROM `ik_group` WHERE ( `isrecommend` = 1 ) ORDER BY groupid asc LIMIT 10   [ RunTime:0.000265s ]
SQL: SELECT COUNT(*) AS tp_count FROM `ik_group` WHERE ( `groupid` = 4 ) LIMIT 1   [ RunTime:0.000123s ]
SQL: SELECT * FROM `ik_group` WHERE ( `groupid` = 4 ) LIMIT 1   [ RunTime:0.000133s ]
SQL: SELECT COUNT(*) AS tp_count FROM `ik_user` LIMIT 1   [ RunTime:0.000097s ]
INFO: [ view_template ] --START--
INFO: Run LocationTemplate Behavior [ RunTime:0.002490s ]
INFO: [ view_template ] --END-- [ RunTime:0.002589s ]
INFO: [ view_parse ] --START--
NOTIC: [8] Use of undefined constant userid - assumed 'userid' D:\APMServ5.2.6\www\htdocs\IKPHP\data\runtime\Cache\home\11e2f12d84b746b76491e3160c81a5b0.php 第 125 行.
NOTIC: [8] Use of undefined constant groupid - assumed 'groupid' D:\APMServ5.2.6\www\htdocs\IKPHP\data\runtime\Cache\home\11e2f12d84b746b76491e3160c81a5b0.php 第 172 行.
NOTIC: [8] Use of undefined constant icon_48 - assumed 'icon_48' D:\APMServ5.2.6\www\htdocs\IKPHP\data\runtime\Cache\home\11e2f12d84b746b76491e3160c81a5b0.php 第 173 行.
NOTIC: [8] Use of undefined constant groupname - assumed 'groupname' D:\APMServ5.2.6\www\htdocs\IKPHP\data\runtime\Cache\home\11e2f12d84b746b76491e3160c81a5b0.php 第 173 行.
NOTIC: [8] Use of undefined constant groupid - assumed 'groupid' D:\APMServ5.2.6\www\htdocs\IKPHP\data\runtime\Cache\home\11e2f12d84b746b76491e3160c81a5b0.php 第 177 行.
NOTIC: [8] Use of undefined constant groupname - assumed 'groupname' D:\APMServ5.2.6\www\htdocs\IKPHP\data\runtime\Cache\home\11e2f12d84b746b76491e3160c81a5b0.php 第 177 行.
NOTIC: [8] Use of undefined constant count_user - assumed 'count_user' D:\APMServ5.2.6\www\htdocs\IKPHP\data\runtime\Cache\home\11e2f12d84b746b76491e3160c81a5b0.php 第 177 行.
NOTIC: [8] Use of undefined constant count_topic - assumed 'count_topic' D:\APMServ5.2.6\www\htdocs\IKPHP\data\runtime\Cache\home\11e2f12d84b746b76491e3160c81a5b0.php 第 177 行.
NOTIC: [8] Use of undefined constant groupdesc - assumed 'groupdesc' D:\APMServ5.2.6\www\htdocs\IKPHP\data\runtime\Cache\home\11e2f12d84b746b76491e3160c81a5b0.php 第 178 行.
NOTIC: [8] Use of undefined constant user - assumed 'user' D:\APMServ5.2.6\www\htdocs\IKPHP\data\runtime\Cache\home\11e2f12d84b746b76491e3160c81a5b0.php 第 187 行.
NOTIC: [8] Use of undefined constant doname - assumed 'doname' D:\APMServ5.2.6\www\htdocs\IKPHP\data\runtime\Cache\home\11e2f12d84b746b76491e3160c81a5b0.php 第 187 行.
NOTIC: [8] Use of undefined constant user - assumed 'user' D:\APMServ5.2.6\www\htdocs\IKPHP\data\runtime\Cache\home\11e2f12d84b746b76491e3160c81a5b0.php 第 187 行.
NOTIC: [8] Use of undefined constant face - assumed 'face' D:\APMServ5.2.6\www\htdocs\IKPHP\data\runtime\Cache\home\11e2f12d84b746b76491e3160c81a5b0.php 第 187 行.
NOTIC: [8] Use of undefined constant topicid - assumed 'topicid' D:\APMServ5.2.6\www\htdocs\IKPHP\data\runtime\Cache\home\11e2f12d84b746b76491e3160c81a5b0.php 第 189 行.
NOTIC: [8] Use of undefined constant title - assumed 'title' D:\APMServ5.2.6\www\htdocs\IKPHP\data\runtime\Cache\home\11e2f12d84b746b76491e3160c81a5b0.php 第 189 行.
NOTIC: [8] Undefined variable: time D:\APMServ5.2.6\www\htdocs\IKPHP\data\runtime\Cache\home\11e2f12d84b746b76491e3160c81a5b0.php 第 189 行.
NOTIC: [8] Use of undefined constant title - assumed 'title' D:\APMServ5.2.6\www\htdocs\IKPHP\data\runtime\Cache\home\11e2f12d84b746b76491e3160c81a5b0.php 第 189 行.
NOTIC: [8] Use of undefined constant user - assumed 'user' D:\APMServ5.2.6\www\htdocs\IKPHP\data\runtime\Cache\home\11e2f12d84b746b76491e3160c81a5b0.php 第 190 行.
NOTIC: [8] Use of undefined constant doname - assumed 'doname' D:\APMServ5.2.6\www\htdocs\IKPHP\data\runtime\Cache\home\11e2f12d84b746b76491e3160c81a5b0.php 第 190 行.
NOTIC: [8] Use of undefined constant user - assumed 'user' D:\APMServ5.2.6\www\htdocs\IKPHP\data\runtime\Cache\home\11e2f12d84b746b76491e3160c81a5b0.php 第 190 行.
NOTIC: [8] Use of undefined constant username - assumed 'username' D:\APMServ5.2.6\www\htdocs\IKPHP\data\runtime\Cache\home\11e2f12d84b746b76491e3160c81a5b0.php 第 190 行.
NOTIC: [8] Use of undefined constant addtime - assumed 'addtime' D:\APMServ5.2.6\www\htdocs\IKPHP\data\runtime\Cache\home\11e2f12d84b746b76491e3160c81a5b0.php 第 190 行.
NOTIC: [8] Use of undefined constant count_view - assumed 'count_view' D:\APMServ5.2.6\www\htdocs\IKPHP\data\runtime\Cache\home\11e2f12d84b746b76491e3160c81a5b0.php 第 190 行.
NOTIC: [8] Use of undefined constant count_comment - assumed 'count_comment' D:\APMServ5.2.6\www\htdocs\IKPHP\data\runtime\Cache\home\11e2f12d84b746b76491e3160c81a5b0.php 第 190 行.
NOTIC: [8] Use of undefined constant topicid - assumed 'topicid' D:\APMServ5.2.6\www\htdocs\IKPHP\data\runtime\Cache\home\11e2f12d84b746b76491e3160c81a5b0.php 第 191 行.
NOTIC: [8] Use of undefined constant title - assumed 'title' D:\APMServ5.2.6\www\htdocs\IKPHP\data\runtime\Cache\home\11e2f12d84b746b76491e3160c81a5b0.php 第 191 行.
NOTIC: [8] Undefined variable: time D:\APMServ5.2.6\www\htdocs\IKPHP\data\runtime\Cache\home\11e2f12d84b746b76491e3160c81a5b0.php 第 191 行.
NOTIC: [8] Use of undefined constant img - assumed 'img' D:\APMServ5.2.6\www\htdocs\IKPHP\data\runtime\Cache\home\11e2f12d84b746b76491e3160c81a5b0.php 第 191 行.
NOTIC: [8] Use of undefined constant simg - assumed 'simg' D:\APMServ5.2.6\www\htdocs\IKPHP\data\runtime\Cache\home\11e2f12d84b746b76491e3160c81a5b0.php 第 191 行.
NOTIC: [8] Use of undefined constant content - assumed 'content' D:\APMServ5.2.6\www\htdocs\IKPHP\data\runtime\Cache\home\11e2f12d84b746b76491e3160c81a5b0.php 第 191 行.
NOTIC: [8] Use of undefined constant user - assumed 'user' D:\APMServ5.2.6\www\htdocs\IKPHP\data\runtime\Cache\home\11e2f12d84b746b76491e3160c81a5b0.php 第 187 行.
NOTIC: [8] Use of undefined constant doname - assumed 'doname' D:\APMServ5.2.6\www\htdocs\IKPHP\data\runtime\Cache\home\11e2f12d84b746b76491e3160c81a5b0.php 第 187 行.
NOTIC: [8] Use of undefined constant user - assumed 'user' D:\APMServ5.2.6\www\htdocs\IKPHP\data\runtime\Cache\home\11e2f12d84b746b76491e3160c81a5b0.php 第 187 行.
NOTIC: [8] Use of undefined constant face - assumed 'face' D:\APMServ5.2.6\www\htdocs\IKPHP\data\runtime\Cache\home\11e2f12d84b746b76491e3160c81a5b0.php 第 187 行.
NOTIC: [8] Use of undefined constant topicid - assumed 'topicid' D:\APMServ5.2.6\www\htdocs\IKPHP\data\runtime\Cache\home\11e2f12d84b746b76491e3160c81a5b0.php 第 189 行.
NOTIC: [8] Use of undefined constant title - assumed 'title' D:\APMServ5.2.6\www\htdocs\IKPHP\data\runtime\Cache\home\11e2f12d84b746b76491e3160c81a5b0.php 第 189 行.
NOTIC: [8] Undefined variable: time D:\APMServ5.2.6\www\htdocs\IKPHP\data\runtime\Cache\home\11e2f12d84b746b76491e3160c81a5b0.php 第 189 行.
NOTIC: [8] Use of undefined constant title - assumed 'title' D:\APMServ5.2.6\www\htdocs\IKPHP\data\runtime\Cache\home\11e2f12d84b746b76491e3160c81a5b0.php 第 189 行.
NOTIC: [8] Use of undefined constant user - assumed 'user' D:\APMServ5.2.6\www\htdocs\IKPHP\data\runtime\Cache\home\11e2f12d84b746b76491e3160c81a5b0.php 第 190 行.
NOTIC: [8] Use of undefined constant doname - assumed 'doname' D:\APMServ5.2.6\www\htdocs\IKPHP\data\runtime\Cache\home\11e2f12d84b746b76491e3160c81a5b0.php 第 190 行.
NOTIC: [8] Use of undefined constant user - assumed 'user' D:\APMServ5.2.6\www\htdocs\IKPHP\data\runtime\Cache\home\11e2f12d84b746b76491e3160c81a5b0.php 第 190 行.
NOTIC: [8] Use of undefined constant username - assumed 'username' D:\APMServ5.2.6\www\htdocs\IKPHP\data\runtime\Cache\home\11e2f12d84b746b76491e3160c81a5b0.php 第 190 行.
NOTIC: [8] Use of undefined constant addtime - assumed 'addtime' D:\APMServ5.2.6\www\htdocs\IKPHP\data\runtime\Cache\home\11e2f12d84b746b76491e3160c81a5b0.php 第 190 行.
NOTIC: [8] Use of undefined constant count_view - assumed 'count_view' D:\APMServ5.2.6\www\htdocs\IKPHP\data\runtime\Cache\home\11e2f12d84b746b76491e3160c81a5b0.php 第 190 行.
NOTIC: [8] Use of undefined constant count_comment - assumed 'count_comment' D:\APMServ5.2.6\www\htdocs\IKPHP\data\runtime\Cache\home\11e2f12d84b746b76491e3160c81a5b0.php 第 190 行.
NOTIC: [8] Use of undefined constant topicid - assumed 'topicid' D:\APMServ5.2.6\www\htdocs\IKPHP\data\runtime\Cache\home\11e2f12d84b746b76491e3160c81a5b0.php 第 191 行.
NOTIC: [8] Use of undefined constant title - assumed 'title' D:\APMServ5.2.6\www\htdocs\IKPHP\data\runtime\Cache\home\11e2f12d84b746b76491e3160c81a5b0.php 第 191 行.
NOTIC: [8] Undefined variable: time D:\APMServ5.2.6\www\htdocs\IKPHP\data\runtime\Cache\home\11e2f12d84b746b76491e3160c81a5b0.php 第 191 行.
NOTIC: [8] Use of undefined constant img - assumed 'img' D:\APMServ5.2.6\www\htdocs\IKPHP\data\runtime\Cache\home\11e2f12d84b746b76491e3160c81a5b0.php 第 191 行.
NOTIC: [8] Use of undefined constant simg - assumed 'simg' D:\APMServ5.2.6\www\htdocs\IKPHP\data\runtime\Cache\home\11e2f12d84b746b76491e3160c81a5b0.php 第 191 行.
NOTIC: [8] Use of undefined constant content - assumed 'content' D:\APMServ5.2.6\www\htdocs\IKPHP\data\runtime\Cache\home\11e2f12d84b746b76491e3160c81a5b0.php 第 191 行.
NOTIC: [8] Use of undefined constant user - assumed 'user' D:\APMServ5.2.6\www\htdocs\IKPHP\data\runtime\Cache\home\11e2f12d84b746b76491e3160c81a5b0.php 第 187 行.
NOTIC: [8] Use of undefined constant doname - assumed 'doname' D:\APMServ5.2.6\www\htdocs\IKPHP\data\runtime\Cache\home\11e2f12d84b746b76491e3160c81a5b0.php 第 187 行.
NOTIC: [8] Use of undefined constant user - assumed 'user' D:\APMServ5.2.6\www\htdocs\IKPHP\data\runtime\Cache\home\11e2f12d84b746b76491e3160c81a5b0.php 第 187 行.
NOTIC: [8] Use of undefined constant face - assumed 'face' D:\APMServ5.2.6\www\htdocs\IKPHP\data\runtime\Cache\home\11e2f12d84b746b76491e3160c81a5b0.php 第 187 行.
NOTIC: [8] Use of undefined constant topicid - assumed 'topicid' D:\APMServ5.2.6\www\htdocs\IKPHP\data\runtime\Cache\home\11e2f12d84b746b76491e3160c81a5b0.php 第 189 行.
NOTIC: [8] Use of undefined constant title - assumed 'title' D:\APMServ5.2.6\www\htdocs\IKPHP\data\runtime\Cache\home\11e2f12d84b746b76491e3160c81a5b0.php 第 189 行.
NOTIC: [8] Undefined variable: time D:\APMServ5.2.6\www\htdocs\IKPHP\data\runtime\Cache\home\11e2f12d84b746b76491e3160c81a5b0.php 第 189 行.
NOTIC: [8] Use of undefined constant title - assumed 'title' D:\APMServ5.2.6\www\htdocs\IKPHP\data\runtime\Cache\home\11e2f12d84b746b76491e3160c81a5b0.php 第 189 行.
NOTIC: [8] Use of undefined constant user - assumed 'user' D:\APMServ5.2.6\www\htdocs\IKPHP\data\runtime\Cache\home\11e2f12d84b746b76491e3160c81a5b0.php 第 190 行.
NOTIC: [8] Use of undefined constant doname - assumed 'doname' D:\APMServ5.2.6\www\htdocs\IKPHP\data\runtime\Cache\home\11e2f12d84b746b76491e3160c81a5b0.php 第 190 行.
NOTIC: [8] Use of undefined constant user - assumed 'user' D:\APMServ5.2.6\www\htdocs\IKPHP\data\runtime\Cache\home\11e2f12d84b746b76491e3160c81a5b0.php 第 190 行.
NOTIC: [8] Use of undefined constant username - assumed 'username' D:\APMServ5.2.6\www\htdocs\IKPHP\data\runtime\Cache\home\11e2f12d84b746b76491e3160c81a5b0.php 第 190 行.
NOTIC: [8] Use of undefined constant addtime - assumed 'addtime' D:\APMServ5.2.6\www\htdocs\IKPHP\data\runtime\Cache\home\11e2f12d84b746b76491e3160c81a5b0.php 第 190 行.
NOTIC: [8] Use of undefined constant count_view - assumed 'count_view' D:\APMServ5.2.6\www\htdocs\IKPHP\data\runtime\Cache\home\11e2f12d84b746b76491e3160c81a5b0.php 第 190 行.
NOTIC: [8] Use of undefined constant count_comment - assumed 'count_comment' D:\APMServ5.2.6\www\htdocs\IKPHP\data\runtime\Cache\home\11e2f12d84b746b76491e3160c81a5b0.php 第 190 行.
NOTIC: [8] Use of undefined constant topicid - assumed 'topicid' D:\APMServ5.2.6\www\htdocs\IKPHP\data\runtime\Cache\home\11e2f12d84b746b76491e3160c81a5b0.php 第 191 行.
NOTIC: [8] Use of undefined constant title - assumed 'title' D:\APMServ5.2.6\www\htdocs\IKPHP\data\runtime\Cache\home\11e2f12d84b746b76491e3160c81a5b0.php 第 191 行.
NOTIC: [8] Undefined variable: time D:\APMServ5.2.6\www\htdocs\IKPHP\data\runtime\Cache\home\11e2f12d84b746b76491e3160c81a5b0.php 第 191 行.
NOTIC: [8] Use of undefined constant img - assumed 'img' D:\APMServ5.2.6\www\htdocs\IKPHP\data\runtime\Cache\home\11e2f12d84b746b76491e3160c81a5b0.php 第 191 行.
NOTIC: [8] Use of undefined constant simg - assumed 'simg' D:\APMServ5.2.6\www\htdocs\IKPHP\data\runtime\Cache\home\11e2f12d84b746b76491e3160c81a5b0.php 第 191 行.
NOTIC: [8] Use of undefined constant content - assumed 'content' D:\APMServ5.2.6\www\htdocs\IKPHP\data\runtime\Cache\home\11e2f12d84b746b76491e3160c81a5b0.php 第 191 行.
NOTIC: [8] Use of undefined constant user - assumed 'user' D:\APMServ5.2.6\www\htdocs\IKPHP\data\runtime\Cache\home\11e2f12d84b746b76491e3160c81a5b0.php 第 187 行.
NOTIC: [8] Use of undefined constant doname - assumed 'doname' D:\APMServ5.2.6\www\htdocs\IKPHP\data\runtime\Cache\home\11e2f12d84b746b76491e3160c81a5b0.php 第 187 行.
NOTIC: [8] Use of undefined constant user - assumed 'user' D:\APMServ5.2.6\www\htdocs\IKPHP\data\runtime\Cache\home\11e2f12d84b746b76491e3160c81a5b0.php 第 187 行.
NOTIC: [8] Use of undefined constant face - assumed 'face' D:\APMServ5.2.6\www\htdocs\IKPHP\data\runtime\Cache\home\11e2f12d84b746b76491e3160c81a5b0.php 第 187 行.
NOTIC: [8] Use of undefined constant topicid - assumed 'topicid' D:\APMServ5.2.6\www\htdocs\IKPHP\data\runtime\Cache\home\11e2f12d84b746b76491e3160c81a5b0.php 第 189 行.
NOTIC: [8] Use of undefined constant title - assumed 'title' D:\APMServ5.2.6\www\htdocs\IKPHP\data\runtime\Cache\home\11e2f12d84b746b76491e3160c81a5b0.php 第 189 行.
NOTIC: [8] Undefined variable: time D:\APMServ5.2.6\www\htdocs\IKPHP\data\runtime\Cache\home\11e2f12d84b746b76491e3160c81a5b0.php 第 189 行.
NOTIC: [8] Use of undefined constant title - assumed 'title' D:\APMServ5.2.6\www\htdocs\IKPHP\data\runtime\Cache\home\11e2f12d84b746b76491e3160c81a5b0.php 第 189 行.
NOTIC: [8] Use of undefined constant user - assumed 'user' D:\APMServ5.2.6\www\htdocs\IKPHP\data\runtime\Cache\home\11e2f12d84b746b76491e3160c81a5b0.php 第 190 行.
NOTIC: [8] Use of undefined constant doname - assumed 'doname' D:\APMServ5.2.6\www\htdocs\IKPHP\data\runtime\Cache\home\11e2f12d84b746b76491e3160c81a5b0.php 第 190 行.
NOTIC: [8] Use of undefined constant user - assumed 'user' D:\APMServ5.2.6\www\htdocs\IKPHP\data\runtime\Cache\home\11e2f12d84b746b76491e3160c81a5b0.php 第 190 行.
NOTIC: [8] Use of undefined constant username - assumed 'username' D:\APMServ5.2.6\www\htdocs\IKPHP\data\runtime\Cache\home\11e2f12d84b746b76491e3160c81a5b0.php 第 190 行.
NOTIC: [8] Use of undefined constant addtime - assumed 'addtime' D:\APMServ5.2.6\www\htdocs\IKPHP\data\runtime\Cache\home\11e2f12d84b746b76491e3160c81a5b0.php 第 190 行.
NOTIC: [8] Use of undefined constant count_view - assumed 'count_view' D:\APMServ5.2.6\www\htdocs\IKPHP\data\runtime\Cache\home\11e2f12d84b746b76491e3160c81a5b0.php 第 190 行.
NOTIC: [8] Use of undefined constant count_comment - assumed 'count_comment' D:\APMServ5.2.6\www\htdocs\IKPHP\data\runtime\Cache\home\11e2f12d84b746b76491e3160c81a5b0.php 第 190 行.
NOTIC: [8] Use of undefined constant topicid - assumed 'topicid' D:\APMServ5.2.6\www\htdocs\IKPHP\data\runtime\Cache\home\11e2f12d84b746b76491e3160c81a5b0.php 第 191 行.
NOTIC: [8] Use of undefined constant title - assumed 'title' D:\APMServ5.2.6\www\htdocs\IKPHP\data\runtime\Cache\home\11e2f12d84b746b76491e3160c81a5b0.php 第 191 行.
NOTIC: [8] Undefined variable: time D:\APMServ5.2.6\www\htdocs\IKPHP\data\runtime\Cache\home\11e2f12d84b746b76491e3160c81a5b0.php 第 191 行.
NOTIC: [8] Use of undefined constant img - assumed 'img' D:\APMServ5.2.6\www\htdocs\IKPHP\data\runtime\Cache\home\11e2f12d84b746b76491e3160c81a5b0.php 第 191 行.
NOTIC: [8] Use of undefined constant simg - assumed 'simg' D:\APMServ5.2.6\www\htdocs\IKPHP\data\runtime\Cache\home\11e2f12d84b746b76491e3160c81a5b0.php 第 191 行.
NOTIC: [8] Use of undefined constant content - assumed 'content' D:\APMServ5.2.6\www\htdocs\IKPHP\data\runtime\Cache\home\11e2f12d84b746b76491e3160c81a5b0.php 第 191 行.
NOTIC: [8] Use of undefined constant doname - assumed 'doname' D:\APMServ5.2.6\www\htdocs\IKPHP\data\runtime\Cache\home\11e2f12d84b746b76491e3160c81a5b0.php 第 204 行.
NOTIC: [8] Use of undefined constant username - assumed 'username' D:\APMServ5.2.6\www\htdocs\IKPHP\data\runtime\Cache\home\11e2f12d84b746b76491e3160c81a5b0.php 第 205 行.
NOTIC: [8] Use of undefined constant face - assumed 'face' D:\APMServ5.2.6\www\htdocs\IKPHP\data\runtime\Cache\home\11e2f12d84b746b76491e3160c81a5b0.php 第 205 行.
NOTIC: [8] Use of undefined constant doname - assumed 'doname' D:\APMServ5.2.6\www\htdocs\IKPHP\data\runtime\Cache\home\11e2f12d84b746b76491e3160c81a5b0.php 第 209 行.
NOTIC: [8] Use of undefined constant username - assumed 'username' D:\APMServ5.2.6\www\htdocs\IKPHP\data\runtime\Cache\home\11e2f12d84b746b76491e3160c81a5b0.php 第 209 行.
NOTIC: [8] Use of undefined constant doname - assumed 'doname' D:\APMServ5.2.6\www\htdocs\IKPHP\data\runtime\Cache\home\11e2f12d84b746b76491e3160c81a5b0.php 第 204 行.
NOTIC: [8] Use of undefined constant username - assumed 'username' D:\APMServ5.2.6\www\htdocs\IKPHP\data\runtime\Cache\home\11e2f12d84b746b76491e3160c81a5b0.php 第 205 行.
NOTIC: [8] Use of undefined constant face - assumed 'face' D:\APMServ5.2.6\www\htdocs\IKPHP\data\runtime\Cache\home\11e2f12d84b746b76491e3160c81a5b0.php 第 205 行.
NOTIC: [8] Use of undefined constant doname - assumed 'doname' D:\APMServ5.2.6\www\htdocs\IKPHP\data\runtime\Cache\home\11e2f12d84b746b76491e3160c81a5b0.php 第 209 行.
NOTIC: [8] Use of undefined constant username - assumed 'username' D:\APMServ5.2.6\www\htdocs\IKPHP\data\runtime\Cache\home\11e2f12d84b746b76491e3160c81a5b0.php 第 209 行.
NOTIC: [8] Use of undefined constant groupid - assumed 'groupid' D:\APMServ5.2.6\www\htdocs\IKPHP\data\runtime\Cache\home\11e2f12d84b746b76491e3160c81a5b0.php 第 217 行.
NOTIC: [8] Use of undefined constant groupname - assumed 'groupname' D:\APMServ5.2.6\www\htdocs\IKPHP\data\runtime\Cache\home\11e2f12d84b746b76491e3160c81a5b0.php 第 217 行.
NOTIC: [8] Use of undefined constant count_user - assumed 'count_user' D:\APMServ5.2.6\www\htdocs\IKPHP\data\runtime\Cache\home\11e2f12d84b746b76491e3160c81a5b0.php 第 217 行.
NOTIC: [8] Use of undefined constant uptime - assumed 'uptime' D:\APMServ5.2.6\www\htdocs\IKPHP\data\runtime\Cache\home\11e2f12d84b746b76491e3160c81a5b0.php 第 217 行.
NOTIC: [8] Use of undefined constant groupid - assumed 'groupid' D:\APMServ5.2.6\www\htdocs\IKPHP\data\runtime\Cache\home\11e2f12d84b746b76491e3160c81a5b0.php 第 217 行.
NOTIC: [8] Use of undefined constant groupname - assumed 'groupname' D:\APMServ5.2.6\www\htdocs\IKPHP\data\runtime\Cache\home\11e2f12d84b746b76491e3160c81a5b0.php 第 217 行.
NOTIC: [8] Use of undefined constant count_user - assumed 'count_user' D:\APMServ5.2.6\www\htdocs\IKPHP\data\runtime\Cache\home\11e2f12d84b746b76491e3160c81a5b0.php 第 217 行.
NOTIC: [8] Use of undefined constant uptime - assumed 'uptime' D:\APMServ5.2.6\www\htdocs\IKPHP\data\runtime\Cache\home\11e2f12d84b746b76491e3160c81a5b0.php 第 217 行.
NOTIC: [8] Use of undefined constant groupid - assumed 'groupid' D:\APMServ5.2.6\www\htdocs\IKPHP\data\runtime\Cache\home\11e2f12d84b746b76491e3160c81a5b0.php 第 217 行.
NOTIC: [8] Use of undefined constant groupname - assumed 'groupname' D:\APMServ5.2.6\www\htdocs\IKPHP\data\runtime\Cache\home\11e2f12d84b746b76491e3160c81a5b0.php 第 217 行.
NOTIC: [8] Use of undefined constant count_user - assumed 'count_user' D:\APMServ5.2.6\www\htdocs\IKPHP\data\runtime\Cache\home\11e2f12d84b746b76491e3160c81a5b0.php 第 217 行.
NOTIC: [8] Use of undefined constant uptime - assumed 'uptime' D:\APMServ5.2.6\www\htdocs\IKPHP\data\runtime\Cache\home\11e2f12d84b746b76491e3160c81a5b0.php 第 217 行.
NOTIC: [8] Use of undefined constant groupid - assumed 'groupid' D:\APMServ5.2.6\www\htdocs\IKPHP\data\runtime\Cache\home\11e2f12d84b746b76491e3160c81a5b0.php 第 217 行.
NOTIC: [8] Use of undefined constant groupname - assumed 'groupname' D:\APMServ5.2.6\www\htdocs\IKPHP\data\runtime\Cache\home\11e2f12d84b746b76491e3160c81a5b0.php 第 217 行.
NOTIC: [8] Use of undefined constant count_user - assumed 'count_user' D:\APMServ5.2.6\www\htdocs\IKPHP\data\runtime\Cache\home\11e2f12d84b746b76491e3160c81a5b0.php 第 217 行.
NOTIC: [8] Use of undefined constant uptime - assumed 'uptime' D:\APMServ5.2.6\www\htdocs\IKPHP\data\runtime\Cache\home\11e2f12d84b746b76491e3160c81a5b0.php 第 217 行.
NOTIC: [8] Use of undefined constant groupid - assumed 'groupid' D:\APMServ5.2.6\www\htdocs\IKPHP\data\runtime\Cache\home\11e2f12d84b746b76491e3160c81a5b0.php 第 217 行.
NOTIC: [8] Use of undefined constant groupname - assumed 'groupname' D:\APMServ5.2.6\www\htdocs\IKPHP\data\runtime\Cache\home\11e2f12d84b746b76491e3160c81a5b0.php 第 217 行.
NOTIC: [8] Use of undefined constant count_user - assumed 'count_user' D:\APMServ5.2.6\www\htdocs\IKPHP\data\runtime\Cache\home\11e2f12d84b746b76491e3160c81a5b0.php 第 217 行.
NOTIC: [8] Use of undefined constant uptime - assumed 'uptime' D:\APMServ5.2.6\www\htdocs\IKPHP\data\runtime\Cache\home\11e2f12d84b746b76491e3160c81a5b0.php 第 217 行.
NOTIC: [8] Use of undefined constant groupid - assumed 'groupid' D:\APMServ5.2.6\www\htdocs\IKPHP\data\runtime\Cache\home\11e2f12d84b746b76491e3160c81a5b0.php 第 217 行.
NOTIC: [8] Use of undefined constant groupname - assumed 'groupname' D:\APMServ5.2.6\www\htdocs\IKPHP\data\runtime\Cache\home\11e2f12d84b746b76491e3160c81a5b0.php 第 217 行.
NOTIC: [8] Use of undefined constant count_user - assumed 'count_user' D:\APMServ5.2.6\www\htdocs\IKPHP\data\runtime\Cache\home\11e2f12d84b746b76491e3160c81a5b0.php 第 217 行.
NOTIC: [8] Use of undefined constant uptime - assumed 'uptime' D:\APMServ5.2.6\www\htdocs\IKPHP\data\runtime\Cache\home\11e2f12d84b746b76491e3160c81a5b0.php 第 217 行.
NOTIC: [8] Use of undefined constant itemid - assumed 'itemid' D:\APMServ5.2.6\www\htdocs\IKPHP\data\runtime\Cache\home\11e2f12d84b746b76491e3160c81a5b0.php 第 222 行.
NOTIC: [8] Use of undefined constant title - assumed 'title' D:\APMServ5.2.6\www\htdocs\IKPHP\data\runtime\Cache\home\11e2f12d84b746b76491e3160c81a5b0.php 第 222 行.
NOTIC: [8] Use of undefined constant itemid - assumed 'itemid' D:\APMServ5.2.6\www\htdocs\IKPHP\data\runtime\Cache\home\11e2f12d84b746b76491e3160c81a5b0.php 第 222 行.
NOTIC: [8] Use of undefined constant title - assumed 'title' D:\APMServ5.2.6\www\htdocs\IKPHP\data\runtime\Cache\home\11e2f12d84b746b76491e3160c81a5b0.php 第 222 行.
NOTIC: [8] Use of undefined constant itemid - assumed 'itemid' D:\APMServ5.2.6\www\htdocs\IKPHP\data\runtime\Cache\home\11e2f12d84b746b76491e3160c81a5b0.php 第 222 行.
NOTIC: [8] Use of undefined constant title - assumed 'title' D:\APMServ5.2.6\www\htdocs\IKPHP\data\runtime\Cache\home\11e2f12d84b746b76491e3160c81a5b0.php 第 222 行.
NOTIC: [8] Use of undefined constant itemid - assumed 'itemid' D:\APMServ5.2.6\www\htdocs\IKPHP\data\runtime\Cache\home\11e2f12d84b746b76491e3160c81a5b0.php 第 222 行.
NOTIC: [8] Use of undefined constant title - assumed 'title' D:\APMServ5.2.6\www\htdocs\IKPHP\data\runtime\Cache\home\11e2f12d84b746b76491e3160c81a5b0.php 第 222 行.
NOTIC: [8] Use of undefined constant itemid - assumed 'itemid' D:\APMServ5.2.6\www\htdocs\IKPHP\data\runtime\Cache\home\11e2f12d84b746b76491e3160c81a5b0.php 第 222 行.
NOTIC: [8] Use of undefined constant title - assumed 'title' D:\APMServ5.2.6\www\htdocs\IKPHP\data\runtime\Cache\home\11e2f12d84b746b76491e3160c81a5b0.php 第 222 行.
NOTIC: [8] Use of undefined constant itemid - assumed 'itemid' D:\APMServ5.2.6\www\htdocs\IKPHP\data\runtime\Cache\home\11e2f12d84b746b76491e3160c81a5b0.php 第 222 行.
NOTIC: [8] Use of undefined constant title - assumed 'title' D:\APMServ5.2.6\www\htdocs\IKPHP\data\runtime\Cache\home\11e2f12d84b746b76491e3160c81a5b0.php 第 222 行.
NOTIC: [8] Use of undefined constant itemid - assumed 'itemid' D:\APMServ5.2.6\www\htdocs\IKPHP\data\runtime\Cache\home\11e2f12d84b746b76491e3160c81a5b0.php 第 222 行.
NOTIC: [8] Use of undefined constant title - assumed 'title' D:\APMServ5.2.6\www\htdocs\IKPHP\data\runtime\Cache\home\11e2f12d84b746b76491e3160c81a5b0.php 第 222 行.
NOTIC: [8] Use of undefined constant itemid - assumed 'itemid' D:\APMServ5.2.6\www\htdocs\IKPHP\data\runtime\Cache\home\11e2f12d84b746b76491e3160c81a5b0.php 第 222 行.
NOTIC: [8] Use of undefined constant title - assumed 'title' D:\APMServ5.2.6\www\htdocs\IKPHP\data\runtime\Cache\home\11e2f12d84b746b76491e3160c81a5b0.php 第 222 行.
INFO: Run ParseTemplate Behavior [ RunTime:0.068166s ]
INFO: [ view_parse ] --END-- [ RunTime:0.068250s ]
INFO: [ view_filter ] --START--
INFO: Run ContentReplace Behavior [ RunTime:0.000362s ]
INFO: Run TokenBuild Behavior [ RunTime:0.000215s ]
INFO: Run WriteHtmlCache Behavior [ RunTime:0.000163s ]
INFO: Run ShowRuntime Behavior [ RunTime:0.000279s ]
INFO: Run content_replace Behavior [ RunTime:0.000868s ]
INFO: [ view_filter ] --END-- [ RunTime:0.002071s ]
INFO: [ view_end ] --START--
INFO: Run ShowPageTrace Behavior [ RunTime:0.000217s ]
INFO: [ view_end ] --END-- [ RunTime:0.000271s ]

[ 2013-04-15T00:21:50+08:00 ] 127.0.0.1 /IKPHP/index.php/group/4
INFO: [ route_check ] --START--
INFO: Run CheckRoute Behavior [ RunTime:0.000318s ]
INFO: [ route_check ] --END-- [ RunTime:0.000401s ]
INFO: [ app_begin ] --START--
INFO: Run ReadHtmlCache Behavior [ RunTime:0.000278s ]
INFO: Run load_lang Behavior [ RunTime:0.001387s ]
INFO: [ app_begin ] --END-- [ RunTime:0.001802s ]
SQL: SHOW COLUMNS FROM `ik_message` [ RunTime:0.002460s ]
SQL: SELECT COUNT(*) AS tp_count FROM `ik_message` WHERE ( `touserid` = null ) AND ( `isread` = 0 ) AND ( `isinbox` = 0 ) LIMIT 1   [ RunTime:0.000718s ]
SQL: SHOW COLUMNS FROM `ik_group` [ RunTime:0.002417s ]
SQL: SHOW COLUMNS FROM `ik_user` [ RunTime:0.003080s ]
SQL: SHOW COLUMNS FROM `ik_group_users` [ RunTime:0.002630s ]
SQL: SHOW COLUMNS FROM `ik_group_topics` [ RunTime:0.002306s ]
SQL: SHOW COLUMNS FROM `ik_group_topics_collects` [ RunTime:0.002278s ]
SQL: SHOW COLUMNS FROM `ik_group_topics_comments` [ RunTime:0.002281s ]
SQL: SELECT COUNT(*) AS tp_count FROM `ik_group` WHERE ( `groupid` = 4 ) LIMIT 1   [ RunTime:0.000391s ]
SQL: SELECT * FROM `ik_group` WHERE ( `groupid` = 4 ) LIMIT 1   [ RunTime:0.000197s ]
SQL: SHOW COLUMNS FROM `ik_user` [ RunTime:0.003833s ]
SQL: SELECT * FROM `ik_user` WHERE ( `userid` = null ) LIMIT 1   [ RunTime:0.000552s ]
SQL: SELECT * FROM `ik_user` WHERE ( `userid` = 1 ) LIMIT 1   [ RunTime:0.000249s ]
SQL: SHOW COLUMNS FROM `ik_area` [ RunTime:0.002150s ]
SQL: SELECT * FROM `ik_area` WHERE ( `areaid` = 1 ) LIMIT 1   [ RunTime:0.000497s ]
SQL: SHOW COLUMNS FROM `ik_group_users` [ RunTime:0.001853s ]
SQL: SELECT COUNT(userid) AS tp_count FROM `ik_group_users` WHERE ( `groupid` = 4 ) AND ( `userid` = 0 ) LIMIT 1   [ RunTime:0.000492s ]
SQL: SELECT * FROM `ik_group_users` WHERE ( `groupid` = 4 ) ORDER BY addtime desc LIMIT 8   [ RunTime:0.000260s ]
SQL: SELECT * FROM `ik_user` WHERE ( `userid` = 2 ) LIMIT 1   [ RunTime:0.000187s ]
SQL: SELECT * FROM `ik_user` WHERE ( `userid` = 1 ) LIMIT 1   [ RunTime:0.000207s ]
SQL: SELECT * FROM `ik_area` WHERE ( `areaid` = 1 ) LIMIT 1   [ RunTime:0.000321s ]
SQL: SELECT * FROM `ik_group_topics` WHERE ( `groupid` = 4 ) AND ( `isshow` = 0 ) ORDER BY istop desc,addtime desc LIMIT 20   [ RunTime:0.031950s ]
SQL: SELECT * FROM `ik_user` WHERE ( `userid` = 2 ) LIMIT 1   [ RunTime:0.000231s ]
SQL: SELECT * FROM `ik_user` WHERE ( `userid` = 1 ) LIMIT 1   [ RunTime:0.000175s ]
SQL: SELECT * FROM `ik_area` WHERE ( `areaid` = 1 ) LIMIT 1   [ RunTime:0.000150s ]
SQL: SELECT * FROM `ik_user` WHERE ( `userid` = 2 ) LIMIT 1   [ RunTime:0.000159s ]
SQL: SELECT * FROM `ik_user` WHERE ( `userid` = 1 ) LIMIT 1   [ RunTime:0.000615s ]
SQL: SELECT * FROM `ik_area` WHERE ( `areaid` = 1 ) LIMIT 1   [ RunTime:0.000423s ]
INFO: [ view_template ] --START--
INFO: Run LocationTemplate Behavior [ RunTime:0.001037s ]
INFO: [ view_template ] --END-- [ RunTime:0.001128s ]
INFO: [ view_parse ] --START--
NOTIC: [8] Use of undefined constant style - assumed 'style' D:\APMServ5.2.6\www\htdocs\IKPHP\data\runtime\Cache\home\4b3bdaee387ed978a0ec5cfb43b99467.php 第 96 行.
NOTIC: [8] Use of undefined constant url - assumed 'url' D:\APMServ5.2.6\www\htdocs\IKPHP\data\runtime\Cache\home\4b3bdaee387ed978a0ec5cfb43b99467.php 第 97 行.
NOTIC: [8] Use of undefined constant name - assumed 'name' D:\APMServ5.2.6\www\htdocs\IKPHP\data\runtime\Cache\home\4b3bdaee387ed978a0ec5cfb43b99467.php 第 97 行.
NOTIC: [8] Use of undefined constant url - assumed 'url' D:\APMServ5.2.6\www\htdocs\IKPHP\data\runtime\Cache\home\4b3bdaee387ed978a0ec5cfb43b99467.php 第 101 行.
NOTIC: [8] Use of undefined constant name - assumed 'name' D:\APMServ5.2.6\www\htdocs\IKPHP\data\runtime\Cache\home\4b3bdaee387ed978a0ec5cfb43b99467.php 第 101 行.
NOTIC: [8] Use of undefined constant url - assumed 'url' D:\APMServ5.2.6\www\htdocs\IKPHP\data\runtime\Cache\home\4b3bdaee387ed978a0ec5cfb43b99467.php 第 101 行.
NOTIC: [8] Use of undefined constant name - assumed 'name' D:\APMServ5.2.6\www\htdocs\IKPHP\data\runtime\Cache\home\4b3bdaee387ed978a0ec5cfb43b99467.php 第 101 行.
NOTIC: [8] Use of undefined constant url - assumed 'url' D:\APMServ5.2.6\www\htdocs\IKPHP\data\runtime\Cache\home\4b3bdaee387ed978a0ec5cfb43b99467.php 第 101 行.
NOTIC: [8] Use of undefined constant name - assumed 'name' D:\APMServ5.2.6\www\htdocs\IKPHP\data\runtime\Cache\home\4b3bdaee387ed978a0ec5cfb43b99467.php 第 101 行.
NOTIC: [8] Use of undefined constant groupname - assumed 'groupname' D:\APMServ5.2.6\www\htdocs\IKPHP\data\runtime\Cache\home\4b3bdaee387ed978a0ec5cfb43b99467.php 第 127 行.
NOTIC: [8] Use of undefined constant isaudit - assumed 'isaudit' D:\APMServ5.2.6\www\htdocs\IKPHP\data\runtime\Cache\home\4b3bdaee387ed978a0ec5cfb43b99467.php 第 127 行.
NOTIC: [8] Use of undefined constant groupname - assumed 'groupname' D:\APMServ5.2.6\www\htdocs\IKPHP\data\runtime\Cache\home\4b3bdaee387ed978a0ec5cfb43b99467.php 第 132 行.
NOTIC: [8] Use of undefined constant icon_48 - assumed 'icon_48' D:\APMServ5.2.6\www\htdocs\IKPHP\data\runtime\Cache\home\4b3bdaee387ed978a0ec5cfb43b99467.php 第 132 行.
NOTIC: [8] Use of undefined constant addtime - assumed 'addtime' D:\APMServ5.2.6\www\htdocs\IKPHP\data\runtime\Cache\home\4b3bdaee387ed978a0ec5cfb43b99467.php 第 133 行.
NOTIC: [8] Use of undefined constant role_leader - assumed 'role_leader' D:\APMServ5.2.6\www\htdocs\IKPHP\data\runtime\Cache\home\4b3bdaee387ed978a0ec5cfb43b99467.php 第 133 行.
NOTIC: [8] Use of undefined constant doname - assumed 'doname' D:\APMServ5.2.6\www\htdocs\IKPHP\data\runtime\Cache\home\4b3bdaee387ed978a0ec5cfb43b99467.php 第 133 行.
NOTIC: [8] Use of undefined constant username - assumed 'username' D:\APMServ5.2.6\www\htdocs\IKPHP\data\runtime\Cache\home\4b3bdaee387ed978a0ec5cfb43b99467.php 第 133 行.
NOTIC: [8] Use of undefined constant groupdesc - assumed 'groupdesc' D:\APMServ5.2.6\www\htdocs\IKPHP\data\runtime\Cache\home\4b3bdaee387ed978a0ec5cfb43b99467.php 第 134 行.
NOTIC: [8] Use of undefined constant joinway - assumed 'joinway' D:\APMServ5.2.6\www\htdocs\IKPHP\data\runtime\Cache\home\4b3bdaee387ed978a0ec5cfb43b99467.php 第 141 行.
NOTIC: [8] Use of undefined constant groupid - assumed 'groupid' D:\APMServ5.2.6\www\htdocs\IKPHP\data\runtime\Cache\home\4b3bdaee387ed978a0ec5cfb43b99467.php 第 157 行.
NOTIC: [8] Use of undefined constant title - assumed 'title' D:\APMServ5.2.6\www\htdocs\IKPHP\data\runtime\Cache\home\4b3bdaee387ed978a0ec5cfb43b99467.php 第 174 行.
NOTIC: [8] Use of undefined constant topicid - assumed 'topicid' D:\APMServ5.2.6\www\htdocs\IKPHP\data\runtime\Cache\home\4b3bdaee387ed978a0ec5cfb43b99467.php 第 174 行.
NOTIC: [8] Use of undefined constant isvideo - assumed 'isvideo' D:\APMServ5.2.6\www\htdocs\IKPHP\data\runtime\Cache\home\4b3bdaee387ed978a0ec5cfb43b99467.php 第 177 行.
NOTIC: [8] Use of undefined constant istop - assumed 'istop' D:\APMServ5.2.6\www\htdocs\IKPHP\data\runtime\Cache\home\4b3bdaee387ed978a0ec5cfb43b99467.php 第 178 行.
NOTIC: [8] Use of undefined constant addtime - assumed 'addtime' D:\APMServ5.2.6\www\htdocs\IKPHP\data\runtime\Cache\home\4b3bdaee387ed978a0ec5cfb43b99467.php 第 179 行.
NOTIC: [8] Use of undefined constant isphoto - assumed 'isphoto' D:\APMServ5.2.6\www\htdocs\IKPHP\data\runtime\Cache\home\4b3bdaee387ed978a0ec5cfb43b99467.php 第 180 行.
NOTIC: [8] Use of undefined constant isattach - assumed 'isattach' D:\APMServ5.2.6\www\htdocs\IKPHP\data\runtime\Cache\home\4b3bdaee387ed978a0ec5cfb43b99467.php 第 181 行.
NOTIC: [8] Use of undefined constant isdigest - assumed 'isdigest' D:\APMServ5.2.6\www\htdocs\IKPHP\data\runtime\Cache\home\4b3bdaee387ed978a0ec5cfb43b99467.php 第 182 行.
NOTIC: [8] Use of undefined constant user - assumed 'user' D:\APMServ5.2.6\www\htdocs\IKPHP\data\runtime\Cache\home\4b3bdaee387ed978a0ec5cfb43b99467.php 第 184 行.
NOTIC: [8] Use of undefined constant doname - assumed 'doname' D:\APMServ5.2.6\www\htdocs\IKPHP\data\runtime\Cache\home\4b3bdaee387ed978a0ec5cfb43b99467.php 第 184 行.
NOTIC: [8] Use of undefined constant user - assumed 'user' D:\APMServ5.2.6\www\htdocs\IKPHP\data\runtime\Cache\home\4b3bdaee387ed978a0ec5cfb43b99467.php 第 184 行.
NOTIC: [8] Use of undefined constant username - assumed 'username' D:\APMServ5.2.6\www\htdocs\IKPHP\data\runtime\Cache\home\4b3bdaee387ed978a0ec5cfb43b99467.php 第 184 行.
NOTIC: [8] Use of undefined constant count_comment - assumed 'count_comment' D:\APMServ5.2.6\www\htdocs\IKPHP\data\runtime\Cache\home\4b3bdaee387ed978a0ec5cfb43b99467.php 第 185 行.
NOTIC: [8] Use of undefined constant uptime - assumed 'uptime' D:\APMServ5.2.6\www\htdocs\IKPHP\data\runtime\Cache\home\4b3bdaee387ed978a0ec5cfb43b99467.php 第 186 行.
NOTIC: [8] Use of undefined constant title - assumed 'title' D:\APMServ5.2.6\www\htdocs\IKPHP\data\runtime\Cache\home\4b3bdaee387ed978a0ec5cfb43b99467.php 第 174 行.
NOTIC: [8] Use of undefined constant topicid - assumed 'topicid' D:\APMServ5.2.6\www\htdocs\IKPHP\data\runtime\Cache\home\4b3bdaee387ed978a0ec5cfb43b99467.php 第 174 行.
NOTIC: [8] Use of undefined constant isvideo - assumed 'isvideo' D:\APMServ5.2.6\www\htdocs\IKPHP\data\runtime\Cache\home\4b3bdaee387ed978a0ec5cfb43b99467.php 第 177 行.
NOTIC: [8] Use of undefined constant istop - assumed 'istop' D:\APMServ5.2.6\www\htdocs\IKPHP\data\runtime\Cache\home\4b3bdaee387ed978a0ec5cfb43b99467.php 第 178 行.
NOTIC: [8] Use of undefined constant addtime - assumed 'addtime' D:\APMServ5.2.6\www\htdocs\IKPHP\data\runtime\Cache\home\4b3bdaee387ed978a0ec5cfb43b99467.php 第 179 行.
NOTIC: [8] Use of undefined constant isphoto - assumed 'isphoto' D:\APMServ5.2.6\www\htdocs\IKPHP\data\runtime\Cache\home\4b3bdaee387ed978a0ec5cfb43b99467.php 第 180 行.
NOTIC: [8] Use of undefined constant isattach - assumed 'isattach' D:\APMServ5.2.6\www\htdocs\IKPHP\data\runtime\Cache\home\4b3bdaee387ed978a0ec5cfb43b99467.php 第 181 行.
NOTIC: [8] Use of undefined constant isdigest - assumed 'isdigest' D:\APMServ5.2.6\www\htdocs\IKPHP\data\runtime\Cache\home\4b3bdaee387ed978a0ec5cfb43b99467.php 第 182 行.
NOTIC: [8] Use of undefined constant user - assumed 'user' D:\APMServ5.2.6\www\htdocs\IKPHP\data\runtime\Cache\home\4b3bdaee387ed978a0ec5cfb43b99467.php 第 184 行.
NOTIC: [8] Use of undefined constant doname - assumed 'doname' D:\APMServ5.2.6\www\htdocs\IKPHP\data\runtime\Cache\home\4b3bdaee387ed978a0ec5cfb43b99467.php 第 184 行.
NOTIC: [8] Use of undefined constant user - assumed 'user' D:\APMServ5.2.6\www\htdocs\IKPHP\data\runtime\Cache\home\4b3bdaee387ed978a0ec5cfb43b99467.php 第 184 行.
NOTIC: [8] Use of undefined constant username - assumed 'username' D:\APMServ5.2.6\www\htdocs\IKPHP\data\runtime\Cache\home\4b3bdaee387ed978a0ec5cfb43b99467.php 第 184 行.
NOTIC: [8] Use of undefined constant count_comment - assumed 'count_comment' D:\APMServ5.2.6\www\htdocs\IKPHP\data\runtime\Cache\home\4b3bdaee387ed978a0ec5cfb43b99467.php 第 185 行.
NOTIC: [8] Use of undefined constant count_comment - assumed 'count_comment' D:\APMServ5.2.6\www\htdocs\IKPHP\data\runtime\Cache\home\4b3bdaee387ed978a0ec5cfb43b99467.php 第 185 行.
NOTIC: [8] Use of undefined constant uptime - assumed 'uptime' D:\APMServ5.2.6\www\htdocs\IKPHP\data\runtime\Cache\home\4b3bdaee387ed978a0ec5cfb43b99467.php 第 186 行.
NOTIC: [8] Undefined variable: pageUrl D:\APMServ5.2.6\www\htdocs\IKPHP\data\runtime\Cache\home\4b3bdaee387ed978a0ec5cfb43b99467.php 第 193 行.
NOTIC: [8] Use of undefined constant doname - assumed 'doname' D:\APMServ5.2.6\www\htdocs\IKPHP\data\runtime\Cache\home\4b3bdaee387ed978a0ec5cfb43b99467.php 第 206 行.
NOTIC: [8] Use of undefined constant username - assumed 'username' D:\APMServ5.2.6\www\htdocs\IKPHP\data\runtime\Cache\home\4b3bdaee387ed978a0ec5cfb43b99467.php 第 206 行.
NOTIC: [8] Use of undefined constant face - assumed 'face' D:\APMServ5.2.6\www\htdocs\IKPHP\data\runtime\Cache\home\4b3bdaee387ed978a0ec5cfb43b99467.php 第 206 行.
NOTIC: [8] Use of undefined constant username - assumed 'username' D:\APMServ5.2.6\www\htdocs\IKPHP\data\runtime\Cache\home\4b3bdaee387ed978a0ec5cfb43b99467.php 第 208 行.
NOTIC: [8] Use of undefined constant areaid - assumed 'areaid' D:\APMServ5.2.6\www\htdocs\IKPHP\data\runtime\Cache\home\4b3bdaee387ed978a0ec5cfb43b99467.php 第 209 行.
NOTIC: [8] Use of undefined constant area - assumed 'area' D:\APMServ5.2.6\www\htdocs\IKPHP\data\runtime\Cache\home\4b3bdaee387ed978a0ec5cfb43b99467.php 第 209 行.
NOTIC: [8] Use of undefined constant areaid - assumed 'areaid' D:\APMServ5.2.6\www\htdocs\IKPHP\data\runtime\Cache\home\4b3bdaee387ed978a0ec5cfb43b99467.php 第 209 行.
NOTIC: [8] Use of undefined constant area - assumed 'area' D:\APMServ5.2.6\www\htdocs\IKPHP\data\runtime\Cache\home\4b3bdaee387ed978a0ec5cfb43b99467.php 第 209 行.
NOTIC: [8] Use of undefined constant areaname - assumed 'areaname' D:\APMServ5.2.6\www\htdocs\IKPHP\data\runtime\Cache\home\4b3bdaee387ed978a0ec5cfb43b99467.php 第 209 行.
NOTIC: [8] Use of undefined constant doname - assumed 'doname' D:\APMServ5.2.6\www\htdocs\IKPHP\data\runtime\Cache\home\4b3bdaee387ed978a0ec5cfb43b99467.php 第 206 行.
NOTIC: [8] Use of undefined constant username - assumed 'username' D:\APMServ5.2.6\www\htdocs\IKPHP\data\runtime\Cache\home\4b3bdaee387ed978a0ec5cfb43b99467.php 第 206 行.
NOTIC: [8] Use of undefined constant face - assumed 'face' D:\APMServ5.2.6\www\htdocs\IKPHP\data\runtime\Cache\home\4b3bdaee387ed978a0ec5cfb43b99467.php 第 206 行.
NOTIC: [8] Use of undefined constant username - assumed 'username' D:\APMServ5.2.6\www\htdocs\IKPHP\data\runtime\Cache\home\4b3bdaee387ed978a0ec5cfb43b99467.php 第 208 行.
NOTIC: [8] Use of undefined constant areaid - assumed 'areaid' D:\APMServ5.2.6\www\htdocs\IKPHP\data\runtime\Cache\home\4b3bdaee387ed978a0ec5cfb43b99467.php 第 209 行.
NOTIC: [8] Use of undefined constant area - assumed 'area' D:\APMServ5.2.6\www\htdocs\IKPHP\data\runtime\Cache\home\4b3bdaee387ed978a0ec5cfb43b99467.php 第 209 行.
NOTIC: [8] Use of undefined constant areaid - assumed 'areaid' D:\APMServ5.2.6\www\htdocs\IKPHP\data\runtime\Cache\home\4b3bdaee387ed978a0ec5cfb43b99467.php 第 209 行.
NOTIC: [8] Use of undefined constant area - assumed 'area' D:\APMServ5.2.6\www\htdocs\IKPHP\data\runtime\Cache\home\4b3bdaee387ed978a0ec5cfb43b99467.php 第 209 行.
NOTIC: [8] Use of undefined constant areaname - assumed 'areaname' D:\APMServ5.2.6\www\htdocs\IKPHP\data\runtime\Cache\home\4b3bdaee387ed978a0ec5cfb43b99467.php 第 209 行.
NOTIC: [8] Use of undefined constant userid - assumed 'userid' D:\APMServ5.2.6\www\htdocs\IKPHP\data\runtime\Cache\home\4b3bdaee387ed978a0ec5cfb43b99467.php 第 215 行.
NOTIC: [8] Use of undefined constant userid - assumed 'userid' D:\APMServ5.2.6\www\htdocs\IKPHP\data\runtime\Cache\home\4b3bdaee387ed978a0ec5cfb43b99467.php 第 215 行.
NOTIC: [8] Use of undefined constant groupid - assumed 'groupid' D:\APMServ5.2.6\www\htdocs\IKPHP\data\runtime\Cache\home\4b3bdaee387ed978a0ec5cfb43b99467.php 第 221 行.
NOTIC: [8] Use of undefined constant groupid - assumed 'groupid' D:\APMServ5.2.6\www\htdocs\IKPHP\data\runtime\Cache\home\4b3bdaee387ed978a0ec5cfb43b99467.php 第 221 行.
NOTIC: [8] Use of undefined constant count_user - assumed 'count_user' D:\APMServ5.2.6\www\htdocs\IKPHP\data\runtime\Cache\home\4b3bdaee387ed978a0ec5cfb43b99467.php 第 221 行.
NOTIC: [8] Use of undefined constant id - assumed 'id' D:\APMServ5.2.6\www\htdocs\IKPHP\data\runtime\Cache\home\4b3bdaee387ed978a0ec5cfb43b99467.php 第 228 行.
NOTIC: [8] Use of undefined constant groupid - assumed 'groupid' D:\APMServ5.2.6\www\htdocs\IKPHP\data\runtime\Cache\home\4b3bdaee387ed978a0ec5cfb43b99467.php 第 228 行.
NOTIC: [8] Use of undefined constant id - assumed 'id' D:\APMServ5.2.6\www\htdocs\IKPHP\data\runtime\Cache\home\4b3bdaee387ed978a0ec5cfb43b99467.php 第 228 行.
NOTIC: [8] Use of undefined constant groupid - assumed 'groupid' D:\APMServ5.2.6\www\htdocs\IKPHP\data\runtime\Cache\home\4b3bdaee387ed978a0ec5cfb43b99467.php 第 228 行.
NOTIC: [8] Use of undefined constant id - assumed 'id' D:\APMServ5.2.6\www\htdocs\IKPHP\data\runtime\Cache\home\4b3bdaee387ed978a0ec5cfb43b99467.php 第 230 行.
NOTIC: [8] Use of undefined constant groupid - assumed 'groupid' D:\APMServ5.2.6\www\htdocs\IKPHP\data\runtime\Cache\home\4b3bdaee387ed978a0ec5cfb43b99467.php 第 230 行.
INFO: Run ParseTemplate Behavior [ RunTime:0.039431s ]
INFO: [ view_parse ] --END-- [ RunTime:0.039504s ]
INFO: [ view_filter ] --START--
INFO: Run ContentReplace Behavior [ RunTime:0.000336s ]
INFO: Run TokenBuild Behavior [ RunTime:0.000198s ]
INFO: Run WriteHtmlCache Behavior [ RunTime:0.000155s ]
INFO: Run ShowRuntime Behavior [ RunTime:0.000271s ]
INFO: Run content_replace Behavior [ RunTime:0.000616s ]
INFO: [ view_filter ] --END-- [ RunTime:0.001748s ]
INFO: [ view_end ] --START--
INFO: Run ShowPageTrace Behavior [ RunTime:0.000180s ]
INFO: [ view_end ] --END-- [ RunTime:0.000233s ]

[ 2013-04-15T00:21:52+08:00 ] 127.0.0.1 /IKPHP/index.php/group/rss/id/4
INFO: [ route_check ] --START--
INFO: Run CheckRoute Behavior [ RunTime:0.000996s ]
INFO: [ route_check ] --END-- [ RunTime:0.001158s ]
INFO: [ app_begin ] --START--
INFO: Run ReadHtmlCache Behavior [ RunTime:0.000455s ]
INFO: Run load_lang Behavior [ RunTime:0.002634s ]
INFO: [ app_begin ] --END-- [ RunTime:0.003334s ]
SQL: SHOW COLUMNS FROM `ik_message` [ RunTime:0.003402s ]
SQL: SELECT COUNT(*) AS tp_count FROM `ik_message` WHERE ( `touserid` = null ) AND ( `isread` = 0 ) AND ( `isinbox` = 0 ) LIMIT 1   [ RunTime:0.000645s ]
SQL: SHOW COLUMNS FROM `ik_group` [ RunTime:0.002626s ]
SQL: SHOW COLUMNS FROM `ik_user` [ RunTime:0.002829s ]
SQL: SHOW COLUMNS FROM `ik_group_users` [ RunTime:0.002178s ]
SQL: SHOW COLUMNS FROM `ik_group_topics` [ RunTime:0.002446s ]
SQL: SHOW COLUMNS FROM `ik_group_topics_collects` [ RunTime:0.001884s ]
SQL: SHOW COLUMNS FROM `ik_group_topics_comments` [ RunTime:0.002506s ]
SQL: SELECT COUNT(*) AS tp_count FROM `ik_group` WHERE ( `groupid` = 4 ) LIMIT 1   [ RunTime:0.000350s ]
SQL: SELECT * FROM `ik_group` WHERE ( `groupid` = 4 ) LIMIT 1   [ RunTime:0.000345s ]
SQL: SELECT * FROM `ik_group_topics` WHERE (  (`groupid`  IN (4) )  ) AND ( `isshow` = 0 ) AND ( `isaudit` = 0 ) ORDER BY uptime desc LIMIT 30   [ RunTime:0.000295s ]
INFO: [ view_template ] --START--
INFO: Run LocationTemplate Behavior [ RunTime:0.001046s ]
INFO: [ view_template ] --END-- [ RunTime:0.001105s ]
INFO: [ view_parse ] --START--
NOTIC: [8] Use of undefined constant groupname - assumed 'groupname' D:\APMServ5.2.6\www\htdocs\IKPHP\data\runtime\Cache\home\902cf7d7bee460bcb3d29b5415fc54e0.php 第 4 行.
NOTIC: [8] Use of undefined constant groupid - assumed 'groupid' D:\APMServ5.2.6\www\htdocs\IKPHP\data\runtime\Cache\home\902cf7d7bee460bcb3d29b5415fc54e0.php 第 5 行.
NOTIC: [8] Use of undefined constant base - assumed 'base' D:\APMServ5.2.6\www\htdocs\IKPHP\data\runtime\Cache\home\902cf7d7bee460bcb3d29b5415fc54e0.php 第 6 行.
NOTIC: [8] Use of undefined constant site_title - assumed 'site_title' D:\APMServ5.2.6\www\htdocs\IKPHP\data\runtime\Cache\home\902cf7d7bee460bcb3d29b5415fc54e0.php 第 6 行.
NOTIC: [8] Undefined variable: IK_SITE D:\APMServ5.2.6\www\htdocs\IKPHP\data\runtime\Cache\home\902cf7d7bee460bcb3d29b5415fc54e0.php 第 6 行.
NOTIC: [8] Use of undefined constant groupname - assumed 'groupname' D:\APMServ5.2.6\www\htdocs\IKPHP\data\runtime\Cache\home\902cf7d7bee460bcb3d29b5415fc54e0.php 第 6 行.
NOTIC: [8] Use of undefined constant title - assumed 'title' D:\APMServ5.2.6\www\htdocs\IKPHP\data\runtime\Cache\home\902cf7d7bee460bcb3d29b5415fc54e0.php 第 11 行.
NOTIC: [8] Use of undefined constant groupname - assumed 'groupname' D:\APMServ5.2.6\www\htdocs\IKPHP\data\runtime\Cache\home\902cf7d7bee460bcb3d29b5415fc54e0.php 第 11 行.
NOTIC: [8] Use of undefined constant topicid - assumed 'topicid' D:\APMServ5.2.6\www\htdocs\IKPHP\data\runtime\Cache\home\902cf7d7bee460bcb3d29b5415fc54e0.php 第 12 行.
NOTIC: [8] Use of undefined constant content - assumed 'content' D:\APMServ5.2.6\www\htdocs\IKPHP\data\runtime\Cache\home\902cf7d7bee460bcb3d29b5415fc54e0.php 第 13 行.
NOTIC: [8] Use of undefined constant content - assumed 'content' D:\APMServ5.2.6\www\htdocs\IKPHP\data\runtime\Cache\home\902cf7d7bee460bcb3d29b5415fc54e0.php 第 14 行.
NOTIC: [8] Use of undefined constant username - assumed 'username' D:\APMServ5.2.6\www\htdocs\IKPHP\data\runtime\Cache\home\902cf7d7bee460bcb3d29b5415fc54e0.php 第 15 行.
NOTIC: [8] Undefined index:  username D:\APMServ5.2.6\www\htdocs\IKPHP\data\runtime\Cache\home\902cf7d7bee460bcb3d29b5415fc54e0.php 第 15 行.
NOTIC: [8] Use of undefined constant addtime - assumed 'addtime' D:\APMServ5.2.6\www\htdocs\IKPHP\data\runtime\Cache\home\902cf7d7bee460bcb3d29b5415fc54e0.php 第 16 行.
NOTIC: [8] Use of undefined constant topicid - assumed 'topicid' D:\APMServ5.2.6\www\htdocs\IKPHP\data\runtime\Cache\home\902cf7d7bee460bcb3d29b5415fc54e0.php 第 17 行.
INFO: Run ParseTemplate Behavior [ RunTime:0.026005s ]
INFO: [ view_parse ] --END-- [ RunTime:0.026134s ]
INFO: [ view_filter ] --START--
INFO: Run ContentReplace Behavior [ RunTime:0.000296s ]
INFO: Run TokenBuild Behavior [ RunTime:0.000213s ]
INFO: Run WriteHtmlCache Behavior [ RunTime:0.000182s ]
INFO: Run ShowRuntime Behavior [ RunTime:0.000283s ]
INFO: Run content_replace Behavior [ RunTime:0.000608s ]
INFO: [ view_filter ] --END-- [ RunTime:0.001842s ]
INFO: [ view_end ] --START--
INFO: Run ShowPageTrace Behavior [ RunTime:0.000187s ]
INFO: [ view_end ] --END-- [ RunTime:0.000240s ]

